[0.794s] Invoking command in '/home/parallels/robotics-2110435/robot_ws/src/ros2_aruco': PYTHONPATH=/home/parallels/robotics-2110435/robot_ws/build/ros2_aruco/prefix_override:/home/parallels/robotics-2110435/robot_ws/install/ros2_aruco/lib/python3.10/site-packages:${PYTHONPATH} /usr/bin/python3 setup.py egg_info --egg-base ../../build/ros2_aruco build --build-base /home/parallels/robotics-2110435/robot_ws/build/ros2_aruco/build install --record /home/parallels/robotics-2110435/robot_ws/build/ros2_aruco/install.log --single-version-externally-managed
[0.912s] running egg_info
[0.912s] creating ../../build/ros2_aruco/ros2_aruco.egg-info
[0.912s] writing ../../build/ros2_aruco/ros2_aruco.egg-info/PKG-INFO
[0.913s] writing dependency_links to ../../build/ros2_aruco/ros2_aruco.egg-info/dependency_links.txt
[0.913s] writing entry points to ../../build/ros2_aruco/ros2_aruco.egg-info/entry_points.txt
[0.913s] writing requirements to ../../build/ros2_aruco/ros2_aruco.egg-info/requires.txt
[0.913s] writing top-level names to ../../build/ros2_aruco/ros2_aruco.egg-info/top_level.txt
[0.913s] writing manifest file '../../build/ros2_aruco/ros2_aruco.egg-info/SOURCES.txt'
[0.914s] reading manifest file '../../build/ros2_aruco/ros2_aruco.egg-info/SOURCES.txt'
[0.914s] writing manifest file '../../build/ros2_aruco/ros2_aruco.egg-info/SOURCES.txt'
[0.914s] running build
[0.914s] running build_py
[0.915s] creating /home/parallels/robotics-2110435/robot_ws/build/ros2_aruco/build
[0.915s] creating /home/parallels/robotics-2110435/robot_ws/build/ros2_aruco/build/lib
[0.915s] creating /home/parallels/robotics-2110435/robot_ws/build/ros2_aruco/build/lib/ros2_aruco
[0.915s] copying ros2_aruco/__init__.py -> /home/parallels/robotics-2110435/robot_ws/build/ros2_aruco/build/lib/ros2_aruco
[0.915s] copying ros2_aruco/aruco_node.py -> /home/parallels/robotics-2110435/robot_ws/build/ros2_aruco/build/lib/ros2_aruco
[0.915s] copying ros2_aruco/aruco_generate_marker.py -> /home/parallels/robotics-2110435/robot_ws/build/ros2_aruco/build/lib/ros2_aruco
[0.915s] /usr/lib/python3/dist-packages/setuptools/command/install.py:34: SetuptoolsDeprecationWarning: setup.py install is deprecated. Use build and pip and other standards-based tools.
[0.915s]   warnings.warn(
[0.915s] running install
[0.915s] running install_lib
[0.915s] creating /home/parallels/robotics-2110435/robot_ws/install/ros2_aruco/lib/python3.10/site-packages/ros2_aruco
[0.916s] copying /home/parallels/robotics-2110435/robot_ws/build/ros2_aruco/build/lib/ros2_aruco/__init__.py -> /home/parallels/robotics-2110435/robot_ws/install/ros2_aruco/lib/python3.10/site-packages/ros2_aruco
[0.916s] copying /home/parallels/robotics-2110435/robot_ws/build/ros2_aruco/build/lib/ros2_aruco/aruco_node.py -> /home/parallels/robotics-2110435/robot_ws/install/ros2_aruco/lib/python3.10/site-packages/ros2_aruco
[0.916s] copying /home/parallels/robotics-2110435/robot_ws/build/ros2_aruco/build/lib/ros2_aruco/aruco_generate_marker.py -> /home/parallels/robotics-2110435/robot_ws/install/ros2_aruco/lib/python3.10/site-packages/ros2_aruco
[0.916s] byte-compiling /home/parallels/robotics-2110435/robot_ws/install/ros2_aruco/lib/python3.10/site-packages/ros2_aruco/__init__.py to __init__.cpython-310.pyc
[0.916s] byte-compiling /home/parallels/robotics-2110435/robot_ws/install/ros2_aruco/lib/python3.10/site-packages/ros2_aruco/aruco_node.py to aruco_node.cpython-310.pyc
[0.917s] byte-compiling /home/parallels/robotics-2110435/robot_ws/install/ros2_aruco/lib/python3.10/site-packages/ros2_aruco/aruco_generate_marker.py to aruco_generate_marker.cpython-310.pyc
[0.917s] running install_data
[0.917s] creating /home/parallels/robotics-2110435/robot_ws/install/ros2_aruco/share/ament_index
[0.917s] creating /home/parallels/robotics-2110435/robot_ws/install/ros2_aruco/share/ament_index/resource_index
[0.917s] creating /home/parallels/robotics-2110435/robot_ws/install/ros2_aruco/share/ament_index/resource_index/packages
[0.917s] copying resource/ros2_aruco -> /home/parallels/robotics-2110435/robot_ws/install/ros2_aruco/share/ament_index/resource_index/packages
[0.917s] copying package.xml -> /home/parallels/robotics-2110435/robot_ws/install/ros2_aruco/share/ros2_aruco
[0.917s] creating /home/parallels/robotics-2110435/robot_ws/install/ros2_aruco/share/ros2_aruco/launch
[0.918s] copying launch/aruco_recognition.launch.py -> /home/parallels/robotics-2110435/robot_ws/install/ros2_aruco/share/ros2_aruco/launch
[0.918s] creating /home/parallels/robotics-2110435/robot_ws/install/ros2_aruco/share/ros2_aruco/config
[0.918s] copying config/aruco_parameters.yaml -> /home/parallels/robotics-2110435/robot_ws/install/ros2_aruco/share/ros2_aruco/config
[0.918s] running install_egg_info
[0.918s] Copying ../../build/ros2_aruco/ros2_aruco.egg-info to /home/parallels/robotics-2110435/robot_ws/install/ros2_aruco/lib/python3.10/site-packages/ros2_aruco-0.1.0-py3.10.egg-info
[0.919s] running install_scripts
[0.930s] Installing aruco_generate_marker script to /home/parallels/robotics-2110435/robot_ws/install/ros2_aruco/lib/ros2_aruco
[0.930s] Installing aruco_node script to /home/parallels/robotics-2110435/robot_ws/install/ros2_aruco/lib/ros2_aruco
[0.930s] writing list of installed files to '/home/parallels/robotics-2110435/robot_ws/build/ros2_aruco/install.log'
[0.946s] Invoked command in '/home/parallels/robotics-2110435/robot_ws/src/ros2_aruco' returned '0': PYTHONPATH=/home/parallels/robotics-2110435/robot_ws/build/ros2_aruco/prefix_override:/home/parallels/robotics-2110435/robot_ws/install/ros2_aruco/lib/python3.10/site-packages:${PYTHONPATH} /usr/bin/python3 setup.py egg_info --egg-base ../../build/ros2_aruco build --build-base /home/parallels/robotics-2110435/robot_ws/build/ros2_aruco/build install --record /home/parallels/robotics-2110435/robot_ws/build/ros2_aruco/install.log --single-version-externally-managed
