[0.832s] Invoking command in '/home/vt/robotics-2110435/aruco_ws/src/keyboard_control': PYTHONPATH=/home/vt/robotics-2110435/aruco_ws/build/keyboard_control/prefix_override:/home/vt/robotics-2110435/aruco_ws/install/keyboard_control/lib/python3.10/site-packages:${PYTHONPATH} /usr/bin/python3 setup.py egg_info --egg-base ../../build/keyboard_control build --build-base /home/vt/robotics-2110435/aruco_ws/build/keyboard_control/build install --record /home/vt/robotics-2110435/aruco_ws/build/keyboard_control/install.log --single-version-externally-managed
[0.967s] running egg_info
[0.967s] creating ../../build/keyboard_control/keyboard_control.egg-info
[0.973s] writing ../../build/keyboard_control/keyboard_control.egg-info/PKG-INFO
[0.974s] writing dependency_links to ../../build/keyboard_control/keyboard_control.egg-info/dependency_links.txt
[0.974s] writing entry points to ../../build/keyboard_control/keyboard_control.egg-info/entry_points.txt
[0.974s] writing requirements to ../../build/keyboard_control/keyboard_control.egg-info/requires.txt
[0.974s] writing top-level names to ../../build/keyboard_control/keyboard_control.egg-info/top_level.txt
[0.974s] writing manifest file '../../build/keyboard_control/keyboard_control.egg-info/SOURCES.txt'
[0.988s] reading manifest file '../../build/keyboard_control/keyboard_control.egg-info/SOURCES.txt'
[0.989s] writing manifest file '../../build/keyboard_control/keyboard_control.egg-info/SOURCES.txt'
[0.989s] running build
[0.989s] running build_py
[0.989s] creating /home/vt/robotics-2110435/aruco_ws/build/keyboard_control/build
[0.989s] creating /home/vt/robotics-2110435/aruco_ws/build/keyboard_control/build/lib
[0.989s] creating /home/vt/robotics-2110435/aruco_ws/build/keyboard_control/build/lib/keyboard_control
[0.989s] copying keyboard_control/__init__.py -> /home/vt/robotics-2110435/aruco_ws/build/keyboard_control/build/lib/keyboard_control
[0.989s] copying keyboard_control/keyboard_control.py -> /home/vt/robotics-2110435/aruco_ws/build/keyboard_control/build/lib/keyboard_control
[0.989s] copying keyboard_control/vel_mux.py -> /home/vt/robotics-2110435/aruco_ws/build/keyboard_control/build/lib/keyboard_control
[0.990s] running install
[0.990s] /usr/local/lib/python3.10/dist-packages/setuptools/_distutils/cmd.py:66: SetuptoolsDeprecationWarning: setup.py install is deprecated.
[0.990s] !!
[0.990s] 
[0.990s]         ********************************************************************************
[0.990s]         Please avoid running ``setup.py`` directly.
[0.990s]         Instead, use pypa/build, pypa/installer or other
[0.990s]         standards-based tools.
[0.990s] 
[0.990s]         See https://blog.ganssle.io/articles/2021/10/setup-py-deprecated.html for details.
[0.990s]         ********************************************************************************
[0.990s] 
[0.990s] !!
[0.990s]   self.initialize_options()
[0.993s] running install_lib
[1.000s] creating /home/vt/robotics-2110435/aruco_ws/install/keyboard_control/lib/python3.10/site-packages/keyboard_control
[1.000s] copying /home/vt/robotics-2110435/aruco_ws/build/keyboard_control/build/lib/keyboard_control/__init__.py -> /home/vt/robotics-2110435/aruco_ws/install/keyboard_control/lib/python3.10/site-packages/keyboard_control
[1.000s] copying /home/vt/robotics-2110435/aruco_ws/build/keyboard_control/build/lib/keyboard_control/keyboard_control.py -> /home/vt/robotics-2110435/aruco_ws/install/keyboard_control/lib/python3.10/site-packages/keyboard_control
[1.000s] copying /home/vt/robotics-2110435/aruco_ws/build/keyboard_control/build/lib/keyboard_control/vel_mux.py -> /home/vt/robotics-2110435/aruco_ws/install/keyboard_control/lib/python3.10/site-packages/keyboard_control
[1.001s] byte-compiling /home/vt/robotics-2110435/aruco_ws/install/keyboard_control/lib/python3.10/site-packages/keyboard_control/__init__.py to __init__.cpython-310.pyc
[1.001s] byte-compiling /home/vt/robotics-2110435/aruco_ws/install/keyboard_control/lib/python3.10/site-packages/keyboard_control/keyboard_control.py to keyboard_control.cpython-310.pyc
[1.002s] byte-compiling /home/vt/robotics-2110435/aruco_ws/install/keyboard_control/lib/python3.10/site-packages/keyboard_control/vel_mux.py to vel_mux.cpython-310.pyc
[1.002s] running install_data
[1.010s] creating /home/vt/robotics-2110435/aruco_ws/install/keyboard_control/share/ament_index
[1.010s] creating /home/vt/robotics-2110435/aruco_ws/install/keyboard_control/share/ament_index/resource_index
[1.010s] creating /home/vt/robotics-2110435/aruco_ws/install/keyboard_control/share/ament_index/resource_index/packages
[1.010s] copying resource/keyboard_control -> /home/vt/robotics-2110435/aruco_ws/install/keyboard_control/share/ament_index/resource_index/packages
[1.010s] copying package.xml -> /home/vt/robotics-2110435/aruco_ws/install/keyboard_control/share/keyboard_control
[1.010s] running install_egg_info
[1.019s] Copying ../../build/keyboard_control/keyboard_control.egg-info to /home/vt/robotics-2110435/aruco_ws/install/keyboard_control/lib/python3.10/site-packages/keyboard_control-0.0.0-py3.10.egg-info
[1.020s] running install_scripts
[1.104s] Installing keyboard_control script to /home/vt/robotics-2110435/aruco_ws/install/keyboard_control/lib/keyboard_control
[1.104s] Installing vel_mux script to /home/vt/robotics-2110435/aruco_ws/install/keyboard_control/lib/keyboard_control
[1.104s] writing list of installed files to '/home/vt/robotics-2110435/aruco_ws/build/keyboard_control/install.log'
[1.201s] Invoked command in '/home/vt/robotics-2110435/aruco_ws/src/keyboard_control' returned '0': PYTHONPATH=/home/vt/robotics-2110435/aruco_ws/build/keyboard_control/prefix_override:/home/vt/robotics-2110435/aruco_ws/install/keyboard_control/lib/python3.10/site-packages:${PYTHONPATH} /usr/bin/python3 setup.py egg_info --egg-base ../../build/keyboard_control build --build-base /home/vt/robotics-2110435/aruco_ws/build/keyboard_control/build install --record /home/vt/robotics-2110435/aruco_ws/build/keyboard_control/install.log --single-version-externally-managed
