[0.000000] (-) TimerEvent: {}
[0.001255] (aruco_controller) JobQueued: {'identifier': 'aruco_controller', 'dependencies': OrderedDict()}
[0.001389] (aruco_following_controller) JobQueued: {'identifier': 'aruco_following_controller', 'dependencies': OrderedDict()}
[0.001502] (keyboard_control) JobQueued: {'identifier': 'keyboard_control', 'dependencies': OrderedDict()}
[0.001612] (web_video_server) JobQueued: {'identifier': 'web_video_server', 'dependencies': OrderedDict()}
[0.001838] (aruco_controller) JobStarted: {'identifier': 'aruco_controller'}
[0.011109] (aruco_following_controller) JobStarted: {'identifier': 'aruco_following_controller'}
[0.021427] (keyboard_control) JobStarted: {'identifier': 'keyboard_control'}
[0.030725] (web_video_server) JobStarted: {'identifier': 'web_video_server'}
[0.039299] (aruco_controller) JobProgress: {'identifier': 'aruco_controller', 'progress': 'cmake'}
[0.041901] (aruco_controller) JobProgress: {'identifier': 'aruco_controller', 'progress': 'build'}
[0.042564] (aruco_controller) Command: {'cmd': ['/usr/bin/cmake', '--build', '/home/khadas/tracking_robot_workspace/build/aruco_controller', '--', '-j8', '-l8'], 'cwd': '/home/khadas/tracking_robot_workspace/build/aruco_controller', 'env': OrderedDict([('LANGUAGE', 'en_US.UTF-8'), ('USER', 'khadas'), ('SSH_CLIENT', '192.168.1.105 59456 22'), ('LC_TIME', 'th_TH.UTF-8'), ('XDG_SESSION_TYPE', 'tty'), ('SHLVL', '0'), ('LD_LIBRARY_PATH', '/opt/ros/humble/opt/rviz_ogre_vendor/lib:/opt/ros/humble/lib/aarch64-linux-gnu:/opt/ros/humble/lib'), ('MOTD_SHOWN', 'pam'), ('HOME', '/home/khadas'), ('SSH_TTY', '/dev/pts/1'), ('ROS_PYTHON_VERSION', '3'), ('LC_MONETARY', 'th_TH.UTF-8'), ('DBUS_SESSION_BUS_ADDRESS', 'unix:path=/run/user/1000/bus'), ('ROS_DISTRO', 'humble'), ('LOGNAME', 'khadas'), ('_', '/usr/bin/colcon'), ('ROS_VERSION', '2'), ('XDG_SESSION_CLASS', 'user'), ('TERM', 'xterm-256color'), ('XDG_SESSION_ID', '4'), ('ROS_LOCALHOST_ONLY', '0'), ('PATH', '/opt/ros/humble/bin:/usr/local/sbin:/usr/local/bin:/usr/sbin:/usr/bin:/sbin:/bin:/usr/games:/usr/local/games:/snap/bin'), ('LC_ADDRESS', 'th_TH.UTF-8'), ('XDG_RUNTIME_DIR', '/run/user/1000'), ('LANG', 'en_US.UTF-8'), ('LC_TELEPHONE', 'th_TH.UTF-8'), ('SSH_AUTH_SOCK', '/tmp/ssh-XXXXRD2cEY/agent.3591'), ('AMENT_PREFIX_PATH', '/opt/ros/humble'), ('LC_MESSAGES', 'en_US.UTF-8'), ('SHELL', '/bin/bash'), ('LC_NAME', 'th_TH.UTF-8'), ('LC_MEASUREMENT', 'th_TH.UTF-8'), ('LC_IDENTIFICATION', 'th_TH.UTF-8'), ('PWD', '/home/khadas/tracking_robot_workspace/build/aruco_controller'), ('LC_ALL', 'en_US.UTF-8'), ('SSH_CONNECTION', '192.168.1.105 59456 192.168.1.108 22'), ('PYTHONPATH', '/opt/ros/humble/lib/python3.10/site-packages:/opt/ros/humble/local/lib/python3.10/dist-packages'), ('LC_NUMERIC', 'th_TH.UTF-8'), ('LC_PAPER', 'th_TH.UTF-8'), ('COLCON', '1'), ('CMAKE_PREFIX_PATH', '/opt/ros/humble')]), 'shell': False}
[0.099143] (-) TimerEvent: {}
[0.199364] (-) TimerEvent: {}
[0.299529] (-) TimerEvent: {}
[0.399640] (-) TimerEvent: {}
[0.499797] (-) TimerEvent: {}
[0.600022] (-) TimerEvent: {}
[0.700228] (-) TimerEvent: {}
[0.800417] (-) TimerEvent: {}
[0.810404] (aruco_controller) StdoutLine: {'line': b'Built target ament_cmake_python_copy_aruco_controller\n'}
[0.810642] (aruco_controller) StdoutLine: {'line': b'running egg_info\n'}
[0.810874] (aruco_controller) StdoutLine: {'line': b'writing aruco_controller.egg-info/PKG-INFO\n'}
[0.811002] (aruco_controller) StdoutLine: {'line': b'writing dependency_links to aruco_controller.egg-info/dependency_links.txt\n'}
[0.811081] (aruco_controller) StdoutLine: {'line': b'writing top-level names to aruco_controller.egg-info/top_level.txt\n'}
[0.811152] (aruco_controller) StdoutLine: {'line': b"reading manifest file 'aruco_controller.egg-info/SOURCES.txt'\n"}
[0.811221] (aruco_controller) StdoutLine: {'line': b"writing manifest file 'aruco_controller.egg-info/SOURCES.txt'\n"}
[0.811289] (aruco_controller) StdoutLine: {'line': b'Built target ament_cmake_python_build_aruco_controller_egg\n'}
[0.811358] (web_video_server) JobProgress: {'identifier': 'web_video_server', 'progress': 'cmake'}
[0.813498] (web_video_server) JobProgress: {'identifier': 'web_video_server', 'progress': 'build'}
[0.814604] (web_video_server) Command: {'cmd': ['/usr/bin/cmake', '--build', '/home/khadas/tracking_robot_workspace/build/web_video_server', '--', '-j8', '-l8'], 'cwd': '/home/khadas/tracking_robot_workspace/build/web_video_server', 'env': OrderedDict([('LANGUAGE', 'en_US.UTF-8'), ('USER', 'khadas'), ('SSH_CLIENT', '192.168.1.105 59456 22'), ('LC_TIME', 'th_TH.UTF-8'), ('XDG_SESSION_TYPE', 'tty'), ('SHLVL', '0'), ('LD_LIBRARY_PATH', '/opt/ros/humble/opt/rviz_ogre_vendor/lib:/opt/ros/humble/lib/aarch64-linux-gnu:/opt/ros/humble/lib'), ('MOTD_SHOWN', 'pam'), ('HOME', '/home/khadas'), ('SSH_TTY', '/dev/pts/1'), ('ROS_PYTHON_VERSION', '3'), ('LC_MONETARY', 'th_TH.UTF-8'), ('DBUS_SESSION_BUS_ADDRESS', 'unix:path=/run/user/1000/bus'), ('ROS_DISTRO', 'humble'), ('LOGNAME', 'khadas'), ('_', '/usr/bin/colcon'), ('ROS_VERSION', '2'), ('XDG_SESSION_CLASS', 'user'), ('TERM', 'xterm-256color'), ('XDG_SESSION_ID', '4'), ('ROS_LOCALHOST_ONLY', '0'), ('PATH', '/opt/ros/humble/bin:/usr/local/sbin:/usr/local/bin:/usr/sbin:/usr/bin:/sbin:/bin:/usr/games:/usr/local/games:/snap/bin'), ('LC_ADDRESS', 'th_TH.UTF-8'), ('XDG_RUNTIME_DIR', '/run/user/1000'), ('LANG', 'en_US.UTF-8'), ('LC_TELEPHONE', 'th_TH.UTF-8'), ('SSH_AUTH_SOCK', '/tmp/ssh-XXXXRD2cEY/agent.3591'), ('AMENT_PREFIX_PATH', '/opt/ros/humble'), ('LC_MESSAGES', 'en_US.UTF-8'), ('SHELL', '/bin/bash'), ('LC_NAME', 'th_TH.UTF-8'), ('LC_MEASUREMENT', 'th_TH.UTF-8'), ('LC_IDENTIFICATION', 'th_TH.UTF-8'), ('PWD', '/home/khadas/tracking_robot_workspace/build/web_video_server'), ('LC_ALL', 'en_US.UTF-8'), ('SSH_CONNECTION', '192.168.1.105 59456 192.168.1.108 22'), ('PYTHONPATH', '/opt/ros/humble/lib/python3.10/site-packages:/opt/ros/humble/local/lib/python3.10/dist-packages'), ('LC_NUMERIC', 'th_TH.UTF-8'), ('LC_PAPER', 'th_TH.UTF-8'), ('COLCON', '1'), ('CMAKE_PREFIX_PATH', '/opt/ros/humble')]), 'shell': False}
[0.817464] (aruco_controller) CommandEnded: {'returncode': 0}
[0.879333] (aruco_controller) JobProgress: {'identifier': 'aruco_controller', 'progress': 'install'}
[0.900522] (-) TimerEvent: {}
[0.909660] (aruco_controller) Command: {'cmd': ['/usr/bin/cmake', '--install', '/home/khadas/tracking_robot_workspace/build/aruco_controller'], 'cwd': '/home/khadas/tracking_robot_workspace/build/aruco_controller', 'env': OrderedDict([('LANGUAGE', 'en_US.UTF-8'), ('USER', 'khadas'), ('SSH_CLIENT', '192.168.1.105 59456 22'), ('LC_TIME', 'th_TH.UTF-8'), ('XDG_SESSION_TYPE', 'tty'), ('SHLVL', '0'), ('LD_LIBRARY_PATH', '/opt/ros/humble/opt/rviz_ogre_vendor/lib:/opt/ros/humble/lib/aarch64-linux-gnu:/opt/ros/humble/lib'), ('MOTD_SHOWN', 'pam'), ('HOME', '/home/khadas'), ('SSH_TTY', '/dev/pts/1'), ('ROS_PYTHON_VERSION', '3'), ('LC_MONETARY', 'th_TH.UTF-8'), ('DBUS_SESSION_BUS_ADDRESS', 'unix:path=/run/user/1000/bus'), ('ROS_DISTRO', 'humble'), ('LOGNAME', 'khadas'), ('_', '/usr/bin/colcon'), ('ROS_VERSION', '2'), ('XDG_SESSION_CLASS', 'user'), ('TERM', 'xterm-256color'), ('XDG_SESSION_ID', '4'), ('ROS_LOCALHOST_ONLY', '0'), ('PATH', '/opt/ros/humble/bin:/usr/local/sbin:/usr/local/bin:/usr/sbin:/usr/bin:/sbin:/bin:/usr/games:/usr/local/games:/snap/bin'), ('LC_ADDRESS', 'th_TH.UTF-8'), ('XDG_RUNTIME_DIR', '/run/user/1000'), ('LANG', 'en_US.UTF-8'), ('LC_TELEPHONE', 'th_TH.UTF-8'), ('SSH_AUTH_SOCK', '/tmp/ssh-XXXXRD2cEY/agent.3591'), ('AMENT_PREFIX_PATH', '/opt/ros/humble'), ('LC_MESSAGES', 'en_US.UTF-8'), ('SHELL', '/bin/bash'), ('LC_NAME', 'th_TH.UTF-8'), ('LC_MEASUREMENT', 'th_TH.UTF-8'), ('LC_IDENTIFICATION', 'th_TH.UTF-8'), ('PWD', '/home/khadas/tracking_robot_workspace/build/aruco_controller'), ('LC_ALL', 'en_US.UTF-8'), ('SSH_CONNECTION', '192.168.1.105 59456 192.168.1.108 22'), ('PYTHONPATH', '/opt/ros/humble/lib/python3.10/site-packages:/opt/ros/humble/local/lib/python3.10/dist-packages'), ('LC_NUMERIC', 'th_TH.UTF-8'), ('LC_PAPER', 'th_TH.UTF-8'), ('COLCON', '1'), ('CMAKE_PREFIX_PATH', '/opt/ros/humble')]), 'shell': False}
[0.934665] (aruco_controller) StdoutLine: {'line': b'-- Install configuration: ""\n'}
[0.935522] (aruco_controller) StdoutLine: {'line': b'-- Up-to-date: /home/khadas/tracking_robot_workspace/install/aruco_controller/share/aruco_controller/environment/pythonpath.sh\n'}
[0.936265] (aruco_controller) StdoutLine: {'line': b'-- Up-to-date: /home/khadas/tracking_robot_workspace/install/aruco_controller/share/aruco_controller/environment/pythonpath.dsv\n'}
[0.936716] (aruco_controller) StdoutLine: {'line': b'-- Up-to-date: /home/khadas/tracking_robot_workspace/install/aruco_controller/local/lib/python3.10/dist-packages/aruco_controller-0.0.0-py3.10.egg-info\n'}
[0.937144] (aruco_controller) StdoutLine: {'line': b'-- Installing: /home/khadas/tracking_robot_workspace/install/aruco_controller/local/lib/python3.10/dist-packages/aruco_controller-0.0.0-py3.10.egg-info/top_level.txt\n'}
[0.937543] (aruco_controller) StdoutLine: {'line': b'-- Installing: /home/khadas/tracking_robot_workspace/install/aruco_controller/local/lib/python3.10/dist-packages/aruco_controller-0.0.0-py3.10.egg-info/SOURCES.txt\n'}
[0.937927] (aruco_controller) StdoutLine: {'line': b'-- Installing: /home/khadas/tracking_robot_workspace/install/aruco_controller/local/lib/python3.10/dist-packages/aruco_controller-0.0.0-py3.10.egg-info/PKG-INFO\n'}
[0.938304] (aruco_controller) StdoutLine: {'line': b'-- Installing: /home/khadas/tracking_robot_workspace/install/aruco_controller/local/lib/python3.10/dist-packages/aruco_controller-0.0.0-py3.10.egg-info/dependency_links.txt\n'}
[0.938673] (aruco_controller) StdoutLine: {'line': b'-- Up-to-date: /home/khadas/tracking_robot_workspace/install/aruco_controller/local/lib/python3.10/dist-packages/aruco_controller\n'}
[0.939036] (aruco_controller) StdoutLine: {'line': b'-- Up-to-date: /home/khadas/tracking_robot_workspace/install/aruco_controller/local/lib/python3.10/dist-packages/aruco_controller/__init__.py\n'}
[0.939619] (aruco_controller) StdoutLine: {'line': b'-- Up-to-date: /home/khadas/tracking_robot_workspace/install/aruco_controller/local/lib/python3.10/dist-packages/aruco_controller/transformations.py\n'}
[0.940004] (aruco_controller) StdoutLine: {'line': b'-- Up-to-date: /home/khadas/tracking_robot_workspace/install/aruco_controller/local/lib/python3.10/dist-packages/aruco_controller/detection_param.py\n'}
[0.940368] (aruco_controller) StdoutLine: {'line': b'-- Up-to-date: /home/khadas/tracking_robot_workspace/install/aruco_controller/local/lib/python3.10/dist-packages/aruco_controller/aruco_detector.py\n'}
[0.993187] (aruco_controller) StdoutLine: {'line': b"Listing '/home/khadas/tracking_robot_workspace/install/aruco_controller/local/lib/python3.10/dist-packages/aruco_controller'...\n"}
[1.000735] (-) TimerEvent: {}
[1.003689] (aruco_controller) StdoutLine: {'line': b'-- Up-to-date: /home/khadas/tracking_robot_workspace/install/aruco_controller/lib/aruco_controller/aruco_detector.py\n'}
[1.004705] (aruco_controller) StdoutLine: {'line': b'-- Up-to-date: /home/khadas/tracking_robot_workspace/install/aruco_controller/lib/aruco_controller/detection_param.py\n'}
[1.006867] (aruco_controller) StdoutLine: {'line': b'-- Up-to-date: /home/khadas/tracking_robot_workspace/install/aruco_controller/share/aruco_controller/cfg\n'}
[1.007343] (aruco_controller) StdoutLine: {'line': b'-- Up-to-date: /home/khadas/tracking_robot_workspace/install/aruco_controller/share/aruco_controller/cfg/aruco_detect_param.yaml\n'}
[1.007788] (aruco_controller) StdoutLine: {'line': b'-- Up-to-date: /home/khadas/tracking_robot_workspace/install/aruco_controller/share/aruco_controller/cfg/marker_param.yaml\n'}
[1.008573] (aruco_controller) StdoutLine: {'line': b'-- Up-to-date: /home/khadas/tracking_robot_workspace/install/aruco_controller/share/aruco_controller/cfg/default_param.yaml\n'}
[1.009399] (aruco_controller) StdoutLine: {'line': b'-- Up-to-date: /home/khadas/tracking_robot_workspace/install/aruco_controller/share/aruco_controller/launch\n'}
[1.012533] (aruco_controller) StdoutLine: {'line': b'-- Up-to-date: /home/khadas/tracking_robot_workspace/install/aruco_controller/share/aruco_controller/launch/main_launch.py\n'}
[1.016193] (aruco_controller) StdoutLine: {'line': b'-- Up-to-date: /home/khadas/tracking_robot_workspace/install/aruco_controller/share/ament_index/resource_index/package_run_dependencies/aruco_controller\n'}
[1.016946] (aruco_controller) StdoutLine: {'line': b'-- Up-to-date: /home/khadas/tracking_robot_workspace/install/aruco_controller/share/ament_index/resource_index/parent_prefix_path/aruco_controller\n'}
[1.017736] (aruco_controller) StdoutLine: {'line': b'-- Up-to-date: /home/khadas/tracking_robot_workspace/install/aruco_controller/share/aruco_controller/environment/ament_prefix_path.sh\n'}
[1.018462] (aruco_controller) StdoutLine: {'line': b'-- Up-to-date: /home/khadas/tracking_robot_workspace/install/aruco_controller/share/aruco_controller/environment/ament_prefix_path.dsv\n'}
[1.019011] (aruco_controller) StdoutLine: {'line': b'-- Up-to-date: /home/khadas/tracking_robot_workspace/install/aruco_controller/share/aruco_controller/environment/path.sh\n'}
[1.019748] (aruco_controller) StdoutLine: {'line': b'-- Up-to-date: /home/khadas/tracking_robot_workspace/install/aruco_controller/share/aruco_controller/environment/path.dsv\n'}
[1.020446] (aruco_controller) StdoutLine: {'line': b'-- Up-to-date: /home/khadas/tracking_robot_workspace/install/aruco_controller/share/aruco_controller/local_setup.bash\n'}
[1.020919] (aruco_controller) StdoutLine: {'line': b'-- Up-to-date: /home/khadas/tracking_robot_workspace/install/aruco_controller/share/aruco_controller/local_setup.sh\n'}
[1.021585] (aruco_controller) StdoutLine: {'line': b'-- Up-to-date: /home/khadas/tracking_robot_workspace/install/aruco_controller/share/aruco_controller/local_setup.zsh\n'}
[1.023655] (aruco_controller) StdoutLine: {'line': b'-- Up-to-date: /home/khadas/tracking_robot_workspace/install/aruco_controller/share/aruco_controller/local_setup.dsv\n'}
[1.024321] (aruco_controller) StdoutLine: {'line': b'-- Up-to-date: /home/khadas/tracking_robot_workspace/install/aruco_controller/share/aruco_controller/package.dsv\n'}
[1.024965] (aruco_controller) StdoutLine: {'line': b'-- Up-to-date: /home/khadas/tracking_robot_workspace/install/aruco_controller/share/ament_index/resource_index/packages/aruco_controller\n'}
[1.025584] (aruco_controller) StdoutLine: {'line': b'-- Up-to-date: /home/khadas/tracking_robot_workspace/install/aruco_controller/share/aruco_controller/cmake/aruco_controllerConfig.cmake\n'}
[1.026141] (aruco_controller) StdoutLine: {'line': b'-- Up-to-date: /home/khadas/tracking_robot_workspace/install/aruco_controller/share/aruco_controller/cmake/aruco_controllerConfig-version.cmake\n'}
[1.026638] (aruco_controller) StdoutLine: {'line': b'-- Up-to-date: /home/khadas/tracking_robot_workspace/install/aruco_controller/share/aruco_controller/package.xml\n'}
[1.027159] (aruco_controller) CommandEnded: {'returncode': 0}
[1.100985] (-) TimerEvent: {}
[1.101358] (web_video_server) StdoutLine: {'line': b'Consolidate compiler generated dependencies of target web_video_server\n'}
[1.174333] (aruco_controller) JobEnded: {'identifier': 'aruco_controller', 'rc': 0}
[1.201214] (-) TimerEvent: {}
[1.243275] (web_video_server) StdoutLine: {'line': b'[100%] Built target web_video_server\n'}
[1.283225] (web_video_server) CommandEnded: {'returncode': 0}
[1.301466] (-) TimerEvent: {}
[1.378780] (aruco_following_controller) Command: {'cmd': ['/usr/bin/python3', 'setup.py', 'egg_info', '--egg-base', '../../build/aruco_following_controller', 'build', '--build-base', '/home/khadas/tracking_robot_workspace/build/aruco_following_controller/build', 'install', '--record', '/home/khadas/tracking_robot_workspace/build/aruco_following_controller/install.log', '--single-version-externally-managed'], 'cwd': '/home/khadas/tracking_robot_workspace/src/aruco_following_controller', 'env': {'LANGUAGE': 'en_US.UTF-8', 'USER': 'khadas', 'SSH_CLIENT': '192.168.1.105 59456 22', 'LC_TIME': 'th_TH.UTF-8', 'XDG_SESSION_TYPE': 'tty', 'SHLVL': '0', 'LD_LIBRARY_PATH': '/opt/ros/humble/opt/rviz_ogre_vendor/lib:/opt/ros/humble/lib/aarch64-linux-gnu:/opt/ros/humble/lib', 'MOTD_SHOWN': 'pam', 'HOME': '/home/khadas', 'SSH_TTY': '/dev/pts/1', 'ROS_PYTHON_VERSION': '3', 'LC_MONETARY': 'th_TH.UTF-8', 'DBUS_SESSION_BUS_ADDRESS': 'unix:path=/run/user/1000/bus', 'ROS_DISTRO': 'humble', 'LOGNAME': 'khadas', '_': '/usr/bin/colcon', 'ROS_VERSION': '2', 'XDG_SESSION_CLASS': 'user', 'TERM': 'xterm-256color', 'XDG_SESSION_ID': '4', 'ROS_LOCALHOST_ONLY': '0', 'PATH': '/opt/ros/humble/bin:/usr/local/sbin:/usr/local/bin:/usr/sbin:/usr/bin:/sbin:/bin:/usr/games:/usr/local/games:/snap/bin', 'LC_ADDRESS': 'th_TH.UTF-8', 'XDG_RUNTIME_DIR': '/run/user/1000', 'LANG': 'en_US.UTF-8', 'LC_TELEPHONE': 'th_TH.UTF-8', 'SSH_AUTH_SOCK': '/tmp/ssh-XXXXRD2cEY/agent.3591', 'AMENT_PREFIX_PATH': '/opt/ros/humble', 'LC_MESSAGES': 'en_US.UTF-8', 'SHELL': '/bin/bash', 'LC_NAME': 'th_TH.UTF-8', 'LC_MEASUREMENT': 'th_TH.UTF-8', 'LC_IDENTIFICATION': 'th_TH.UTF-8', 'PWD': '/home/khadas/tracking_robot_workspace/build/aruco_following_controller', 'LC_ALL': 'en_US.UTF-8', 'SSH_CONNECTION': '192.168.1.105 59456 192.168.1.108 22', 'PYTHONPATH': '/home/khadas/tracking_robot_workspace/build/aruco_following_controller/prefix_override:/home/khadas/tracking_robot_workspace/install/aruco_following_controller/lib/python3.10/site-packages:/opt/ros/humble/lib/python3.10/site-packages:/opt/ros/humble/local/lib/python3.10/dist-packages', 'LC_NUMERIC': 'th_TH.UTF-8', 'LC_PAPER': 'th_TH.UTF-8', 'COLCON': '1'}, 'shell': False}
[1.382177] (keyboard_control) Command: {'cmd': ['/usr/bin/python3', 'setup.py', 'egg_info', '--egg-base', '../../build/keyboard_control', 'build', '--build-base', '/home/khadas/tracking_robot_workspace/build/keyboard_control/build', 'install', '--record', '/home/khadas/tracking_robot_workspace/build/keyboard_control/install.log', '--single-version-externally-managed'], 'cwd': '/home/khadas/tracking_robot_workspace/src/keyboard_control', 'env': {'LANGUAGE': 'en_US.UTF-8', 'USER': 'khadas', 'SSH_CLIENT': '192.168.1.105 59456 22', 'LC_TIME': 'th_TH.UTF-8', 'XDG_SESSION_TYPE': 'tty', 'SHLVL': '0', 'LD_LIBRARY_PATH': '/opt/ros/humble/opt/rviz_ogre_vendor/lib:/opt/ros/humble/lib/aarch64-linux-gnu:/opt/ros/humble/lib', 'MOTD_SHOWN': 'pam', 'HOME': '/home/khadas', 'SSH_TTY': '/dev/pts/1', 'ROS_PYTHON_VERSION': '3', 'LC_MONETARY': 'th_TH.UTF-8', 'DBUS_SESSION_BUS_ADDRESS': 'unix:path=/run/user/1000/bus', 'ROS_DISTRO': 'humble', 'LOGNAME': 'khadas', '_': '/usr/bin/colcon', 'ROS_VERSION': '2', 'XDG_SESSION_CLASS': 'user', 'TERM': 'xterm-256color', 'XDG_SESSION_ID': '4', 'ROS_LOCALHOST_ONLY': '0', 'PATH': '/opt/ros/humble/bin:/usr/local/sbin:/usr/local/bin:/usr/sbin:/usr/bin:/sbin:/bin:/usr/games:/usr/local/games:/snap/bin', 'LC_ADDRESS': 'th_TH.UTF-8', 'XDG_RUNTIME_DIR': '/run/user/1000', 'LANG': 'en_US.UTF-8', 'LC_TELEPHONE': 'th_TH.UTF-8', 'SSH_AUTH_SOCK': '/tmp/ssh-XXXXRD2cEY/agent.3591', 'AMENT_PREFIX_PATH': '/opt/ros/humble', 'LC_MESSAGES': 'en_US.UTF-8', 'SHELL': '/bin/bash', 'LC_NAME': 'th_TH.UTF-8', 'LC_MEASUREMENT': 'th_TH.UTF-8', 'LC_IDENTIFICATION': 'th_TH.UTF-8', 'PWD': '/home/khadas/tracking_robot_workspace/build/keyboard_control', 'LC_ALL': 'en_US.UTF-8', 'SSH_CONNECTION': '192.168.1.105 59456 192.168.1.108 22', 'PYTHONPATH': '/home/khadas/tracking_robot_workspace/build/keyboard_control/prefix_override:/home/khadas/tracking_robot_workspace/install/keyboard_control/lib/python3.10/site-packages:/opt/ros/humble/lib/python3.10/site-packages:/opt/ros/humble/local/lib/python3.10/dist-packages', 'LC_NUMERIC': 'th_TH.UTF-8', 'LC_PAPER': 'th_TH.UTF-8', 'COLCON': '1'}, 'shell': False}
[1.401507] (-) TimerEvent: {}
[1.409481] (web_video_server) JobProgress: {'identifier': 'web_video_server', 'progress': 'install'}
[1.409990] (web_video_server) Command: {'cmd': ['/usr/bin/cmake', '--install', '/home/khadas/tracking_robot_workspace/build/web_video_server'], 'cwd': '/home/khadas/tracking_robot_workspace/build/web_video_server', 'env': OrderedDict([('LANGUAGE', 'en_US.UTF-8'), ('USER', 'khadas'), ('SSH_CLIENT', '192.168.1.105 59456 22'), ('LC_TIME', 'th_TH.UTF-8'), ('XDG_SESSION_TYPE', 'tty'), ('SHLVL', '0'), ('LD_LIBRARY_PATH', '/opt/ros/humble/opt/rviz_ogre_vendor/lib:/opt/ros/humble/lib/aarch64-linux-gnu:/opt/ros/humble/lib'), ('MOTD_SHOWN', 'pam'), ('HOME', '/home/khadas'), ('SSH_TTY', '/dev/pts/1'), ('ROS_PYTHON_VERSION', '3'), ('LC_MONETARY', 'th_TH.UTF-8'), ('DBUS_SESSION_BUS_ADDRESS', 'unix:path=/run/user/1000/bus'), ('ROS_DISTRO', 'humble'), ('LOGNAME', 'khadas'), ('_', '/usr/bin/colcon'), ('ROS_VERSION', '2'), ('XDG_SESSION_CLASS', 'user'), ('TERM', 'xterm-256color'), ('XDG_SESSION_ID', '4'), ('ROS_LOCALHOST_ONLY', '0'), ('PATH', '/opt/ros/humble/bin:/usr/local/sbin:/usr/local/bin:/usr/sbin:/usr/bin:/sbin:/bin:/usr/games:/usr/local/games:/snap/bin'), ('LC_ADDRESS', 'th_TH.UTF-8'), ('XDG_RUNTIME_DIR', '/run/user/1000'), ('LANG', 'en_US.UTF-8'), ('LC_TELEPHONE', 'th_TH.UTF-8'), ('SSH_AUTH_SOCK', '/tmp/ssh-XXXXRD2cEY/agent.3591'), ('AMENT_PREFIX_PATH', '/opt/ros/humble'), ('LC_MESSAGES', 'en_US.UTF-8'), ('SHELL', '/bin/bash'), ('LC_NAME', 'th_TH.UTF-8'), ('LC_MEASUREMENT', 'th_TH.UTF-8'), ('LC_IDENTIFICATION', 'th_TH.UTF-8'), ('PWD', '/home/khadas/tracking_robot_workspace/build/web_video_server'), ('LC_ALL', 'en_US.UTF-8'), ('SSH_CONNECTION', '192.168.1.105 59456 192.168.1.108 22'), ('PYTHONPATH', '/opt/ros/humble/lib/python3.10/site-packages:/opt/ros/humble/local/lib/python3.10/dist-packages'), ('LC_NUMERIC', 'th_TH.UTF-8'), ('LC_PAPER', 'th_TH.UTF-8'), ('COLCON', '1'), ('CMAKE_PREFIX_PATH', '/opt/ros/humble')]), 'shell': False}
[1.436790] (web_video_server) StdoutLine: {'line': b'-- Install configuration: ""\n'}
[1.439463] (web_video_server) StdoutLine: {'line': b'-- Up-to-date: /home/khadas/tracking_robot_workspace/install/web_video_server/lib/web_video_server/web_video_server\n'}
[1.440562] (web_video_server) StdoutLine: {'line': b'-- Up-to-date: /home/khadas/tracking_robot_workspace/install/web_video_server/include/web_video_server\n'}
[1.441131] (web_video_server) StdoutLine: {'line': b'-- Up-to-date: /home/khadas/tracking_robot_workspace/install/web_video_server/include/web_video_server/libav_streamer.h\n'}
[1.441708] (web_video_server) StdoutLine: {'line': b'-- Up-to-date: /home/khadas/tracking_robot_workspace/install/web_video_server/include/web_video_server/vp8_streamer.h\n'}
[1.442205] (web_video_server) StdoutLine: {'line': b'-- Up-to-date: /home/khadas/tracking_robot_workspace/install/web_video_server/include/web_video_server/image_streamer.h\n'}
[1.442886] (web_video_server) StdoutLine: {'line': b'-- Up-to-date: /home/khadas/tracking_robot_workspace/install/web_video_server/include/web_video_server/vp9_streamer.h\n'}
[1.443377] (web_video_server) StdoutLine: {'line': b'-- Up-to-date: /home/khadas/tracking_robot_workspace/install/web_video_server/include/web_video_server/jpeg_streamers.h\n'}
[1.443903] (web_video_server) StdoutLine: {'line': b'-- Up-to-date: /home/khadas/tracking_robot_workspace/install/web_video_server/include/web_video_server/h264_streamer.h\n'}
[1.444333] (web_video_server) StdoutLine: {'line': b'-- Up-to-date: /home/khadas/tracking_robot_workspace/install/web_video_server/include/web_video_server/ros_compressed_streamer.h\n'}
[1.444811] (web_video_server) StdoutLine: {'line': b'-- Up-to-date: /home/khadas/tracking_robot_workspace/install/web_video_server/include/web_video_server/web_video_server.h\n'}
[1.445275] (web_video_server) StdoutLine: {'line': b'-- Up-to-date: /home/khadas/tracking_robot_workspace/install/web_video_server/include/web_video_server/png_streamers.h\n'}
[1.445697] (web_video_server) StdoutLine: {'line': b'-- Up-to-date: /home/khadas/tracking_robot_workspace/install/web_video_server/include/web_video_server/multipart_stream.h\n'}
[1.446135] (web_video_server) StdoutLine: {'line': b'-- Up-to-date: /home/khadas/tracking_robot_workspace/install/web_video_server/share/ament_index/resource_index/package_run_dependencies/web_video_server\n'}
[1.446582] (web_video_server) StdoutLine: {'line': b'-- Up-to-date: /home/khadas/tracking_robot_workspace/install/web_video_server/share/ament_index/resource_index/parent_prefix_path/web_video_server\n'}
[1.447015] (web_video_server) StdoutLine: {'line': b'-- Up-to-date: /home/khadas/tracking_robot_workspace/install/web_video_server/share/web_video_server/environment/ament_prefix_path.sh\n'}
[1.447493] (web_video_server) StdoutLine: {'line': b'-- Up-to-date: /home/khadas/tracking_robot_workspace/install/web_video_server/share/web_video_server/environment/ament_prefix_path.dsv\n'}
[1.447981] (web_video_server) StdoutLine: {'line': b'-- Up-to-date: /home/khadas/tracking_robot_workspace/install/web_video_server/share/web_video_server/environment/path.sh\n'}
[1.448431] (web_video_server) StdoutLine: {'line': b'-- Up-to-date: /home/khadas/tracking_robot_workspace/install/web_video_server/share/web_video_server/environment/path.dsv\n'}
[1.448795] (web_video_server) StdoutLine: {'line': b'-- Up-to-date: /home/khadas/tracking_robot_workspace/install/web_video_server/share/web_video_server/local_setup.bash\n'}
[1.449152] (web_video_server) StdoutLine: {'line': b'-- Up-to-date: /home/khadas/tracking_robot_workspace/install/web_video_server/share/web_video_server/local_setup.sh\n'}
[1.449549] (web_video_server) StdoutLine: {'line': b'-- Up-to-date: /home/khadas/tracking_robot_workspace/install/web_video_server/share/web_video_server/local_setup.zsh\n'}
[1.449914] (web_video_server) StdoutLine: {'line': b'-- Up-to-date: /home/khadas/tracking_robot_workspace/install/web_video_server/share/web_video_server/local_setup.dsv\n'}
[1.450275] (web_video_server) StdoutLine: {'line': b'-- Installing: /home/khadas/tracking_robot_workspace/install/web_video_server/share/web_video_server/package.dsv\n'}
[1.450672] (web_video_server) StdoutLine: {'line': b'-- Up-to-date: /home/khadas/tracking_robot_workspace/install/web_video_server/share/ament_index/resource_index/packages/web_video_server\n'}
[1.451035] (web_video_server) StdoutLine: {'line': b'-- Up-to-date: /home/khadas/tracking_robot_workspace/install/web_video_server/share/web_video_server/cmake/web_video_serverConfig.cmake\n'}
[1.451436] (web_video_server) StdoutLine: {'line': b'-- Up-to-date: /home/khadas/tracking_robot_workspace/install/web_video_server/share/web_video_server/cmake/web_video_serverConfig-version.cmake\n'}
[1.451801] (web_video_server) StdoutLine: {'line': b'-- Up-to-date: /home/khadas/tracking_robot_workspace/install/web_video_server/share/web_video_server/package.xml\n'}
[1.453945] (web_video_server) CommandEnded: {'returncode': 0}
[1.501762] (-) TimerEvent: {}
[1.589685] (web_video_server) JobEnded: {'identifier': 'web_video_server', 'rc': 0}
[1.601942] (-) TimerEvent: {}
[1.702338] (-) TimerEvent: {}
[1.707296] (keyboard_control) StdoutLine: {'line': b'running egg_info\n'}
[1.708156] (keyboard_control) StdoutLine: {'line': b'writing ../../build/keyboard_control/keyboard_control.egg-info/PKG-INFO\n'}
[1.708870] (keyboard_control) StdoutLine: {'line': b'writing dependency_links to ../../build/keyboard_control/keyboard_control.egg-info/dependency_links.txt\n'}
[1.709410] (keyboard_control) StdoutLine: {'line': b'writing entry points to ../../build/keyboard_control/keyboard_control.egg-info/entry_points.txt\n'}
[1.709850] (keyboard_control) StdoutLine: {'line': b'writing requirements to ../../build/keyboard_control/keyboard_control.egg-info/requires.txt\n'}
[1.710213] (keyboard_control) StdoutLine: {'line': b'writing top-level names to ../../build/keyboard_control/keyboard_control.egg-info/top_level.txt\n'}
[1.713140] (keyboard_control) StdoutLine: {'line': b"reading manifest file '../../build/keyboard_control/keyboard_control.egg-info/SOURCES.txt'\n"}
[1.714553] (keyboard_control) StdoutLine: {'line': b"writing manifest file '../../build/keyboard_control/keyboard_control.egg-info/SOURCES.txt'\n"}
[1.715038] (keyboard_control) StdoutLine: {'line': b'running build\n'}
[1.715415] (keyboard_control) StdoutLine: {'line': b'running build_py\n'}
[1.715950] (keyboard_control) StdoutLine: {'line': b'copying keyboard_control/keyboard_control.py -> /home/khadas/tracking_robot_workspace/build/keyboard_control/build/lib/keyboard_control\n'}
[1.716475] (keyboard_control) StdoutLine: {'line': b'copying keyboard_control/vel_mux.py -> /home/khadas/tracking_robot_workspace/build/keyboard_control/build/lib/keyboard_control\n'}
[1.716871] (keyboard_control) StdoutLine: {'line': b'running install\n'}
[1.717288] (keyboard_control) StdoutLine: {'line': b'running install_lib\n'}
[1.718350] (keyboard_control) StdoutLine: {'line': b'copying /home/khadas/tracking_robot_workspace/build/keyboard_control/build/lib/keyboard_control/keyboard_control.py -> /home/khadas/tracking_robot_workspace/install/keyboard_control/lib/python3.10/site-packages/keyboard_control\n'}
[1.718777] (keyboard_control) StdoutLine: {'line': b'copying /home/khadas/tracking_robot_workspace/build/keyboard_control/build/lib/keyboard_control/vel_mux.py -> /home/khadas/tracking_robot_workspace/install/keyboard_control/lib/python3.10/site-packages/keyboard_control\n'}
[1.719666] (keyboard_control) StdoutLine: {'line': b'byte-compiling /home/khadas/tracking_robot_workspace/install/keyboard_control/lib/python3.10/site-packages/keyboard_control/keyboard_control.py to keyboard_control.cpython-310.pyc\n'}
[1.721158] (keyboard_control) StdoutLine: {'line': b'byte-compiling /home/khadas/tracking_robot_workspace/install/keyboard_control/lib/python3.10/site-packages/keyboard_control/vel_mux.py to vel_mux.cpython-310.pyc\n'}
[1.722094] (keyboard_control) StdoutLine: {'line': b'running install_data\n'}
[1.723971] (keyboard_control) StdoutLine: {'line': b'running install_egg_info\n'}
[1.725551] (aruco_following_controller) StdoutLine: {'line': b'running egg_info\n'}
[1.726616] (aruco_following_controller) StdoutLine: {'line': b'writing ../../build/aruco_following_controller/aruco_following_controller.egg-info/PKG-INFO\n'}
[1.727066] (keyboard_control) StdoutLine: {'line': b"removing '/home/khadas/tracking_robot_workspace/install/keyboard_control/lib/python3.10/site-packages/keyboard_control-0.0.0-py3.10.egg-info' (and everything under it)\n"}
[1.727695] (keyboard_control) StdoutLine: {'line': b'Copying ../../build/keyboard_control/keyboard_control.egg-info to /home/khadas/tracking_robot_workspace/install/keyboard_control/lib/python3.10/site-packages/keyboard_control-0.0.0-py3.10.egg-info\n'}
[1.728112] (aruco_following_controller) StdoutLine: {'line': b'writing dependency_links to ../../build/aruco_following_controller/aruco_following_controller.egg-info/dependency_links.txt\n'}
[1.728483] (aruco_following_controller) StdoutLine: {'line': b'writing entry points to ../../build/aruco_following_controller/aruco_following_controller.egg-info/entry_points.txt\n'}
[1.728852] (aruco_following_controller) StdoutLine: {'line': b'writing requirements to ../../build/aruco_following_controller/aruco_following_controller.egg-info/requires.txt\n'}
[1.729213] (aruco_following_controller) StdoutLine: {'line': b'writing top-level names to ../../build/aruco_following_controller/aruco_following_controller.egg-info/top_level.txt\n'}
[1.729686] (keyboard_control) StdoutLine: {'line': b'running install_scripts\n'}
[1.730819] (aruco_following_controller) StdoutLine: {'line': b"reading manifest file '../../build/aruco_following_controller/aruco_following_controller.egg-info/SOURCES.txt'\n"}
[1.733350] (aruco_following_controller) StdoutLine: {'line': b"writing manifest file '../../build/aruco_following_controller/aruco_following_controller.egg-info/SOURCES.txt'\n"}
[1.733889] (aruco_following_controller) StdoutLine: {'line': b'running build\n'}
[1.734268] (aruco_following_controller) StdoutLine: {'line': b'running build_py\n'}
[1.734871] (aruco_following_controller) StdoutLine: {'line': b'running install\n'}
[1.735335] (aruco_following_controller) StdoutLine: {'line': b'running install_lib\n'}
[1.737611] (aruco_following_controller) StdoutLine: {'line': b'running install_data\n'}
[1.739302] (aruco_following_controller) StdoutLine: {'line': b'running install_egg_info\n'}
[1.741824] (aruco_following_controller) StdoutLine: {'line': b"removing '/home/khadas/tracking_robot_workspace/install/aruco_following_controller/lib/python3.10/site-packages/aruco_following_controller-0.0.0-py3.10.egg-info' (and everything under it)\n"}
[1.742336] (aruco_following_controller) StdoutLine: {'line': b'Copying ../../build/aruco_following_controller/aruco_following_controller.egg-info to /home/khadas/tracking_robot_workspace/install/aruco_following_controller/lib/python3.10/site-packages/aruco_following_controller-0.0.0-py3.10.egg-info\n'}
[1.743666] (aruco_following_controller) StdoutLine: {'line': b'running install_scripts\n'}
[1.757079] (keyboard_control) StdoutLine: {'line': b'Installing keyboard_control script to /home/khadas/tracking_robot_workspace/install/keyboard_control/lib/keyboard_control\n'}
[1.757872] (keyboard_control) StdoutLine: {'line': b'Installing vel_mux script to /home/khadas/tracking_robot_workspace/install/keyboard_control/lib/keyboard_control\n'}
[1.758406] (keyboard_control) StdoutLine: {'line': b"writing list of installed files to '/home/khadas/tracking_robot_workspace/build/keyboard_control/install.log'\n"}
[1.771957] (aruco_following_controller) StdoutLine: {'line': b'Installing controller script to /home/khadas/tracking_robot_workspace/install/aruco_following_controller/lib/aruco_following_controller\n'}
[1.773095] (aruco_following_controller) StdoutLine: {'line': b"writing list of installed files to '/home/khadas/tracking_robot_workspace/build/aruco_following_controller/install.log'\n"}
[1.802664] (-) TimerEvent: {}
[1.827234] (keyboard_control) CommandEnded: {'returncode': 0}
[1.839144] (keyboard_control) JobEnded: {'identifier': 'keyboard_control', 'rc': 0}
[1.843580] (aruco_following_controller) CommandEnded: {'returncode': 0}
[1.854071] (aruco_following_controller) JobEnded: {'identifier': 'aruco_following_controller', 'rc': 0}
[1.855351] (-) EventReactorShutdown: {}
