[0.428s] DEBUG:colcon:Command line arguments: ['/usr/bin/colcon', 'build']
[0.428s] DEBUG:colcon:Parsed command line arguments: Namespace(log_base=None, log_level=None, verb_name='build', build_base='build', install_base='install', merge_install=False, symlink_install=False, test_result_base=None, continue_on_error=False, executor='parallel', parallel_workers=8, event_handlers=None, ignore_user_meta=False, metas=['./colcon.meta'], base_paths=['.'], packages_ignore=None, packages_ignore_regex=None, paths=None, packages_up_to=None, packages_up_to_regex=None, packages_above=None, packages_above_and_dependencies=None, packages_above_depth=None, packages_select_by_dep=None, packages_skip_by_dep=None, packages_skip_up_to=None, packages_select_build_failed=False, packages_skip_build_finished=False, packages_select_test_failures=False, packages_skip_test_passed=False, packages_select=None, packages_skip=None, packages_select_regex=None, packages_skip_regex=None, packages_start=None, packages_end=None, allow_overriding=[], cmake_args=None, cmake_target=None, cmake_target_skip_unavailable=False, cmake_clean_cache=False, cmake_clean_first=False, cmake_force_configure=False, ament_cmake_args=None, catkin_cmake_args=None, catkin_skip_building_tests=False, verb_parser=<colcon_defaults.argument_parser.defaults.DefaultArgumentsDecorator object at 0x7fab776470>, verb_extension=<colcon_core.verb.build.BuildVerb object at 0x7fab775f00>, main=<bound method BuildVerb.main of <colcon_core.verb.build.BuildVerb object at 0x7fab775f00>>)
[0.459s] Level 1:colcon.colcon_core.package_discovery:discover_packages(colcon_meta) check parameters
[0.460s] Level 1:colcon.colcon_core.package_discovery:discover_packages(recursive) check parameters
[0.460s] Level 1:colcon.colcon_core.package_discovery:discover_packages(ignore) check parameters
[0.460s] Level 1:colcon.colcon_core.package_discovery:discover_packages(path) check parameters
[0.460s] Level 1:colcon.colcon_core.package_discovery:discover_packages(colcon_meta) discover
[0.460s] Level 1:colcon.colcon_core.package_discovery:discover_packages(recursive) discover
[0.460s] INFO:colcon.colcon_core.package_discovery:Crawling recursively for packages in '/home/khadas/tracking_robot_workspace'
[0.460s] Level 1:colcon.colcon_core.package_identification:_identify(.) by extensions ['ignore', 'ignore_ament_install']
[0.460s] Level 1:colcon.colcon_core.package_identification:_identify(.) by extension 'ignore'
[0.460s] Level 1:colcon.colcon_core.package_identification:_identify(.) by extension 'ignore_ament_install'
[0.460s] Level 1:colcon.colcon_core.package_identification:_identify(.) by extensions ['colcon_pkg']
[0.461s] Level 1:colcon.colcon_core.package_identification:_identify(.) by extension 'colcon_pkg'
[0.461s] Level 1:colcon.colcon_core.package_identification:_identify(.) by extensions ['colcon_meta']
[0.461s] Level 1:colcon.colcon_core.package_identification:_identify(.) by extension 'colcon_meta'
[0.461s] Level 1:colcon.colcon_core.package_identification:_identify(.) by extensions ['ros']
[0.461s] Level 1:colcon.colcon_core.package_identification:_identify(.) by extension 'ros'
[0.475s] Level 1:colcon.colcon_core.package_identification:_identify(.) by extensions ['cmake', 'python']
[0.475s] Level 1:colcon.colcon_core.package_identification:_identify(.) by extension 'cmake'
[0.476s] Level 1:colcon.colcon_core.package_identification:_identify(.) by extension 'python'
[0.476s] Level 1:colcon.colcon_core.package_identification:_identify(.) by extensions ['python_setup_py']
[0.476s] Level 1:colcon.colcon_core.package_identification:_identify(.) by extension 'python_setup_py'
[0.476s] Level 1:colcon.colcon_core.package_identification:_identify(build) by extensions ['ignore', 'ignore_ament_install']
[0.476s] Level 1:colcon.colcon_core.package_identification:_identify(build) by extension 'ignore'
[0.476s] Level 1:colcon.colcon_core.package_identification:_identify(build) ignored
[0.476s] Level 1:colcon.colcon_core.package_identification:_identify(install) by extensions ['ignore', 'ignore_ament_install']
[0.476s] Level 1:colcon.colcon_core.package_identification:_identify(install) by extension 'ignore'
[0.476s] Level 1:colcon.colcon_core.package_identification:_identify(install) ignored
[0.477s] Level 1:colcon.colcon_core.package_identification:_identify(log) by extensions ['ignore', 'ignore_ament_install']
[0.477s] Level 1:colcon.colcon_core.package_identification:_identify(log) by extension 'ignore'
[0.477s] Level 1:colcon.colcon_core.package_identification:_identify(log) ignored
[0.477s] Level 1:colcon.colcon_core.package_identification:_identify(src) by extensions ['ignore', 'ignore_ament_install']
[0.477s] Level 1:colcon.colcon_core.package_identification:_identify(src) by extension 'ignore'
[0.477s] Level 1:colcon.colcon_core.package_identification:_identify(src) by extension 'ignore_ament_install'
[0.477s] Level 1:colcon.colcon_core.package_identification:_identify(src) by extensions ['colcon_pkg']
[0.477s] Level 1:colcon.colcon_core.package_identification:_identify(src) by extension 'colcon_pkg'
[0.477s] Level 1:colcon.colcon_core.package_identification:_identify(src) by extensions ['colcon_meta']
[0.477s] Level 1:colcon.colcon_core.package_identification:_identify(src) by extension 'colcon_meta'
[0.477s] Level 1:colcon.colcon_core.package_identification:_identify(src) by extensions ['ros']
[0.477s] Level 1:colcon.colcon_core.package_identification:_identify(src) by extension 'ros'
[0.477s] Level 1:colcon.colcon_core.package_identification:_identify(src) by extensions ['cmake', 'python']
[0.477s] Level 1:colcon.colcon_core.package_identification:_identify(src) by extension 'cmake'
[0.477s] Level 1:colcon.colcon_core.package_identification:_identify(src) by extension 'python'
[0.477s] Level 1:colcon.colcon_core.package_identification:_identify(src) by extensions ['python_setup_py']
[0.478s] Level 1:colcon.colcon_core.package_identification:_identify(src) by extension 'python_setup_py'
[0.478s] Level 1:colcon.colcon_core.package_identification:_identify(src/aruco_controller) by extensions ['ignore', 'ignore_ament_install']
[0.478s] Level 1:colcon.colcon_core.package_identification:_identify(src/aruco_controller) by extension 'ignore'
[0.478s] Level 1:colcon.colcon_core.package_identification:_identify(src/aruco_controller) by extension 'ignore_ament_install'
[0.478s] Level 1:colcon.colcon_core.package_identification:_identify(src/aruco_controller) by extensions ['colcon_pkg']
[0.478s] Level 1:colcon.colcon_core.package_identification:_identify(src/aruco_controller) by extension 'colcon_pkg'
[0.478s] Level 1:colcon.colcon_core.package_identification:_identify(src/aruco_controller) by extensions ['colcon_meta']
[0.478s] Level 1:colcon.colcon_core.package_identification:_identify(src/aruco_controller) by extension 'colcon_meta'
[0.478s] Level 1:colcon.colcon_core.package_identification:_identify(src/aruco_controller) by extensions ['ros']
[0.478s] Level 1:colcon.colcon_core.package_identification:_identify(src/aruco_controller) by extension 'ros'
[0.481s] DEBUG:colcon.colcon_core.package_identification:Package 'src/aruco_controller' with type 'ros.ament_cmake' and name 'aruco_controller'
[0.482s] Level 1:colcon.colcon_core.package_identification:_identify(src/aruco_following_controller) by extensions ['ignore', 'ignore_ament_install']
[0.482s] Level 1:colcon.colcon_core.package_identification:_identify(src/aruco_following_controller) by extension 'ignore'
[0.482s] Level 1:colcon.colcon_core.package_identification:_identify(src/aruco_following_controller) by extension 'ignore_ament_install'
[0.482s] Level 1:colcon.colcon_core.package_identification:_identify(src/aruco_following_controller) by extensions ['colcon_pkg']
[0.482s] Level 1:colcon.colcon_core.package_identification:_identify(src/aruco_following_controller) by extension 'colcon_pkg'
[0.482s] Level 1:colcon.colcon_core.package_identification:_identify(src/aruco_following_controller) by extensions ['colcon_meta']
[0.482s] Level 1:colcon.colcon_core.package_identification:_identify(src/aruco_following_controller) by extension 'colcon_meta'
[0.482s] Level 1:colcon.colcon_core.package_identification:_identify(src/aruco_following_controller) by extensions ['ros']
[0.482s] Level 1:colcon.colcon_core.package_identification:_identify(src/aruco_following_controller) by extension 'ros'
[0.483s] DEBUG:colcon.colcon_core.package_identification:Package 'src/aruco_following_controller' with type 'ros.ament_python' and name 'aruco_following_controller'
[0.483s] Level 1:colcon.colcon_core.package_identification:_identify(src/keyboard_control) by extensions ['ignore', 'ignore_ament_install']
[0.483s] Level 1:colcon.colcon_core.package_identification:_identify(src/keyboard_control) by extension 'ignore'
[0.483s] Level 1:colcon.colcon_core.package_identification:_identify(src/keyboard_control) by extension 'ignore_ament_install'
[0.483s] Level 1:colcon.colcon_core.package_identification:_identify(src/keyboard_control) by extensions ['colcon_pkg']
[0.483s] Level 1:colcon.colcon_core.package_identification:_identify(src/keyboard_control) by extension 'colcon_pkg'
[0.483s] Level 1:colcon.colcon_core.package_identification:_identify(src/keyboard_control) by extensions ['colcon_meta']
[0.483s] Level 1:colcon.colcon_core.package_identification:_identify(src/keyboard_control) by extension 'colcon_meta'
[0.483s] Level 1:colcon.colcon_core.package_identification:_identify(src/keyboard_control) by extensions ['ros']
[0.484s] Level 1:colcon.colcon_core.package_identification:_identify(src/keyboard_control) by extension 'ros'
[0.484s] DEBUG:colcon.colcon_core.package_identification:Package 'src/keyboard_control' with type 'ros.ament_python' and name 'keyboard_control'
[0.484s] Level 1:colcon.colcon_core.package_identification:_identify(src/web_video_server) by extensions ['ignore', 'ignore_ament_install']
[0.484s] Level 1:colcon.colcon_core.package_identification:_identify(src/web_video_server) by extension 'ignore'
[0.484s] Level 1:colcon.colcon_core.package_identification:_identify(src/web_video_server) by extension 'ignore_ament_install'
[0.484s] Level 1:colcon.colcon_core.package_identification:_identify(src/web_video_server) by extensions ['colcon_pkg']
[0.484s] Level 1:colcon.colcon_core.package_identification:_identify(src/web_video_server) by extension 'colcon_pkg'
[0.485s] Level 1:colcon.colcon_core.package_identification:_identify(src/web_video_server) by extensions ['colcon_meta']
[0.485s] Level 1:colcon.colcon_core.package_identification:_identify(src/web_video_server) by extension 'colcon_meta'
[0.485s] Level 1:colcon.colcon_core.package_identification:_identify(src/web_video_server) by extensions ['ros']
[0.485s] Level 1:colcon.colcon_core.package_identification:_identify(src/web_video_server) by extension 'ros'
[0.485s] DEBUG:colcon.colcon_core.package_identification:Package 'src/web_video_server' with type 'ros.ament_cmake' and name 'web_video_server'
[0.486s] Level 1:colcon.colcon_core.package_discovery:discover_packages(recursive) using defaults
[0.486s] Level 1:colcon.colcon_core.package_discovery:discover_packages(ignore) discover
[0.486s] Level 1:colcon.colcon_core.package_discovery:discover_packages(ignore) using defaults
[0.486s] Level 1:colcon.colcon_core.package_discovery:discover_packages(path) discover
[0.486s] Level 1:colcon.colcon_core.package_discovery:discover_packages(path) using defaults
[0.517s] Level 1:colcon.colcon_core.package_discovery:discover_packages(prefix_path) check parameters
[0.517s] Level 1:colcon.colcon_core.package_discovery:discover_packages(prefix_path) discover
[0.522s] DEBUG:colcon.colcon_installed_package_information.package_discovery:Found 278 installed packages in /opt/ros/humble
[0.524s] Level 1:colcon.colcon_core.package_discovery:discover_packages(prefix_path) using defaults
[0.599s] Level 5:colcon.colcon_core.verb:set package 'aruco_controller' build argument 'cmake_args' from command line to 'None'
[0.599s] Level 5:colcon.colcon_core.verb:set package 'aruco_controller' build argument 'cmake_target' from command line to 'None'
[0.599s] Level 5:colcon.colcon_core.verb:set package 'aruco_controller' build argument 'cmake_target_skip_unavailable' from command line to 'False'
[0.599s] Level 5:colcon.colcon_core.verb:set package 'aruco_controller' build argument 'cmake_clean_cache' from command line to 'False'
[0.599s] Level 5:colcon.colcon_core.verb:set package 'aruco_controller' build argument 'cmake_clean_first' from command line to 'False'
[0.599s] Level 5:colcon.colcon_core.verb:set package 'aruco_controller' build argument 'cmake_force_configure' from command line to 'False'
[0.599s] Level 5:colcon.colcon_core.verb:set package 'aruco_controller' build argument 'ament_cmake_args' from command line to 'None'
[0.599s] Level 5:colcon.colcon_core.verb:set package 'aruco_controller' build argument 'catkin_cmake_args' from command line to 'None'
[0.599s] Level 5:colcon.colcon_core.verb:set package 'aruco_controller' build argument 'catkin_skip_building_tests' from command line to 'False'
[0.600s] DEBUG:colcon.colcon_core.verb:Building package 'aruco_controller' with the following arguments: {'ament_cmake_args': None, 'build_base': '/home/khadas/tracking_robot_workspace/build/aruco_controller', 'catkin_cmake_args': None, 'catkin_skip_building_tests': False, 'cmake_args': None, 'cmake_clean_cache': False, 'cmake_clean_first': False, 'cmake_force_configure': False, 'cmake_target': None, 'cmake_target_skip_unavailable': False, 'install_base': '/home/khadas/tracking_robot_workspace/install/aruco_controller', 'merge_install': False, 'path': '/home/khadas/tracking_robot_workspace/src/aruco_controller', 'symlink_install': False, 'test_result_base': None}
[0.601s] Level 5:colcon.colcon_core.verb:set package 'aruco_following_controller' build argument 'cmake_args' from command line to 'None'
[0.601s] Level 5:colcon.colcon_core.verb:set package 'aruco_following_controller' build argument 'cmake_target' from command line to 'None'
[0.601s] Level 5:colcon.colcon_core.verb:set package 'aruco_following_controller' build argument 'cmake_target_skip_unavailable' from command line to 'False'
[0.601s] Level 5:colcon.colcon_core.verb:set package 'aruco_following_controller' build argument 'cmake_clean_cache' from command line to 'False'
[0.601s] Level 5:colcon.colcon_core.verb:set package 'aruco_following_controller' build argument 'cmake_clean_first' from command line to 'False'
[0.601s] Level 5:colcon.colcon_core.verb:set package 'aruco_following_controller' build argument 'cmake_force_configure' from command line to 'False'
[0.601s] Level 5:colcon.colcon_core.verb:set package 'aruco_following_controller' build argument 'ament_cmake_args' from command line to 'None'
[0.601s] Level 5:colcon.colcon_core.verb:set package 'aruco_following_controller' build argument 'catkin_cmake_args' from command line to 'None'
[0.601s] Level 5:colcon.colcon_core.verb:set package 'aruco_following_controller' build argument 'catkin_skip_building_tests' from command line to 'False'
[0.601s] DEBUG:colcon.colcon_core.verb:Building package 'aruco_following_controller' with the following arguments: {'ament_cmake_args': None, 'build_base': '/home/khadas/tracking_robot_workspace/build/aruco_following_controller', 'catkin_cmake_args': None, 'catkin_skip_building_tests': False, 'cmake_args': None, 'cmake_clean_cache': False, 'cmake_clean_first': False, 'cmake_force_configure': False, 'cmake_target': None, 'cmake_target_skip_unavailable': False, 'install_base': '/home/khadas/tracking_robot_workspace/install/aruco_following_controller', 'merge_install': False, 'path': '/home/khadas/tracking_robot_workspace/src/aruco_following_controller', 'symlink_install': False, 'test_result_base': None}
[0.602s] Level 5:colcon.colcon_core.verb:set package 'keyboard_control' build argument 'cmake_args' from command line to 'None'
[0.602s] Level 5:colcon.colcon_core.verb:set package 'keyboard_control' build argument 'cmake_target' from command line to 'None'
[0.602s] Level 5:colcon.colcon_core.verb:set package 'keyboard_control' build argument 'cmake_target_skip_unavailable' from command line to 'False'
[0.602s] Level 5:colcon.colcon_core.verb:set package 'keyboard_control' build argument 'cmake_clean_cache' from command line to 'False'
[0.602s] Level 5:colcon.colcon_core.verb:set package 'keyboard_control' build argument 'cmake_clean_first' from command line to 'False'
[0.603s] Level 5:colcon.colcon_core.verb:set package 'keyboard_control' build argument 'cmake_force_configure' from command line to 'False'
[0.603s] Level 5:colcon.colcon_core.verb:set package 'keyboard_control' build argument 'ament_cmake_args' from command line to 'None'
[0.603s] Level 5:colcon.colcon_core.verb:set package 'keyboard_control' build argument 'catkin_cmake_args' from command line to 'None'
[0.603s] Level 5:colcon.colcon_core.verb:set package 'keyboard_control' build argument 'catkin_skip_building_tests' from command line to 'False'
[0.603s] DEBUG:colcon.colcon_core.verb:Building package 'keyboard_control' with the following arguments: {'ament_cmake_args': None, 'build_base': '/home/khadas/tracking_robot_workspace/build/keyboard_control', 'catkin_cmake_args': None, 'catkin_skip_building_tests': False, 'cmake_args': None, 'cmake_clean_cache': False, 'cmake_clean_first': False, 'cmake_force_configure': False, 'cmake_target': None, 'cmake_target_skip_unavailable': False, 'install_base': '/home/khadas/tracking_robot_workspace/install/keyboard_control', 'merge_install': False, 'path': '/home/khadas/tracking_robot_workspace/src/keyboard_control', 'symlink_install': False, 'test_result_base': None}
[0.604s] Level 5:colcon.colcon_core.verb:set package 'web_video_server' build argument 'cmake_args' from command line to 'None'
[0.604s] Level 5:colcon.colcon_core.verb:set package 'web_video_server' build argument 'cmake_target' from command line to 'None'
[0.604s] Level 5:colcon.colcon_core.verb:set package 'web_video_server' build argument 'cmake_target_skip_unavailable' from command line to 'False'
[0.604s] Level 5:colcon.colcon_core.verb:set package 'web_video_server' build argument 'cmake_clean_cache' from command line to 'False'
[0.604s] Level 5:colcon.colcon_core.verb:set package 'web_video_server' build argument 'cmake_clean_first' from command line to 'False'
[0.604s] Level 5:colcon.colcon_core.verb:set package 'web_video_server' build argument 'cmake_force_configure' from command line to 'False'
[0.604s] Level 5:colcon.colcon_core.verb:set package 'web_video_server' build argument 'ament_cmake_args' from command line to 'None'
[0.604s] Level 5:colcon.colcon_core.verb:set package 'web_video_server' build argument 'catkin_cmake_args' from command line to 'None'
[0.604s] Level 5:colcon.colcon_core.verb:set package 'web_video_server' build argument 'catkin_skip_building_tests' from command line to 'False'
[0.604s] DEBUG:colcon.colcon_core.verb:Building package 'web_video_server' with the following arguments: {'ament_cmake_args': None, 'build_base': '/home/khadas/tracking_robot_workspace/build/web_video_server', 'catkin_cmake_args': None, 'catkin_skip_building_tests': False, 'cmake_args': None, 'cmake_clean_cache': False, 'cmake_clean_first': False, 'cmake_force_configure': False, 'cmake_target': None, 'cmake_target_skip_unavailable': False, 'install_base': '/home/khadas/tracking_robot_workspace/install/web_video_server', 'merge_install': False, 'path': '/home/khadas/tracking_robot_workspace/src/web_video_server', 'symlink_install': False, 'test_result_base': None}
[0.605s] INFO:colcon.colcon_core.executor:Executing jobs using 'parallel' executor
[0.609s] DEBUG:colcon.colcon_parallel_executor.executor.parallel:run_until_complete
[0.609s] INFO:colcon.colcon_ros.task.ament_cmake.build:Building ROS package in '/home/khadas/tracking_robot_workspace/src/aruco_controller' with build type 'ament_cmake'
[0.609s] INFO:colcon.colcon_cmake.task.cmake.build:Building CMake package in '/home/khadas/tracking_robot_workspace/src/aruco_controller'
[0.615s] INFO:colcon.colcon_core.plugin_system:Skipping extension 'colcon_core.shell.bat': Not used on non-Windows systems
[0.615s] INFO:colcon.colcon_core.shell:Skip shell extension 'powershell' for command environment: Not usable outside of PowerShell
[0.615s] DEBUG:colcon.colcon_core.shell:Skip shell extension 'dsv' for command environment
[0.621s] INFO:colcon.colcon_ros.task.ament_python.build:Building ROS package in '/home/khadas/tracking_robot_workspace/src/aruco_following_controller' with build type 'ament_python'
[0.621s] Level 1:colcon.colcon_core.shell:create_environment_hook('aruco_following_controller', 'ament_prefix_path')
[0.622s] INFO:colcon.colcon_core.shell:Creating environment hook '/home/khadas/tracking_robot_workspace/install/aruco_following_controller/share/aruco_following_controller/hook/ament_prefix_path.ps1'
[0.623s] INFO:colcon.colcon_core.shell:Creating environment descriptor '/home/khadas/tracking_robot_workspace/install/aruco_following_controller/share/aruco_following_controller/hook/ament_prefix_path.dsv'
[0.624s] INFO:colcon.colcon_core.shell:Creating environment hook '/home/khadas/tracking_robot_workspace/install/aruco_following_controller/share/aruco_following_controller/hook/ament_prefix_path.sh'
[0.626s] INFO:colcon.colcon_core.shell:Skip shell extension 'powershell' for command environment: Not usable outside of PowerShell
[0.627s] DEBUG:colcon.colcon_core.shell:Skip shell extension 'dsv' for command environment
[0.631s] INFO:colcon.colcon_ros.task.ament_python.build:Building ROS package in '/home/khadas/tracking_robot_workspace/src/keyboard_control' with build type 'ament_python'
[0.631s] Level 1:colcon.colcon_core.shell:create_environment_hook('keyboard_control', 'ament_prefix_path')
[0.633s] INFO:colcon.colcon_core.shell:Creating environment hook '/home/khadas/tracking_robot_workspace/install/keyboard_control/share/keyboard_control/hook/ament_prefix_path.ps1'
[0.633s] INFO:colcon.colcon_core.shell:Creating environment descriptor '/home/khadas/tracking_robot_workspace/install/keyboard_control/share/keyboard_control/hook/ament_prefix_path.dsv'
[0.634s] INFO:colcon.colcon_core.shell:Creating environment hook '/home/khadas/tracking_robot_workspace/install/keyboard_control/share/keyboard_control/hook/ament_prefix_path.sh'
[0.636s] INFO:colcon.colcon_core.shell:Skip shell extension 'powershell' for command environment: Not usable outside of PowerShell
[0.636s] DEBUG:colcon.colcon_core.shell:Skip shell extension 'dsv' for command environment
[0.640s] INFO:colcon.colcon_ros.task.ament_cmake.build:Building ROS package in '/home/khadas/tracking_robot_workspace/src/web_video_server' with build type 'ament_cmake'
[0.641s] INFO:colcon.colcon_cmake.task.cmake.build:Building CMake package in '/home/khadas/tracking_robot_workspace/src/web_video_server'
[0.642s] INFO:colcon.colcon_core.shell:Skip shell extension 'powershell' for command environment: Not usable outside of PowerShell
[0.642s] DEBUG:colcon.colcon_core.shell:Skip shell extension 'dsv' for command environment
[0.654s] DEBUG:colcon.colcon_core.event_handler.log_command:Invoking command in '/home/khadas/tracking_robot_workspace/build/aruco_controller': CMAKE_PREFIX_PATH=/opt/ros/humble /usr/bin/cmake --build /home/khadas/tracking_robot_workspace/build/aruco_controller -- -j8 -l8
[1.030s] INFO:colcon.colcon_core.task.python.build:Building Python package in '/home/khadas/tracking_robot_workspace/src/aruco_following_controller'
[1.031s] INFO:colcon.colcon_core.shell:Skip shell extension 'powershell' for command environment: Not usable outside of PowerShell
[1.031s] DEBUG:colcon.colcon_core.shell:Skip shell extension 'dsv' for command environment
[1.412s] INFO:colcon.colcon_core.task.python.build:Building Python package in '/home/khadas/tracking_robot_workspace/src/keyboard_control'
[1.414s] INFO:colcon.colcon_core.shell:Skip shell extension 'powershell' for command environment: Not usable outside of PowerShell
[1.414s] DEBUG:colcon.colcon_core.shell:Skip shell extension 'dsv' for command environment
[1.426s] DEBUG:colcon.colcon_core.event_handler.log_command:Invoking command in '/home/khadas/tracking_robot_workspace/build/web_video_server': CMAKE_PREFIX_PATH=/opt/ros/humble /usr/bin/cmake --build /home/khadas/tracking_robot_workspace/build/web_video_server -- -j8 -l8
[1.427s] DEBUG:colcon.colcon_core.event_handler.log_command:Invoked command in '/home/khadas/tracking_robot_workspace/build/aruco_controller' returned '0': CMAKE_PREFIX_PATH=/opt/ros/humble /usr/bin/cmake --build /home/khadas/tracking_robot_workspace/build/aruco_controller -- -j8 -l8
[1.521s] DEBUG:colcon.colcon_core.event_handler.log_command:Invoking command in '/home/khadas/tracking_robot_workspace/build/aruco_controller': CMAKE_PREFIX_PATH=/opt/ros/humble /usr/bin/cmake --install /home/khadas/tracking_robot_workspace/build/aruco_controller
[1.620s] Level 1:colcon.colcon_core.environment:create_environment_scripts_only(aruco_controller)
[1.638s] DEBUG:colcon.colcon_core.event_handler.log_command:Invoked command in '/home/khadas/tracking_robot_workspace/build/aruco_controller' returned '0': CMAKE_PREFIX_PATH=/opt/ros/humble /usr/bin/cmake --install /home/khadas/tracking_robot_workspace/build/aruco_controller
[1.652s] Level 1:colcon.colcon_core.environment:checking '/home/khadas/tracking_robot_workspace/install/aruco_controller' for CMake module files
[1.655s] Level 1:colcon.colcon_core.environment:checking '/home/khadas/tracking_robot_workspace/install/aruco_controller' for CMake config files
[1.657s] Level 1:colcon.colcon_core.shell:create_environment_hook('aruco_controller', 'cmake_prefix_path')
[1.664s] INFO:colcon.colcon_core.shell:Creating environment hook '/home/khadas/tracking_robot_workspace/install/aruco_controller/share/aruco_controller/hook/cmake_prefix_path.ps1'
[1.665s] INFO:colcon.colcon_core.shell:Creating environment descriptor '/home/khadas/tracking_robot_workspace/install/aruco_controller/share/aruco_controller/hook/cmake_prefix_path.dsv'
[1.667s] INFO:colcon.colcon_core.shell:Creating environment hook '/home/khadas/tracking_robot_workspace/install/aruco_controller/share/aruco_controller/hook/cmake_prefix_path.sh'
[1.669s] Level 1:colcon.colcon_core.environment:checking '/home/khadas/tracking_robot_workspace/install/aruco_controller/lib'
[1.670s] Level 1:colcon.colcon_core.environment:checking '/home/khadas/tracking_robot_workspace/install/aruco_controller/bin'
[1.670s] Level 1:colcon.colcon_core.environment:checking '/home/khadas/tracking_robot_workspace/install/aruco_controller/lib/pkgconfig/aruco_controller.pc'
[1.672s] Level 1:colcon.colcon_core.environment:checking '/home/khadas/tracking_robot_workspace/install/aruco_controller/lib/python3.10/site-packages'
[1.673s] Level 1:colcon.colcon_core.environment:checking '/home/khadas/tracking_robot_workspace/install/aruco_controller/bin'
[1.680s] INFO:colcon.colcon_core.shell:Creating package script '/home/khadas/tracking_robot_workspace/install/aruco_controller/share/aruco_controller/package.ps1'
[1.683s] INFO:colcon.colcon_core.shell:Creating package descriptor '/home/khadas/tracking_robot_workspace/install/aruco_controller/share/aruco_controller/package.dsv'
[1.684s] INFO:colcon.colcon_core.shell:Creating package script '/home/khadas/tracking_robot_workspace/install/aruco_controller/share/aruco_controller/package.sh'
[1.685s] INFO:colcon.colcon_core.shell:Creating package script '/home/khadas/tracking_robot_workspace/install/aruco_controller/share/aruco_controller/package.bash'
[1.686s] INFO:colcon.colcon_core.shell:Creating package script '/home/khadas/tracking_robot_workspace/install/aruco_controller/share/aruco_controller/package.zsh'
[1.687s] Level 1:colcon.colcon_core.environment:create_file_with_runtime_dependencies(/home/khadas/tracking_robot_workspace/install/aruco_controller/share/colcon-core/packages/aruco_controller)
[1.754s] Level 1:colcon.colcon_core.environment:create_environment_scripts_only(aruco_controller)
[1.765s] Level 1:colcon.colcon_core.environment:checking '/home/khadas/tracking_robot_workspace/install/aruco_controller' for CMake module files
[1.768s] Level 1:colcon.colcon_core.environment:checking '/home/khadas/tracking_robot_workspace/install/aruco_controller' for CMake config files
[1.771s] Level 1:colcon.colcon_core.shell:create_environment_hook('aruco_controller', 'cmake_prefix_path')
[1.775s] INFO:colcon.colcon_core.shell:Creating environment hook '/home/khadas/tracking_robot_workspace/install/aruco_controller/share/aruco_controller/hook/cmake_prefix_path.ps1'
[1.776s] INFO:colcon.colcon_core.shell:Creating environment descriptor '/home/khadas/tracking_robot_workspace/install/aruco_controller/share/aruco_controller/hook/cmake_prefix_path.dsv'
[1.776s] INFO:colcon.colcon_core.shell:Creating environment hook '/home/khadas/tracking_robot_workspace/install/aruco_controller/share/aruco_controller/hook/cmake_prefix_path.sh'
[1.777s] Level 1:colcon.colcon_core.environment:checking '/home/khadas/tracking_robot_workspace/install/aruco_controller/lib'
[1.777s] Level 1:colcon.colcon_core.environment:checking '/home/khadas/tracking_robot_workspace/install/aruco_controller/bin'
[1.777s] Level 1:colcon.colcon_core.environment:checking '/home/khadas/tracking_robot_workspace/install/aruco_controller/lib/pkgconfig/aruco_controller.pc'
[1.778s] Level 1:colcon.colcon_core.environment:checking '/home/khadas/tracking_robot_workspace/install/aruco_controller/lib/python3.10/site-packages'
[1.778s] Level 1:colcon.colcon_core.environment:checking '/home/khadas/tracking_robot_workspace/install/aruco_controller/bin'
[1.780s] INFO:colcon.colcon_core.shell:Creating package script '/home/khadas/tracking_robot_workspace/install/aruco_controller/share/aruco_controller/package.ps1'
[1.781s] INFO:colcon.colcon_core.shell:Creating package descriptor '/home/khadas/tracking_robot_workspace/install/aruco_controller/share/aruco_controller/package.dsv'
[1.782s] INFO:colcon.colcon_core.shell:Creating package script '/home/khadas/tracking_robot_workspace/install/aruco_controller/share/aruco_controller/package.sh'
[1.782s] INFO:colcon.colcon_core.shell:Creating package script '/home/khadas/tracking_robot_workspace/install/aruco_controller/share/aruco_controller/package.bash'
[1.783s] INFO:colcon.colcon_core.shell:Creating package script '/home/khadas/tracking_robot_workspace/install/aruco_controller/share/aruco_controller/package.zsh'
[1.783s] Level 1:colcon.colcon_core.environment:create_file_with_runtime_dependencies(/home/khadas/tracking_robot_workspace/install/aruco_controller/share/colcon-core/packages/aruco_controller)
[1.894s] DEBUG:colcon.colcon_core.event_handler.log_command:Invoked command in '/home/khadas/tracking_robot_workspace/build/web_video_server' returned '0': CMAKE_PREFIX_PATH=/opt/ros/humble /usr/bin/cmake --build /home/khadas/tracking_robot_workspace/build/web_video_server -- -j8 -l8
[1.990s] DEBUG:colcon.colcon_core.event_handler.log_command:Invoking command in '/home/khadas/tracking_robot_workspace/src/aruco_following_controller': PYTHONPATH=/home/khadas/tracking_robot_workspace/build/aruco_following_controller/prefix_override:/home/khadas/tracking_robot_workspace/install/aruco_following_controller/lib/python3.10/site-packages:${PYTHONPATH} /usr/bin/python3 setup.py egg_info --egg-base ../../build/aruco_following_controller build --build-base /home/khadas/tracking_robot_workspace/build/aruco_following_controller/build install --record /home/khadas/tracking_robot_workspace/build/aruco_following_controller/install.log --single-version-externally-managed
[1.993s] DEBUG:colcon.colcon_core.event_handler.log_command:Invoking command in '/home/khadas/tracking_robot_workspace/src/keyboard_control': PYTHONPATH=/home/khadas/tracking_robot_workspace/build/keyboard_control/prefix_override:/home/khadas/tracking_robot_workspace/install/keyboard_control/lib/python3.10/site-packages:${PYTHONPATH} /usr/bin/python3 setup.py egg_info --egg-base ../../build/keyboard_control build --build-base /home/khadas/tracking_robot_workspace/build/keyboard_control/build install --record /home/khadas/tracking_robot_workspace/build/keyboard_control/install.log --single-version-externally-managed
[2.021s] DEBUG:colcon.colcon_core.event_handler.log_command:Invoking command in '/home/khadas/tracking_robot_workspace/build/web_video_server': CMAKE_PREFIX_PATH=/opt/ros/humble /usr/bin/cmake --install /home/khadas/tracking_robot_workspace/build/web_video_server
[2.063s] Level 1:colcon.colcon_core.environment:create_environment_scripts_only(web_video_server)
[2.066s] Level 1:colcon.colcon_core.environment:checking '/home/khadas/tracking_robot_workspace/install/web_video_server' for CMake module files
[2.067s] DEBUG:colcon.colcon_core.event_handler.log_command:Invoked command in '/home/khadas/tracking_robot_workspace/build/web_video_server' returned '0': CMAKE_PREFIX_PATH=/opt/ros/humble /usr/bin/cmake --install /home/khadas/tracking_robot_workspace/build/web_video_server
[2.068s] Level 1:colcon.colcon_core.environment:checking '/home/khadas/tracking_robot_workspace/install/web_video_server' for CMake config files
[2.068s] Level 1:colcon.colcon_core.shell:create_environment_hook('web_video_server', 'cmake_prefix_path')
[2.070s] INFO:colcon.colcon_core.shell:Creating environment hook '/home/khadas/tracking_robot_workspace/install/web_video_server/share/web_video_server/hook/cmake_prefix_path.ps1'
[2.071s] INFO:colcon.colcon_core.shell:Creating environment descriptor '/home/khadas/tracking_robot_workspace/install/web_video_server/share/web_video_server/hook/cmake_prefix_path.dsv'
[2.071s] INFO:colcon.colcon_core.shell:Creating environment hook '/home/khadas/tracking_robot_workspace/install/web_video_server/share/web_video_server/hook/cmake_prefix_path.sh'
[2.072s] Level 1:colcon.colcon_core.environment:checking '/home/khadas/tracking_robot_workspace/install/web_video_server/lib'
[2.072s] Level 1:colcon.colcon_core.environment:checking '/home/khadas/tracking_robot_workspace/install/web_video_server/bin'
[2.072s] Level 1:colcon.colcon_core.environment:checking '/home/khadas/tracking_robot_workspace/install/web_video_server/lib/pkgconfig/web_video_server.pc'
[2.073s] Level 1:colcon.colcon_core.environment:checking '/home/khadas/tracking_robot_workspace/install/web_video_server/lib/python3.10/site-packages'
[2.073s] Level 1:colcon.colcon_core.environment:checking '/home/khadas/tracking_robot_workspace/install/web_video_server/bin'
[2.075s] INFO:colcon.colcon_core.shell:Creating package script '/home/khadas/tracking_robot_workspace/install/web_video_server/share/web_video_server/package.ps1'
[2.075s] INFO:colcon.colcon_core.shell:Creating package descriptor '/home/khadas/tracking_robot_workspace/install/web_video_server/share/web_video_server/package.dsv'
[2.076s] INFO:colcon.colcon_core.shell:Creating package script '/home/khadas/tracking_robot_workspace/install/web_video_server/share/web_video_server/package.sh'
[2.076s] INFO:colcon.colcon_core.shell:Creating package script '/home/khadas/tracking_robot_workspace/install/web_video_server/share/web_video_server/package.bash'
[2.077s] INFO:colcon.colcon_core.shell:Creating package script '/home/khadas/tracking_robot_workspace/install/web_video_server/share/web_video_server/package.zsh'
[2.077s] Level 1:colcon.colcon_core.environment:create_file_with_runtime_dependencies(/home/khadas/tracking_robot_workspace/install/web_video_server/share/colcon-core/packages/web_video_server)
[2.187s] Level 1:colcon.colcon_core.environment:create_environment_scripts_only(web_video_server)
[2.190s] Level 1:colcon.colcon_core.environment:checking '/home/khadas/tracking_robot_workspace/install/web_video_server' for CMake module files
[2.190s] Level 1:colcon.colcon_core.environment:checking '/home/khadas/tracking_robot_workspace/install/web_video_server' for CMake config files
[2.191s] Level 1:colcon.colcon_core.shell:create_environment_hook('web_video_server', 'cmake_prefix_path')
[2.192s] INFO:colcon.colcon_core.shell:Creating environment hook '/home/khadas/tracking_robot_workspace/install/web_video_server/share/web_video_server/hook/cmake_prefix_path.ps1'
[2.193s] INFO:colcon.colcon_core.shell:Creating environment descriptor '/home/khadas/tracking_robot_workspace/install/web_video_server/share/web_video_server/hook/cmake_prefix_path.dsv'
[2.193s] INFO:colcon.colcon_core.shell:Creating environment hook '/home/khadas/tracking_robot_workspace/install/web_video_server/share/web_video_server/hook/cmake_prefix_path.sh'
[2.194s] Level 1:colcon.colcon_core.environment:checking '/home/khadas/tracking_robot_workspace/install/web_video_server/lib'
[2.194s] Level 1:colcon.colcon_core.environment:checking '/home/khadas/tracking_robot_workspace/install/web_video_server/bin'
[2.194s] Level 1:colcon.colcon_core.environment:checking '/home/khadas/tracking_robot_workspace/install/web_video_server/lib/pkgconfig/web_video_server.pc'
[2.194s] Level 1:colcon.colcon_core.environment:checking '/home/khadas/tracking_robot_workspace/install/web_video_server/lib/python3.10/site-packages'
[2.195s] Level 1:colcon.colcon_core.environment:checking '/home/khadas/tracking_robot_workspace/install/web_video_server/bin'
[2.196s] INFO:colcon.colcon_core.shell:Creating package script '/home/khadas/tracking_robot_workspace/install/web_video_server/share/web_video_server/package.ps1'
[2.197s] INFO:colcon.colcon_core.shell:Creating package descriptor '/home/khadas/tracking_robot_workspace/install/web_video_server/share/web_video_server/package.dsv'
[2.197s] INFO:colcon.colcon_core.shell:Creating package script '/home/khadas/tracking_robot_workspace/install/web_video_server/share/web_video_server/package.sh'
[2.198s] INFO:colcon.colcon_core.shell:Creating package script '/home/khadas/tracking_robot_workspace/install/web_video_server/share/web_video_server/package.bash'
[2.198s] INFO:colcon.colcon_core.shell:Creating package script '/home/khadas/tracking_robot_workspace/install/web_video_server/share/web_video_server/package.zsh'
[2.199s] Level 1:colcon.colcon_core.environment:create_file_with_runtime_dependencies(/home/khadas/tracking_robot_workspace/install/web_video_server/share/colcon-core/packages/web_video_server)
[2.436s] Level 1:colcon.colcon_core.environment:checking '/home/khadas/tracking_robot_workspace/install/keyboard_control' for CMake module files
[2.438s] DEBUG:colcon.colcon_core.event_handler.log_command:Invoked command in '/home/khadas/tracking_robot_workspace/src/keyboard_control' returned '0': PYTHONPATH=/home/khadas/tracking_robot_workspace/build/keyboard_control/prefix_override:/home/khadas/tracking_robot_workspace/install/keyboard_control/lib/python3.10/site-packages:${PYTHONPATH} /usr/bin/python3 setup.py egg_info --egg-base ../../build/keyboard_control build --build-base /home/khadas/tracking_robot_workspace/build/keyboard_control/build install --record /home/khadas/tracking_robot_workspace/build/keyboard_control/install.log --single-version-externally-managed
[2.438s] Level 1:colcon.colcon_core.environment:checking '/home/khadas/tracking_robot_workspace/install/keyboard_control' for CMake config files
[2.439s] Level 1:colcon.colcon_core.environment:checking '/home/khadas/tracking_robot_workspace/install/keyboard_control/lib'
[2.439s] Level 1:colcon.colcon_core.environment:checking '/home/khadas/tracking_robot_workspace/install/keyboard_control/bin'
[2.439s] Level 1:colcon.colcon_core.environment:checking '/home/khadas/tracking_robot_workspace/install/keyboard_control/lib/pkgconfig/keyboard_control.pc'
[2.440s] Level 1:colcon.colcon_core.environment:checking '/home/khadas/tracking_robot_workspace/install/keyboard_control/lib/python3.10/site-packages'
[2.440s] Level 1:colcon.colcon_core.shell:create_environment_hook('keyboard_control', 'pythonpath')
[2.441s] INFO:colcon.colcon_core.shell:Creating environment hook '/home/khadas/tracking_robot_workspace/install/keyboard_control/share/keyboard_control/hook/pythonpath.ps1'
[2.442s] INFO:colcon.colcon_core.shell:Creating environment descriptor '/home/khadas/tracking_robot_workspace/install/keyboard_control/share/keyboard_control/hook/pythonpath.dsv'
[2.443s] INFO:colcon.colcon_core.shell:Creating environment hook '/home/khadas/tracking_robot_workspace/install/keyboard_control/share/keyboard_control/hook/pythonpath.sh'
[2.443s] Level 1:colcon.colcon_core.environment:checking '/home/khadas/tracking_robot_workspace/install/keyboard_control/bin'
[2.444s] Level 1:colcon.colcon_core.environment:create_environment_scripts_only(keyboard_control)
[2.445s] INFO:colcon.colcon_core.shell:Creating package script '/home/khadas/tracking_robot_workspace/install/keyboard_control/share/keyboard_control/package.ps1'
[2.446s] INFO:colcon.colcon_core.shell:Creating package descriptor '/home/khadas/tracking_robot_workspace/install/keyboard_control/share/keyboard_control/package.dsv'
[2.447s] INFO:colcon.colcon_core.shell:Creating package script '/home/khadas/tracking_robot_workspace/install/keyboard_control/share/keyboard_control/package.sh'
[2.448s] INFO:colcon.colcon_core.shell:Creating package script '/home/khadas/tracking_robot_workspace/install/keyboard_control/share/keyboard_control/package.bash'
[2.448s] INFO:colcon.colcon_core.shell:Creating package script '/home/khadas/tracking_robot_workspace/install/keyboard_control/share/keyboard_control/package.zsh'
[2.448s] Level 1:colcon.colcon_core.environment:create_file_with_runtime_dependencies(/home/khadas/tracking_robot_workspace/install/keyboard_control/share/colcon-core/packages/keyboard_control)
[2.453s] Level 1:colcon.colcon_core.environment:checking '/home/khadas/tracking_robot_workspace/install/aruco_following_controller' for CMake module files
[2.454s] DEBUG:colcon.colcon_core.event_handler.log_command:Invoked command in '/home/khadas/tracking_robot_workspace/src/aruco_following_controller' returned '0': PYTHONPATH=/home/khadas/tracking_robot_workspace/build/aruco_following_controller/prefix_override:/home/khadas/tracking_robot_workspace/install/aruco_following_controller/lib/python3.10/site-packages:${PYTHONPATH} /usr/bin/python3 setup.py egg_info --egg-base ../../build/aruco_following_controller build --build-base /home/khadas/tracking_robot_workspace/build/aruco_following_controller/build install --record /home/khadas/tracking_robot_workspace/build/aruco_following_controller/install.log --single-version-externally-managed
[2.455s] Level 1:colcon.colcon_core.environment:checking '/home/khadas/tracking_robot_workspace/install/aruco_following_controller' for CMake config files
[2.455s] Level 1:colcon.colcon_core.environment:checking '/home/khadas/tracking_robot_workspace/install/aruco_following_controller/lib'
[2.455s] Level 1:colcon.colcon_core.environment:checking '/home/khadas/tracking_robot_workspace/install/aruco_following_controller/bin'
[2.455s] Level 1:colcon.colcon_core.environment:checking '/home/khadas/tracking_robot_workspace/install/aruco_following_controller/lib/pkgconfig/aruco_following_controller.pc'
[2.456s] Level 1:colcon.colcon_core.environment:checking '/home/khadas/tracking_robot_workspace/install/aruco_following_controller/lib/python3.10/site-packages'
[2.456s] Level 1:colcon.colcon_core.shell:create_environment_hook('aruco_following_controller', 'pythonpath')
[2.457s] INFO:colcon.colcon_core.shell:Creating environment hook '/home/khadas/tracking_robot_workspace/install/aruco_following_controller/share/aruco_following_controller/hook/pythonpath.ps1'
[2.458s] INFO:colcon.colcon_core.shell:Creating environment descriptor '/home/khadas/tracking_robot_workspace/install/aruco_following_controller/share/aruco_following_controller/hook/pythonpath.dsv'
[2.458s] INFO:colcon.colcon_core.shell:Creating environment hook '/home/khadas/tracking_robot_workspace/install/aruco_following_controller/share/aruco_following_controller/hook/pythonpath.sh'
[2.459s] Level 1:colcon.colcon_core.environment:checking '/home/khadas/tracking_robot_workspace/install/aruco_following_controller/bin'
[2.459s] Level 1:colcon.colcon_core.environment:create_environment_scripts_only(aruco_following_controller)
[2.461s] INFO:colcon.colcon_core.shell:Creating package script '/home/khadas/tracking_robot_workspace/install/aruco_following_controller/share/aruco_following_controller/package.ps1'
[2.461s] INFO:colcon.colcon_core.shell:Creating package descriptor '/home/khadas/tracking_robot_workspace/install/aruco_following_controller/share/aruco_following_controller/package.dsv'
[2.462s] INFO:colcon.colcon_core.shell:Creating package script '/home/khadas/tracking_robot_workspace/install/aruco_following_controller/share/aruco_following_controller/package.sh'
[2.462s] INFO:colcon.colcon_core.shell:Creating package script '/home/khadas/tracking_robot_workspace/install/aruco_following_controller/share/aruco_following_controller/package.bash'
[2.463s] INFO:colcon.colcon_core.shell:Creating package script '/home/khadas/tracking_robot_workspace/install/aruco_following_controller/share/aruco_following_controller/package.zsh'
[2.463s] Level 1:colcon.colcon_core.environment:create_file_with_runtime_dependencies(/home/khadas/tracking_robot_workspace/install/aruco_following_controller/share/colcon-core/packages/aruco_following_controller)
[2.464s] DEBUG:colcon.colcon_parallel_executor.executor.parallel:closing loop
[2.464s] DEBUG:colcon.colcon_parallel_executor.executor.parallel:loop closed
[2.464s] DEBUG:colcon.colcon_parallel_executor.executor.parallel:run_until_complete finished with '0'
[2.464s] DEBUG:colcon.colcon_core.event_reactor:joining thread
[2.483s] INFO:colcon.colcon_core.plugin_system:Skipping extension 'colcon_notification.desktop_notification.terminal_notifier': Not used on non-Darwin systems
[2.483s] INFO:colcon.colcon_core.plugin_system:Skipping extension 'colcon_notification.desktop_notification.win32': Not used on non-Windows systems
[2.483s] INFO:colcon.colcon_notification.desktop_notification:Sending desktop notification using 'notify2'
[2.497s] DEBUG:colcon.colcon_core.event_reactor:joined thread
[2.499s] INFO:colcon.colcon_core.shell:Creating prefix script '/home/khadas/tracking_robot_workspace/install/local_setup.ps1'
[2.501s] INFO:colcon.colcon_core.shell:Creating prefix util module '/home/khadas/tracking_robot_workspace/install/_local_setup_util_ps1.py'
[2.502s] INFO:colcon.colcon_core.shell:Creating prefix chain script '/home/khadas/tracking_robot_workspace/install/setup.ps1'
[2.504s] INFO:colcon.colcon_core.shell:Creating prefix script '/home/khadas/tracking_robot_workspace/install/local_setup.sh'
[2.505s] INFO:colcon.colcon_core.shell:Creating prefix util module '/home/khadas/tracking_robot_workspace/install/_local_setup_util_sh.py'
[2.505s] INFO:colcon.colcon_core.shell:Creating prefix chain script '/home/khadas/tracking_robot_workspace/install/setup.sh'
[2.507s] INFO:colcon.colcon_core.shell:Creating prefix script '/home/khadas/tracking_robot_workspace/install/local_setup.bash'
[2.507s] INFO:colcon.colcon_core.shell:Creating prefix chain script '/home/khadas/tracking_robot_workspace/install/setup.bash'
[2.509s] INFO:colcon.colcon_core.shell:Creating prefix script '/home/khadas/tracking_robot_workspace/install/local_setup.zsh'
[2.509s] INFO:colcon.colcon_core.shell:Creating prefix chain script '/home/khadas/tracking_robot_workspace/install/setup.zsh'
