[0.802s] Invoking command in '/home/vt/robotics-2110435/challenge_2/src/challenge_2': PYTHONPATH=/home/vt/robotics-2110435/challenge_2/build/challenge_2/prefix_override:/home/vt/robotics-2110435/challenge_2/install/challenge_2/lib/python3.10/site-packages:${PYTHONPATH} /usr/bin/python3 setup.py egg_info --egg-base ../../build/challenge_2 build --build-base /home/vt/robotics-2110435/challenge_2/build/challenge_2/build install --record /home/vt/robotics-2110435/challenge_2/build/challenge_2/install.log --single-version-externally-managed
[0.955s] running egg_info
[0.965s] writing ../../build/challenge_2/challenge_2.egg-info/PKG-INFO
[0.966s] writing dependency_links to ../../build/challenge_2/challenge_2.egg-info/dependency_links.txt
[0.966s] writing entry points to ../../build/challenge_2/challenge_2.egg-info/entry_points.txt
[0.966s] writing requirements to ../../build/challenge_2/challenge_2.egg-info/requires.txt
[0.966s] writing top-level names to ../../build/challenge_2/challenge_2.egg-info/top_level.txt
[0.987s] reading manifest file '../../build/challenge_2/challenge_2.egg-info/SOURCES.txt'
[0.988s] writing manifest file '../../build/challenge_2/challenge_2.egg-info/SOURCES.txt'
[0.988s] running build
[0.988s] running build_py
[0.988s] copying challenge_2/main.py -> /home/vt/robotics-2110435/challenge_2/build/challenge_2/build/lib/challenge_2
[0.988s] running install
[0.989s] /usr/local/lib/python3.10/dist-packages/setuptools/_distutils/cmd.py:66: SetuptoolsDeprecationWarning: setup.py install is deprecated.
[0.989s] !!
[0.989s] 
[0.989s]         ********************************************************************************
[0.989s]         Please avoid running ``setup.py`` directly.
[0.989s]         Instead, use pypa/build, pypa/installer or other
[0.989s]         standards-based tools.
[0.989s] 
[0.989s]         See https://blog.ganssle.io/articles/2021/10/setup-py-deprecated.html for details.
[0.990s]         ********************************************************************************
[0.990s] 
[0.990s] !!
[0.990s]   self.initialize_options()
[0.993s] running install_lib
[1.002s] copying /home/vt/robotics-2110435/challenge_2/build/challenge_2/build/lib/challenge_2/main.py -> /home/vt/robotics-2110435/challenge_2/install/challenge_2/lib/python3.10/site-packages/challenge_2
[1.004s] byte-compiling /home/vt/robotics-2110435/challenge_2/install/challenge_2/lib/python3.10/site-packages/challenge_2/main.py to main.cpython-310.pyc
[1.005s] running install_data
[1.014s] running install_egg_info
[1.022s] removing '/home/vt/robotics-2110435/challenge_2/install/challenge_2/lib/python3.10/site-packages/challenge_2-0.0.0-py3.10.egg-info' (and everything under it)
[1.022s] Copying ../../build/challenge_2/challenge_2.egg-info to /home/vt/robotics-2110435/challenge_2/install/challenge_2/lib/python3.10/site-packages/challenge_2-0.0.0-py3.10.egg-info
[1.023s] running install_scripts
[1.097s] Installing aruco_explorer script to /home/vt/robotics-2110435/challenge_2/install/challenge_2/lib/challenge_2
[1.097s] writing list of installed files to '/home/vt/robotics-2110435/challenge_2/build/challenge_2/install.log'
[1.112s] Invoked command in '/home/vt/robotics-2110435/challenge_2/src/challenge_2' returned '0': PYTHONPATH=/home/vt/robotics-2110435/challenge_2/build/challenge_2/prefix_override:/home/vt/robotics-2110435/challenge_2/install/challenge_2/lib/python3.10/site-packages:${PYTHONPATH} /usr/bin/python3 setup.py egg_info --egg-base ../../build/challenge_2 build --build-base /home/vt/robotics-2110435/challenge_2/build/challenge_2/build install --record /home/vt/robotics-2110435/challenge_2/build/challenge_2/install.log --single-version-externally-managed
