[0.426s] DEBUG:colcon:Command line arguments: ['/usr/bin/colcon', 'build']
[0.426s] DEBUG:colcon:Parsed command line arguments: Namespace(log_base=None, log_level=None, verb_name='build', build_base='build', install_base='install', merge_install=False, symlink_install=False, test_result_base=None, continue_on_error=False, executor='parallel', parallel_workers=6, event_handlers=None, ignore_user_meta=False, metas=['./colcon.meta'], base_paths=['.'], packages_ignore=None, packages_ignore_regex=None, paths=None, packages_up_to=None, packages_up_to_regex=None, packages_above=None, packages_above_and_dependencies=None, packages_above_depth=None, packages_select_by_dep=None, packages_skip_by_dep=None, packages_skip_up_to=None, packages_select_build_failed=False, packages_skip_build_finished=False, packages_select_test_failures=False, packages_skip_test_passed=False, packages_select=None, packages_skip=None, packages_select_regex=None, packages_skip_regex=None, packages_start=None, packages_end=None, allow_overriding=[], cmake_args=None, cmake_target=None, cmake_target_skip_unavailable=False, cmake_clean_cache=False, cmake_clean_first=False, cmake_force_configure=False, ament_cmake_args=None, catkin_cmake_args=None, catkin_skip_building_tests=False, verb_parser=<colcon_defaults.argument_parser.defaults.DefaultArgumentsDecorator object at 0xffffa860e140>, verb_extension=<colcon_core.verb.build.BuildVerb object at 0xffffa860dc90>, main=<bound method BuildVerb.main of <colcon_core.verb.build.BuildVerb object at 0xffffa860dc90>>)
[0.446s] Level 1:colcon.colcon_core.package_discovery:discover_packages(colcon_meta) check parameters
[0.446s] Level 1:colcon.colcon_core.package_discovery:discover_packages(recursive) check parameters
[0.446s] Level 1:colcon.colcon_core.package_discovery:discover_packages(ignore) check parameters
[0.446s] Level 1:colcon.colcon_core.package_discovery:discover_packages(path) check parameters
[0.446s] Level 1:colcon.colcon_core.package_discovery:discover_packages(colcon_meta) discover
[0.446s] Level 1:colcon.colcon_core.package_discovery:discover_packages(recursive) discover
[0.446s] INFO:colcon.colcon_core.package_discovery:Crawling recursively for packages in '/home/parallels/robotics-2110435/robot_ws/src'
[0.446s] Level 1:colcon.colcon_core.package_identification:_identify(.) by extensions ['ignore', 'ignore_ament_install']
[0.446s] Level 1:colcon.colcon_core.package_identification:_identify(.) by extension 'ignore'
[0.446s] Level 1:colcon.colcon_core.package_identification:_identify(.) by extension 'ignore_ament_install'
[0.447s] Level 1:colcon.colcon_core.package_identification:_identify(.) by extensions ['colcon_pkg']
[0.447s] Level 1:colcon.colcon_core.package_identification:_identify(.) by extension 'colcon_pkg'
[0.447s] Level 1:colcon.colcon_core.package_identification:_identify(.) by extensions ['colcon_meta']
[0.447s] Level 1:colcon.colcon_core.package_identification:_identify(.) by extension 'colcon_meta'
[0.447s] Level 1:colcon.colcon_core.package_identification:_identify(.) by extensions ['ros']
[0.447s] Level 1:colcon.colcon_core.package_identification:_identify(.) by extension 'ros'
[0.452s] Level 1:colcon.colcon_core.package_identification:_identify(.) by extensions ['cmake', 'python']
[0.452s] Level 1:colcon.colcon_core.package_identification:_identify(.) by extension 'cmake'
[0.452s] Level 1:colcon.colcon_core.package_identification:_identify(.) by extension 'python'
[0.452s] Level 1:colcon.colcon_core.package_identification:_identify(.) by extensions ['python_setup_py']
[0.452s] Level 1:colcon.colcon_core.package_identification:_identify(.) by extension 'python_setup_py'
[0.452s] Level 1:colcon.colcon_core.package_identification:_identify(build) by extensions ['ignore', 'ignore_ament_install']
[0.452s] Level 1:colcon.colcon_core.package_identification:_identify(build) by extension 'ignore'
[0.452s] Level 1:colcon.colcon_core.package_identification:_identify(build) ignored
[0.452s] Level 1:colcon.colcon_core.package_identification:_identify(install) by extensions ['ignore', 'ignore_ament_install']
[0.452s] Level 1:colcon.colcon_core.package_identification:_identify(install) by extension 'ignore'
[0.452s] Level 1:colcon.colcon_core.package_identification:_identify(install) ignored
[0.452s] Level 1:colcon.colcon_core.package_identification:_identify(log) by extensions ['ignore', 'ignore_ament_install']
[0.452s] Level 1:colcon.colcon_core.package_identification:_identify(log) by extension 'ignore'
[0.452s] Level 1:colcon.colcon_core.package_identification:_identify(log) ignored
[0.453s] Level 1:colcon.colcon_core.package_identification:_identify(ros2_aruco) by extensions ['ignore', 'ignore_ament_install']
[0.453s] Level 1:colcon.colcon_core.package_identification:_identify(ros2_aruco) by extension 'ignore'
[0.453s] Level 1:colcon.colcon_core.package_identification:_identify(ros2_aruco) by extension 'ignore_ament_install'
[0.453s] Level 1:colcon.colcon_core.package_identification:_identify(ros2_aruco) by extensions ['colcon_pkg']
[0.453s] Level 1:colcon.colcon_core.package_identification:_identify(ros2_aruco) by extension 'colcon_pkg'
[0.453s] Level 1:colcon.colcon_core.package_identification:_identify(ros2_aruco) by extensions ['colcon_meta']
[0.453s] Level 1:colcon.colcon_core.package_identification:_identify(ros2_aruco) by extension 'colcon_meta'
[0.453s] Level 1:colcon.colcon_core.package_identification:_identify(ros2_aruco) by extensions ['ros']
[0.453s] Level 1:colcon.colcon_core.package_identification:_identify(ros2_aruco) by extension 'ros'
[0.454s] DEBUG:colcon.colcon_core.package_identification:Package 'ros2_aruco' with type 'ros.ament_python' and name 'ros2_aruco'
[0.454s] Level 1:colcon.colcon_core.package_identification:_identify(turtle_pkg) by extensions ['ignore', 'ignore_ament_install']
[0.454s] Level 1:colcon.colcon_core.package_identification:_identify(turtle_pkg) by extension 'ignore'
[0.454s] Level 1:colcon.colcon_core.package_identification:_identify(turtle_pkg) by extension 'ignore_ament_install'
[0.454s] Level 1:colcon.colcon_core.package_identification:_identify(turtle_pkg) by extensions ['colcon_pkg']
[0.454s] Level 1:colcon.colcon_core.package_identification:_identify(turtle_pkg) by extension 'colcon_pkg'
[0.454s] Level 1:colcon.colcon_core.package_identification:_identify(turtle_pkg) by extensions ['colcon_meta']
[0.454s] Level 1:colcon.colcon_core.package_identification:_identify(turtle_pkg) by extension 'colcon_meta'
[0.454s] Level 1:colcon.colcon_core.package_identification:_identify(turtle_pkg) by extensions ['ros']
[0.454s] Level 1:colcon.colcon_core.package_identification:_identify(turtle_pkg) by extension 'ros'
[0.454s] DEBUG:colcon.colcon_core.package_identification:Package 'turtle_pkg' with type 'ros.ament_python' and name 'turtle_pkg'
[0.454s] Level 1:colcon.colcon_core.package_identification:_identify(turtle_square_stm) by extensions ['ignore', 'ignore_ament_install']
[0.454s] Level 1:colcon.colcon_core.package_identification:_identify(turtle_square_stm) by extension 'ignore'
[0.454s] Level 1:colcon.colcon_core.package_identification:_identify(turtle_square_stm) by extension 'ignore_ament_install'
[0.454s] Level 1:colcon.colcon_core.package_identification:_identify(turtle_square_stm) by extensions ['colcon_pkg']
[0.454s] Level 1:colcon.colcon_core.package_identification:_identify(turtle_square_stm) by extension 'colcon_pkg'
[0.454s] Level 1:colcon.colcon_core.package_identification:_identify(turtle_square_stm) by extensions ['colcon_meta']
[0.454s] Level 1:colcon.colcon_core.package_identification:_identify(turtle_square_stm) by extension 'colcon_meta'
[0.454s] Level 1:colcon.colcon_core.package_identification:_identify(turtle_square_stm) by extensions ['ros']
[0.454s] Level 1:colcon.colcon_core.package_identification:_identify(turtle_square_stm) by extension 'ros'
[0.455s] DEBUG:colcon.colcon_core.package_identification:Package 'turtle_square_stm' with type 'ros.ament_python' and name 'turtle_square'
[0.455s] Level 1:colcon.colcon_core.package_discovery:discover_packages(recursive) using defaults
[0.455s] Level 1:colcon.colcon_core.package_discovery:discover_packages(ignore) discover
[0.455s] Level 1:colcon.colcon_core.package_discovery:discover_packages(ignore) using defaults
[0.455s] Level 1:colcon.colcon_core.package_discovery:discover_packages(path) discover
[0.455s] Level 1:colcon.colcon_core.package_discovery:discover_packages(path) using defaults
[0.494s] Level 1:colcon.colcon_core.package_discovery:discover_packages(prefix_path) check parameters
[0.494s] Level 1:colcon.colcon_core.package_discovery:discover_packages(prefix_path) discover
[0.506s] DEBUG:colcon.colcon_installed_package_information.package_discovery:Found 2 installed packages in /home/parallels/robotics-2110435/robot_ws/install
[0.512s] DEBUG:colcon.colcon_installed_package_information.package_discovery:Found 1 installed packages in /home/parallels/my_robot_ws/install
[0.518s] DEBUG:colcon.colcon_installed_package_information.package_discovery:Found 307 installed packages in /opt/ros/humble
[0.519s] Level 1:colcon.colcon_core.package_discovery:discover_packages(prefix_path) using defaults
[0.567s] Level 5:colcon.colcon_core.verb:set package 'ros2_aruco' build argument 'cmake_args' from command line to 'None'
[0.567s] Level 5:colcon.colcon_core.verb:set package 'ros2_aruco' build argument 'cmake_target' from command line to 'None'
[0.567s] Level 5:colcon.colcon_core.verb:set package 'ros2_aruco' build argument 'cmake_target_skip_unavailable' from command line to 'False'
[0.567s] Level 5:colcon.colcon_core.verb:set package 'ros2_aruco' build argument 'cmake_clean_cache' from command line to 'False'
[0.567s] Level 5:colcon.colcon_core.verb:set package 'ros2_aruco' build argument 'cmake_clean_first' from command line to 'False'
[0.567s] Level 5:colcon.colcon_core.verb:set package 'ros2_aruco' build argument 'cmake_force_configure' from command line to 'False'
[0.567s] Level 5:colcon.colcon_core.verb:set package 'ros2_aruco' build argument 'ament_cmake_args' from command line to 'None'
[0.567s] Level 5:colcon.colcon_core.verb:set package 'ros2_aruco' build argument 'catkin_cmake_args' from command line to 'None'
[0.567s] Level 5:colcon.colcon_core.verb:set package 'ros2_aruco' build argument 'catkin_skip_building_tests' from command line to 'False'
[0.567s] DEBUG:colcon.colcon_core.verb:Building package 'ros2_aruco' with the following arguments: {'ament_cmake_args': None, 'build_base': '/home/parallels/robotics-2110435/robot_ws/src/build/ros2_aruco', 'catkin_cmake_args': None, 'catkin_skip_building_tests': False, 'cmake_args': None, 'cmake_clean_cache': False, 'cmake_clean_first': False, 'cmake_force_configure': False, 'cmake_target': None, 'cmake_target_skip_unavailable': False, 'install_base': '/home/parallels/robotics-2110435/robot_ws/src/install/ros2_aruco', 'merge_install': False, 'path': '/home/parallels/robotics-2110435/robot_ws/src/ros2_aruco', 'symlink_install': False, 'test_result_base': None}
[0.573s] Level 5:colcon.colcon_core.verb:set package 'turtle_pkg' build argument 'cmake_args' from command line to 'None'
[0.573s] Level 5:colcon.colcon_core.verb:set package 'turtle_pkg' build argument 'cmake_target' from command line to 'None'
[0.573s] Level 5:colcon.colcon_core.verb:set package 'turtle_pkg' build argument 'cmake_target_skip_unavailable' from command line to 'False'
[0.573s] Level 5:colcon.colcon_core.verb:set package 'turtle_pkg' build argument 'cmake_clean_cache' from command line to 'False'
[0.573s] Level 5:colcon.colcon_core.verb:set package 'turtle_pkg' build argument 'cmake_clean_first' from command line to 'False'
[0.573s] Level 5:colcon.colcon_core.verb:set package 'turtle_pkg' build argument 'cmake_force_configure' from command line to 'False'
[0.573s] Level 5:colcon.colcon_core.verb:set package 'turtle_pkg' build argument 'ament_cmake_args' from command line to 'None'
[0.573s] Level 5:colcon.colcon_core.verb:set package 'turtle_pkg' build argument 'catkin_cmake_args' from command line to 'None'
[0.573s] Level 5:colcon.colcon_core.verb:set package 'turtle_pkg' build argument 'catkin_skip_building_tests' from command line to 'False'
[0.573s] DEBUG:colcon.colcon_core.verb:Building package 'turtle_pkg' with the following arguments: {'ament_cmake_args': None, 'build_base': '/home/parallels/robotics-2110435/robot_ws/src/build/turtle_pkg', 'catkin_cmake_args': None, 'catkin_skip_building_tests': False, 'cmake_args': None, 'cmake_clean_cache': False, 'cmake_clean_first': False, 'cmake_force_configure': False, 'cmake_target': None, 'cmake_target_skip_unavailable': False, 'install_base': '/home/parallels/robotics-2110435/robot_ws/src/install/turtle_pkg', 'merge_install': False, 'path': '/home/parallels/robotics-2110435/robot_ws/src/turtle_pkg', 'symlink_install': False, 'test_result_base': None}
[0.580s] Level 5:colcon.colcon_core.verb:set package 'turtle_square' build argument 'cmake_args' from command line to 'None'
[0.580s] Level 5:colcon.colcon_core.verb:set package 'turtle_square' build argument 'cmake_target' from command line to 'None'
[0.580s] Level 5:colcon.colcon_core.verb:set package 'turtle_square' build argument 'cmake_target_skip_unavailable' from command line to 'False'
[0.580s] Level 5:colcon.colcon_core.verb:set package 'turtle_square' build argument 'cmake_clean_cache' from command line to 'False'
[0.580s] Level 5:colcon.colcon_core.verb:set package 'turtle_square' build argument 'cmake_clean_first' from command line to 'False'
[0.580s] Level 5:colcon.colcon_core.verb:set package 'turtle_square' build argument 'cmake_force_configure' from command line to 'False'
[0.580s] Level 5:colcon.colcon_core.verb:set package 'turtle_square' build argument 'ament_cmake_args' from command line to 'None'
[0.580s] Level 5:colcon.colcon_core.verb:set package 'turtle_square' build argument 'catkin_cmake_args' from command line to 'None'
[0.580s] Level 5:colcon.colcon_core.verb:set package 'turtle_square' build argument 'catkin_skip_building_tests' from command line to 'False'
[0.580s] DEBUG:colcon.colcon_core.verb:Building package 'turtle_square' with the following arguments: {'ament_cmake_args': None, 'build_base': '/home/parallels/robotics-2110435/robot_ws/src/build/turtle_square', 'catkin_cmake_args': None, 'catkin_skip_building_tests': False, 'cmake_args': None, 'cmake_clean_cache': False, 'cmake_clean_first': False, 'cmake_force_configure': False, 'cmake_target': None, 'cmake_target_skip_unavailable': False, 'install_base': '/home/parallels/robotics-2110435/robot_ws/src/install/turtle_square', 'merge_install': False, 'path': '/home/parallels/robotics-2110435/robot_ws/src/turtle_square_stm', 'symlink_install': False, 'test_result_base': None}
[0.586s] INFO:colcon.colcon_core.executor:Executing jobs using 'parallel' executor
[0.592s] DEBUG:colcon.colcon_parallel_executor.executor.parallel:run_until_complete
[0.592s] INFO:colcon.colcon_ros.task.ament_python.build:Building ROS package in '/home/parallels/robotics-2110435/robot_ws/src/ros2_aruco' with build type 'ament_python'
[0.592s] Level 1:colcon.colcon_core.shell:create_environment_hook('ros2_aruco', 'ament_prefix_path')
[0.600s] INFO:colcon.colcon_core.plugin_system:Skipping extension 'colcon_core.shell.bat': Not used on non-Windows systems
[0.600s] INFO:colcon.colcon_core.shell:Creating environment hook '/home/parallels/robotics-2110435/robot_ws/src/install/ros2_aruco/share/ros2_aruco/hook/ament_prefix_path.ps1'
[0.600s] INFO:colcon.colcon_core.shell:Creating environment descriptor '/home/parallels/robotics-2110435/robot_ws/src/install/ros2_aruco/share/ros2_aruco/hook/ament_prefix_path.dsv'
[0.600s] INFO:colcon.colcon_core.shell:Creating environment hook '/home/parallels/robotics-2110435/robot_ws/src/install/ros2_aruco/share/ros2_aruco/hook/ament_prefix_path.sh'
[0.607s] INFO:colcon.colcon_core.shell:Skip shell extension 'powershell' for command environment: Not usable outside of PowerShell
[0.607s] DEBUG:colcon.colcon_core.shell:Skip shell extension 'dsv' for command environment
[0.634s] INFO:colcon.colcon_ros.task.ament_python.build:Building ROS package in '/home/parallels/robotics-2110435/robot_ws/src/turtle_pkg' with build type 'ament_python'
[0.634s] Level 1:colcon.colcon_core.shell:create_environment_hook('turtle_pkg', 'ament_prefix_path')
[0.641s] INFO:colcon.colcon_core.shell:Creating environment hook '/home/parallels/robotics-2110435/robot_ws/src/install/turtle_pkg/share/turtle_pkg/hook/ament_prefix_path.ps1'
[0.642s] INFO:colcon.colcon_core.shell:Creating environment descriptor '/home/parallels/robotics-2110435/robot_ws/src/install/turtle_pkg/share/turtle_pkg/hook/ament_prefix_path.dsv'
[0.642s] INFO:colcon.colcon_core.shell:Creating environment hook '/home/parallels/robotics-2110435/robot_ws/src/install/turtle_pkg/share/turtle_pkg/hook/ament_prefix_path.sh'
[0.649s] INFO:colcon.colcon_core.shell:Skip shell extension 'powershell' for command environment: Not usable outside of PowerShell
[0.649s] DEBUG:colcon.colcon_core.shell:Skip shell extension 'dsv' for command environment
[0.676s] INFO:colcon.colcon_ros.task.ament_python.build:Building ROS package in '/home/parallels/robotics-2110435/robot_ws/src/turtle_square_stm' with build type 'ament_python'
[0.676s] Level 1:colcon.colcon_core.shell:create_environment_hook('turtle_square', 'ament_prefix_path')
[0.682s] INFO:colcon.colcon_core.shell:Creating environment hook '/home/parallels/robotics-2110435/robot_ws/src/install/turtle_square/share/turtle_square/hook/ament_prefix_path.ps1'
[0.683s] INFO:colcon.colcon_core.shell:Creating environment descriptor '/home/parallels/robotics-2110435/robot_ws/src/install/turtle_square/share/turtle_square/hook/ament_prefix_path.dsv'
[0.683s] INFO:colcon.colcon_core.shell:Creating environment hook '/home/parallels/robotics-2110435/robot_ws/src/install/turtle_square/share/turtle_square/hook/ament_prefix_path.sh'
[0.689s] INFO:colcon.colcon_core.shell:Skip shell extension 'powershell' for command environment: Not usable outside of PowerShell
[0.689s] DEBUG:colcon.colcon_core.shell:Skip shell extension 'dsv' for command environment
[0.843s] INFO:colcon.colcon_core.task.python.build:Building Python package in '/home/parallels/robotics-2110435/robot_ws/src/ros2_aruco'
[0.849s] INFO:colcon.colcon_core.shell:Skip shell extension 'powershell' for command environment: Not usable outside of PowerShell
[0.850s] DEBUG:colcon.colcon_core.shell:Skip shell extension 'dsv' for command environment
[0.998s] INFO:colcon.colcon_core.task.python.build:Building Python package in '/home/parallels/robotics-2110435/robot_ws/src/turtle_pkg'
[1.005s] INFO:colcon.colcon_core.shell:Skip shell extension 'powershell' for command environment: Not usable outside of PowerShell
[1.005s] DEBUG:colcon.colcon_core.shell:Skip shell extension 'dsv' for command environment
[1.158s] INFO:colcon.colcon_core.task.python.build:Building Python package in '/home/parallels/robotics-2110435/robot_ws/src/turtle_square_stm'
[1.164s] INFO:colcon.colcon_core.shell:Skip shell extension 'powershell' for command environment: Not usable outside of PowerShell
[1.164s] DEBUG:colcon.colcon_core.shell:Skip shell extension 'dsv' for command environment
[1.378s] DEBUG:colcon.colcon_core.event_handler.log_command:Invoking command in '/home/parallels/robotics-2110435/robot_ws/src/turtle_square_stm': PYTHONPATH=/home/parallels/robotics-2110435/robot_ws/src/build/turtle_square/prefix_override:/home/parallels/robotics-2110435/robot_ws/src/install/turtle_square/lib/python3.10/site-packages:${PYTHONPATH} /usr/bin/python3 setup.py egg_info --egg-base ../build/turtle_square build --build-base /home/parallels/robotics-2110435/robot_ws/src/build/turtle_square/build install --record /home/parallels/robotics-2110435/robot_ws/src/build/turtle_square/install.log --single-version-externally-managed
[1.380s] DEBUG:colcon.colcon_core.event_handler.log_command:Invoking command in '/home/parallels/robotics-2110435/robot_ws/src/turtle_pkg': PYTHONPATH=/home/parallels/robotics-2110435/robot_ws/src/build/turtle_pkg/prefix_override:/home/parallels/robotics-2110435/robot_ws/src/install/turtle_pkg/lib/python3.10/site-packages:${PYTHONPATH} /usr/bin/python3 setup.py egg_info --egg-base ../build/turtle_pkg build --build-base /home/parallels/robotics-2110435/robot_ws/src/build/turtle_pkg/build install --record /home/parallels/robotics-2110435/robot_ws/src/build/turtle_pkg/install.log --single-version-externally-managed
[1.381s] DEBUG:colcon.colcon_core.event_handler.log_command:Invoking command in '/home/parallels/robotics-2110435/robot_ws/src/ros2_aruco': PYTHONPATH=/home/parallels/robotics-2110435/robot_ws/src/build/ros2_aruco/prefix_override:/home/parallels/robotics-2110435/robot_ws/src/install/ros2_aruco/lib/python3.10/site-packages:${PYTHONPATH} /usr/bin/python3 setup.py egg_info --egg-base ../build/ros2_aruco build --build-base /home/parallels/robotics-2110435/robot_ws/src/build/ros2_aruco/build install --record /home/parallels/robotics-2110435/robot_ws/src/build/ros2_aruco/install.log --single-version-externally-managed
[1.531s] DEBUG:colcon.colcon_core.event_handler.log_command:Invoked command in '/home/parallels/robotics-2110435/robot_ws/src/turtle_square_stm' returned '0': PYTHONPATH=/home/parallels/robotics-2110435/robot_ws/src/build/turtle_square/prefix_override:/home/parallels/robotics-2110435/robot_ws/src/install/turtle_square/lib/python3.10/site-packages:${PYTHONPATH} /usr/bin/python3 setup.py egg_info --egg-base ../build/turtle_square build --build-base /home/parallels/robotics-2110435/robot_ws/src/build/turtle_square/build install --record /home/parallels/robotics-2110435/robot_ws/src/build/turtle_square/install.log --single-version-externally-managed
[1.539s] Level 1:colcon.colcon_core.environment:checking '/home/parallels/robotics-2110435/robot_ws/src/install/turtle_square' for CMake module files
[1.539s] Level 1:colcon.colcon_core.environment:checking '/home/parallels/robotics-2110435/robot_ws/src/install/turtle_square' for CMake config files
[1.540s] Level 1:colcon.colcon_core.environment:checking '/home/parallels/robotics-2110435/robot_ws/src/install/turtle_square/lib'
[1.540s] Level 1:colcon.colcon_core.environment:checking '/home/parallels/robotics-2110435/robot_ws/src/install/turtle_square/bin'
[1.540s] Level 1:colcon.colcon_core.environment:checking '/home/parallels/robotics-2110435/robot_ws/src/install/turtle_square/lib/pkgconfig/turtle_square.pc'
[1.540s] Level 1:colcon.colcon_core.environment:checking '/home/parallels/robotics-2110435/robot_ws/src/install/turtle_square/lib/python3.10/site-packages'
[1.540s] Level 1:colcon.colcon_core.shell:create_environment_hook('turtle_square', 'pythonpath')
[1.546s] INFO:colcon.colcon_core.shell:Creating environment hook '/home/parallels/robotics-2110435/robot_ws/src/install/turtle_square/share/turtle_square/hook/pythonpath.ps1'
[1.546s] INFO:colcon.colcon_core.shell:Creating environment descriptor '/home/parallels/robotics-2110435/robot_ws/src/install/turtle_square/share/turtle_square/hook/pythonpath.dsv'
[1.547s] INFO:colcon.colcon_core.shell:Creating environment hook '/home/parallels/robotics-2110435/robot_ws/src/install/turtle_square/share/turtle_square/hook/pythonpath.sh'
[1.547s] Level 1:colcon.colcon_core.environment:checking '/home/parallels/robotics-2110435/robot_ws/src/install/turtle_square/bin'
[1.547s] Level 1:colcon.colcon_core.environment:create_environment_scripts_only(turtle_square)
[1.554s] INFO:colcon.colcon_core.shell:Creating package script '/home/parallels/robotics-2110435/robot_ws/src/install/turtle_square/share/turtle_square/package.ps1'
[1.554s] INFO:colcon.colcon_core.shell:Creating package descriptor '/home/parallels/robotics-2110435/robot_ws/src/install/turtle_square/share/turtle_square/package.dsv'
[1.554s] INFO:colcon.colcon_core.shell:Creating package script '/home/parallels/robotics-2110435/robot_ws/src/install/turtle_square/share/turtle_square/package.sh'
[1.555s] INFO:colcon.colcon_core.shell:Creating package script '/home/parallels/robotics-2110435/robot_ws/src/install/turtle_square/share/turtle_square/package.bash'
[1.555s] INFO:colcon.colcon_core.shell:Creating package script '/home/parallels/robotics-2110435/robot_ws/src/install/turtle_square/share/turtle_square/package.zsh'
[1.555s] Level 1:colcon.colcon_core.environment:create_file_with_runtime_dependencies(/home/parallels/robotics-2110435/robot_ws/src/install/turtle_square/share/colcon-core/packages/turtle_square)
[1.557s] DEBUG:colcon.colcon_core.event_handler.log_command:Invoked command in '/home/parallels/robotics-2110435/robot_ws/src/turtle_pkg' returned '0': PYTHONPATH=/home/parallels/robotics-2110435/robot_ws/src/build/turtle_pkg/prefix_override:/home/parallels/robotics-2110435/robot_ws/src/install/turtle_pkg/lib/python3.10/site-packages:${PYTHONPATH} /usr/bin/python3 setup.py egg_info --egg-base ../build/turtle_pkg build --build-base /home/parallels/robotics-2110435/robot_ws/src/build/turtle_pkg/build install --record /home/parallels/robotics-2110435/robot_ws/src/build/turtle_pkg/install.log --single-version-externally-managed
[1.564s] Level 1:colcon.colcon_core.environment:checking '/home/parallels/robotics-2110435/robot_ws/src/install/turtle_pkg' for CMake module files
[1.564s] Level 1:colcon.colcon_core.environment:checking '/home/parallels/robotics-2110435/robot_ws/src/install/turtle_pkg' for CMake config files
[1.564s] Level 1:colcon.colcon_core.environment:checking '/home/parallels/robotics-2110435/robot_ws/src/install/turtle_pkg/lib'
[1.564s] Level 1:colcon.colcon_core.environment:checking '/home/parallels/robotics-2110435/robot_ws/src/install/turtle_pkg/bin'
[1.564s] Level 1:colcon.colcon_core.environment:checking '/home/parallels/robotics-2110435/robot_ws/src/install/turtle_pkg/lib/pkgconfig/turtle_pkg.pc'
[1.565s] Level 1:colcon.colcon_core.environment:checking '/home/parallels/robotics-2110435/robot_ws/src/install/turtle_pkg/lib/python3.10/site-packages'
[1.565s] Level 1:colcon.colcon_core.shell:create_environment_hook('turtle_pkg', 'pythonpath')
[1.571s] INFO:colcon.colcon_core.shell:Creating environment hook '/home/parallels/robotics-2110435/robot_ws/src/install/turtle_pkg/share/turtle_pkg/hook/pythonpath.ps1'
[1.571s] INFO:colcon.colcon_core.shell:Creating environment descriptor '/home/parallels/robotics-2110435/robot_ws/src/install/turtle_pkg/share/turtle_pkg/hook/pythonpath.dsv'
[1.571s] INFO:colcon.colcon_core.shell:Creating environment hook '/home/parallels/robotics-2110435/robot_ws/src/install/turtle_pkg/share/turtle_pkg/hook/pythonpath.sh'
[1.571s] Level 1:colcon.colcon_core.environment:checking '/home/parallels/robotics-2110435/robot_ws/src/install/turtle_pkg/bin'
[1.571s] Level 1:colcon.colcon_core.environment:create_environment_scripts_only(turtle_pkg)
[1.577s] INFO:colcon.colcon_core.shell:Creating package script '/home/parallels/robotics-2110435/robot_ws/src/install/turtle_pkg/share/turtle_pkg/package.ps1'
[1.578s] INFO:colcon.colcon_core.shell:Creating package descriptor '/home/parallels/robotics-2110435/robot_ws/src/install/turtle_pkg/share/turtle_pkg/package.dsv'
[1.578s] INFO:colcon.colcon_core.shell:Creating package script '/home/parallels/robotics-2110435/robot_ws/src/install/turtle_pkg/share/turtle_pkg/package.sh'
[1.578s] INFO:colcon.colcon_core.shell:Creating package script '/home/parallels/robotics-2110435/robot_ws/src/install/turtle_pkg/share/turtle_pkg/package.bash'
[1.578s] INFO:colcon.colcon_core.shell:Creating package script '/home/parallels/robotics-2110435/robot_ws/src/install/turtle_pkg/share/turtle_pkg/package.zsh'
[1.578s] Level 1:colcon.colcon_core.environment:create_file_with_runtime_dependencies(/home/parallels/robotics-2110435/robot_ws/src/install/turtle_pkg/share/colcon-core/packages/turtle_pkg)
[1.580s] DEBUG:colcon.colcon_core.event_handler.log_command:Invoked command in '/home/parallels/robotics-2110435/robot_ws/src/ros2_aruco' returned '0': PYTHONPATH=/home/parallels/robotics-2110435/robot_ws/src/build/ros2_aruco/prefix_override:/home/parallels/robotics-2110435/robot_ws/src/install/ros2_aruco/lib/python3.10/site-packages:${PYTHONPATH} /usr/bin/python3 setup.py egg_info --egg-base ../build/ros2_aruco build --build-base /home/parallels/robotics-2110435/robot_ws/src/build/ros2_aruco/build install --record /home/parallels/robotics-2110435/robot_ws/src/build/ros2_aruco/install.log --single-version-externally-managed
[1.586s] Level 1:colcon.colcon_core.environment:checking '/home/parallels/robotics-2110435/robot_ws/src/install/ros2_aruco' for CMake module files
[1.586s] Level 1:colcon.colcon_core.environment:checking '/home/parallels/robotics-2110435/robot_ws/src/install/ros2_aruco' for CMake config files
[1.587s] Level 1:colcon.colcon_core.environment:checking '/home/parallels/robotics-2110435/robot_ws/src/install/ros2_aruco/lib'
[1.587s] Level 1:colcon.colcon_core.environment:checking '/home/parallels/robotics-2110435/robot_ws/src/install/ros2_aruco/bin'
[1.587s] Level 1:colcon.colcon_core.environment:checking '/home/parallels/robotics-2110435/robot_ws/src/install/ros2_aruco/lib/pkgconfig/ros2_aruco.pc'
[1.587s] Level 1:colcon.colcon_core.environment:checking '/home/parallels/robotics-2110435/robot_ws/src/install/ros2_aruco/lib/python3.10/site-packages'
[1.587s] Level 1:colcon.colcon_core.shell:create_environment_hook('ros2_aruco', 'pythonpath')
[1.594s] INFO:colcon.colcon_core.shell:Creating environment hook '/home/parallels/robotics-2110435/robot_ws/src/install/ros2_aruco/share/ros2_aruco/hook/pythonpath.ps1'
[1.594s] INFO:colcon.colcon_core.shell:Creating environment descriptor '/home/parallels/robotics-2110435/robot_ws/src/install/ros2_aruco/share/ros2_aruco/hook/pythonpath.dsv'
[1.594s] INFO:colcon.colcon_core.shell:Creating environment hook '/home/parallels/robotics-2110435/robot_ws/src/install/ros2_aruco/share/ros2_aruco/hook/pythonpath.sh'
[1.595s] Level 1:colcon.colcon_core.environment:checking '/home/parallels/robotics-2110435/robot_ws/src/install/ros2_aruco/bin'
[1.595s] Level 1:colcon.colcon_core.environment:create_environment_scripts_only(ros2_aruco)
[1.602s] INFO:colcon.colcon_core.shell:Creating package script '/home/parallels/robotics-2110435/robot_ws/src/install/ros2_aruco/share/ros2_aruco/package.ps1'
[1.602s] INFO:colcon.colcon_core.shell:Creating package descriptor '/home/parallels/robotics-2110435/robot_ws/src/install/ros2_aruco/share/ros2_aruco/package.dsv'
[1.602s] INFO:colcon.colcon_core.shell:Creating package script '/home/parallels/robotics-2110435/robot_ws/src/install/ros2_aruco/share/ros2_aruco/package.sh'
[1.602s] INFO:colcon.colcon_core.shell:Creating package script '/home/parallels/robotics-2110435/robot_ws/src/install/ros2_aruco/share/ros2_aruco/package.bash'
[1.603s] INFO:colcon.colcon_core.shell:Creating package script '/home/parallels/robotics-2110435/robot_ws/src/install/ros2_aruco/share/ros2_aruco/package.zsh'
[1.603s] Level 1:colcon.colcon_core.environment:create_file_with_runtime_dependencies(/home/parallels/robotics-2110435/robot_ws/src/install/ros2_aruco/share/colcon-core/packages/ros2_aruco)
[1.603s] DEBUG:colcon.colcon_parallel_executor.executor.parallel:closing loop
[1.603s] DEBUG:colcon.colcon_parallel_executor.executor.parallel:loop closed
[1.603s] DEBUG:colcon.colcon_parallel_executor.executor.parallel:run_until_complete finished with '0'
[1.603s] DEBUG:colcon.colcon_core.event_reactor:joining thread
[1.613s] INFO:colcon.colcon_core.plugin_system:Skipping extension 'colcon_notification.desktop_notification.terminal_notifier': Not used on non-Darwin systems
[1.613s] INFO:colcon.colcon_core.plugin_system:Skipping extension 'colcon_notification.desktop_notification.win32': Not used on non-Windows systems
[1.613s] INFO:colcon.colcon_notification.desktop_notification:Sending desktop notification using 'notify2'
[1.620s] DEBUG:colcon.colcon_core.event_reactor:joined thread
[1.627s] INFO:colcon.colcon_core.shell:Creating prefix script '/home/parallels/robotics-2110435/robot_ws/src/install/local_setup.ps1'
[1.628s] INFO:colcon.colcon_core.shell:Creating prefix util module '/home/parallels/robotics-2110435/robot_ws/src/install/_local_setup_util_ps1.py'
[1.629s] INFO:colcon.colcon_core.shell:Creating prefix chain script '/home/parallels/robotics-2110435/robot_ws/src/install/setup.ps1'
[1.636s] INFO:colcon.colcon_core.shell:Creating prefix script '/home/parallels/robotics-2110435/robot_ws/src/install/local_setup.sh'
[1.636s] INFO:colcon.colcon_core.shell:Creating prefix util module '/home/parallels/robotics-2110435/robot_ws/src/install/_local_setup_util_sh.py'
[1.636s] INFO:colcon.colcon_core.shell:Creating prefix chain script '/home/parallels/robotics-2110435/robot_ws/src/install/setup.sh'
[1.643s] INFO:colcon.colcon_core.shell:Creating prefix script '/home/parallels/robotics-2110435/robot_ws/src/install/local_setup.bash'
[1.643s] INFO:colcon.colcon_core.shell:Creating prefix chain script '/home/parallels/robotics-2110435/robot_ws/src/install/setup.bash'
[1.650s] INFO:colcon.colcon_core.shell:Creating prefix script '/home/parallels/robotics-2110435/robot_ws/src/install/local_setup.zsh'
[1.651s] INFO:colcon.colcon_core.shell:Creating prefix chain script '/home/parallels/robotics-2110435/robot_ws/src/install/setup.zsh'
