[0.043s] Invoking command in '/home/parallels/robotics-2110435/ros2_ws/build/gscam': CMAKE_PREFIX_PATH=/home/parallels/robotics-2110435/challenge_1/install/robot_marker:/home/parallels/robotics-2110435/robot_ws/install/turtle_square:/home/parallels/robotics-2110435/robot_ws/install/turtle_pkg:/home/parallels/robotics-2110435/robot_ws/install/ros2_aruco:/home/parallels/my_robot_ws/install/my_py_pkg:/opt/ros/humble /usr/bin/cmake /home/parallels/robotics-2110435/ros2_ws/src/gscam -DCMAKE_INSTALL_PREFIX=/home/parallels/robotics-2110435/ros2_ws/install/gscam
[0.086s] -- The C compiler identification is GNU 11.4.0
[0.125s] -- The CXX compiler identification is GNU 11.4.0
[0.130s] -- Detecting C compiler ABI info
[0.180s] -- Detecting C compiler ABI info - done
[0.184s] -- Check for working C compiler: /usr/bin/cc - skipped
[0.185s] -- Detecting C compile features
[0.185s] -- Detecting C compile features - done
[0.187s] -- Detecting CXX compiler ABI info
[0.240s] -- Detecting CXX compiler ABI info - done
[0.244s] -- Check for working CXX compiler: /usr/bin/c++ - skipped
[0.245s] -- Detecting CXX compile features
[0.245s] -- Detecting CXX compile features - done
[0.248s] -- Found PkgConfig: /usr/bin/pkg-config (found version "0.29.2") 
[0.249s] -- Checking for module 'gstreamer-1.0'
[0.261s] --   Found gstreamer-1.0, version 1.20.3
[0.284s] -- Checking for module 'gstreamer-app-1.0'
[0.291s] --   Found gstreamer-app-1.0, version 1.20.1
[0.314s] -- Found ament_cmake: 1.3.5 (/opt/ros/humble/share/ament_cmake/cmake)
[0.415s] -- Found Python3: /usr/bin/python3.10 (found version "3.10.12") found components: Interpreter 
[0.467s] -- Found class_loader: 2.2.0 (/opt/ros/humble/share/class_loader/cmake)
[0.481s] -- Found image_transport: 3.1.7 (/opt/ros/humble/share/image_transport/cmake)
[0.507s] -- Found rosidl_generator_c: 3.1.5 (/opt/ros/humble/share/rosidl_generator_c/cmake)
[0.510s] -- Found rosidl_adapter: 3.1.5 (/opt/ros/humble/share/rosidl_adapter/cmake)
[0.516s] -- Found rosidl_generator_cpp: 3.1.5 (/opt/ros/humble/share/rosidl_generator_cpp/cmake)
[0.525s] -- Using all available rosidl_typesupport_c: rosidl_typesupport_fastrtps_c;rosidl_typesupport_introspection_c
[0.536s] -- Using all available rosidl_typesupport_cpp: rosidl_typesupport_fastrtps_cpp;rosidl_typesupport_introspection_cpp
[0.587s] -- Found rmw_implementation_cmake: 6.1.1 (/opt/ros/humble/share/rmw_implementation_cmake/cmake)
[0.589s] -- Found rmw_fastrtps_cpp: 6.2.4 (/opt/ros/humble/share/rmw_fastrtps_cpp/cmake)
[0.658s] -- Found OpenSSL: /usr/lib/aarch64-linux-gnu/libcrypto.so (found version "3.0.2")  
[0.679s] -- Found FastRTPS: /opt/ros/humble/include  
[0.714s] -- Using RMW implementation 'rmw_fastrtps_cpp' as default
[0.720s] -- Looking for pthread.h
[0.773s] -- Looking for pthread.h - found
[0.773s] -- Performing Test CMAKE_HAVE_LIBC_PTHREAD
[0.824s] -- Performing Test CMAKE_HAVE_LIBC_PTHREAD - Success
[0.824s] -- Found Threads: TRUE  
[1.085s] -- Found rclcpp_components: 16.0.6 (/opt/ros/humble/share/rclcpp_components/cmake)
[1.134s] -- Found camera_calibration_parsers: 3.1.7 (/opt/ros/humble/share/camera_calibration_parsers/cmake)
[1.151s] -- Found camera_info_manager: 3.1.7 (/opt/ros/humble/share/camera_info_manager/cmake)
[1.165s] -- Found ament_lint_auto: 0.12.8 (/opt/ros/humble/share/ament_lint_auto/cmake)
[1.219s] -- Found gtest sources under '/opt/ros/humble/src/gtest_vendor': C++ tests using 'Google Test' will be built
[1.225s] -- Added test 'copyright' to check source files copyright and LICENSE
[1.227s] -- Added test 'cppcheck' to perform static code analysis on C / C++ code
[1.227s] -- Configured cppcheck include dirs: /home/parallels/robotics-2110435/ros2_ws/src/gscam/include
[1.227s] -- Configured cppcheck exclude dirs and/or files: 
[1.229s] -- Added test 'cpplint' to check C / C++ code against the Google style
[1.230s] -- Configured cpplint exclude dirs and/or files: 
[1.230s] -- Added test 'flake8' to check Python code syntax and style conventions
[1.231s] -- Added test 'lint_cmake' to check CMake code style
[1.231s] -- Added test 'pep257' to check Python code against some of the docstring style conventions in PEP 257
[1.234s] -- Added test 'uncrustify' to check C / C++ code style
[1.234s] -- Configured uncrustify additional arguments: 
[1.234s] -- Added test 'xmllint' to check XML markup files
[1.238s] -- Configuring done
[1.252s] -- Generating done
[1.253s] -- Build files have been written to: /home/parallels/robotics-2110435/ros2_ws/build/gscam
[1.259s] Invoked command in '/home/parallels/robotics-2110435/ros2_ws/build/gscam' returned '0': CMAKE_PREFIX_PATH=/home/parallels/robotics-2110435/challenge_1/install/robot_marker:/home/parallels/robotics-2110435/robot_ws/install/turtle_square:/home/parallels/robotics-2110435/robot_ws/install/turtle_pkg:/home/parallels/robotics-2110435/robot_ws/install/ros2_aruco:/home/parallels/my_robot_ws/install/my_py_pkg:/opt/ros/humble /usr/bin/cmake /home/parallels/robotics-2110435/ros2_ws/src/gscam -DCMAKE_INSTALL_PREFIX=/home/parallels/robotics-2110435/ros2_ws/install/gscam
[1.260s] Invoking command in '/home/parallels/robotics-2110435/ros2_ws/build/gscam': CMAKE_PREFIX_PATH=/home/parallels/robotics-2110435/challenge_1/install/robot_marker:/home/parallels/robotics-2110435/robot_ws/install/turtle_square:/home/parallels/robotics-2110435/robot_ws/install/turtle_pkg:/home/parallels/robotics-2110435/robot_ws/install/ros2_aruco:/home/parallels/my_robot_ws/install/my_py_pkg:/opt/ros/humble /usr/bin/cmake --build /home/parallels/robotics-2110435/ros2_ws/build/gscam -- -j6 -l6
[1.297s] [ 20%] [32mBuilding CXX object gtest/CMakeFiles/gtest.dir/src/gtest-all.cc.o[0m
[1.298s] [ 20%] [32mBuilding CXX object gtest/CMakeFiles/gtest_main.dir/src/gtest_main.cc.o[0m
[1.298s] [ 30%] [32mBuilding CXX object CMakeFiles/gscam_node.dir/rclcpp_components/node_main_gscam_node.cpp.o[0m
[1.299s] [ 40%] [32mBuilding CXX object CMakeFiles/gscam.dir/src/gscam.cpp.o[0m
[1.819s] [ 50%] [32m[1mLinking CXX static library libgtest_main.a[0m
[1.853s] [ 50%] Built target gtest_main
[3.034s] [ 60%] [32m[1mLinking CXX executable gscam_node[0m
[3.094s] [ 70%] [32m[1mLinking CXX static library libgtest.a[0m
[3.116s] [ 70%] Built target gscam_node
[3.135s] [ 70%] Built target gtest
[4.192s] [ 80%] [32m[1mLinking CXX shared library libgscam.so[0m
[4.351s] [ 80%] Built target gscam
[4.366s] [ 90%] [32mBuilding CXX object CMakeFiles/smoke_test.dir/test/smoke_test.cpp.o[0m
[8.886s] [100%] [32m[1mLinking CXX executable smoke_test[0m
[9.218s] [100%] Built target smoke_test
[9.227s] Invoked command in '/home/parallels/robotics-2110435/ros2_ws/build/gscam' returned '0': CMAKE_PREFIX_PATH=/home/parallels/robotics-2110435/challenge_1/install/robot_marker:/home/parallels/robotics-2110435/robot_ws/install/turtle_square:/home/parallels/robotics-2110435/robot_ws/install/turtle_pkg:/home/parallels/robotics-2110435/robot_ws/install/ros2_aruco:/home/parallels/my_robot_ws/install/my_py_pkg:/opt/ros/humble /usr/bin/cmake --build /home/parallels/robotics-2110435/ros2_ws/build/gscam -- -j6 -l6
[9.259s] Invoking command in '/home/parallels/robotics-2110435/ros2_ws/build/gscam': CMAKE_PREFIX_PATH=/home/parallels/robotics-2110435/challenge_1/install/robot_marker:/home/parallels/robotics-2110435/robot_ws/install/turtle_square:/home/parallels/robotics-2110435/robot_ws/install/turtle_pkg:/home/parallels/robotics-2110435/robot_ws/install/ros2_aruco:/home/parallels/my_robot_ws/install/my_py_pkg:/opt/ros/humble /usr/bin/cmake --install /home/parallels/robotics-2110435/ros2_ws/build/gscam
[9.265s] -- Install configuration: ""
[9.265s] -- Installing: /home/parallels/robotics-2110435/ros2_ws/install/gscam/lib/gscam/gscam_node
[9.265s] -- Set runtime path of "/home/parallels/robotics-2110435/ros2_ws/install/gscam/lib/gscam/gscam_node" to ""
[9.265s] -- Installing: /home/parallels/robotics-2110435/ros2_ws/install/gscam/share/gscam/environment/library_path.sh
[9.265s] -- Installing: /home/parallels/robotics-2110435/ros2_ws/install/gscam/share/gscam/environment/library_path.dsv
[9.266s] -- Installing: /home/parallels/robotics-2110435/ros2_ws/install/gscam/share/ament_index/resource_index/package_run_dependencies/gscam
[9.266s] -- Installing: /home/parallels/robotics-2110435/ros2_ws/install/gscam/share/ament_index/resource_index/parent_prefix_path/gscam
[9.266s] -- Installing: /home/parallels/robotics-2110435/ros2_ws/install/gscam/share/gscam/environment/ament_prefix_path.sh
[9.266s] -- Installing: /home/parallels/robotics-2110435/ros2_ws/install/gscam/share/gscam/environment/ament_prefix_path.dsv
[9.266s] -- Installing: /home/parallels/robotics-2110435/ros2_ws/install/gscam/share/gscam/environment/path.sh
[9.266s] -- Installing: /home/parallels/robotics-2110435/ros2_ws/install/gscam/share/gscam/environment/path.dsv
[9.266s] -- Installing: /home/parallels/robotics-2110435/ros2_ws/install/gscam/share/gscam/local_setup.bash
[9.266s] -- Installing: /home/parallels/robotics-2110435/ros2_ws/install/gscam/share/gscam/local_setup.sh
[9.266s] -- Installing: /home/parallels/robotics-2110435/ros2_ws/install/gscam/share/gscam/local_setup.zsh
[9.266s] -- Installing: /home/parallels/robotics-2110435/ros2_ws/install/gscam/share/gscam/local_setup.dsv
[9.266s] -- Installing: /home/parallels/robotics-2110435/ros2_ws/install/gscam/share/gscam/package.dsv
[9.266s] -- Installing: /home/parallels/robotics-2110435/ros2_ws/install/gscam/share/ament_index/resource_index/packages/gscam
[9.266s] -- Installing: /home/parallels/robotics-2110435/ros2_ws/install/gscam/share/ament_index/resource_index/rclcpp_components/gscam
[9.266s] -- Installing: /home/parallels/robotics-2110435/ros2_ws/install/gscam/share/gscam/cmake/export_gscamExport.cmake
[9.267s] -- Installing: /home/parallels/robotics-2110435/ros2_ws/install/gscam/share/gscam/cmake/export_gscamExport-noconfig.cmake
[9.267s] -- Installing: /home/parallels/robotics-2110435/ros2_ws/install/gscam/share/gscam/cmake/ament_cmake_export_dependencies-extras.cmake
[9.267s] -- Installing: /home/parallels/robotics-2110435/ros2_ws/install/gscam/share/gscam/cmake/ament_cmake_export_include_directories-extras.cmake
[9.267s] -- Installing: /home/parallels/robotics-2110435/ros2_ws/install/gscam/share/gscam/cmake/ament_cmake_export_targets-extras.cmake
[9.267s] -- Installing: /home/parallels/robotics-2110435/ros2_ws/install/gscam/share/gscam/cmake/ament_cmake_export_libraries-extras.cmake
[9.267s] -- Installing: /home/parallels/robotics-2110435/ros2_ws/install/gscam/share/gscam/cmake/gscamConfig.cmake
[9.267s] -- Installing: /home/parallels/robotics-2110435/ros2_ws/install/gscam/share/gscam/cmake/gscamConfig-version.cmake
[9.267s] -- Installing: /home/parallels/robotics-2110435/ros2_ws/install/gscam/share/gscam/package.xml
[9.267s] -- Installing: /home/parallels/robotics-2110435/ros2_ws/install/gscam/lib/libgscam.so
[9.269s] -- Set runtime path of "/home/parallels/robotics-2110435/ros2_ws/install/gscam/lib/libgscam.so" to ""
[9.269s] -- Up-to-date: /home/parallels/robotics-2110435/ros2_ws/install/gscam/share/gscam/examples
[9.269s] -- Installing: /home/parallels/robotics-2110435/ros2_ws/install/gscam/share/gscam/examples/component_pipeline_launch.py
[9.269s] -- Installing: /home/parallels/robotics-2110435/ros2_ws/install/gscam/share/gscam/examples/decklink.launch.xml
[9.269s] -- Installing: /home/parallels/robotics-2110435/ros2_ws/install/gscam/share/gscam/examples/v4ljpeg.launch.xml
[9.269s] -- Installing: /home/parallels/robotics-2110435/ros2_ws/install/gscam/share/gscam/examples/v4l.launch.xml
[9.269s] -- Installing: /home/parallels/robotics-2110435/ros2_ws/install/gscam/share/gscam/examples/uncalibrated_parameters.ini
[9.269s] -- Installing: /home/parallels/robotics-2110435/ros2_ws/install/gscam/share/gscam/examples/videofile.launch.xml
[9.269s] -- Installing: /home/parallels/robotics-2110435/ros2_ws/install/gscam/share/gscam/examples/minoru.launch.xml
[9.269s] -- Installing: /home/parallels/robotics-2110435/ros2_ws/install/gscam/share/gscam/examples/osx.launch.xml
[9.269s] -- Up-to-date: /home/parallels/robotics-2110435/ros2_ws/install/gscam/share/gscam/cfg
[9.269s] -- Installing: /home/parallels/robotics-2110435/ros2_ws/install/gscam/share/gscam/cfg/camera_parameters.ini
[9.269s] -- Installing: /home/parallels/robotics-2110435/ros2_ws/install/gscam/share/gscam/cfg/params.yaml
[9.269s] -- Up-to-date: /home/parallels/robotics-2110435/ros2_ws/install/gscam/share/gscam/launch
[9.270s] -- Installing: /home/parallels/robotics-2110435/ros2_ws/install/gscam/share/gscam/launch/node_param_launch.py
[9.271s] Invoked command in '/home/parallels/robotics-2110435/ros2_ws/build/gscam' returned '0': CMAKE_PREFIX_PATH=/home/parallels/robotics-2110435/challenge_1/install/robot_marker:/home/parallels/robotics-2110435/robot_ws/install/turtle_square:/home/parallels/robotics-2110435/robot_ws/install/turtle_pkg:/home/parallels/robotics-2110435/robot_ws/install/ros2_aruco:/home/parallels/my_robot_ws/install/my_py_pkg:/opt/ros/humble /usr/bin/cmake --install /home/parallels/robotics-2110435/ros2_ws/build/gscam
