Built target ament_cmake_python_copy_aruco_controller
running egg_info
creating aruco_controller.egg-info
writing aruco_controller.egg-info/PKG-INFO
writing dependency_links to aruco_controller.egg-info/dependency_links.txt
writing top-level names to aruco_controller.egg-info/top_level.txt
writing manifest file 'aruco_controller.egg-info/SOURCES.txt'
reading manifest file 'aruco_controller.egg-info/SOURCES.txt'
writing manifest file 'aruco_controller.egg-info/SOURCES.txt'
Built target ament_cmake_python_build_aruco_controller_egg
-- Install configuration: ""
-- Installing: /home/vt/robotics-2110435/tracking_ws/install/aruco_controller/share/aruco_controller/environment/pythonpath.sh
-- Installing: /home/vt/robotics-2110435/tracking_ws/install/aruco_controller/share/aruco_controller/environment/pythonpath.dsv
-- Up-to-date: /home/vt/robotics-2110435/tracking_ws/install/aruco_controller/local/lib/python3.10/dist-packages/aruco_controller-0.0.0-py3.10.egg-info
-- Installing: /home/vt/robotics-2110435/tracking_ws/install/aruco_controller/local/lib/python3.10/dist-packages/aruco_controller-0.0.0-py3.10.egg-info/SOURCES.txt
-- Installing: /home/vt/robotics-2110435/tracking_ws/install/aruco_controller/local/lib/python3.10/dist-packages/aruco_controller-0.0.0-py3.10.egg-info/PKG-INFO
-- Installing: /home/vt/robotics-2110435/tracking_ws/install/aruco_controller/local/lib/python3.10/dist-packages/aruco_controller-0.0.0-py3.10.egg-info/dependency_links.txt
-- Installing: /home/vt/robotics-2110435/tracking_ws/install/aruco_controller/local/lib/python3.10/dist-packages/aruco_controller-0.0.0-py3.10.egg-info/top_level.txt
-- Up-to-date: /home/vt/robotics-2110435/tracking_ws/install/aruco_controller/local/lib/python3.10/dist-packages/aruco_controller
-- Up-to-date: /home/vt/robotics-2110435/tracking_ws/install/aruco_controller/local/lib/python3.10/dist-packages/aruco_controller/__init__.py
-- Up-to-date: /home/vt/robotics-2110435/tracking_ws/install/aruco_controller/local/lib/python3.10/dist-packages/aruco_controller/aruco_detector.py
-- Up-to-date: /home/vt/robotics-2110435/tracking_ws/install/aruco_controller/local/lib/python3.10/dist-packages/aruco_controller/detection_param.py
-- Up-to-date: /home/vt/robotics-2110435/tracking_ws/install/aruco_controller/local/lib/python3.10/dist-packages/aruco_controller/transformations.py
Listing '/home/vt/robotics-2110435/tracking_ws/install/aruco_controller/local/lib/python3.10/dist-packages/aruco_controller'...
Compiling '/home/vt/robotics-2110435/tracking_ws/install/aruco_controller/local/lib/python3.10/dist-packages/aruco_controller/__init__.py'...
Compiling '/home/vt/robotics-2110435/tracking_ws/install/aruco_controller/local/lib/python3.10/dist-packages/aruco_controller/aruco_detector.py'...
Compiling '/home/vt/robotics-2110435/tracking_ws/install/aruco_controller/local/lib/python3.10/dist-packages/aruco_controller/detection_param.py'...
Compiling '/home/vt/robotics-2110435/tracking_ws/install/aruco_controller/local/lib/python3.10/dist-packages/aruco_controller/transformations.py'...
-- Up-to-date: /home/vt/robotics-2110435/tracking_ws/install/aruco_controller/lib/aruco_controller/aruco_detector.py
-- Up-to-date: /home/vt/robotics-2110435/tracking_ws/install/aruco_controller/lib/aruco_controller/detection_param.py
-- Up-to-date: /home/vt/robotics-2110435/tracking_ws/install/aruco_controller/share/aruco_controller/cfg
-- Up-to-date: /home/vt/robotics-2110435/tracking_ws/install/aruco_controller/share/aruco_controller/cfg/aruco_detect_param.yaml
-- Up-to-date: /home/vt/robotics-2110435/tracking_ws/install/aruco_controller/share/aruco_controller/cfg/default_param.yaml
-- Up-to-date: /home/vt/robotics-2110435/tracking_ws/install/aruco_controller/share/aruco_controller/cfg/marker_param.yaml
-- Up-to-date: /home/vt/robotics-2110435/tracking_ws/install/aruco_controller/share/aruco_controller/launch
-- Up-to-date: /home/vt/robotics-2110435/tracking_ws/install/aruco_controller/share/aruco_controller/launch/main_launch.py
-- Installing: /home/vt/robotics-2110435/tracking_ws/install/aruco_controller/share/ament_index/resource_index/package_run_dependencies/aruco_controller
-- Installing: /home/vt/robotics-2110435/tracking_ws/install/aruco_controller/share/ament_index/resource_index/parent_prefix_path/aruco_controller
-- Installing: /home/vt/robotics-2110435/tracking_ws/install/aruco_controller/share/aruco_controller/environment/ament_prefix_path.sh
-- Installing: /home/vt/robotics-2110435/tracking_ws/install/aruco_controller/share/aruco_controller/environment/ament_prefix_path.dsv
-- Installing: /home/vt/robotics-2110435/tracking_ws/install/aruco_controller/share/aruco_controller/environment/path.sh
-- Installing: /home/vt/robotics-2110435/tracking_ws/install/aruco_controller/share/aruco_controller/environment/path.dsv
-- Installing: /home/vt/robotics-2110435/tracking_ws/install/aruco_controller/share/aruco_controller/local_setup.bash
-- Installing: /home/vt/robotics-2110435/tracking_ws/install/aruco_controller/share/aruco_controller/local_setup.sh
-- Installing: /home/vt/robotics-2110435/tracking_ws/install/aruco_controller/share/aruco_controller/local_setup.zsh
-- Installing: /home/vt/robotics-2110435/tracking_ws/install/aruco_controller/share/aruco_controller/local_setup.dsv
-- Installing: /home/vt/robotics-2110435/tracking_ws/install/aruco_controller/share/aruco_controller/package.dsv
-- Installing: /home/vt/robotics-2110435/tracking_ws/install/aruco_controller/share/ament_index/resource_index/packages/aruco_controller
-- Installing: /home/vt/robotics-2110435/tracking_ws/install/aruco_controller/share/aruco_controller/cmake/aruco_controllerConfig.cmake
-- Installing: /home/vt/robotics-2110435/tracking_ws/install/aruco_controller/share/aruco_controller/cmake/aruco_controllerConfig-version.cmake
-- Up-to-date: /home/vt/robotics-2110435/tracking_ws/install/aruco_controller/share/aruco_controller/package.xml
