[0.184s] Invoking command in '/home/vt/robotics-2110435/tracking_ws/build/aruco_controller': CMAKE_PREFIX_PATH=${CMAKE_PREFIX_PATH}:/home/vt/robotics-2110435/tracking_ws/install/keyboard_control:/home/vt/robotics-2110435/tracking_ws/install/aruco_following_controller:/home/vt/robotics-2110435/robot_ws/install/turtle_square:/home/vt/robotics-2110435/robot_ws/install/turtle_pkg:/home/vt/robotics-2110435/robot_ws/install/ros2_aruco:/home/vt/robotics-2110435/challenge_1/install/robot_marker:/opt/ros/humble /usr/bin/cmake --build /home/vt/robotics-2110435/tracking_ws/build/aruco_controller -- -j16 -l16
[0.477s] Built target ament_cmake_python_copy_aruco_controller
[0.477s] running egg_info
[0.478s] creating aruco_controller.egg-info
[0.478s] writing aruco_controller.egg-info/PKG-INFO
[0.478s] writing dependency_links to aruco_controller.egg-info/dependency_links.txt
[0.478s] writing top-level names to aruco_controller.egg-info/top_level.txt
[0.478s] writing manifest file 'aruco_controller.egg-info/SOURCES.txt'
[0.479s] reading manifest file 'aruco_controller.egg-info/SOURCES.txt'
[0.479s] writing manifest file 'aruco_controller.egg-info/SOURCES.txt'
[0.479s] Built target ament_cmake_python_build_aruco_controller_egg
[0.481s] Invoked command in '/home/vt/robotics-2110435/tracking_ws/build/aruco_controller' returned '0': CMAKE_PREFIX_PATH=${CMAKE_PREFIX_PATH}:/home/vt/robotics-2110435/tracking_ws/install/keyboard_control:/home/vt/robotics-2110435/tracking_ws/install/aruco_following_controller:/home/vt/robotics-2110435/robot_ws/install/turtle_square:/home/vt/robotics-2110435/robot_ws/install/turtle_pkg:/home/vt/robotics-2110435/robot_ws/install/ros2_aruco:/home/vt/robotics-2110435/challenge_1/install/robot_marker:/opt/ros/humble /usr/bin/cmake --build /home/vt/robotics-2110435/tracking_ws/build/aruco_controller -- -j16 -l16
[0.510s] Invoking command in '/home/vt/robotics-2110435/tracking_ws/build/aruco_controller': CMAKE_PREFIX_PATH=${CMAKE_PREFIX_PATH}:/home/vt/robotics-2110435/tracking_ws/install/keyboard_control:/home/vt/robotics-2110435/tracking_ws/install/aruco_following_controller:/home/vt/robotics-2110435/robot_ws/install/turtle_square:/home/vt/robotics-2110435/robot_ws/install/turtle_pkg:/home/vt/robotics-2110435/robot_ws/install/ros2_aruco:/home/vt/robotics-2110435/challenge_1/install/robot_marker:/opt/ros/humble /usr/bin/cmake --install /home/vt/robotics-2110435/tracking_ws/build/aruco_controller
[0.517s] -- Install configuration: ""
[0.517s] -- Installing: /home/vt/robotics-2110435/tracking_ws/install/aruco_controller/share/aruco_controller/environment/pythonpath.sh
[0.517s] -- Installing: /home/vt/robotics-2110435/tracking_ws/install/aruco_controller/share/aruco_controller/environment/pythonpath.dsv
[0.517s] -- Up-to-date: /home/vt/robotics-2110435/tracking_ws/install/aruco_controller/local/lib/python3.10/dist-packages/aruco_controller-0.0.0-py3.10.egg-info
[0.517s] -- Installing: /home/vt/robotics-2110435/tracking_ws/install/aruco_controller/local/lib/python3.10/dist-packages/aruco_controller-0.0.0-py3.10.egg-info/SOURCES.txt
[0.517s] -- Installing: /home/vt/robotics-2110435/tracking_ws/install/aruco_controller/local/lib/python3.10/dist-packages/aruco_controller-0.0.0-py3.10.egg-info/PKG-INFO
[0.517s] -- Installing: /home/vt/robotics-2110435/tracking_ws/install/aruco_controller/local/lib/python3.10/dist-packages/aruco_controller-0.0.0-py3.10.egg-info/dependency_links.txt
[0.518s] -- Installing: /home/vt/robotics-2110435/tracking_ws/install/aruco_controller/local/lib/python3.10/dist-packages/aruco_controller-0.0.0-py3.10.egg-info/top_level.txt
[0.518s] -- Up-to-date: /home/vt/robotics-2110435/tracking_ws/install/aruco_controller/local/lib/python3.10/dist-packages/aruco_controller
[0.518s] -- Up-to-date: /home/vt/robotics-2110435/tracking_ws/install/aruco_controller/local/lib/python3.10/dist-packages/aruco_controller/__init__.py
[0.518s] -- Up-to-date: /home/vt/robotics-2110435/tracking_ws/install/aruco_controller/local/lib/python3.10/dist-packages/aruco_controller/aruco_detector.py
[0.518s] -- Up-to-date: /home/vt/robotics-2110435/tracking_ws/install/aruco_controller/local/lib/python3.10/dist-packages/aruco_controller/detection_param.py
[0.518s] -- Up-to-date: /home/vt/robotics-2110435/tracking_ws/install/aruco_controller/local/lib/python3.10/dist-packages/aruco_controller/transformations.py
[0.549s] Listing '/home/vt/robotics-2110435/tracking_ws/install/aruco_controller/local/lib/python3.10/dist-packages/aruco_controller'...
[0.549s] Compiling '/home/vt/robotics-2110435/tracking_ws/install/aruco_controller/local/lib/python3.10/dist-packages/aruco_controller/__init__.py'...
[0.549s] Compiling '/home/vt/robotics-2110435/tracking_ws/install/aruco_controller/local/lib/python3.10/dist-packages/aruco_controller/aruco_detector.py'...
[0.549s] Compiling '/home/vt/robotics-2110435/tracking_ws/install/aruco_controller/local/lib/python3.10/dist-packages/aruco_controller/detection_param.py'...
[0.549s] Compiling '/home/vt/robotics-2110435/tracking_ws/install/aruco_controller/local/lib/python3.10/dist-packages/aruco_controller/transformations.py'...
[0.552s] -- Up-to-date: /home/vt/robotics-2110435/tracking_ws/install/aruco_controller/lib/aruco_controller/aruco_detector.py
[0.553s] -- Up-to-date: /home/vt/robotics-2110435/tracking_ws/install/aruco_controller/lib/aruco_controller/detection_param.py
[0.553s] -- Up-to-date: /home/vt/robotics-2110435/tracking_ws/install/aruco_controller/share/aruco_controller/cfg
[0.553s] -- Up-to-date: /home/vt/robotics-2110435/tracking_ws/install/aruco_controller/share/aruco_controller/cfg/aruco_detect_param.yaml
[0.553s] -- Up-to-date: /home/vt/robotics-2110435/tracking_ws/install/aruco_controller/share/aruco_controller/cfg/default_param.yaml
[0.553s] -- Up-to-date: /home/vt/robotics-2110435/tracking_ws/install/aruco_controller/share/aruco_controller/cfg/marker_param.yaml
[0.553s] -- Up-to-date: /home/vt/robotics-2110435/tracking_ws/install/aruco_controller/share/aruco_controller/launch
[0.553s] -- Up-to-date: /home/vt/robotics-2110435/tracking_ws/install/aruco_controller/share/aruco_controller/launch/main_launch.py
[0.553s] -- Installing: /home/vt/robotics-2110435/tracking_ws/install/aruco_controller/share/ament_index/resource_index/package_run_dependencies/aruco_controller
[0.553s] -- Installing: /home/vt/robotics-2110435/tracking_ws/install/aruco_controller/share/ament_index/resource_index/parent_prefix_path/aruco_controller
[0.553s] -- Installing: /home/vt/robotics-2110435/tracking_ws/install/aruco_controller/share/aruco_controller/environment/ament_prefix_path.sh
[0.553s] -- Installing: /home/vt/robotics-2110435/tracking_ws/install/aruco_controller/share/aruco_controller/environment/ament_prefix_path.dsv
[0.553s] -- Installing: /home/vt/robotics-2110435/tracking_ws/install/aruco_controller/share/aruco_controller/environment/path.sh
[0.553s] -- Installing: /home/vt/robotics-2110435/tracking_ws/install/aruco_controller/share/aruco_controller/environment/path.dsv
[0.554s] -- Installing: /home/vt/robotics-2110435/tracking_ws/install/aruco_controller/share/aruco_controller/local_setup.bash
[0.554s] -- Installing: /home/vt/robotics-2110435/tracking_ws/install/aruco_controller/share/aruco_controller/local_setup.sh
[0.554s] -- Installing: /home/vt/robotics-2110435/tracking_ws/install/aruco_controller/share/aruco_controller/local_setup.zsh
[0.554s] -- Installing: /home/vt/robotics-2110435/tracking_ws/install/aruco_controller/share/aruco_controller/local_setup.dsv
[0.554s] -- Installing: /home/vt/robotics-2110435/tracking_ws/install/aruco_controller/share/aruco_controller/package.dsv
[0.554s] -- Installing: /home/vt/robotics-2110435/tracking_ws/install/aruco_controller/share/ament_index/resource_index/packages/aruco_controller
[0.554s] -- Installing: /home/vt/robotics-2110435/tracking_ws/install/aruco_controller/share/aruco_controller/cmake/aruco_controllerConfig.cmake
[0.554s] -- Installing: /home/vt/robotics-2110435/tracking_ws/install/aruco_controller/share/aruco_controller/cmake/aruco_controllerConfig-version.cmake
[0.554s] -- Up-to-date: /home/vt/robotics-2110435/tracking_ws/install/aruco_controller/share/aruco_controller/package.xml
[0.557s] Invoked command in '/home/vt/robotics-2110435/tracking_ws/build/aruco_controller' returned '0': CMAKE_PREFIX_PATH=${CMAKE_PREFIX_PATH}:/home/vt/robotics-2110435/tracking_ws/install/keyboard_control:/home/vt/robotics-2110435/tracking_ws/install/aruco_following_controller:/home/vt/robotics-2110435/robot_ws/install/turtle_square:/home/vt/robotics-2110435/robot_ws/install/turtle_pkg:/home/vt/robotics-2110435/robot_ws/install/ros2_aruco:/home/vt/robotics-2110435/challenge_1/install/robot_marker:/opt/ros/humble /usr/bin/cmake --install /home/vt/robotics-2110435/tracking_ws/build/aruco_controller
