[1.243s] Invoking command in '/home/parallels/robotics-2110435/tracking_ws/src/keyboard_control': PYTHONPATH=/home/parallels/robotics-2110435/build/keyboard_control/prefix_override:/home/parallels/robotics-2110435/install/keyboard_control/lib/python3.10/site-packages:${PYTHONPATH} /usr/bin/python3 setup.py egg_info --egg-base ../../../build/keyboard_control build --build-base /home/parallels/robotics-2110435/build/keyboard_control/build install --record /home/parallels/robotics-2110435/build/keyboard_control/install.log --single-version-externally-managed
[1.375s] running egg_info
[1.376s] creating ../../../build/keyboard_control/keyboard_control.egg-info
[1.376s] writing ../../../build/keyboard_control/keyboard_control.egg-info/PKG-INFO
[1.376s] writing dependency_links to ../../../build/keyboard_control/keyboard_control.egg-info/dependency_links.txt
[1.376s] writing entry points to ../../../build/keyboard_control/keyboard_control.egg-info/entry_points.txt
[1.376s] writing requirements to ../../../build/keyboard_control/keyboard_control.egg-info/requires.txt
[1.376s] writing top-level names to ../../../build/keyboard_control/keyboard_control.egg-info/top_level.txt
[1.376s] writing manifest file '../../../build/keyboard_control/keyboard_control.egg-info/SOURCES.txt'
[1.377s] reading manifest file '../../../build/keyboard_control/keyboard_control.egg-info/SOURCES.txt'
[1.378s] writing manifest file '../../../build/keyboard_control/keyboard_control.egg-info/SOURCES.txt'
[1.378s] running build
[1.378s] running build_py
[1.378s] creating /home/parallels/robotics-2110435/build/keyboard_control/build
[1.378s] creating /home/parallels/robotics-2110435/build/keyboard_control/build/lib
[1.378s] creating /home/parallels/robotics-2110435/build/keyboard_control/build/lib/keyboard_control
[1.378s] copying keyboard_control/vel_mux.py -> /home/parallels/robotics-2110435/build/keyboard_control/build/lib/keyboard_control
[1.378s] copying keyboard_control/__init__.py -> /home/parallels/robotics-2110435/build/keyboard_control/build/lib/keyboard_control
[1.378s] copying keyboard_control/keyboard_control.py -> /home/parallels/robotics-2110435/build/keyboard_control/build/lib/keyboard_control
[1.378s] running install
[1.379s] /usr/lib/python3/dist-packages/setuptools/command/install.py:34: SetuptoolsDeprecationWarning: setup.py install is deprecated. Use build and pip and other standards-based tools.
[1.380s]   warnings.warn(
[1.380s] running install_lib
[1.380s] creating /home/parallels/robotics-2110435/install/keyboard_control/lib/python3.10/site-packages/keyboard_control
[1.380s] copying /home/parallels/robotics-2110435/build/keyboard_control/build/lib/keyboard_control/vel_mux.py -> /home/parallels/robotics-2110435/install/keyboard_control/lib/python3.10/site-packages/keyboard_control
[1.380s] copying /home/parallels/robotics-2110435/build/keyboard_control/build/lib/keyboard_control/__init__.py -> /home/parallels/robotics-2110435/install/keyboard_control/lib/python3.10/site-packages/keyboard_control
[1.380s] copying /home/parallels/robotics-2110435/build/keyboard_control/build/lib/keyboard_control/keyboard_control.py -> /home/parallels/robotics-2110435/install/keyboard_control/lib/python3.10/site-packages/keyboard_control
[1.381s] byte-compiling /home/parallels/robotics-2110435/install/keyboard_control/lib/python3.10/site-packages/keyboard_control/vel_mux.py to vel_mux.cpython-310.pyc
[1.381s] byte-compiling /home/parallels/robotics-2110435/install/keyboard_control/lib/python3.10/site-packages/keyboard_control/__init__.py to __init__.cpython-310.pyc
[1.381s] byte-compiling /home/parallels/robotics-2110435/install/keyboard_control/lib/python3.10/site-packages/keyboard_control/keyboard_control.py to keyboard_control.cpython-310.pyc
[1.382s] running install_data
[1.382s] creating /home/parallels/robotics-2110435/install/keyboard_control/share/ament_index
[1.382s] creating /home/parallels/robotics-2110435/install/keyboard_control/share/ament_index/resource_index
[1.382s] creating /home/parallels/robotics-2110435/install/keyboard_control/share/ament_index/resource_index/packages
[1.382s] copying resource/keyboard_control -> /home/parallels/robotics-2110435/install/keyboard_control/share/ament_index/resource_index/packages
[1.382s] copying package.xml -> /home/parallels/robotics-2110435/install/keyboard_control/share/keyboard_control
[1.382s] running install_egg_info
[1.383s] Copying ../../../build/keyboard_control/keyboard_control.egg-info to /home/parallels/robotics-2110435/install/keyboard_control/lib/python3.10/site-packages/keyboard_control-0.0.0-py3.10.egg-info
[1.383s] running install_scripts
[1.398s] Installing keyboard_control script to /home/parallels/robotics-2110435/install/keyboard_control/lib/keyboard_control
[1.398s] Installing vel_mux script to /home/parallels/robotics-2110435/install/keyboard_control/lib/keyboard_control
[1.398s] writing list of installed files to '/home/parallels/robotics-2110435/build/keyboard_control/install.log'
[1.418s] Invoked command in '/home/parallels/robotics-2110435/tracking_ws/src/keyboard_control' returned '0': PYTHONPATH=/home/parallels/robotics-2110435/build/keyboard_control/prefix_override:/home/parallels/robotics-2110435/install/keyboard_control/lib/python3.10/site-packages:${PYTHONPATH} /usr/bin/python3 setup.py egg_info --egg-base ../../../build/keyboard_control build --build-base /home/parallels/robotics-2110435/build/keyboard_control/build install --record /home/parallels/robotics-2110435/build/keyboard_control/install.log --single-version-externally-managed
