[0.646s] Invoking command in '/home/vt/robotics-2110435/robot_ws/src/turtle_pkg': PYTHONPATH=/home/vt/robotics-2110435/robot_ws/build/turtle_pkg/prefix_override:/home/vt/robotics-2110435/robot_ws/install/turtle_pkg/lib/python3.10/site-packages:${PYTHONPATH} /usr/bin/python3 setup.py egg_info --egg-base ../../build/turtle_pkg build --build-base /home/vt/robotics-2110435/robot_ws/build/turtle_pkg/build install --record /home/vt/robotics-2110435/robot_ws/build/turtle_pkg/install.log --single-version-externally-managed
[0.754s] running egg_info
[0.760s] writing ../../build/turtle_pkg/turtle_pkg.egg-info/PKG-INFO
[0.761s] writing dependency_links to ../../build/turtle_pkg/turtle_pkg.egg-info/dependency_links.txt
[0.761s] writing entry points to ../../build/turtle_pkg/turtle_pkg.egg-info/entry_points.txt
[0.761s] writing requirements to ../../build/turtle_pkg/turtle_pkg.egg-info/requires.txt
[0.761s] writing top-level names to ../../build/turtle_pkg/turtle_pkg.egg-info/top_level.txt
[0.774s] reading manifest file '../../build/turtle_pkg/turtle_pkg.egg-info/SOURCES.txt'
[0.775s] writing manifest file '../../build/turtle_pkg/turtle_pkg.egg-info/SOURCES.txt'
[0.775s] running build
[0.775s] running build_py
[0.776s] running install
[0.776s] /usr/local/lib/python3.10/dist-packages/setuptools/_distutils/cmd.py:66: SetuptoolsDeprecationWarning: setup.py install is deprecated.
[0.776s] !!
[0.777s] 
[0.777s]         ********************************************************************************
[0.777s]         Please avoid running ``setup.py`` directly.
[0.777s]         Instead, use pypa/build, pypa/installer or other
[0.777s]         standards-based tools.
[0.777s] 
[0.777s]         See https://blog.ganssle.io/articles/2021/10/setup-py-deprecated.html for details.
[0.777s]         ********************************************************************************
[0.777s] 
[0.777s] !!
[0.777s]   self.initialize_options()
[0.779s] running install_lib
[0.785s] running install_data
[0.791s] running install_egg_info
[0.798s] removing '/home/vt/robotics-2110435/robot_ws/install/turtle_pkg/lib/python3.10/site-packages/turtle_pkg-0.0.0-py3.10.egg-info' (and everything under it)
[0.798s] Copying ../../build/turtle_pkg/turtle_pkg.egg-info to /home/vt/robotics-2110435/robot_ws/install/turtle_pkg/lib/python3.10/site-packages/turtle_pkg-0.0.0-py3.10.egg-info
[0.798s] running install_scripts
[0.867s] Installing turtle_sq script to /home/vt/robotics-2110435/robot_ws/install/turtle_pkg/lib/turtle_pkg
[0.868s] writing list of installed files to '/home/vt/robotics-2110435/robot_ws/build/turtle_pkg/install.log'
[0.887s] Invoked command in '/home/vt/robotics-2110435/robot_ws/src/turtle_pkg' returned '0': PYTHONPATH=/home/vt/robotics-2110435/robot_ws/build/turtle_pkg/prefix_override:/home/vt/robotics-2110435/robot_ws/install/turtle_pkg/lib/python3.10/site-packages:${PYTHONPATH} /usr/bin/python3 setup.py egg_info --egg-base ../../build/turtle_pkg build --build-base /home/vt/robotics-2110435/robot_ws/build/turtle_pkg/build install --record /home/vt/robotics-2110435/robot_ws/build/turtle_pkg/install.log --single-version-externally-managed
