[0.406s] DEBUG:colcon:Command line arguments: ['/usr/bin/colcon', 'build']
[0.406s] DEBUG:colcon:Parsed command line arguments: Namespace(log_base=None, log_level=None, verb_name='build', build_base='build', install_base='install', merge_install=False, symlink_install=False, test_result_base=None, continue_on_error=False, executor='parallel', parallel_workers=16, event_handlers=None, ignore_user_meta=False, metas=['./colcon.meta'], base_paths=['.'], packages_ignore=None, packages_ignore_regex=None, paths=None, packages_up_to=None, packages_up_to_regex=None, packages_above=None, packages_above_and_dependencies=None, packages_above_depth=None, packages_select_by_dep=None, packages_skip_by_dep=None, packages_skip_up_to=None, packages_select_build_failed=False, packages_skip_build_finished=False, packages_select_test_failures=False, packages_skip_test_passed=False, packages_select=None, packages_skip=None, packages_select_regex=None, packages_skip_regex=None, packages_start=None, packages_end=None, allow_overriding=[], cmake_args=None, cmake_target=None, cmake_target_skip_unavailable=False, cmake_clean_cache=False, cmake_clean_first=False, cmake_force_configure=False, ament_cmake_args=None, catkin_cmake_args=None, catkin_skip_building_tests=False, verb_parser=<colcon_defaults.argument_parser.defaults.DefaultArgumentsDecorator object at 0x7febaef257e0>, verb_extension=<colcon_core.verb.build.BuildVerb object at 0x7febaf3b1c90>, main=<bound method BuildVerb.main of <colcon_core.verb.build.BuildVerb object at 0x7febaf3b1c90>>)
[0.433s] Level 1:colcon.colcon_core.package_discovery:discover_packages(colcon_meta) check parameters
[0.433s] Level 1:colcon.colcon_core.package_discovery:discover_packages(recursive) check parameters
[0.433s] Level 1:colcon.colcon_core.package_discovery:discover_packages(ignore) check parameters
[0.433s] Level 1:colcon.colcon_core.package_discovery:discover_packages(path) check parameters
[0.433s] Level 1:colcon.colcon_core.package_discovery:discover_packages(colcon_meta) discover
[0.433s] Level 1:colcon.colcon_core.package_discovery:discover_packages(recursive) discover
[0.433s] INFO:colcon.colcon_core.package_discovery:Crawling recursively for packages in '/home/vt/robotics-2110435/aruco_ws'
[0.433s] Level 1:colcon.colcon_core.package_identification:_identify(.) by extensions ['ignore', 'ignore_ament_install']
[0.433s] Level 1:colcon.colcon_core.package_identification:_identify(.) by extension 'ignore'
[0.433s] Level 1:colcon.colcon_core.package_identification:_identify(.) by extension 'ignore_ament_install'
[0.433s] Level 1:colcon.colcon_core.package_identification:_identify(.) by extensions ['colcon_pkg']
[0.433s] Level 1:colcon.colcon_core.package_identification:_identify(.) by extension 'colcon_pkg'
[0.433s] Level 1:colcon.colcon_core.package_identification:_identify(.) by extensions ['colcon_meta']
[0.433s] Level 1:colcon.colcon_core.package_identification:_identify(.) by extension 'colcon_meta'
[0.433s] Level 1:colcon.colcon_core.package_identification:_identify(.) by extensions ['ros']
[0.433s] Level 1:colcon.colcon_core.package_identification:_identify(.) by extension 'ros'
[0.441s] Level 1:colcon.colcon_core.package_identification:_identify(.) by extensions ['cmake', 'python']
[0.441s] Level 1:colcon.colcon_core.package_identification:_identify(.) by extension 'cmake'
[0.441s] Level 1:colcon.colcon_core.package_identification:_identify(.) by extension 'python'
[0.441s] Level 1:colcon.colcon_core.package_identification:_identify(.) by extensions ['python_setup_py']
[0.441s] Level 1:colcon.colcon_core.package_identification:_identify(.) by extension 'python_setup_py'
[0.441s] Level 1:colcon.colcon_core.package_identification:_identify(build) by extensions ['ignore', 'ignore_ament_install']
[0.441s] Level 1:colcon.colcon_core.package_identification:_identify(build) by extension 'ignore'
[0.441s] Level 1:colcon.colcon_core.package_identification:_identify(build) ignored
[0.441s] Level 1:colcon.colcon_core.package_identification:_identify(install) by extensions ['ignore', 'ignore_ament_install']
[0.441s] Level 1:colcon.colcon_core.package_identification:_identify(install) by extension 'ignore'
[0.441s] Level 1:colcon.colcon_core.package_identification:_identify(install) ignored
[0.441s] Level 1:colcon.colcon_core.package_identification:_identify(log) by extensions ['ignore', 'ignore_ament_install']
[0.441s] Level 1:colcon.colcon_core.package_identification:_identify(log) by extension 'ignore'
[0.441s] Level 1:colcon.colcon_core.package_identification:_identify(log) ignored
[0.441s] Level 1:colcon.colcon_core.package_identification:_identify(src) by extensions ['ignore', 'ignore_ament_install']
[0.441s] Level 1:colcon.colcon_core.package_identification:_identify(src) by extension 'ignore'
[0.441s] Level 1:colcon.colcon_core.package_identification:_identify(src) by extension 'ignore_ament_install'
[0.441s] Level 1:colcon.colcon_core.package_identification:_identify(src) by extensions ['colcon_pkg']
[0.441s] Level 1:colcon.colcon_core.package_identification:_identify(src) by extension 'colcon_pkg'
[0.441s] Level 1:colcon.colcon_core.package_identification:_identify(src) by extensions ['colcon_meta']
[0.441s] Level 1:colcon.colcon_core.package_identification:_identify(src) by extension 'colcon_meta'
[0.441s] Level 1:colcon.colcon_core.package_identification:_identify(src) by extensions ['ros']
[0.441s] Level 1:colcon.colcon_core.package_identification:_identify(src) by extension 'ros'
[0.441s] Level 1:colcon.colcon_core.package_identification:_identify(src) by extensions ['cmake', 'python']
[0.441s] Level 1:colcon.colcon_core.package_identification:_identify(src) by extension 'cmake'
[0.441s] Level 1:colcon.colcon_core.package_identification:_identify(src) by extension 'python'
[0.441s] Level 1:colcon.colcon_core.package_identification:_identify(src) by extensions ['python_setup_py']
[0.441s] Level 1:colcon.colcon_core.package_identification:_identify(src) by extension 'python_setup_py'
[0.441s] Level 1:colcon.colcon_core.package_identification:_identify(src/aruco_controller) by extensions ['ignore', 'ignore_ament_install']
[0.441s] Level 1:colcon.colcon_core.package_identification:_identify(src/aruco_controller) by extension 'ignore'
[0.441s] Level 1:colcon.colcon_core.package_identification:_identify(src/aruco_controller) by extension 'ignore_ament_install'
[0.441s] Level 1:colcon.colcon_core.package_identification:_identify(src/aruco_controller) by extensions ['colcon_pkg']
[0.441s] Level 1:colcon.colcon_core.package_identification:_identify(src/aruco_controller) by extension 'colcon_pkg'
[0.441s] Level 1:colcon.colcon_core.package_identification:_identify(src/aruco_controller) by extensions ['colcon_meta']
[0.441s] Level 1:colcon.colcon_core.package_identification:_identify(src/aruco_controller) by extension 'colcon_meta'
[0.442s] Level 1:colcon.colcon_core.package_identification:_identify(src/aruco_controller) by extensions ['ros']
[0.442s] Level 1:colcon.colcon_core.package_identification:_identify(src/aruco_controller) by extension 'ros'
[0.443s] DEBUG:colcon.colcon_core.package_identification:Package 'src/aruco_controller' with type 'ros.ament_cmake' and name 'aruco_controller'
[0.443s] Level 1:colcon.colcon_core.package_identification:_identify(src/aruco_following_controller) by extensions ['ignore', 'ignore_ament_install']
[0.443s] Level 1:colcon.colcon_core.package_identification:_identify(src/aruco_following_controller) by extension 'ignore'
[0.443s] Level 1:colcon.colcon_core.package_identification:_identify(src/aruco_following_controller) by extension 'ignore_ament_install'
[0.443s] Level 1:colcon.colcon_core.package_identification:_identify(src/aruco_following_controller) by extensions ['colcon_pkg']
[0.443s] Level 1:colcon.colcon_core.package_identification:_identify(src/aruco_following_controller) by extension 'colcon_pkg'
[0.443s] Level 1:colcon.colcon_core.package_identification:_identify(src/aruco_following_controller) by extensions ['colcon_meta']
[0.443s] Level 1:colcon.colcon_core.package_identification:_identify(src/aruco_following_controller) by extension 'colcon_meta'
[0.443s] Level 1:colcon.colcon_core.package_identification:_identify(src/aruco_following_controller) by extensions ['ros']
[0.443s] Level 1:colcon.colcon_core.package_identification:_identify(src/aruco_following_controller) by extension 'ros'
[0.444s] DEBUG:colcon.colcon_core.package_identification:Package 'src/aruco_following_controller' with type 'ros.ament_python' and name 'aruco_following_controller'
[0.444s] Level 1:colcon.colcon_core.package_identification:_identify(src/keyboard_control) by extensions ['ignore', 'ignore_ament_install']
[0.444s] Level 1:colcon.colcon_core.package_identification:_identify(src/keyboard_control) by extension 'ignore'
[0.444s] Level 1:colcon.colcon_core.package_identification:_identify(src/keyboard_control) by extension 'ignore_ament_install'
[0.444s] Level 1:colcon.colcon_core.package_identification:_identify(src/keyboard_control) by extensions ['colcon_pkg']
[0.444s] Level 1:colcon.colcon_core.package_identification:_identify(src/keyboard_control) by extension 'colcon_pkg'
[0.444s] Level 1:colcon.colcon_core.package_identification:_identify(src/keyboard_control) by extensions ['colcon_meta']
[0.444s] Level 1:colcon.colcon_core.package_identification:_identify(src/keyboard_control) by extension 'colcon_meta'
[0.444s] Level 1:colcon.colcon_core.package_identification:_identify(src/keyboard_control) by extensions ['ros']
[0.444s] Level 1:colcon.colcon_core.package_identification:_identify(src/keyboard_control) by extension 'ros'
[0.444s] DEBUG:colcon.colcon_core.package_identification:Package 'src/keyboard_control' with type 'ros.ament_python' and name 'keyboard_control'
[0.444s] Level 1:colcon.colcon_core.package_identification:_identify(src/web_video_server) by extensions ['ignore', 'ignore_ament_install']
[0.444s] Level 1:colcon.colcon_core.package_identification:_identify(src/web_video_server) by extension 'ignore'
[0.444s] Level 1:colcon.colcon_core.package_identification:_identify(src/web_video_server) by extension 'ignore_ament_install'
[0.444s] Level 1:colcon.colcon_core.package_identification:_identify(src/web_video_server) by extensions ['colcon_pkg']
[0.444s] Level 1:colcon.colcon_core.package_identification:_identify(src/web_video_server) by extension 'colcon_pkg'
[0.444s] Level 1:colcon.colcon_core.package_identification:_identify(src/web_video_server) by extensions ['colcon_meta']
[0.444s] Level 1:colcon.colcon_core.package_identification:_identify(src/web_video_server) by extension 'colcon_meta'
[0.444s] Level 1:colcon.colcon_core.package_identification:_identify(src/web_video_server) by extensions ['ros']
[0.444s] Level 1:colcon.colcon_core.package_identification:_identify(src/web_video_server) by extension 'ros'
[0.444s] DEBUG:colcon.colcon_core.package_identification:Package 'src/web_video_server' with type 'ros.ament_cmake' and name 'web_video_server'
[0.444s] Level 1:colcon.colcon_core.package_discovery:discover_packages(recursive) using defaults
[0.444s] Level 1:colcon.colcon_core.package_discovery:discover_packages(ignore) discover
[0.444s] Level 1:colcon.colcon_core.package_discovery:discover_packages(ignore) using defaults
[0.444s] Level 1:colcon.colcon_core.package_discovery:discover_packages(path) discover
[0.445s] Level 1:colcon.colcon_core.package_discovery:discover_packages(path) using defaults
[0.484s] Level 1:colcon.colcon_core.package_discovery:discover_packages(prefix_path) check parameters
[0.484s] Level 1:colcon.colcon_core.package_discovery:discover_packages(prefix_path) discover
[0.490s] WARNING:colcon.colcon_core.prefix_path.colcon:The path '/home/vt/aruco_ws/install' in the environment variable COLCON_PREFIX_PATH doesn't exist
[0.496s] DEBUG:colcon.colcon_installed_package_information.package_discovery:Found 1 installed packages in /home/vt/robotics-2110435/challenge_2/install
[0.502s] DEBUG:colcon.colcon_installed_package_information.package_discovery:Found 4 installed packages in /home/vt/robotics-2110435/tracking_ws/install
[0.511s] DEBUG:colcon.colcon_installed_package_information.package_discovery:Found 3 installed packages in /home/vt/robotics-2110435/robot_ws/install
[0.518s] DEBUG:colcon.colcon_installed_package_information.package_discovery:Found 1 installed packages in /home/vt/robotics-2110435/challenge_1/install
[0.526s] DEBUG:colcon.colcon_installed_package_information.package_discovery:Found 276 installed packages in /opt/ros/humble
[0.527s] Level 1:colcon.colcon_core.package_discovery:discover_packages(prefix_path) using defaults
[0.567s] Level 5:colcon.colcon_core.verb:set package 'aruco_controller' build argument 'cmake_args' from command line to 'None'
[0.567s] Level 5:colcon.colcon_core.verb:set package 'aruco_controller' build argument 'cmake_target' from command line to 'None'
[0.567s] Level 5:colcon.colcon_core.verb:set package 'aruco_controller' build argument 'cmake_target_skip_unavailable' from command line to 'False'
[0.567s] Level 5:colcon.colcon_core.verb:set package 'aruco_controller' build argument 'cmake_clean_cache' from command line to 'False'
[0.567s] Level 5:colcon.colcon_core.verb:set package 'aruco_controller' build argument 'cmake_clean_first' from command line to 'False'
[0.567s] Level 5:colcon.colcon_core.verb:set package 'aruco_controller' build argument 'cmake_force_configure' from command line to 'False'
[0.567s] Level 5:colcon.colcon_core.verb:set package 'aruco_controller' build argument 'ament_cmake_args' from command line to 'None'
[0.567s] Level 5:colcon.colcon_core.verb:set package 'aruco_controller' build argument 'catkin_cmake_args' from command line to 'None'
[0.567s] Level 5:colcon.colcon_core.verb:set package 'aruco_controller' build argument 'catkin_skip_building_tests' from command line to 'False'
[0.567s] DEBUG:colcon.colcon_core.verb:Building package 'aruco_controller' with the following arguments: {'ament_cmake_args': None, 'build_base': '/home/vt/robotics-2110435/aruco_ws/build/aruco_controller', 'catkin_cmake_args': None, 'catkin_skip_building_tests': False, 'cmake_args': None, 'cmake_clean_cache': False, 'cmake_clean_first': False, 'cmake_force_configure': False, 'cmake_target': None, 'cmake_target_skip_unavailable': False, 'install_base': '/home/vt/robotics-2110435/aruco_ws/install/aruco_controller', 'merge_install': False, 'path': '/home/vt/robotics-2110435/aruco_ws/src/aruco_controller', 'symlink_install': False, 'test_result_base': None}
[0.573s] Level 5:colcon.colcon_core.verb:set package 'aruco_following_controller' build argument 'cmake_args' from command line to 'None'
[0.573s] Level 5:colcon.colcon_core.verb:set package 'aruco_following_controller' build argument 'cmake_target' from command line to 'None'
[0.573s] Level 5:colcon.colcon_core.verb:set package 'aruco_following_controller' build argument 'cmake_target_skip_unavailable' from command line to 'False'
[0.573s] Level 5:colcon.colcon_core.verb:set package 'aruco_following_controller' build argument 'cmake_clean_cache' from command line to 'False'
[0.573s] Level 5:colcon.colcon_core.verb:set package 'aruco_following_controller' build argument 'cmake_clean_first' from command line to 'False'
[0.573s] Level 5:colcon.colcon_core.verb:set package 'aruco_following_controller' build argument 'cmake_force_configure' from command line to 'False'
[0.573s] Level 5:colcon.colcon_core.verb:set package 'aruco_following_controller' build argument 'ament_cmake_args' from command line to 'None'
[0.573s] Level 5:colcon.colcon_core.verb:set package 'aruco_following_controller' build argument 'catkin_cmake_args' from command line to 'None'
[0.573s] Level 5:colcon.colcon_core.verb:set package 'aruco_following_controller' build argument 'catkin_skip_building_tests' from command line to 'False'
[0.573s] DEBUG:colcon.colcon_core.verb:Building package 'aruco_following_controller' with the following arguments: {'ament_cmake_args': None, 'build_base': '/home/vt/robotics-2110435/aruco_ws/build/aruco_following_controller', 'catkin_cmake_args': None, 'catkin_skip_building_tests': False, 'cmake_args': None, 'cmake_clean_cache': False, 'cmake_clean_first': False, 'cmake_force_configure': False, 'cmake_target': None, 'cmake_target_skip_unavailable': False, 'install_base': '/home/vt/robotics-2110435/aruco_ws/install/aruco_following_controller', 'merge_install': False, 'path': '/home/vt/robotics-2110435/aruco_ws/src/aruco_following_controller', 'symlink_install': False, 'test_result_base': None}
[0.578s] Level 5:colcon.colcon_core.verb:set package 'keyboard_control' build argument 'cmake_args' from command line to 'None'
[0.579s] Level 5:colcon.colcon_core.verb:set package 'keyboard_control' build argument 'cmake_target' from command line to 'None'
[0.579s] Level 5:colcon.colcon_core.verb:set package 'keyboard_control' build argument 'cmake_target_skip_unavailable' from command line to 'False'
[0.579s] Level 5:colcon.colcon_core.verb:set package 'keyboard_control' build argument 'cmake_clean_cache' from command line to 'False'
[0.579s] Level 5:colcon.colcon_core.verb:set package 'keyboard_control' build argument 'cmake_clean_first' from command line to 'False'
[0.579s] Level 5:colcon.colcon_core.verb:set package 'keyboard_control' build argument 'cmake_force_configure' from command line to 'False'
[0.579s] Level 5:colcon.colcon_core.verb:set package 'keyboard_control' build argument 'ament_cmake_args' from command line to 'None'
[0.579s] Level 5:colcon.colcon_core.verb:set package 'keyboard_control' build argument 'catkin_cmake_args' from command line to 'None'
[0.579s] Level 5:colcon.colcon_core.verb:set package 'keyboard_control' build argument 'catkin_skip_building_tests' from command line to 'False'
[0.579s] DEBUG:colcon.colcon_core.verb:Building package 'keyboard_control' with the following arguments: {'ament_cmake_args': None, 'build_base': '/home/vt/robotics-2110435/aruco_ws/build/keyboard_control', 'catkin_cmake_args': None, 'catkin_skip_building_tests': False, 'cmake_args': None, 'cmake_clean_cache': False, 'cmake_clean_first': False, 'cmake_force_configure': False, 'cmake_target': None, 'cmake_target_skip_unavailable': False, 'install_base': '/home/vt/robotics-2110435/aruco_ws/install/keyboard_control', 'merge_install': False, 'path': '/home/vt/robotics-2110435/aruco_ws/src/keyboard_control', 'symlink_install': False, 'test_result_base': None}
[0.598s] Level 5:colcon.colcon_core.verb:set package 'web_video_server' build argument 'cmake_args' from command line to 'None'
[0.598s] Level 5:colcon.colcon_core.verb:set package 'web_video_server' build argument 'cmake_target' from command line to 'None'
[0.598s] Level 5:colcon.colcon_core.verb:set package 'web_video_server' build argument 'cmake_target_skip_unavailable' from command line to 'False'
[0.598s] Level 5:colcon.colcon_core.verb:set package 'web_video_server' build argument 'cmake_clean_cache' from command line to 'False'
[0.598s] Level 5:colcon.colcon_core.verb:set package 'web_video_server' build argument 'cmake_clean_first' from command line to 'False'
[0.598s] Level 5:colcon.colcon_core.verb:set package 'web_video_server' build argument 'cmake_force_configure' from command line to 'False'
[0.598s] Level 5:colcon.colcon_core.verb:set package 'web_video_server' build argument 'ament_cmake_args' from command line to 'None'
[0.598s] Level 5:colcon.colcon_core.verb:set package 'web_video_server' build argument 'catkin_cmake_args' from command line to 'None'
[0.598s] Level 5:colcon.colcon_core.verb:set package 'web_video_server' build argument 'catkin_skip_building_tests' from command line to 'False'
[0.598s] DEBUG:colcon.colcon_core.verb:Building package 'web_video_server' with the following arguments: {'ament_cmake_args': None, 'build_base': '/home/vt/robotics-2110435/aruco_ws/build/web_video_server', 'catkin_cmake_args': None, 'catkin_skip_building_tests': False, 'cmake_args': None, 'cmake_clean_cache': False, 'cmake_clean_first': False, 'cmake_force_configure': False, 'cmake_target': None, 'cmake_target_skip_unavailable': False, 'install_base': '/home/vt/robotics-2110435/aruco_ws/install/web_video_server', 'merge_install': False, 'path': '/home/vt/robotics-2110435/aruco_ws/src/web_video_server', 'symlink_install': False, 'test_result_base': None}
[0.604s] INFO:colcon.colcon_core.executor:Executing jobs using 'parallel' executor
[0.611s] DEBUG:colcon.colcon_parallel_executor.executor.parallel:run_until_complete
[0.611s] INFO:colcon.colcon_ros.task.ament_cmake.build:Building ROS package in '/home/vt/robotics-2110435/aruco_ws/src/aruco_controller' with build type 'ament_cmake'
[0.611s] INFO:colcon.colcon_cmake.task.cmake.build:Building CMake package in '/home/vt/robotics-2110435/aruco_ws/src/aruco_controller'
[0.618s] INFO:colcon.colcon_core.plugin_system:Skipping extension 'colcon_core.shell.bat': Not used on non-Windows systems
[0.618s] INFO:colcon.colcon_core.shell:Skip shell extension 'powershell' for command environment: Not usable outside of PowerShell
[0.618s] DEBUG:colcon.colcon_core.shell:Skip shell extension 'dsv' for command environment
[0.662s] INFO:colcon.colcon_ros.task.ament_python.build:Building ROS package in '/home/vt/robotics-2110435/aruco_ws/src/aruco_following_controller' with build type 'ament_python'
[0.663s] Level 1:colcon.colcon_core.shell:create_environment_hook('aruco_following_controller', 'ament_prefix_path')
[0.670s] INFO:colcon.colcon_core.shell:Creating environment hook '/home/vt/robotics-2110435/aruco_ws/install/aruco_following_controller/share/aruco_following_controller/hook/ament_prefix_path.ps1'
[0.670s] INFO:colcon.colcon_core.shell:Creating environment descriptor '/home/vt/robotics-2110435/aruco_ws/install/aruco_following_controller/share/aruco_following_controller/hook/ament_prefix_path.dsv'
[0.670s] INFO:colcon.colcon_core.shell:Creating environment hook '/home/vt/robotics-2110435/aruco_ws/install/aruco_following_controller/share/aruco_following_controller/hook/ament_prefix_path.sh'
[0.679s] INFO:colcon.colcon_core.shell:Skip shell extension 'powershell' for command environment: Not usable outside of PowerShell
[0.679s] DEBUG:colcon.colcon_core.shell:Skip shell extension 'dsv' for command environment
[0.727s] INFO:colcon.colcon_ros.task.ament_python.build:Building ROS package in '/home/vt/robotics-2110435/aruco_ws/src/keyboard_control' with build type 'ament_python'
[0.727s] Level 1:colcon.colcon_core.shell:create_environment_hook('keyboard_control', 'ament_prefix_path')
[0.736s] INFO:colcon.colcon_core.shell:Creating environment hook '/home/vt/robotics-2110435/aruco_ws/install/keyboard_control/share/keyboard_control/hook/ament_prefix_path.ps1'
[0.737s] INFO:colcon.colcon_core.shell:Creating environment descriptor '/home/vt/robotics-2110435/aruco_ws/install/keyboard_control/share/keyboard_control/hook/ament_prefix_path.dsv'
[0.737s] INFO:colcon.colcon_core.shell:Creating environment hook '/home/vt/robotics-2110435/aruco_ws/install/keyboard_control/share/keyboard_control/hook/ament_prefix_path.sh'
[0.745s] INFO:colcon.colcon_core.shell:Skip shell extension 'powershell' for command environment: Not usable outside of PowerShell
[0.745s] DEBUG:colcon.colcon_core.shell:Skip shell extension 'dsv' for command environment
[0.803s] INFO:colcon.colcon_ros.task.ament_cmake.build:Building ROS package in '/home/vt/robotics-2110435/aruco_ws/src/web_video_server' with build type 'ament_cmake'
[0.803s] INFO:colcon.colcon_cmake.task.cmake.build:Building CMake package in '/home/vt/robotics-2110435/aruco_ws/src/web_video_server'
[0.809s] INFO:colcon.colcon_core.shell:Skip shell extension 'powershell' for command environment: Not usable outside of PowerShell
[0.809s] DEBUG:colcon.colcon_core.shell:Skip shell extension 'dsv' for command environment
[0.857s] DEBUG:colcon.colcon_core.event_handler.log_command:Invoking command in '/home/vt/robotics-2110435/aruco_ws/build/aruco_controller': CMAKE_PREFIX_PATH=${CMAKE_PREFIX_PATH}:/home/vt/robotics-2110435/challenge_2/install/challenge_2:/home/vt/robotics-2110435/robot_ws/install/turtle_square:/home/vt/robotics-2110435/robot_ws/install/turtle_pkg:/home/vt/robotics-2110435/robot_ws/install/ros2_aruco:/home/vt/robotics-2110435/tracking_ws/install/keyboard_control:/home/vt/robotics-2110435/tracking_ws/install/aruco_following_controller:/home/vt/robotics-2110435/challenge_1/install/robot_marker:/opt/ros/humble /usr/bin/cmake /home/vt/robotics-2110435/aruco_ws/src/aruco_controller -DCMAKE_INSTALL_PREFIX=/home/vt/robotics-2110435/aruco_ws/install/aruco_controller
[0.981s] INFO:colcon.colcon_core.task.python.build:Building Python package in '/home/vt/robotics-2110435/aruco_ws/src/aruco_following_controller'
[0.989s] INFO:colcon.colcon_core.shell:Skip shell extension 'powershell' for command environment: Not usable outside of PowerShell
[0.989s] DEBUG:colcon.colcon_core.shell:Skip shell extension 'dsv' for command environment
[1.161s] INFO:colcon.colcon_core.task.python.build:Building Python package in '/home/vt/robotics-2110435/aruco_ws/src/keyboard_control'
[1.169s] INFO:colcon.colcon_core.shell:Skip shell extension 'powershell' for command environment: Not usable outside of PowerShell
[1.169s] DEBUG:colcon.colcon_core.shell:Skip shell extension 'dsv' for command environment
[1.216s] DEBUG:colcon.colcon_core.event_handler.log_command:Invoking command in '/home/vt/robotics-2110435/aruco_ws/build/web_video_server': CMAKE_PREFIX_PATH=${CMAKE_PREFIX_PATH}:/home/vt/robotics-2110435/challenge_2/install/challenge_2:/home/vt/robotics-2110435/robot_ws/install/turtle_square:/home/vt/robotics-2110435/robot_ws/install/turtle_pkg:/home/vt/robotics-2110435/robot_ws/install/ros2_aruco:/home/vt/robotics-2110435/tracking_ws/install/keyboard_control:/home/vt/robotics-2110435/tracking_ws/install/aruco_following_controller:/home/vt/robotics-2110435/challenge_1/install/robot_marker:/opt/ros/humble /usr/bin/cmake /home/vt/robotics-2110435/aruco_ws/src/web_video_server -DCMAKE_INSTALL_PREFIX=/home/vt/robotics-2110435/aruco_ws/install/web_video_server
[1.559s] DEBUG:colcon.colcon_core.event_handler.log_command:Invoking command in '/home/vt/robotics-2110435/aruco_ws/src/aruco_following_controller': PYTHONPATH=/home/vt/robotics-2110435/aruco_ws/build/aruco_following_controller/prefix_override:/home/vt/robotics-2110435/aruco_ws/install/aruco_following_controller/lib/python3.10/site-packages:${PYTHONPATH} /usr/bin/python3 setup.py egg_info --egg-base ../../build/aruco_following_controller build --build-base /home/vt/robotics-2110435/aruco_ws/build/aruco_following_controller/build install --record /home/vt/robotics-2110435/aruco_ws/build/aruco_following_controller/install.log --single-version-externally-managed
[1.559s] DEBUG:colcon.colcon_core.event_handler.log_command:Invoking command in '/home/vt/robotics-2110435/aruco_ws/src/keyboard_control': PYTHONPATH=/home/vt/robotics-2110435/aruco_ws/build/keyboard_control/prefix_override:/home/vt/robotics-2110435/aruco_ws/install/keyboard_control/lib/python3.10/site-packages:${PYTHONPATH} /usr/bin/python3 setup.py egg_info --egg-base ../../build/keyboard_control build --build-base /home/vt/robotics-2110435/aruco_ws/build/keyboard_control/build install --record /home/vt/robotics-2110435/aruco_ws/build/keyboard_control/install.log --single-version-externally-managed
[1.883s] DEBUG:colcon.colcon_core.event_handler.log_command:Invoked command in '/home/vt/robotics-2110435/aruco_ws/src/aruco_following_controller' returned '0': PYTHONPATH=/home/vt/robotics-2110435/aruco_ws/build/aruco_following_controller/prefix_override:/home/vt/robotics-2110435/aruco_ws/install/aruco_following_controller/lib/python3.10/site-packages:${PYTHONPATH} /usr/bin/python3 setup.py egg_info --egg-base ../../build/aruco_following_controller build --build-base /home/vt/robotics-2110435/aruco_ws/build/aruco_following_controller/build install --record /home/vt/robotics-2110435/aruco_ws/build/aruco_following_controller/install.log --single-version-externally-managed
[1.897s] Level 1:colcon.colcon_core.environment:checking '/home/vt/robotics-2110435/aruco_ws/install/aruco_following_controller' for CMake module files
[1.897s] Level 1:colcon.colcon_core.environment:checking '/home/vt/robotics-2110435/aruco_ws/install/aruco_following_controller' for CMake config files
[1.898s] Level 1:colcon.colcon_core.environment:checking '/home/vt/robotics-2110435/aruco_ws/install/aruco_following_controller/lib'
[1.898s] Level 1:colcon.colcon_core.environment:checking '/home/vt/robotics-2110435/aruco_ws/install/aruco_following_controller/bin'
[1.898s] Level 1:colcon.colcon_core.environment:checking '/home/vt/robotics-2110435/aruco_ws/install/aruco_following_controller/lib/pkgconfig/aruco_following_controller.pc'
[1.898s] Level 1:colcon.colcon_core.environment:checking '/home/vt/robotics-2110435/aruco_ws/install/aruco_following_controller/lib/python3.10/site-packages'
[1.898s] Level 1:colcon.colcon_core.shell:create_environment_hook('aruco_following_controller', 'pythonpath')
[1.909s] INFO:colcon.colcon_core.shell:Creating environment hook '/home/vt/robotics-2110435/aruco_ws/install/aruco_following_controller/share/aruco_following_controller/hook/pythonpath.ps1'
[1.910s] INFO:colcon.colcon_core.shell:Creating environment descriptor '/home/vt/robotics-2110435/aruco_ws/install/aruco_following_controller/share/aruco_following_controller/hook/pythonpath.dsv'
[1.910s] INFO:colcon.colcon_core.shell:Creating environment hook '/home/vt/robotics-2110435/aruco_ws/install/aruco_following_controller/share/aruco_following_controller/hook/pythonpath.sh'
[1.911s] Level 1:colcon.colcon_core.environment:checking '/home/vt/robotics-2110435/aruco_ws/install/aruco_following_controller/bin'
[1.911s] Level 1:colcon.colcon_core.environment:create_environment_scripts_only(aruco_following_controller)
[1.923s] INFO:colcon.colcon_core.shell:Creating package script '/home/vt/robotics-2110435/aruco_ws/install/aruco_following_controller/share/aruco_following_controller/package.ps1'
[1.924s] INFO:colcon.colcon_core.shell:Creating package descriptor '/home/vt/robotics-2110435/aruco_ws/install/aruco_following_controller/share/aruco_following_controller/package.dsv'
[1.924s] INFO:colcon.colcon_core.shell:Creating package script '/home/vt/robotics-2110435/aruco_ws/install/aruco_following_controller/share/aruco_following_controller/package.sh'
[1.925s] INFO:colcon.colcon_core.shell:Creating package script '/home/vt/robotics-2110435/aruco_ws/install/aruco_following_controller/share/aruco_following_controller/package.bash'
[1.925s] INFO:colcon.colcon_core.shell:Creating package script '/home/vt/robotics-2110435/aruco_ws/install/aruco_following_controller/share/aruco_following_controller/package.zsh'
[1.926s] Level 1:colcon.colcon_core.environment:create_file_with_runtime_dependencies(/home/vt/robotics-2110435/aruco_ws/install/aruco_following_controller/share/colcon-core/packages/aruco_following_controller)
[1.928s] DEBUG:colcon.colcon_core.event_handler.log_command:Invoked command in '/home/vt/robotics-2110435/aruco_ws/src/keyboard_control' returned '0': PYTHONPATH=/home/vt/robotics-2110435/aruco_ws/build/keyboard_control/prefix_override:/home/vt/robotics-2110435/aruco_ws/install/keyboard_control/lib/python3.10/site-packages:${PYTHONPATH} /usr/bin/python3 setup.py egg_info --egg-base ../../build/keyboard_control build --build-base /home/vt/robotics-2110435/aruco_ws/build/keyboard_control/build install --record /home/vt/robotics-2110435/aruco_ws/build/keyboard_control/install.log --single-version-externally-managed
[1.936s] Level 1:colcon.colcon_core.environment:checking '/home/vt/robotics-2110435/aruco_ws/install/keyboard_control' for CMake module files
[1.936s] Level 1:colcon.colcon_core.environment:checking '/home/vt/robotics-2110435/aruco_ws/install/keyboard_control' for CMake config files
[1.937s] Level 1:colcon.colcon_core.environment:checking '/home/vt/robotics-2110435/aruco_ws/install/keyboard_control/lib'
[1.937s] Level 1:colcon.colcon_core.environment:checking '/home/vt/robotics-2110435/aruco_ws/install/keyboard_control/bin'
[1.937s] Level 1:colcon.colcon_core.environment:checking '/home/vt/robotics-2110435/aruco_ws/install/keyboard_control/lib/pkgconfig/keyboard_control.pc'
[1.937s] Level 1:colcon.colcon_core.environment:checking '/home/vt/robotics-2110435/aruco_ws/install/keyboard_control/lib/python3.10/site-packages'
[1.937s] Level 1:colcon.colcon_core.shell:create_environment_hook('keyboard_control', 'pythonpath')
[1.946s] INFO:colcon.colcon_core.shell:Creating environment hook '/home/vt/robotics-2110435/aruco_ws/install/keyboard_control/share/keyboard_control/hook/pythonpath.ps1'
[1.946s] INFO:colcon.colcon_core.shell:Creating environment descriptor '/home/vt/robotics-2110435/aruco_ws/install/keyboard_control/share/keyboard_control/hook/pythonpath.dsv'
[1.946s] INFO:colcon.colcon_core.shell:Creating environment hook '/home/vt/robotics-2110435/aruco_ws/install/keyboard_control/share/keyboard_control/hook/pythonpath.sh'
[1.947s] Level 1:colcon.colcon_core.environment:checking '/home/vt/robotics-2110435/aruco_ws/install/keyboard_control/bin'
[1.947s] Level 1:colcon.colcon_core.environment:create_environment_scripts_only(keyboard_control)
[1.955s] INFO:colcon.colcon_core.shell:Creating package script '/home/vt/robotics-2110435/aruco_ws/install/keyboard_control/share/keyboard_control/package.ps1'
[1.955s] INFO:colcon.colcon_core.shell:Creating package descriptor '/home/vt/robotics-2110435/aruco_ws/install/keyboard_control/share/keyboard_control/package.dsv'
[1.955s] INFO:colcon.colcon_core.shell:Creating package script '/home/vt/robotics-2110435/aruco_ws/install/keyboard_control/share/keyboard_control/package.sh'
[1.956s] INFO:colcon.colcon_core.shell:Creating package script '/home/vt/robotics-2110435/aruco_ws/install/keyboard_control/share/keyboard_control/package.bash'
[1.956s] INFO:colcon.colcon_core.shell:Creating package script '/home/vt/robotics-2110435/aruco_ws/install/keyboard_control/share/keyboard_control/package.zsh'
[1.956s] Level 1:colcon.colcon_core.environment:create_file_with_runtime_dependencies(/home/vt/robotics-2110435/aruco_ws/install/keyboard_control/share/colcon-core/packages/keyboard_control)
[2.113s] DEBUG:colcon.colcon_core.event_handler.log_command:Invoked command in '/home/vt/robotics-2110435/aruco_ws/build/aruco_controller' returned '0': CMAKE_PREFIX_PATH=${CMAKE_PREFIX_PATH}:/home/vt/robotics-2110435/challenge_2/install/challenge_2:/home/vt/robotics-2110435/robot_ws/install/turtle_square:/home/vt/robotics-2110435/robot_ws/install/turtle_pkg:/home/vt/robotics-2110435/robot_ws/install/ros2_aruco:/home/vt/robotics-2110435/tracking_ws/install/keyboard_control:/home/vt/robotics-2110435/tracking_ws/install/aruco_following_controller:/home/vt/robotics-2110435/challenge_1/install/robot_marker:/opt/ros/humble /usr/bin/cmake /home/vt/robotics-2110435/aruco_ws/src/aruco_controller -DCMAKE_INSTALL_PREFIX=/home/vt/robotics-2110435/aruco_ws/install/aruco_controller
[2.115s] DEBUG:colcon.colcon_core.event_handler.log_command:Invoking command in '/home/vt/robotics-2110435/aruco_ws/build/aruco_controller': CMAKE_PREFIX_PATH=${CMAKE_PREFIX_PATH}:/home/vt/robotics-2110435/challenge_2/install/challenge_2:/home/vt/robotics-2110435/robot_ws/install/turtle_square:/home/vt/robotics-2110435/robot_ws/install/turtle_pkg:/home/vt/robotics-2110435/robot_ws/install/ros2_aruco:/home/vt/robotics-2110435/tracking_ws/install/keyboard_control:/home/vt/robotics-2110435/tracking_ws/install/aruco_following_controller:/home/vt/robotics-2110435/challenge_1/install/robot_marker:/opt/ros/humble /usr/bin/cmake --build /home/vt/robotics-2110435/aruco_ws/build/aruco_controller -- -j16 -l16
[2.359s] DEBUG:colcon.colcon_core.event_handler.log_command:Invoked command in '/home/vt/robotics-2110435/aruco_ws/build/aruco_controller' returned '0': CMAKE_PREFIX_PATH=${CMAKE_PREFIX_PATH}:/home/vt/robotics-2110435/challenge_2/install/challenge_2:/home/vt/robotics-2110435/robot_ws/install/turtle_square:/home/vt/robotics-2110435/robot_ws/install/turtle_pkg:/home/vt/robotics-2110435/robot_ws/install/ros2_aruco:/home/vt/robotics-2110435/tracking_ws/install/keyboard_control:/home/vt/robotics-2110435/tracking_ws/install/aruco_following_controller:/home/vt/robotics-2110435/challenge_1/install/robot_marker:/opt/ros/humble /usr/bin/cmake --build /home/vt/robotics-2110435/aruco_ws/build/aruco_controller -- -j16 -l16
[2.391s] DEBUG:colcon.colcon_core.event_handler.log_command:Invoking command in '/home/vt/robotics-2110435/aruco_ws/build/aruco_controller': CMAKE_PREFIX_PATH=${CMAKE_PREFIX_PATH}:/home/vt/robotics-2110435/challenge_2/install/challenge_2:/home/vt/robotics-2110435/robot_ws/install/turtle_square:/home/vt/robotics-2110435/robot_ws/install/turtle_pkg:/home/vt/robotics-2110435/robot_ws/install/ros2_aruco:/home/vt/robotics-2110435/tracking_ws/install/keyboard_control:/home/vt/robotics-2110435/tracking_ws/install/aruco_following_controller:/home/vt/robotics-2110435/challenge_1/install/robot_marker:/opt/ros/humble /usr/bin/cmake --install /home/vt/robotics-2110435/aruco_ws/build/aruco_controller
[2.430s] Level 1:colcon.colcon_core.environment:create_environment_scripts_only(aruco_controller)
[2.430s] DEBUG:colcon.colcon_core.event_handler.log_command:Invoked command in '/home/vt/robotics-2110435/aruco_ws/build/aruco_controller' returned '0': CMAKE_PREFIX_PATH=${CMAKE_PREFIX_PATH}:/home/vt/robotics-2110435/challenge_2/install/challenge_2:/home/vt/robotics-2110435/robot_ws/install/turtle_square:/home/vt/robotics-2110435/robot_ws/install/turtle_pkg:/home/vt/robotics-2110435/robot_ws/install/ros2_aruco:/home/vt/robotics-2110435/tracking_ws/install/keyboard_control:/home/vt/robotics-2110435/tracking_ws/install/aruco_following_controller:/home/vt/robotics-2110435/challenge_1/install/robot_marker:/opt/ros/humble /usr/bin/cmake --install /home/vt/robotics-2110435/aruco_ws/build/aruco_controller
[2.437s] Level 1:colcon.colcon_core.environment:checking '/home/vt/robotics-2110435/aruco_ws/install/aruco_controller' for CMake module files
[2.437s] Level 1:colcon.colcon_core.environment:checking '/home/vt/robotics-2110435/aruco_ws/install/aruco_controller' for CMake config files
[2.437s] Level 1:colcon.colcon_core.shell:create_environment_hook('aruco_controller', 'cmake_prefix_path')
[2.443s] INFO:colcon.colcon_core.shell:Creating environment hook '/home/vt/robotics-2110435/aruco_ws/install/aruco_controller/share/aruco_controller/hook/cmake_prefix_path.ps1'
[2.443s] INFO:colcon.colcon_core.shell:Creating environment descriptor '/home/vt/robotics-2110435/aruco_ws/install/aruco_controller/share/aruco_controller/hook/cmake_prefix_path.dsv'
[2.443s] INFO:colcon.colcon_core.shell:Creating environment hook '/home/vt/robotics-2110435/aruco_ws/install/aruco_controller/share/aruco_controller/hook/cmake_prefix_path.sh'
[2.443s] Level 1:colcon.colcon_core.environment:checking '/home/vt/robotics-2110435/aruco_ws/install/aruco_controller/lib'
[2.443s] Level 1:colcon.colcon_core.environment:checking '/home/vt/robotics-2110435/aruco_ws/install/aruco_controller/bin'
[2.444s] Level 1:colcon.colcon_core.environment:checking '/home/vt/robotics-2110435/aruco_ws/install/aruco_controller/lib/pkgconfig/aruco_controller.pc'
[2.444s] Level 1:colcon.colcon_core.environment:checking '/home/vt/robotics-2110435/aruco_ws/install/aruco_controller/lib/python3.10/site-packages'
[2.444s] Level 1:colcon.colcon_core.environment:checking '/home/vt/robotics-2110435/aruco_ws/install/aruco_controller/bin'
[2.452s] INFO:colcon.colcon_core.shell:Creating package script '/home/vt/robotics-2110435/aruco_ws/install/aruco_controller/share/aruco_controller/package.ps1'
[2.452s] INFO:colcon.colcon_core.shell:Creating package descriptor '/home/vt/robotics-2110435/aruco_ws/install/aruco_controller/share/aruco_controller/package.dsv'
[2.452s] INFO:colcon.colcon_core.shell:Creating package script '/home/vt/robotics-2110435/aruco_ws/install/aruco_controller/share/aruco_controller/package.sh'
[2.453s] INFO:colcon.colcon_core.shell:Creating package script '/home/vt/robotics-2110435/aruco_ws/install/aruco_controller/share/aruco_controller/package.bash'
[2.453s] INFO:colcon.colcon_core.shell:Creating package script '/home/vt/robotics-2110435/aruco_ws/install/aruco_controller/share/aruco_controller/package.zsh'
[2.453s] Level 1:colcon.colcon_core.environment:create_file_with_runtime_dependencies(/home/vt/robotics-2110435/aruco_ws/install/aruco_controller/share/colcon-core/packages/aruco_controller)
[2.489s] Level 1:colcon.colcon_core.environment:create_environment_scripts_only(aruco_controller)
[2.495s] Level 1:colcon.colcon_core.environment:checking '/home/vt/robotics-2110435/aruco_ws/install/aruco_controller' for CMake module files
[2.496s] Level 1:colcon.colcon_core.environment:checking '/home/vt/robotics-2110435/aruco_ws/install/aruco_controller' for CMake config files
[2.496s] Level 1:colcon.colcon_core.shell:create_environment_hook('aruco_controller', 'cmake_prefix_path')
[2.502s] INFO:colcon.colcon_core.shell:Creating environment hook '/home/vt/robotics-2110435/aruco_ws/install/aruco_controller/share/aruco_controller/hook/cmake_prefix_path.ps1'
[2.502s] INFO:colcon.colcon_core.shell:Creating environment descriptor '/home/vt/robotics-2110435/aruco_ws/install/aruco_controller/share/aruco_controller/hook/cmake_prefix_path.dsv'
[2.502s] INFO:colcon.colcon_core.shell:Creating environment hook '/home/vt/robotics-2110435/aruco_ws/install/aruco_controller/share/aruco_controller/hook/cmake_prefix_path.sh'
[2.502s] Level 1:colcon.colcon_core.environment:checking '/home/vt/robotics-2110435/aruco_ws/install/aruco_controller/lib'
[2.502s] Level 1:colcon.colcon_core.environment:checking '/home/vt/robotics-2110435/aruco_ws/install/aruco_controller/bin'
[2.502s] Level 1:colcon.colcon_core.environment:checking '/home/vt/robotics-2110435/aruco_ws/install/aruco_controller/lib/pkgconfig/aruco_controller.pc'
[2.503s] Level 1:colcon.colcon_core.environment:checking '/home/vt/robotics-2110435/aruco_ws/install/aruco_controller/lib/python3.10/site-packages'
[2.503s] Level 1:colcon.colcon_core.environment:checking '/home/vt/robotics-2110435/aruco_ws/install/aruco_controller/bin'
[2.508s] INFO:colcon.colcon_core.shell:Creating package script '/home/vt/robotics-2110435/aruco_ws/install/aruco_controller/share/aruco_controller/package.ps1'
[2.509s] INFO:colcon.colcon_core.shell:Creating package descriptor '/home/vt/robotics-2110435/aruco_ws/install/aruco_controller/share/aruco_controller/package.dsv'
[2.509s] INFO:colcon.colcon_core.shell:Creating package script '/home/vt/robotics-2110435/aruco_ws/install/aruco_controller/share/aruco_controller/package.sh'
[2.509s] INFO:colcon.colcon_core.shell:Creating package script '/home/vt/robotics-2110435/aruco_ws/install/aruco_controller/share/aruco_controller/package.bash'
[2.509s] INFO:colcon.colcon_core.shell:Creating package script '/home/vt/robotics-2110435/aruco_ws/install/aruco_controller/share/aruco_controller/package.zsh'
[2.509s] Level 1:colcon.colcon_core.environment:create_file_with_runtime_dependencies(/home/vt/robotics-2110435/aruco_ws/install/aruco_controller/share/colcon-core/packages/aruco_controller)
[2.775s] DEBUG:colcon.colcon_core.event_handler.log_command:Invoked command in '/home/vt/robotics-2110435/aruco_ws/build/web_video_server' returned '0': CMAKE_PREFIX_PATH=${CMAKE_PREFIX_PATH}:/home/vt/robotics-2110435/challenge_2/install/challenge_2:/home/vt/robotics-2110435/robot_ws/install/turtle_square:/home/vt/robotics-2110435/robot_ws/install/turtle_pkg:/home/vt/robotics-2110435/robot_ws/install/ros2_aruco:/home/vt/robotics-2110435/tracking_ws/install/keyboard_control:/home/vt/robotics-2110435/tracking_ws/install/aruco_following_controller:/home/vt/robotics-2110435/challenge_1/install/robot_marker:/opt/ros/humble /usr/bin/cmake /home/vt/robotics-2110435/aruco_ws/src/web_video_server -DCMAKE_INSTALL_PREFIX=/home/vt/robotics-2110435/aruco_ws/install/web_video_server
[2.776s] DEBUG:colcon.colcon_core.event_handler.log_command:Invoking command in '/home/vt/robotics-2110435/aruco_ws/build/web_video_server': CMAKE_PREFIX_PATH=${CMAKE_PREFIX_PATH}:/home/vt/robotics-2110435/challenge_2/install/challenge_2:/home/vt/robotics-2110435/robot_ws/install/turtle_square:/home/vt/robotics-2110435/robot_ws/install/turtle_pkg:/home/vt/robotics-2110435/robot_ws/install/ros2_aruco:/home/vt/robotics-2110435/tracking_ws/install/keyboard_control:/home/vt/robotics-2110435/tracking_ws/install/aruco_following_controller:/home/vt/robotics-2110435/challenge_1/install/robot_marker:/opt/ros/humble /usr/bin/cmake --build /home/vt/robotics-2110435/aruco_ws/build/web_video_server -- -j16 -l16
[12.678s] DEBUG:colcon.colcon_core.event_handler.log_command:Invoked command in '/home/vt/robotics-2110435/aruco_ws/build/web_video_server' returned '0': CMAKE_PREFIX_PATH=${CMAKE_PREFIX_PATH}:/home/vt/robotics-2110435/challenge_2/install/challenge_2:/home/vt/robotics-2110435/robot_ws/install/turtle_square:/home/vt/robotics-2110435/robot_ws/install/turtle_pkg:/home/vt/robotics-2110435/robot_ws/install/ros2_aruco:/home/vt/robotics-2110435/tracking_ws/install/keyboard_control:/home/vt/robotics-2110435/tracking_ws/install/aruco_following_controller:/home/vt/robotics-2110435/challenge_1/install/robot_marker:/opt/ros/humble /usr/bin/cmake --build /home/vt/robotics-2110435/aruco_ws/build/web_video_server -- -j16 -l16
[12.727s] DEBUG:colcon.colcon_core.event_handler.log_command:Invoking command in '/home/vt/robotics-2110435/aruco_ws/build/web_video_server': CMAKE_PREFIX_PATH=${CMAKE_PREFIX_PATH}:/home/vt/robotics-2110435/challenge_2/install/challenge_2:/home/vt/robotics-2110435/robot_ws/install/turtle_square:/home/vt/robotics-2110435/robot_ws/install/turtle_pkg:/home/vt/robotics-2110435/robot_ws/install/ros2_aruco:/home/vt/robotics-2110435/tracking_ws/install/keyboard_control:/home/vt/robotics-2110435/tracking_ws/install/aruco_following_controller:/home/vt/robotics-2110435/challenge_1/install/robot_marker:/opt/ros/humble /usr/bin/cmake --install /home/vt/robotics-2110435/aruco_ws/build/web_video_server
[12.740s] Level 1:colcon.colcon_core.environment:create_environment_scripts_only(web_video_server)
[12.741s] DEBUG:colcon.colcon_core.event_handler.log_command:Invoked command in '/home/vt/robotics-2110435/aruco_ws/build/web_video_server' returned '0': CMAKE_PREFIX_PATH=${CMAKE_PREFIX_PATH}:/home/vt/robotics-2110435/challenge_2/install/challenge_2:/home/vt/robotics-2110435/robot_ws/install/turtle_square:/home/vt/robotics-2110435/robot_ws/install/turtle_pkg:/home/vt/robotics-2110435/robot_ws/install/ros2_aruco:/home/vt/robotics-2110435/tracking_ws/install/keyboard_control:/home/vt/robotics-2110435/tracking_ws/install/aruco_following_controller:/home/vt/robotics-2110435/challenge_1/install/robot_marker:/opt/ros/humble /usr/bin/cmake --install /home/vt/robotics-2110435/aruco_ws/build/web_video_server
[12.752s] Level 1:colcon.colcon_core.environment:checking '/home/vt/robotics-2110435/aruco_ws/install/web_video_server' for CMake module files
[12.753s] Level 1:colcon.colcon_core.environment:checking '/home/vt/robotics-2110435/aruco_ws/install/web_video_server' for CMake config files
[12.753s] Level 1:colcon.colcon_core.shell:create_environment_hook('web_video_server', 'cmake_prefix_path')
[12.764s] INFO:colcon.colcon_core.shell:Creating environment hook '/home/vt/robotics-2110435/aruco_ws/install/web_video_server/share/web_video_server/hook/cmake_prefix_path.ps1'
[12.764s] INFO:colcon.colcon_core.shell:Creating environment descriptor '/home/vt/robotics-2110435/aruco_ws/install/web_video_server/share/web_video_server/hook/cmake_prefix_path.dsv'
[12.764s] INFO:colcon.colcon_core.shell:Creating environment hook '/home/vt/robotics-2110435/aruco_ws/install/web_video_server/share/web_video_server/hook/cmake_prefix_path.sh'
[12.765s] Level 1:colcon.colcon_core.environment:checking '/home/vt/robotics-2110435/aruco_ws/install/web_video_server/lib'
[12.765s] Level 1:colcon.colcon_core.environment:checking '/home/vt/robotics-2110435/aruco_ws/install/web_video_server/bin'
[12.765s] Level 1:colcon.colcon_core.environment:checking '/home/vt/robotics-2110435/aruco_ws/install/web_video_server/lib/pkgconfig/web_video_server.pc'
[12.765s] Level 1:colcon.colcon_core.environment:checking '/home/vt/robotics-2110435/aruco_ws/install/web_video_server/lib/python3.10/site-packages'
[12.765s] Level 1:colcon.colcon_core.environment:checking '/home/vt/robotics-2110435/aruco_ws/install/web_video_server/bin'
[12.774s] INFO:colcon.colcon_core.shell:Creating package script '/home/vt/robotics-2110435/aruco_ws/install/web_video_server/share/web_video_server/package.ps1'
[12.774s] INFO:colcon.colcon_core.shell:Creating package descriptor '/home/vt/robotics-2110435/aruco_ws/install/web_video_server/share/web_video_server/package.dsv'
[12.774s] INFO:colcon.colcon_core.shell:Creating package script '/home/vt/robotics-2110435/aruco_ws/install/web_video_server/share/web_video_server/package.sh'
[12.775s] INFO:colcon.colcon_core.shell:Creating package script '/home/vt/robotics-2110435/aruco_ws/install/web_video_server/share/web_video_server/package.bash'
[12.775s] INFO:colcon.colcon_core.shell:Creating package script '/home/vt/robotics-2110435/aruco_ws/install/web_video_server/share/web_video_server/package.zsh'
[12.775s] Level 1:colcon.colcon_core.environment:create_file_with_runtime_dependencies(/home/vt/robotics-2110435/aruco_ws/install/web_video_server/share/colcon-core/packages/web_video_server)
[12.833s] Level 1:colcon.colcon_core.environment:create_environment_scripts_only(web_video_server)
[12.839s] Level 1:colcon.colcon_core.environment:checking '/home/vt/robotics-2110435/aruco_ws/install/web_video_server' for CMake module files
[12.840s] Level 1:colcon.colcon_core.environment:checking '/home/vt/robotics-2110435/aruco_ws/install/web_video_server' for CMake config files
[12.840s] Level 1:colcon.colcon_core.shell:create_environment_hook('web_video_server', 'cmake_prefix_path')
[12.846s] INFO:colcon.colcon_core.shell:Creating environment hook '/home/vt/robotics-2110435/aruco_ws/install/web_video_server/share/web_video_server/hook/cmake_prefix_path.ps1'
[12.846s] INFO:colcon.colcon_core.shell:Creating environment descriptor '/home/vt/robotics-2110435/aruco_ws/install/web_video_server/share/web_video_server/hook/cmake_prefix_path.dsv'
[12.847s] INFO:colcon.colcon_core.shell:Creating environment hook '/home/vt/robotics-2110435/aruco_ws/install/web_video_server/share/web_video_server/hook/cmake_prefix_path.sh'
[12.847s] Level 1:colcon.colcon_core.environment:checking '/home/vt/robotics-2110435/aruco_ws/install/web_video_server/lib'
[12.847s] Level 1:colcon.colcon_core.environment:checking '/home/vt/robotics-2110435/aruco_ws/install/web_video_server/bin'
[12.847s] Level 1:colcon.colcon_core.environment:checking '/home/vt/robotics-2110435/aruco_ws/install/web_video_server/lib/pkgconfig/web_video_server.pc'
[12.847s] Level 1:colcon.colcon_core.environment:checking '/home/vt/robotics-2110435/aruco_ws/install/web_video_server/lib/python3.10/site-packages'
[12.847s] Level 1:colcon.colcon_core.environment:checking '/home/vt/robotics-2110435/aruco_ws/install/web_video_server/bin'
[12.853s] INFO:colcon.colcon_core.shell:Creating package script '/home/vt/robotics-2110435/aruco_ws/install/web_video_server/share/web_video_server/package.ps1'
[12.854s] INFO:colcon.colcon_core.shell:Creating package descriptor '/home/vt/robotics-2110435/aruco_ws/install/web_video_server/share/web_video_server/package.dsv'
[12.854s] INFO:colcon.colcon_core.shell:Creating package script '/home/vt/robotics-2110435/aruco_ws/install/web_video_server/share/web_video_server/package.sh'
[12.854s] INFO:colcon.colcon_core.shell:Creating package script '/home/vt/robotics-2110435/aruco_ws/install/web_video_server/share/web_video_server/package.bash'
[12.854s] INFO:colcon.colcon_core.shell:Creating package script '/home/vt/robotics-2110435/aruco_ws/install/web_video_server/share/web_video_server/package.zsh'
[12.855s] Level 1:colcon.colcon_core.environment:create_file_with_runtime_dependencies(/home/vt/robotics-2110435/aruco_ws/install/web_video_server/share/colcon-core/packages/web_video_server)
[12.855s] DEBUG:colcon.colcon_parallel_executor.executor.parallel:closing loop
[12.855s] DEBUG:colcon.colcon_parallel_executor.executor.parallel:loop closed
[12.855s] DEBUG:colcon.colcon_parallel_executor.executor.parallel:run_until_complete finished with '0'
[12.855s] DEBUG:colcon.colcon_core.event_reactor:joining thread
[12.864s] INFO:colcon.colcon_core.plugin_system:Skipping extension 'colcon_notification.desktop_notification.terminal_notifier': Not used on non-Darwin systems
[12.864s] INFO:colcon.colcon_core.plugin_system:Skipping extension 'colcon_notification.desktop_notification.win32': Not used on non-Windows systems
[12.864s] INFO:colcon.colcon_notification.desktop_notification:Sending desktop notification using 'notify2'
[12.872s] DEBUG:colcon.colcon_core.event_reactor:joined thread
[12.883s] INFO:colcon.colcon_core.shell:Creating prefix script '/home/vt/robotics-2110435/aruco_ws/install/local_setup.ps1'
[12.883s] INFO:colcon.colcon_core.shell:Creating prefix util module '/home/vt/robotics-2110435/aruco_ws/install/_local_setup_util_ps1.py'
[12.884s] INFO:colcon.colcon_core.shell:Creating prefix chain script '/home/vt/robotics-2110435/aruco_ws/install/setup.ps1'
[12.893s] INFO:colcon.colcon_core.shell:Creating prefix script '/home/vt/robotics-2110435/aruco_ws/install/local_setup.sh'
[12.893s] INFO:colcon.colcon_core.shell:Creating prefix util module '/home/vt/robotics-2110435/aruco_ws/install/_local_setup_util_sh.py'
[12.894s] INFO:colcon.colcon_core.shell:Creating prefix chain script '/home/vt/robotics-2110435/aruco_ws/install/setup.sh'
[12.901s] INFO:colcon.colcon_core.shell:Creating prefix script '/home/vt/robotics-2110435/aruco_ws/install/local_setup.bash'
[12.902s] INFO:colcon.colcon_core.shell:Creating prefix chain script '/home/vt/robotics-2110435/aruco_ws/install/setup.bash'
[12.909s] INFO:colcon.colcon_core.shell:Creating prefix script '/home/vt/robotics-2110435/aruco_ws/install/local_setup.zsh'
[12.909s] INFO:colcon.colcon_core.shell:Creating prefix chain script '/home/vt/robotics-2110435/aruco_ws/install/setup.zsh'
