running egg_info
writing ../../build/turtle_pkg/turtle_pkg.egg-info/PKG-INFO
writing dependency_links to ../../build/turtle_pkg/turtle_pkg.egg-info/dependency_links.txt
writing entry points to ../../build/turtle_pkg/turtle_pkg.egg-info/entry_points.txt
writing requirements to ../../build/turtle_pkg/turtle_pkg.egg-info/requires.txt
writing top-level names to ../../build/turtle_pkg/turtle_pkg.egg-info/top_level.txt
reading manifest file '../../build/turtle_pkg/turtle_pkg.egg-info/SOURCES.txt'
writing manifest file '../../build/turtle_pkg/turtle_pkg.egg-info/SOURCES.txt'
running build
running build_py
copying turtle_pkg/turtle_sq.py -> /home/parallels/robotics-2110435/robot_ws/build/turtle_pkg/build/lib/turtle_pkg
running install
/usr/lib/python3/dist-packages/setuptools/command/install.py:34: SetuptoolsDeprecationWarning: setup.py install is deprecated. Use build and pip and other standards-based tools.
  warnings.warn(
running install_lib
copying /home/parallels/robotics-2110435/robot_ws/build/turtle_pkg/build/lib/turtle_pkg/turtle_sq.py -> /home/parallels/robotics-2110435/robot_ws/install/turtle_pkg/lib/python3.10/site-packages/turtle_pkg
byte-compiling /home/parallels/robotics-2110435/robot_ws/install/turtle_pkg/lib/python3.10/site-packages/turtle_pkg/turtle_sq.py to turtle_sq.cpython-310.pyc
running install_data
running install_egg_info
removing '/home/parallels/robotics-2110435/robot_ws/install/turtle_pkg/lib/python3.10/site-packages/turtle_pkg-0.0.0-py3.10.egg-info' (and everything under it)
Copying ../../build/turtle_pkg/turtle_pkg.egg-info to /home/parallels/robotics-2110435/robot_ws/install/turtle_pkg/lib/python3.10/site-packages/turtle_pkg-0.0.0-py3.10.egg-info
running install_scripts
Installing turtle_sq script to /home/parallels/robotics-2110435/robot_ws/install/turtle_pkg/lib/turtle_pkg
writing list of installed files to '/home/parallels/robotics-2110435/robot_ws/build/turtle_pkg/install.log'
