[0.179s] Invoking command in '/home/parallels/robotics-2110435/tracking_ws/src/build/aruco_controller': CMAKE_PREFIX_PATH=/home/parallels/robotics-2110435/challenge_1/install/robot_marker:/home/parallels/robotics-2110435/robot_ws/install/turtle_square:/home/parallels/robotics-2110435/robot_ws/install/turtle_pkg:/home/parallels/robotics-2110435/robot_ws/install/ros2_aruco:/home/parallels/my_robot_ws/install/my_py_pkg:/opt/ros/humble /usr/bin/cmake --build /home/parallels/robotics-2110435/tracking_ws/src/build/aruco_controller -- -j6 -l6
[0.516s] Built target ament_cmake_python_copy_aruco_controller
[0.516s] running egg_info
[0.516s] creating aruco_controller.egg-info
[0.516s] writing aruco_controller.egg-info/PKG-INFO
[0.516s] writing dependency_links to aruco_controller.egg-info/dependency_links.txt
[0.516s] writing top-level names to aruco_controller.egg-info/top_level.txt
[0.516s] writing manifest file 'aruco_controller.egg-info/SOURCES.txt'
[0.517s] reading manifest file 'aruco_controller.egg-info/SOURCES.txt'
[0.517s] writing manifest file 'aruco_controller.egg-info/SOURCES.txt'
[0.517s] Built target ament_cmake_python_build_aruco_controller_egg
[0.518s] Invoked command in '/home/parallels/robotics-2110435/tracking_ws/src/build/aruco_controller' returned '0': CMAKE_PREFIX_PATH=/home/parallels/robotics-2110435/challenge_1/install/robot_marker:/home/parallels/robotics-2110435/robot_ws/install/turtle_square:/home/parallels/robotics-2110435/robot_ws/install/turtle_pkg:/home/parallels/robotics-2110435/robot_ws/install/ros2_aruco:/home/parallels/my_robot_ws/install/my_py_pkg:/opt/ros/humble /usr/bin/cmake --build /home/parallels/robotics-2110435/tracking_ws/src/build/aruco_controller -- -j6 -l6
[0.545s] Invoking command in '/home/parallels/robotics-2110435/tracking_ws/src/build/aruco_controller': CMAKE_PREFIX_PATH=/home/parallels/robotics-2110435/challenge_1/install/robot_marker:/home/parallels/robotics-2110435/robot_ws/install/turtle_square:/home/parallels/robotics-2110435/robot_ws/install/turtle_pkg:/home/parallels/robotics-2110435/robot_ws/install/ros2_aruco:/home/parallels/my_robot_ws/install/my_py_pkg:/opt/ros/humble /usr/bin/cmake --install /home/parallels/robotics-2110435/tracking_ws/src/build/aruco_controller
[0.552s] -- Install configuration: ""
[0.552s] -- Installing: /home/parallels/robotics-2110435/tracking_ws/src/install/aruco_controller/share/aruco_controller/environment/pythonpath.sh
[0.552s] -- Installing: /home/parallels/robotics-2110435/tracking_ws/src/install/aruco_controller/share/aruco_controller/environment/pythonpath.dsv
[0.552s] -- Installing: /home/parallels/robotics-2110435/tracking_ws/src/install/aruco_controller/local/lib/python3.10/dist-packages/aruco_controller-0.0.0-py3.10.egg-info
[0.552s] -- Installing: /home/parallels/robotics-2110435/tracking_ws/src/install/aruco_controller/local/lib/python3.10/dist-packages/aruco_controller-0.0.0-py3.10.egg-info/PKG-INFO
[0.552s] -- Installing: /home/parallels/robotics-2110435/tracking_ws/src/install/aruco_controller/local/lib/python3.10/dist-packages/aruco_controller-0.0.0-py3.10.egg-info/SOURCES.txt
[0.552s] -- Installing: /home/parallels/robotics-2110435/tracking_ws/src/install/aruco_controller/local/lib/python3.10/dist-packages/aruco_controller-0.0.0-py3.10.egg-info/top_level.txt
[0.552s] -- Installing: /home/parallels/robotics-2110435/tracking_ws/src/install/aruco_controller/local/lib/python3.10/dist-packages/aruco_controller-0.0.0-py3.10.egg-info/dependency_links.txt
[0.553s] -- Installing: /home/parallels/robotics-2110435/tracking_ws/src/install/aruco_controller/local/lib/python3.10/dist-packages/aruco_controller
[0.553s] -- Installing: /home/parallels/robotics-2110435/tracking_ws/src/install/aruco_controller/local/lib/python3.10/dist-packages/aruco_controller/__init__.py
[0.553s] -- Installing: /home/parallels/robotics-2110435/tracking_ws/src/install/aruco_controller/local/lib/python3.10/dist-packages/aruco_controller/transformations.py
[0.553s] -- Installing: /home/parallels/robotics-2110435/tracking_ws/src/install/aruco_controller/local/lib/python3.10/dist-packages/aruco_controller/aruco_detector.py
[0.553s] -- Installing: /home/parallels/robotics-2110435/tracking_ws/src/install/aruco_controller/local/lib/python3.10/dist-packages/aruco_controller/detection_param.py
[0.580s] Listing '/home/parallels/robotics-2110435/tracking_ws/src/install/aruco_controller/local/lib/python3.10/dist-packages/aruco_controller'...
[0.580s] Compiling '/home/parallels/robotics-2110435/tracking_ws/src/install/aruco_controller/local/lib/python3.10/dist-packages/aruco_controller/__init__.py'...
[0.580s] Compiling '/home/parallels/robotics-2110435/tracking_ws/src/install/aruco_controller/local/lib/python3.10/dist-packages/aruco_controller/aruco_detector.py'...
[0.580s] Compiling '/home/parallels/robotics-2110435/tracking_ws/src/install/aruco_controller/local/lib/python3.10/dist-packages/aruco_controller/detection_param.py'...
[0.580s] Compiling '/home/parallels/robotics-2110435/tracking_ws/src/install/aruco_controller/local/lib/python3.10/dist-packages/aruco_controller/transformations.py'...
[0.583s] -- Installing: /home/parallels/robotics-2110435/tracking_ws/src/install/aruco_controller/lib/aruco_controller/aruco_detector.py
[0.583s] -- Installing: /home/parallels/robotics-2110435/tracking_ws/src/install/aruco_controller/lib/aruco_controller/detection_param.py
[0.583s] -- Installing: /home/parallels/robotics-2110435/tracking_ws/src/install/aruco_controller/share/aruco_controller/cfg
[0.583s] -- Installing: /home/parallels/robotics-2110435/tracking_ws/src/install/aruco_controller/share/aruco_controller/cfg/aruco_detect_param.yaml
[0.584s] -- Installing: /home/parallels/robotics-2110435/tracking_ws/src/install/aruco_controller/share/aruco_controller/cfg/marker_param.yaml
[0.584s] -- Installing: /home/parallels/robotics-2110435/tracking_ws/src/install/aruco_controller/share/aruco_controller/cfg/default_param.yaml
[0.584s] -- Installing: /home/parallels/robotics-2110435/tracking_ws/src/install/aruco_controller/share/aruco_controller/launch
[0.584s] -- Installing: /home/parallels/robotics-2110435/tracking_ws/src/install/aruco_controller/share/aruco_controller/launch/main_launch.py
[0.584s] -- Installing: /home/parallels/robotics-2110435/tracking_ws/src/install/aruco_controller/share/ament_index/resource_index/package_run_dependencies/aruco_controller
[0.584s] -- Installing: /home/parallels/robotics-2110435/tracking_ws/src/install/aruco_controller/share/ament_index/resource_index/parent_prefix_path/aruco_controller
[0.584s] -- Installing: /home/parallels/robotics-2110435/tracking_ws/src/install/aruco_controller/share/aruco_controller/environment/ament_prefix_path.sh
[0.584s] -- Installing: /home/parallels/robotics-2110435/tracking_ws/src/install/aruco_controller/share/aruco_controller/environment/ament_prefix_path.dsv
[0.584s] -- Installing: /home/parallels/robotics-2110435/tracking_ws/src/install/aruco_controller/share/aruco_controller/environment/path.sh
[0.584s] -- Installing: /home/parallels/robotics-2110435/tracking_ws/src/install/aruco_controller/share/aruco_controller/environment/path.dsv
[0.584s] -- Installing: /home/parallels/robotics-2110435/tracking_ws/src/install/aruco_controller/share/aruco_controller/local_setup.bash
[0.584s] -- Installing: /home/parallels/robotics-2110435/tracking_ws/src/install/aruco_controller/share/aruco_controller/local_setup.sh
[0.584s] -- Installing: /home/parallels/robotics-2110435/tracking_ws/src/install/aruco_controller/share/aruco_controller/local_setup.zsh
[0.584s] -- Installing: /home/parallels/robotics-2110435/tracking_ws/src/install/aruco_controller/share/aruco_controller/local_setup.dsv
[0.584s] -- Installing: /home/parallels/robotics-2110435/tracking_ws/src/install/aruco_controller/share/aruco_controller/package.dsv
[0.585s] -- Installing: /home/parallels/robotics-2110435/tracking_ws/src/install/aruco_controller/share/ament_index/resource_index/packages/aruco_controller
[0.585s] -- Installing: /home/parallels/robotics-2110435/tracking_ws/src/install/aruco_controller/share/aruco_controller/cmake/aruco_controllerConfig.cmake
[0.585s] -- Installing: /home/parallels/robotics-2110435/tracking_ws/src/install/aruco_controller/share/aruco_controller/cmake/aruco_controllerConfig-version.cmake
[0.585s] -- Installing: /home/parallels/robotics-2110435/tracking_ws/src/install/aruco_controller/share/aruco_controller/package.xml
[0.594s] Invoked command in '/home/parallels/robotics-2110435/tracking_ws/src/build/aruco_controller' returned '0': CMAKE_PREFIX_PATH=/home/parallels/robotics-2110435/challenge_1/install/robot_marker:/home/parallels/robotics-2110435/robot_ws/install/turtle_square:/home/parallels/robotics-2110435/robot_ws/install/turtle_pkg:/home/parallels/robotics-2110435/robot_ws/install/ros2_aruco:/home/parallels/my_robot_ws/install/my_py_pkg:/opt/ros/humble /usr/bin/cmake --install /home/parallels/robotics-2110435/tracking_ws/src/build/aruco_controller
