[0.299s] Invoking command in '/home/parallels/robotics-2110435/robot_ws/src/build/ros2_aruco_interfaces': CMAKE_PREFIX_PATH=/home/parallels/robotics-2110435/robot_ws/install/turtle_square:/home/parallels/robotics-2110435/robot_ws/install/turtle_pkg:/home/parallels/my_robot_ws/install/my_py_pkg:/opt/ros/humble /usr/bin/cmake /home/parallels/robotics-2110435/robot_ws/src/ros2_aruco/ros2_aruco_interfaces -DCMAKE_INSTALL_PREFIX=/home/parallels/robotics-2110435/robot_ws/src/install/ros2_aruco_interfaces
[0.482s] -- The C compiler identification is GNU 11.4.0
[0.483s] -- The CXX compiler identification is GNU 11.4.0
[0.483s] -- Detecting C compiler ABI info
[0.524s] -- Detecting C compiler ABI info - done
[0.528s] -- Check for working C compiler: /usr/bin/cc - skipped
[0.529s] -- Detecting C compile features
[0.530s] -- Detecting C compile features - done
[0.533s] -- Detecting CXX compiler ABI info
[0.593s] -- Detecting CXX compiler ABI info - done
[0.598s] -- Check for working CXX compiler: /usr/bin/c++ - skipped
[0.599s] -- Detecting CXX compile features
[0.599s] -- Detecting CXX compile features - done
[0.605s] -- Found ament_cmake: 1.3.5 (/opt/ros/humble/share/ament_cmake/cmake)
[0.716s] -- Found Python3: /usr/bin/python3.10 (found version "3.10.12") found components: Interpreter 
[0.783s] -- Found geometry_msgs: 4.2.3 (/opt/ros/humble/share/geometry_msgs/cmake)
[0.826s] -- Found rosidl_generator_c: 3.1.5 (/opt/ros/humble/share/rosidl_generator_c/cmake)
[0.831s] -- Found rosidl_adapter: 3.1.5 (/opt/ros/humble/share/rosidl_adapter/cmake)
[0.841s] -- Found rosidl_generator_cpp: 3.1.5 (/opt/ros/humble/share/rosidl_generator_cpp/cmake)
[0.855s] -- Using all available rosidl_typesupport_c: rosidl_typesupport_fastrtps_c;rosidl_typesupport_introspection_c
[0.875s] -- Using all available rosidl_typesupport_cpp: rosidl_typesupport_fastrtps_cpp;rosidl_typesupport_introspection_cpp
[0.981s] -- Found rosidl_default_generators: 1.2.0 (/opt/ros/humble/share/rosidl_default_generators/cmake)
[1.177s] -- Found ament_cmake_ros: 0.10.0 (/opt/ros/humble/share/ament_cmake_ros/cmake)
[1.450s] -- Using all available rosidl_typesupport_c: rosidl_typesupport_fastrtps_c;rosidl_typesupport_introspection_c
[1.553s] -- Using all available rosidl_typesupport_cpp: rosidl_typesupport_fastrtps_cpp;rosidl_typesupport_introspection_cpp
[1.567s] -- Found PythonInterp: /usr/bin/python3 (found suitable version "3.10.12", minimum required is "3.6") 
[1.569s] -- Found python_cmake_module: 0.10.0 (/opt/ros/humble/share/python_cmake_module/cmake)
[1.587s] -- Found PythonLibs: /usr/lib/aarch64-linux-gnu/libpython3.10.so (found suitable version "3.10.12", minimum required is "3.5") 
[1.587s] -- Using PYTHON_EXECUTABLE: /usr/bin/python3
[1.587s] -- Using PYTHON_INCLUDE_DIRS: /usr/include/python3.10
[1.587s] -- Using PYTHON_LIBRARIES: /usr/lib/aarch64-linux-gnu/libpython3.10.so
[1.601s] -- Found PythonExtra: .so  
[1.643s] -- Found ament_lint_auto: 0.12.8 (/opt/ros/humble/share/ament_lint_auto/cmake)
[1.664s] -- Added test 'copyright' to check source files copyright and LICENSE
[1.665s] -- Added test 'lint_cmake' to check CMake code style
[1.666s] -- Added test 'xmllint' to check XML markup files
[1.668s] -- Configuring done
[1.687s] -- Generating done
[1.689s] -- Build files have been written to: /home/parallels/robotics-2110435/robot_ws/src/build/ros2_aruco_interfaces
[1.694s] Invoked command in '/home/parallels/robotics-2110435/robot_ws/src/build/ros2_aruco_interfaces' returned '0': CMAKE_PREFIX_PATH=/home/parallels/robotics-2110435/robot_ws/install/turtle_square:/home/parallels/robotics-2110435/robot_ws/install/turtle_pkg:/home/parallels/my_robot_ws/install/my_py_pkg:/opt/ros/humble /usr/bin/cmake /home/parallels/robotics-2110435/robot_ws/src/ros2_aruco/ros2_aruco_interfaces -DCMAKE_INSTALL_PREFIX=/home/parallels/robotics-2110435/robot_ws/src/install/ros2_aruco_interfaces
[1.695s] Invoking command in '/home/parallels/robotics-2110435/robot_ws/src/build/ros2_aruco_interfaces': CMAKE_PREFIX_PATH=/home/parallels/robotics-2110435/robot_ws/install/turtle_square:/home/parallels/robotics-2110435/robot_ws/install/turtle_pkg:/home/parallels/my_robot_ws/install/my_py_pkg:/opt/ros/humble /usr/bin/cmake --build /home/parallels/robotics-2110435/robot_ws/src/build/ros2_aruco_interfaces -- -j6 -l6
[1.726s] [  3%] [34m[1mGenerating C code for ROS interfaces[0m
[1.733s] [  6%] [34m[1mGenerating C++ code for ROS interfaces[0m
[1.740s] [  6%] Built target ament_cmake_python_copy_ros2_aruco_interfaces
[1.866s] running egg_info
[1.867s] creating ros2_aruco_interfaces.egg-info
[1.867s] writing ros2_aruco_interfaces.egg-info/PKG-INFO
[1.867s] writing dependency_links to ros2_aruco_interfaces.egg-info/dependency_links.txt
[1.867s] writing top-level names to ros2_aruco_interfaces.egg-info/top_level.txt
[1.867s] writing manifest file 'ros2_aruco_interfaces.egg-info/SOURCES.txt'
[1.868s] reading manifest file 'ros2_aruco_interfaces.egg-info/SOURCES.txt'
[1.868s] writing manifest file 'ros2_aruco_interfaces.egg-info/SOURCES.txt'
[1.879s] [  6%] Built target ros2_aruco_interfaces__cpp
[1.880s] [  9%] [32mBuilding C object CMakeFiles/ros2_aruco_interfaces__rosidl_generator_c.dir/rosidl_generator_c/ros2_aruco_interfaces/msg/detail/aruco_markers__functions.c.o[0m
[1.884s] [  9%] Built target ament_cmake_python_build_ros2_aruco_interfaces_egg
[1.887s] [ 12%] [34m[1mGenerating C++ type support dispatch for ROS interfaces[0m
[1.887s] [ 16%] [34m[1mGenerating C++ type support for eProsima Fast-RTPS[0m
[1.888s] [ 19%] [34m[1mGenerating C++ introspection for ROS interfaces[0m
[1.943s] [ 22%] [32m[1mLinking C shared library libros2_aruco_interfaces__rosidl_generator_c.so[0m
[1.970s] [ 22%] Built target ros2_aruco_interfaces__rosidl_generator_c
[1.978s] [ 29%] [34m[1mGenerating C type support for eProsima Fast-RTPS[0m
[1.978s] [ 29%] [34m[1mGenerating C type support dispatch for ROS interfaces[0m
[1.978s] [ 32%] [34m[1mGenerating C introspection for ROS interfaces[0m
[2.020s] [ 35%] [32mBuilding CXX object CMakeFiles/ros2_aruco_interfaces__rosidl_typesupport_cpp.dir/rosidl_typesupport_cpp/ros2_aruco_interfaces/msg/aruco_markers__type_support.cpp.o[0m
[2.036s] [ 41%] [32mBuilding CXX object CMakeFiles/ros2_aruco_interfaces__rosidl_typesupport_introspection_cpp.dir/rosidl_typesupport_introspection_cpp/ros2_aruco_interfaces/msg/detail/aruco_markers__type_support.cpp.o[0m
[2.036s] [ 41%] [32mBuilding CXX object CMakeFiles/ros2_aruco_interfaces__rosidl_typesupport_fastrtps_cpp.dir/rosidl_typesupport_fastrtps_cpp/ros2_aruco_interfaces/msg/detail/dds_fastrtps/aruco_markers__type_support.cpp.o[0m
[2.122s] [ 45%] [32mBuilding CXX object CMakeFiles/ros2_aruco_interfaces__rosidl_typesupport_c.dir/rosidl_typesupport_c/ros2_aruco_interfaces/msg/aruco_markers__type_support.cpp.o[0m
[2.135s] [ 48%] [32mBuilding CXX object CMakeFiles/ros2_aruco_interfaces__rosidl_typesupport_fastrtps_c.dir/rosidl_typesupport_fastrtps_c/ros2_aruco_interfaces/msg/detail/aruco_markers__type_support_c.cpp.o[0m
[2.136s] [ 51%] [32mBuilding C object CMakeFiles/ros2_aruco_interfaces__rosidl_typesupport_introspection_c.dir/rosidl_typesupport_introspection_c/ros2_aruco_interfaces/msg/detail/aruco_markers__type_support.c.o[0m
[2.154s] [ 54%] [32m[1mLinking CXX shared library libros2_aruco_interfaces__rosidl_typesupport_c.so[0m
[2.177s] [ 58%] [32m[1mLinking C shared library libros2_aruco_interfaces__rosidl_typesupport_introspection_c.so[0m
[2.189s] [ 58%] Built target ros2_aruco_interfaces__rosidl_typesupport_c
[2.206s] [ 58%] Built target ros2_aruco_interfaces__rosidl_typesupport_introspection_c
[2.226s] [ 61%] [32m[1mLinking CXX shared library libros2_aruco_interfaces__rosidl_typesupport_cpp.so[0m
[2.256s] [ 61%] Built target ros2_aruco_interfaces__rosidl_typesupport_cpp
[2.337s] [ 64%] [32m[1mLinking CXX shared library libros2_aruco_interfaces__rosidl_typesupport_introspection_cpp.so[0m
[2.347s] [ 67%] [32m[1mLinking CXX shared library libros2_aruco_interfaces__rosidl_typesupport_fastrtps_c.so[0m
[2.357s] [ 70%] [32m[1mLinking CXX shared library libros2_aruco_interfaces__rosidl_typesupport_fastrtps_cpp.so[0m
[2.382s] [ 70%] Built target ros2_aruco_interfaces__rosidl_typesupport_introspection_cpp
[2.399s] [ 70%] Built target ros2_aruco_interfaces__rosidl_typesupport_fastrtps_c
[2.405s] [ 70%] Built target ros2_aruco_interfaces__rosidl_typesupport_fastrtps_cpp
[2.421s] [ 70%] Built target ros2_aruco_interfaces
[2.436s] [ 74%] [34m[1mGenerating Python code for ROS interfaces[0m
[2.602s] [ 74%] Built target ros2_aruco_interfaces__py
[2.619s] [ 77%] [32mBuilding C object CMakeFiles/ros2_aruco_interfaces__rosidl_generator_py.dir/rosidl_generator_py/ros2_aruco_interfaces/msg/_aruco_markers_s.c.o[0m
[2.708s] [ 80%] [32m[1mLinking C shared library rosidl_generator_py/ros2_aruco_interfaces/libros2_aruco_interfaces__rosidl_generator_py.so[0m
[2.737s] [ 80%] Built target ros2_aruco_interfaces__rosidl_generator_py
[2.754s] [ 90%] [32mBuilding C object CMakeFiles/ros2_aruco_interfaces__rosidl_typesupport_introspection_c__pyext.dir/rosidl_generator_py/ros2_aruco_interfaces/_ros2_aruco_interfaces_s.ep.rosidl_typesupport_introspection_c.c.o[0m
[2.754s] [ 90%] [32mBuilding C object CMakeFiles/ros2_aruco_interfaces__rosidl_typesupport_c__pyext.dir/rosidl_generator_py/ros2_aruco_interfaces/_ros2_aruco_interfaces_s.ep.rosidl_typesupport_c.c.o[0m
[2.754s] [ 90%] [32mBuilding C object CMakeFiles/ros2_aruco_interfaces__rosidl_typesupport_fastrtps_c__pyext.dir/rosidl_generator_py/ros2_aruco_interfaces/_ros2_aruco_interfaces_s.ep.rosidl_typesupport_fastrtps_c.c.o[0m
[2.819s] [ 93%] [32m[1mLinking C shared library rosidl_generator_py/ros2_aruco_interfaces/ros2_aruco_interfaces_s__rosidl_typesupport_introspection_c.cpython-310-aarch64-linux-gnu.so[0m
[2.819s] [100%] [32m[1mLinking C shared library rosidl_generator_py/ros2_aruco_interfaces/ros2_aruco_interfaces_s__rosidl_typesupport_fastrtps_c.cpython-310-aarch64-linux-gnu.so[0m
[2.819s] [100%] [32m[1mLinking C shared library rosidl_generator_py/ros2_aruco_interfaces/ros2_aruco_interfaces_s__rosidl_typesupport_c.cpython-310-aarch64-linux-gnu.so[0m
[2.848s] [100%] Built target ros2_aruco_interfaces__rosidl_typesupport_introspection_c__pyext
[2.848s] [100%] Built target ros2_aruco_interfaces__rosidl_typesupport_fastrtps_c__pyext
[2.848s] [100%] Built target ros2_aruco_interfaces__rosidl_typesupport_c__pyext
[2.858s] Invoked command in '/home/parallels/robotics-2110435/robot_ws/src/build/ros2_aruco_interfaces' returned '0': CMAKE_PREFIX_PATH=/home/parallels/robotics-2110435/robot_ws/install/turtle_square:/home/parallels/robotics-2110435/robot_ws/install/turtle_pkg:/home/parallels/my_robot_ws/install/my_py_pkg:/opt/ros/humble /usr/bin/cmake --build /home/parallels/robotics-2110435/robot_ws/src/build/ros2_aruco_interfaces -- -j6 -l6
[2.909s] Invoking command in '/home/parallels/robotics-2110435/robot_ws/src/build/ros2_aruco_interfaces': CMAKE_PREFIX_PATH=/home/parallels/robotics-2110435/robot_ws/install/turtle_square:/home/parallels/robotics-2110435/robot_ws/install/turtle_pkg:/home/parallels/my_robot_ws/install/my_py_pkg:/opt/ros/humble /usr/bin/cmake --install /home/parallels/robotics-2110435/robot_ws/src/build/ros2_aruco_interfaces
[2.916s] -- Install configuration: ""
[2.916s] -- Installing: /home/parallels/robotics-2110435/robot_ws/src/install/ros2_aruco_interfaces/share/ament_index/resource_index/rosidl_interfaces/ros2_aruco_interfaces
[2.916s] -- Installing: /home/parallels/robotics-2110435/robot_ws/src/install/ros2_aruco_interfaces/include/ros2_aruco_interfaces/ros2_aruco_interfaces
[2.916s] -- Installing: /home/parallels/robotics-2110435/robot_ws/src/install/ros2_aruco_interfaces/include/ros2_aruco_interfaces/ros2_aruco_interfaces/msg
[2.916s] -- Installing: /home/parallels/robotics-2110435/robot_ws/src/install/ros2_aruco_interfaces/include/ros2_aruco_interfaces/ros2_aruco_interfaces/msg/rosidl_generator_c__visibility_control.h
[2.916s] -- Installing: /home/parallels/robotics-2110435/robot_ws/src/install/ros2_aruco_interfaces/include/ros2_aruco_interfaces/ros2_aruco_interfaces/msg/aruco_markers.h
[2.916s] -- Installing: /home/parallels/robotics-2110435/robot_ws/src/install/ros2_aruco_interfaces/include/ros2_aruco_interfaces/ros2_aruco_interfaces/msg/detail
[2.916s] -- Installing: /home/parallels/robotics-2110435/robot_ws/src/install/ros2_aruco_interfaces/include/ros2_aruco_interfaces/ros2_aruco_interfaces/msg/detail/aruco_markers__functions.c
[2.916s] -- Installing: /home/parallels/robotics-2110435/robot_ws/src/install/ros2_aruco_interfaces/include/ros2_aruco_interfaces/ros2_aruco_interfaces/msg/detail/aruco_markers__type_support.h
[2.916s] -- Installing: /home/parallels/robotics-2110435/robot_ws/src/install/ros2_aruco_interfaces/include/ros2_aruco_interfaces/ros2_aruco_interfaces/msg/detail/aruco_markers__struct.h
[2.916s] -- Installing: /home/parallels/robotics-2110435/robot_ws/src/install/ros2_aruco_interfaces/include/ros2_aruco_interfaces/ros2_aruco_interfaces/msg/detail/aruco_markers__functions.h
[2.916s] -- Installing: /home/parallels/robotics-2110435/robot_ws/src/install/ros2_aruco_interfaces/share/ros2_aruco_interfaces/environment/library_path.sh
[2.916s] -- Installing: /home/parallels/robotics-2110435/robot_ws/src/install/ros2_aruco_interfaces/share/ros2_aruco_interfaces/environment/library_path.dsv
[2.916s] -- Installing: /home/parallels/robotics-2110435/robot_ws/src/install/ros2_aruco_interfaces/lib/libros2_aruco_interfaces__rosidl_generator_c.so
[2.917s] -- Set runtime path of "/home/parallels/robotics-2110435/robot_ws/src/install/ros2_aruco_interfaces/lib/libros2_aruco_interfaces__rosidl_generator_c.so" to ""
[2.917s] -- Up-to-date: /home/parallels/robotics-2110435/robot_ws/src/install/ros2_aruco_interfaces/include/ros2_aruco_interfaces/ros2_aruco_interfaces
[2.917s] -- Up-to-date: /home/parallels/robotics-2110435/robot_ws/src/install/ros2_aruco_interfaces/include/ros2_aruco_interfaces/ros2_aruco_interfaces/msg
[2.917s] -- Installing: /home/parallels/robotics-2110435/robot_ws/src/install/ros2_aruco_interfaces/include/ros2_aruco_interfaces/ros2_aruco_interfaces/msg/rosidl_typesupport_fastrtps_c__visibility_control.h
[2.917s] -- Up-to-date: /home/parallels/robotics-2110435/robot_ws/src/install/ros2_aruco_interfaces/include/ros2_aruco_interfaces/ros2_aruco_interfaces/msg/detail
[2.917s] -- Installing: /home/parallels/robotics-2110435/robot_ws/src/install/ros2_aruco_interfaces/include/ros2_aruco_interfaces/ros2_aruco_interfaces/msg/detail/aruco_markers__rosidl_typesupport_fastrtps_c.h
[2.917s] -- Installing: /home/parallels/robotics-2110435/robot_ws/src/install/ros2_aruco_interfaces/lib/libros2_aruco_interfaces__rosidl_typesupport_fastrtps_c.so
[2.917s] -- Set runtime path of "/home/parallels/robotics-2110435/robot_ws/src/install/ros2_aruco_interfaces/lib/libros2_aruco_interfaces__rosidl_typesupport_fastrtps_c.so" to ""
[2.917s] -- Up-to-date: /home/parallels/robotics-2110435/robot_ws/src/install/ros2_aruco_interfaces/include/ros2_aruco_interfaces/ros2_aruco_interfaces
[2.917s] -- Up-to-date: /home/parallels/robotics-2110435/robot_ws/src/install/ros2_aruco_interfaces/include/ros2_aruco_interfaces/ros2_aruco_interfaces/msg
[2.917s] -- Installing: /home/parallels/robotics-2110435/robot_ws/src/install/ros2_aruco_interfaces/include/ros2_aruco_interfaces/ros2_aruco_interfaces/msg/aruco_markers.hpp
[2.917s] -- Up-to-date: /home/parallels/robotics-2110435/robot_ws/src/install/ros2_aruco_interfaces/include/ros2_aruco_interfaces/ros2_aruco_interfaces/msg/detail
[2.917s] -- Installing: /home/parallels/robotics-2110435/robot_ws/src/install/ros2_aruco_interfaces/include/ros2_aruco_interfaces/ros2_aruco_interfaces/msg/detail/aruco_markers__traits.hpp
[2.917s] -- Installing: /home/parallels/robotics-2110435/robot_ws/src/install/ros2_aruco_interfaces/include/ros2_aruco_interfaces/ros2_aruco_interfaces/msg/detail/aruco_markers__struct.hpp
[2.918s] -- Installing: /home/parallels/robotics-2110435/robot_ws/src/install/ros2_aruco_interfaces/include/ros2_aruco_interfaces/ros2_aruco_interfaces/msg/detail/aruco_markers__builder.hpp
[2.918s] -- Up-to-date: /home/parallels/robotics-2110435/robot_ws/src/install/ros2_aruco_interfaces/include/ros2_aruco_interfaces/ros2_aruco_interfaces
[2.918s] -- Up-to-date: /home/parallels/robotics-2110435/robot_ws/src/install/ros2_aruco_interfaces/include/ros2_aruco_interfaces/ros2_aruco_interfaces/msg
[2.918s] -- Installing: /home/parallels/robotics-2110435/robot_ws/src/install/ros2_aruco_interfaces/include/ros2_aruco_interfaces/ros2_aruco_interfaces/msg/rosidl_typesupport_fastrtps_cpp__visibility_control.h
[2.918s] -- Up-to-date: /home/parallels/robotics-2110435/robot_ws/src/install/ros2_aruco_interfaces/include/ros2_aruco_interfaces/ros2_aruco_interfaces/msg/detail
[2.918s] -- Installing: /home/parallels/robotics-2110435/robot_ws/src/install/ros2_aruco_interfaces/include/ros2_aruco_interfaces/ros2_aruco_interfaces/msg/detail/aruco_markers__rosidl_typesupport_fastrtps_cpp.hpp
[2.918s] -- Installing: /home/parallels/robotics-2110435/robot_ws/src/install/ros2_aruco_interfaces/include/ros2_aruco_interfaces/ros2_aruco_interfaces/msg/detail/dds_fastrtps
[2.918s] -- Installing: /home/parallels/robotics-2110435/robot_ws/src/install/ros2_aruco_interfaces/lib/libros2_aruco_interfaces__rosidl_typesupport_fastrtps_cpp.so
[2.918s] -- Set runtime path of "/home/parallels/robotics-2110435/robot_ws/src/install/ros2_aruco_interfaces/lib/libros2_aruco_interfaces__rosidl_typesupport_fastrtps_cpp.so" to ""
[2.918s] -- Up-to-date: /home/parallels/robotics-2110435/robot_ws/src/install/ros2_aruco_interfaces/include/ros2_aruco_interfaces/ros2_aruco_interfaces
[2.918s] -- Up-to-date: /home/parallels/robotics-2110435/robot_ws/src/install/ros2_aruco_interfaces/include/ros2_aruco_interfaces/ros2_aruco_interfaces/msg
[2.918s] -- Installing: /home/parallels/robotics-2110435/robot_ws/src/install/ros2_aruco_interfaces/include/ros2_aruco_interfaces/ros2_aruco_interfaces/msg/rosidl_typesupport_introspection_c__visibility_control.h
[2.918s] -- Up-to-date: /home/parallels/robotics-2110435/robot_ws/src/install/ros2_aruco_interfaces/include/ros2_aruco_interfaces/ros2_aruco_interfaces/msg/detail
[2.918s] -- Installing: /home/parallels/robotics-2110435/robot_ws/src/install/ros2_aruco_interfaces/include/ros2_aruco_interfaces/ros2_aruco_interfaces/msg/detail/aruco_markers__rosidl_typesupport_introspection_c.h
[2.918s] -- Installing: /home/parallels/robotics-2110435/robot_ws/src/install/ros2_aruco_interfaces/include/ros2_aruco_interfaces/ros2_aruco_interfaces/msg/detail/aruco_markers__type_support.c
[2.918s] -- Installing: /home/parallels/robotics-2110435/robot_ws/src/install/ros2_aruco_interfaces/lib/libros2_aruco_interfaces__rosidl_typesupport_introspection_c.so
[2.918s] -- Set runtime path of "/home/parallels/robotics-2110435/robot_ws/src/install/ros2_aruco_interfaces/lib/libros2_aruco_interfaces__rosidl_typesupport_introspection_c.so" to ""
[2.918s] -- Installing: /home/parallels/robotics-2110435/robot_ws/src/install/ros2_aruco_interfaces/lib/libros2_aruco_interfaces__rosidl_typesupport_c.so
[2.919s] -- Set runtime path of "/home/parallels/robotics-2110435/robot_ws/src/install/ros2_aruco_interfaces/lib/libros2_aruco_interfaces__rosidl_typesupport_c.so" to ""
[2.919s] -- Up-to-date: /home/parallels/robotics-2110435/robot_ws/src/install/ros2_aruco_interfaces/include/ros2_aruco_interfaces/ros2_aruco_interfaces
[2.919s] -- Up-to-date: /home/parallels/robotics-2110435/robot_ws/src/install/ros2_aruco_interfaces/include/ros2_aruco_interfaces/ros2_aruco_interfaces/msg
[2.919s] -- Up-to-date: /home/parallels/robotics-2110435/robot_ws/src/install/ros2_aruco_interfaces/include/ros2_aruco_interfaces/ros2_aruco_interfaces/msg/detail
[2.919s] -- Installing: /home/parallels/robotics-2110435/robot_ws/src/install/ros2_aruco_interfaces/include/ros2_aruco_interfaces/ros2_aruco_interfaces/msg/detail/aruco_markers__rosidl_typesupport_introspection_cpp.hpp
[2.919s] -- Installing: /home/parallels/robotics-2110435/robot_ws/src/install/ros2_aruco_interfaces/include/ros2_aruco_interfaces/ros2_aruco_interfaces/msg/detail/aruco_markers__type_support.cpp
[2.919s] -- Installing: /home/parallels/robotics-2110435/robot_ws/src/install/ros2_aruco_interfaces/lib/libros2_aruco_interfaces__rosidl_typesupport_introspection_cpp.so
[2.919s] -- Set runtime path of "/home/parallels/robotics-2110435/robot_ws/src/install/ros2_aruco_interfaces/lib/libros2_aruco_interfaces__rosidl_typesupport_introspection_cpp.so" to ""
[2.919s] -- Installing: /home/parallels/robotics-2110435/robot_ws/src/install/ros2_aruco_interfaces/lib/libros2_aruco_interfaces__rosidl_typesupport_cpp.so
[2.919s] -- Set runtime path of "/home/parallels/robotics-2110435/robot_ws/src/install/ros2_aruco_interfaces/lib/libros2_aruco_interfaces__rosidl_typesupport_cpp.so" to ""
[2.919s] -- Installing: /home/parallels/robotics-2110435/robot_ws/src/install/ros2_aruco_interfaces/share/ros2_aruco_interfaces/environment/pythonpath.sh
[2.920s] -- Installing: /home/parallels/robotics-2110435/robot_ws/src/install/ros2_aruco_interfaces/share/ros2_aruco_interfaces/environment/pythonpath.dsv
[2.920s] -- Installing: /home/parallels/robotics-2110435/robot_ws/src/install/ros2_aruco_interfaces/local/lib/python3.10/dist-packages/ros2_aruco_interfaces-0.1.0-py3.10.egg-info
[2.920s] -- Installing: /home/parallels/robotics-2110435/robot_ws/src/install/ros2_aruco_interfaces/local/lib/python3.10/dist-packages/ros2_aruco_interfaces-0.1.0-py3.10.egg-info/PKG-INFO
[2.920s] -- Installing: /home/parallels/robotics-2110435/robot_ws/src/install/ros2_aruco_interfaces/local/lib/python3.10/dist-packages/ros2_aruco_interfaces-0.1.0-py3.10.egg-info/SOURCES.txt
[2.920s] -- Installing: /home/parallels/robotics-2110435/robot_ws/src/install/ros2_aruco_interfaces/local/lib/python3.10/dist-packages/ros2_aruco_interfaces-0.1.0-py3.10.egg-info/top_level.txt
[2.920s] -- Installing: /home/parallels/robotics-2110435/robot_ws/src/install/ros2_aruco_interfaces/local/lib/python3.10/dist-packages/ros2_aruco_interfaces-0.1.0-py3.10.egg-info/dependency_links.txt
[2.920s] -- Installing: /home/parallels/robotics-2110435/robot_ws/src/install/ros2_aruco_interfaces/local/lib/python3.10/dist-packages/ros2_aruco_interfaces
[2.920s] -- Installing: /home/parallels/robotics-2110435/robot_ws/src/install/ros2_aruco_interfaces/local/lib/python3.10/dist-packages/ros2_aruco_interfaces/__init__.py
[2.920s] -- Installing: /home/parallels/robotics-2110435/robot_ws/src/install/ros2_aruco_interfaces/local/lib/python3.10/dist-packages/ros2_aruco_interfaces/_ros2_aruco_interfaces_s.ep.rosidl_typesupport_fastrtps_c.c
[2.920s] -- Installing: /home/parallels/robotics-2110435/robot_ws/src/install/ros2_aruco_interfaces/local/lib/python3.10/dist-packages/ros2_aruco_interfaces/_ros2_aruco_interfaces_s.ep.rosidl_typesupport_introspection_c.c
[2.920s] -- Installing: /home/parallels/robotics-2110435/robot_ws/src/install/ros2_aruco_interfaces/local/lib/python3.10/dist-packages/ros2_aruco_interfaces/libros2_aruco_interfaces__rosidl_generator_py.so
[2.920s] -- Installing: /home/parallels/robotics-2110435/robot_ws/src/install/ros2_aruco_interfaces/local/lib/python3.10/dist-packages/ros2_aruco_interfaces/ros2_aruco_interfaces_s__rosidl_typesupport_c.cpython-310-aarch64-linux-gnu.so
[2.920s] -- Installing: /home/parallels/robotics-2110435/robot_ws/src/install/ros2_aruco_interfaces/local/lib/python3.10/dist-packages/ros2_aruco_interfaces/ros2_aruco_interfaces_s__rosidl_typesupport_introspection_c.cpython-310-aarch64-linux-gnu.so
[2.920s] -- Installing: /home/parallels/robotics-2110435/robot_ws/src/install/ros2_aruco_interfaces/local/lib/python3.10/dist-packages/ros2_aruco_interfaces/msg
[2.920s] -- Installing: /home/parallels/robotics-2110435/robot_ws/src/install/ros2_aruco_interfaces/local/lib/python3.10/dist-packages/ros2_aruco_interfaces/msg/__init__.py
[2.920s] -- Installing: /home/parallels/robotics-2110435/robot_ws/src/install/ros2_aruco_interfaces/local/lib/python3.10/dist-packages/ros2_aruco_interfaces/msg/_aruco_markers_s.c
[2.921s] -- Installing: /home/parallels/robotics-2110435/robot_ws/src/install/ros2_aruco_interfaces/local/lib/python3.10/dist-packages/ros2_aruco_interfaces/msg/_aruco_markers.py
[2.921s] -- Installing: /home/parallels/robotics-2110435/robot_ws/src/install/ros2_aruco_interfaces/local/lib/python3.10/dist-packages/ros2_aruco_interfaces/_ros2_aruco_interfaces_s.ep.rosidl_typesupport_c.c
[2.921s] -- Installing: /home/parallels/robotics-2110435/robot_ws/src/install/ros2_aruco_interfaces/local/lib/python3.10/dist-packages/ros2_aruco_interfaces/ros2_aruco_interfaces_s__rosidl_typesupport_fastrtps_c.cpython-310-aarch64-linux-gnu.so
[2.940s] Listing '/home/parallels/robotics-2110435/robot_ws/src/install/ros2_aruco_interfaces/local/lib/python3.10/dist-packages/ros2_aruco_interfaces'...
[2.940s] Compiling '/home/parallels/robotics-2110435/robot_ws/src/install/ros2_aruco_interfaces/local/lib/python3.10/dist-packages/ros2_aruco_interfaces/__init__.py'...
[2.940s] Listing '/home/parallels/robotics-2110435/robot_ws/src/install/ros2_aruco_interfaces/local/lib/python3.10/dist-packages/ros2_aruco_interfaces/msg'...
[2.940s] Compiling '/home/parallels/robotics-2110435/robot_ws/src/install/ros2_aruco_interfaces/local/lib/python3.10/dist-packages/ros2_aruco_interfaces/msg/__init__.py'...
[2.940s] Compiling '/home/parallels/robotics-2110435/robot_ws/src/install/ros2_aruco_interfaces/local/lib/python3.10/dist-packages/ros2_aruco_interfaces/msg/_aruco_markers.py'...
[2.943s] -- Installing: /home/parallels/robotics-2110435/robot_ws/src/install/ros2_aruco_interfaces/local/lib/python3.10/dist-packages/ros2_aruco_interfaces/ros2_aruco_interfaces_s__rosidl_typesupport_fastrtps_c.cpython-310-aarch64-linux-gnu.so
[2.943s] -- Set runtime path of "/home/parallels/robotics-2110435/robot_ws/src/install/ros2_aruco_interfaces/local/lib/python3.10/dist-packages/ros2_aruco_interfaces/ros2_aruco_interfaces_s__rosidl_typesupport_fastrtps_c.cpython-310-aarch64-linux-gnu.so" to ""
[2.943s] -- Installing: /home/parallels/robotics-2110435/robot_ws/src/install/ros2_aruco_interfaces/local/lib/python3.10/dist-packages/ros2_aruco_interfaces/ros2_aruco_interfaces_s__rosidl_typesupport_introspection_c.cpython-310-aarch64-linux-gnu.so
[2.943s] -- Set runtime path of "/home/parallels/robotics-2110435/robot_ws/src/install/ros2_aruco_interfaces/local/lib/python3.10/dist-packages/ros2_aruco_interfaces/ros2_aruco_interfaces_s__rosidl_typesupport_introspection_c.cpython-310-aarch64-linux-gnu.so" to ""
[2.943s] -- Installing: /home/parallels/robotics-2110435/robot_ws/src/install/ros2_aruco_interfaces/local/lib/python3.10/dist-packages/ros2_aruco_interfaces/ros2_aruco_interfaces_s__rosidl_typesupport_c.cpython-310-aarch64-linux-gnu.so
[2.944s] -- Set runtime path of "/home/parallels/robotics-2110435/robot_ws/src/install/ros2_aruco_interfaces/local/lib/python3.10/dist-packages/ros2_aruco_interfaces/ros2_aruco_interfaces_s__rosidl_typesupport_c.cpython-310-aarch64-linux-gnu.so" to ""
[2.944s] -- Installing: /home/parallels/robotics-2110435/robot_ws/src/install/ros2_aruco_interfaces/lib/libros2_aruco_interfaces__rosidl_generator_py.so
[2.944s] -- Set runtime path of "/home/parallels/robotics-2110435/robot_ws/src/install/ros2_aruco_interfaces/lib/libros2_aruco_interfaces__rosidl_generator_py.so" to ""
[2.944s] -- Installing: /home/parallels/robotics-2110435/robot_ws/src/install/ros2_aruco_interfaces/share/ros2_aruco_interfaces/msg/ArucoMarkers.idl
[2.944s] -- Installing: /home/parallels/robotics-2110435/robot_ws/src/install/ros2_aruco_interfaces/share/ros2_aruco_interfaces/msg/ArucoMarkers.msg
[2.944s] -- Installing: /home/parallels/robotics-2110435/robot_ws/src/install/ros2_aruco_interfaces/share/ament_index/resource_index/package_run_dependencies/ros2_aruco_interfaces
[2.944s] -- Installing: /home/parallels/robotics-2110435/robot_ws/src/install/ros2_aruco_interfaces/share/ament_index/resource_index/parent_prefix_path/ros2_aruco_interfaces
[2.944s] -- Installing: /home/parallels/robotics-2110435/robot_ws/src/install/ros2_aruco_interfaces/share/ros2_aruco_interfaces/environment/ament_prefix_path.sh
[2.944s] -- Installing: /home/parallels/robotics-2110435/robot_ws/src/install/ros2_aruco_interfaces/share/ros2_aruco_interfaces/environment/ament_prefix_path.dsv
[2.944s] -- Installing: /home/parallels/robotics-2110435/robot_ws/src/install/ros2_aruco_interfaces/share/ros2_aruco_interfaces/environment/path.sh
[2.944s] -- Installing: /home/parallels/robotics-2110435/robot_ws/src/install/ros2_aruco_interfaces/share/ros2_aruco_interfaces/environment/path.dsv
[2.945s] -- Installing: /home/parallels/robotics-2110435/robot_ws/src/install/ros2_aruco_interfaces/share/ros2_aruco_interfaces/local_setup.bash
[2.945s] -- Installing: /home/parallels/robotics-2110435/robot_ws/src/install/ros2_aruco_interfaces/share/ros2_aruco_interfaces/local_setup.sh
[2.945s] -- Installing: /home/parallels/robotics-2110435/robot_ws/src/install/ros2_aruco_interfaces/share/ros2_aruco_interfaces/local_setup.zsh
[2.945s] -- Installing: /home/parallels/robotics-2110435/robot_ws/src/install/ros2_aruco_interfaces/share/ros2_aruco_interfaces/local_setup.dsv
[2.945s] -- Installing: /home/parallels/robotics-2110435/robot_ws/src/install/ros2_aruco_interfaces/share/ros2_aruco_interfaces/package.dsv
[2.945s] -- Installing: /home/parallels/robotics-2110435/robot_ws/src/install/ros2_aruco_interfaces/share/ament_index/resource_index/packages/ros2_aruco_interfaces
[2.945s] -- Installing: /home/parallels/robotics-2110435/robot_ws/src/install/ros2_aruco_interfaces/share/ros2_aruco_interfaces/cmake/export_ros2_aruco_interfaces__rosidl_generator_cExport.cmake
[2.945s] -- Installing: /home/parallels/robotics-2110435/robot_ws/src/install/ros2_aruco_interfaces/share/ros2_aruco_interfaces/cmake/export_ros2_aruco_interfaces__rosidl_generator_cExport-noconfig.cmake
[2.945s] -- Installing: /home/parallels/robotics-2110435/robot_ws/src/install/ros2_aruco_interfaces/share/ros2_aruco_interfaces/cmake/export_ros2_aruco_interfaces__rosidl_typesupport_fastrtps_cExport.cmake
[2.945s] -- Installing: /home/parallels/robotics-2110435/robot_ws/src/install/ros2_aruco_interfaces/share/ros2_aruco_interfaces/cmake/export_ros2_aruco_interfaces__rosidl_typesupport_fastrtps_cExport-noconfig.cmake
[2.945s] -- Installing: /home/parallels/robotics-2110435/robot_ws/src/install/ros2_aruco_interfaces/share/ros2_aruco_interfaces/cmake/export_ros2_aruco_interfaces__rosidl_generator_cppExport.cmake
[2.945s] -- Installing: /home/parallels/robotics-2110435/robot_ws/src/install/ros2_aruco_interfaces/share/ros2_aruco_interfaces/cmake/export_ros2_aruco_interfaces__rosidl_typesupport_fastrtps_cppExport.cmake
[2.945s] -- Installing: /home/parallels/robotics-2110435/robot_ws/src/install/ros2_aruco_interfaces/share/ros2_aruco_interfaces/cmake/export_ros2_aruco_interfaces__rosidl_typesupport_fastrtps_cppExport-noconfig.cmake
[2.946s] -- Installing: /home/parallels/robotics-2110435/robot_ws/src/install/ros2_aruco_interfaces/share/ros2_aruco_interfaces/cmake/ros2_aruco_interfaces__rosidl_typesupport_introspection_cExport.cmake
[2.946s] -- Installing: /home/parallels/robotics-2110435/robot_ws/src/install/ros2_aruco_interfaces/share/ros2_aruco_interfaces/cmake/ros2_aruco_interfaces__rosidl_typesupport_introspection_cExport-noconfig.cmake
[2.946s] -- Installing: /home/parallels/robotics-2110435/robot_ws/src/install/ros2_aruco_interfaces/share/ros2_aruco_interfaces/cmake/ros2_aruco_interfaces__rosidl_typesupport_cExport.cmake
[2.946s] -- Installing: /home/parallels/robotics-2110435/robot_ws/src/install/ros2_aruco_interfaces/share/ros2_aruco_interfaces/cmake/ros2_aruco_interfaces__rosidl_typesupport_cExport-noconfig.cmake
[2.946s] -- Installing: /home/parallels/robotics-2110435/robot_ws/src/install/ros2_aruco_interfaces/share/ros2_aruco_interfaces/cmake/ros2_aruco_interfaces__rosidl_typesupport_introspection_cppExport.cmake
[2.946s] -- Installing: /home/parallels/robotics-2110435/robot_ws/src/install/ros2_aruco_interfaces/share/ros2_aruco_interfaces/cmake/ros2_aruco_interfaces__rosidl_typesupport_introspection_cppExport-noconfig.cmake
[2.946s] -- Installing: /home/parallels/robotics-2110435/robot_ws/src/install/ros2_aruco_interfaces/share/ros2_aruco_interfaces/cmake/ros2_aruco_interfaces__rosidl_typesupport_cppExport.cmake
[2.946s] -- Installing: /home/parallels/robotics-2110435/robot_ws/src/install/ros2_aruco_interfaces/share/ros2_aruco_interfaces/cmake/ros2_aruco_interfaces__rosidl_typesupport_cppExport-noconfig.cmake
[2.946s] -- Installing: /home/parallels/robotics-2110435/robot_ws/src/install/ros2_aruco_interfaces/share/ros2_aruco_interfaces/cmake/export_ros2_aruco_interfaces__rosidl_generator_pyExport.cmake
[2.946s] -- Installing: /home/parallels/robotics-2110435/robot_ws/src/install/ros2_aruco_interfaces/share/ros2_aruco_interfaces/cmake/export_ros2_aruco_interfaces__rosidl_generator_pyExport-noconfig.cmake
[2.946s] -- Installing: /home/parallels/robotics-2110435/robot_ws/src/install/ros2_aruco_interfaces/share/ros2_aruco_interfaces/cmake/rosidl_cmake-extras.cmake
[2.946s] -- Installing: /home/parallels/robotics-2110435/robot_ws/src/install/ros2_aruco_interfaces/share/ros2_aruco_interfaces/cmake/ament_cmake_export_dependencies-extras.cmake
[2.946s] -- Installing: /home/parallels/robotics-2110435/robot_ws/src/install/ros2_aruco_interfaces/share/ros2_aruco_interfaces/cmake/ament_cmake_export_include_directories-extras.cmake
[2.947s] -- Installing: /home/parallels/robotics-2110435/robot_ws/src/install/ros2_aruco_interfaces/share/ros2_aruco_interfaces/cmake/ament_cmake_export_libraries-extras.cmake
[2.947s] -- Installing: /home/parallels/robotics-2110435/robot_ws/src/install/ros2_aruco_interfaces/share/ros2_aruco_interfaces/cmake/ament_cmake_export_targets-extras.cmake
[2.947s] -- Installing: /home/parallels/robotics-2110435/robot_ws/src/install/ros2_aruco_interfaces/share/ros2_aruco_interfaces/cmake/rosidl_cmake_export_typesupport_targets-extras.cmake
[2.947s] -- Installing: /home/parallels/robotics-2110435/robot_ws/src/install/ros2_aruco_interfaces/share/ros2_aruco_interfaces/cmake/rosidl_cmake_export_typesupport_libraries-extras.cmake
[2.947s] -- Installing: /home/parallels/robotics-2110435/robot_ws/src/install/ros2_aruco_interfaces/share/ros2_aruco_interfaces/cmake/ros2_aruco_interfacesConfig.cmake
[2.947s] -- Installing: /home/parallels/robotics-2110435/robot_ws/src/install/ros2_aruco_interfaces/share/ros2_aruco_interfaces/cmake/ros2_aruco_interfacesConfig-version.cmake
[2.947s] -- Installing: /home/parallels/robotics-2110435/robot_ws/src/install/ros2_aruco_interfaces/share/ros2_aruco_interfaces/package.xml
[2.949s] Invoked command in '/home/parallels/robotics-2110435/robot_ws/src/build/ros2_aruco_interfaces' returned '0': CMAKE_PREFIX_PATH=/home/parallels/robotics-2110435/robot_ws/install/turtle_square:/home/parallels/robotics-2110435/robot_ws/install/turtle_pkg:/home/parallels/my_robot_ws/install/my_py_pkg:/opt/ros/humble /usr/bin/cmake --install /home/parallels/robotics-2110435/robot_ws/src/build/ros2_aruco_interfaces
