[0.396s] Invoking command in '/home/parallels/robotics-2110435/tracking_ws/src/build/web_video_server': CMAKE_PREFIX_PATH=/home/parallels/robotics-2110435/challenge_1/install/robot_marker:/home/parallels/robotics-2110435/robot_ws/install/turtle_square:/home/parallels/robotics-2110435/robot_ws/install/turtle_pkg:/home/parallels/robotics-2110435/robot_ws/install/ros2_aruco:/home/parallels/my_robot_ws/install/my_py_pkg:/opt/ros/humble /usr/bin/cmake /home/parallels/robotics-2110435/tracking_ws/src/web_video_server -DCMAKE_INSTALL_PREFIX=/home/parallels/robotics-2110435/tracking_ws/src/install/web_video_server
[0.435s] -- The C compiler identification is GNU 11.4.0
[0.474s] -- The CXX compiler identification is GNU 11.4.0
[0.479s] -- Detecting C compiler ABI info
[0.529s] -- Detecting C compiler ABI info - done
[0.534s] -- Check for working C compiler: /usr/bin/cc - skipped
[0.535s] -- Detecting C compile features
[0.535s] -- Detecting C compile features - done
[0.537s] -- Detecting CXX compiler ABI info
[0.599s] -- Detecting CXX compiler ABI info - done
[0.605s] -- Check for working CXX compiler: /usr/bin/c++ - skipped
[0.605s] -- Detecting CXX compile features
[0.605s] -- Detecting CXX compile features - done
[0.607s] -- Found ament_cmake_ros: 0.10.0 (/opt/ros/humble/share/ament_cmake_ros/cmake)
[0.722s] -- Found Python3: /usr/bin/python3.10 (found version "3.10.12") found components: Interpreter 
[0.786s] [31mCMake Error at CMakeLists.txt:6 (find_package):
[0.786s]   By not providing "Findasync_web_server_cpp.cmake" in CMAKE_MODULE_PATH this
[0.786s]   project has asked CMake to find a package configuration file provided by
[0.786s]   "async_web_server_cpp", but CMake did not find one.
[0.786s] 
[0.786s]   Could not find a package configuration file provided by
[0.786s]   "async_web_server_cpp" with any of the following names:
[0.786s] 
[0.787s]     async_web_server_cppConfig.cmake
[0.787s]     async_web_server_cpp-config.cmake
[0.787s] 
[0.787s]   Add the installation prefix of "async_web_server_cpp" to CMAKE_PREFIX_PATH
[0.787s]   or set "async_web_server_cpp_DIR" to a directory containing one of the
[0.787s]   above files.  If "async_web_server_cpp" provides a separate development
[0.787s]   package or SDK, be sure it has been installed.
[0.787s] 
[0.787s] [0m
[0.788s] -- Configuring incomplete, errors occurred!
[0.788s] See also "/home/parallels/robotics-2110435/tracking_ws/src/build/web_video_server/CMakeFiles/CMakeOutput.log".
[0.797s] Invoked command in '/home/parallels/robotics-2110435/tracking_ws/src/build/web_video_server' returned '1': CMAKE_PREFIX_PATH=/home/parallels/robotics-2110435/challenge_1/install/robot_marker:/home/parallels/robotics-2110435/robot_ws/install/turtle_square:/home/parallels/robotics-2110435/robot_ws/install/turtle_pkg:/home/parallels/robotics-2110435/robot_ws/install/ros2_aruco:/home/parallels/my_robot_ws/install/my_py_pkg:/opt/ros/humble /usr/bin/cmake /home/parallels/robotics-2110435/tracking_ws/src/web_video_server -DCMAKE_INSTALL_PREFIX=/home/parallels/robotics-2110435/tracking_ws/src/install/web_video_server
