[0.398s] Invoking command in '/home/parallels/robotics-2110435/robot_ws/src/turtle_pkg': PYTHONPATH=/home/parallels/robotics-2110435/robot_ws/build/turtle_pkg/prefix_override:/home/parallels/robotics-2110435/robot_ws/install/turtle_pkg/lib/python3.10/site-packages:${PYTHONPATH} /usr/bin/python3 setup.py egg_info --egg-base ../../build/turtle_pkg build --build-base /home/parallels/robotics-2110435/robot_ws/build/turtle_pkg/build install --record /home/parallels/robotics-2110435/robot_ws/build/turtle_pkg/install.log --single-version-externally-managed
[0.521s] running egg_info
[0.521s] writing ../../build/turtle_pkg/turtle_pkg.egg-info/PKG-INFO
[0.522s] writing dependency_links to ../../build/turtle_pkg/turtle_pkg.egg-info/dependency_links.txt
[0.522s] writing entry points to ../../build/turtle_pkg/turtle_pkg.egg-info/entry_points.txt
[0.522s] writing requirements to ../../build/turtle_pkg/turtle_pkg.egg-info/requires.txt
[0.522s] writing top-level names to ../../build/turtle_pkg/turtle_pkg.egg-info/top_level.txt
[0.523s] reading manifest file '../../build/turtle_pkg/turtle_pkg.egg-info/SOURCES.txt'
[0.523s] writing manifest file '../../build/turtle_pkg/turtle_pkg.egg-info/SOURCES.txt'
[0.523s] running build
[0.523s] running build_py
[0.523s] copying turtle_pkg/turtle_sq.py -> /home/parallels/robotics-2110435/robot_ws/build/turtle_pkg/build/lib/turtle_pkg
[0.524s] running install
[0.524s] /usr/lib/python3/dist-packages/setuptools/command/install.py:34: SetuptoolsDeprecationWarning: setup.py install is deprecated. Use build and pip and other standards-based tools.
[0.524s]   warnings.warn(
[0.524s] running install_lib
[0.524s] copying /home/parallels/robotics-2110435/robot_ws/build/turtle_pkg/build/lib/turtle_pkg/turtle_sq.py -> /home/parallels/robotics-2110435/robot_ws/install/turtle_pkg/lib/python3.10/site-packages/turtle_pkg
[0.525s] byte-compiling /home/parallels/robotics-2110435/robot_ws/install/turtle_pkg/lib/python3.10/site-packages/turtle_pkg/turtle_sq.py to turtle_sq.cpython-310.pyc
[0.525s] running install_data
[0.526s] running install_egg_info
[0.526s] removing '/home/parallels/robotics-2110435/robot_ws/install/turtle_pkg/lib/python3.10/site-packages/turtle_pkg-0.0.0-py3.10.egg-info' (and everything under it)
[0.526s] Copying ../../build/turtle_pkg/turtle_pkg.egg-info to /home/parallels/robotics-2110435/robot_ws/install/turtle_pkg/lib/python3.10/site-packages/turtle_pkg-0.0.0-py3.10.egg-info
[0.527s] running install_scripts
[0.539s] Installing turtle_sq script to /home/parallels/robotics-2110435/robot_ws/install/turtle_pkg/lib/turtle_pkg
[0.539s] writing list of installed files to '/home/parallels/robotics-2110435/robot_ws/build/turtle_pkg/install.log'
[0.554s] Invoked command in '/home/parallels/robotics-2110435/robot_ws/src/turtle_pkg' returned '0': PYTHONPATH=/home/parallels/robotics-2110435/robot_ws/build/turtle_pkg/prefix_override:/home/parallels/robotics-2110435/robot_ws/install/turtle_pkg/lib/python3.10/site-packages:${PYTHONPATH} /usr/bin/python3 setup.py egg_info --egg-base ../../build/turtle_pkg build --build-base /home/parallels/robotics-2110435/robot_ws/build/turtle_pkg/build install --record /home/parallels/robotics-2110435/robot_ws/build/turtle_pkg/install.log --single-version-externally-managed
