[1.348s] Invoking command in '/home/khadas/tracking_robot_workspace/src/keyboard_control': PYTHONPATH=/home/khadas/tracking_robot_workspace/build/keyboard_control/prefix_override:/home/khadas/tracking_robot_workspace/install/keyboard_control/lib/python3.10/site-packages:${PYTHONPATH} /usr/bin/python3 setup.py egg_info --egg-base ../../build/keyboard_control build --build-base /home/khadas/tracking_robot_workspace/build/keyboard_control/build install --record /home/khadas/tracking_robot_workspace/build/keyboard_control/install.log --single-version-externally-managed
[1.713s] running egg_info
[1.714s] creating ../../build/keyboard_control/keyboard_control.egg-info
[1.715s] writing ../../build/keyboard_control/keyboard_control.egg-info/PKG-INFO
[1.716s] writing dependency_links to ../../build/keyboard_control/keyboard_control.egg-info/dependency_links.txt
[1.716s] writing entry points to ../../build/keyboard_control/keyboard_control.egg-info/entry_points.txt
[1.717s] writing requirements to ../../build/keyboard_control/keyboard_control.egg-info/requires.txt
[1.717s] writing top-level names to ../../build/keyboard_control/keyboard_control.egg-info/top_level.txt
[1.718s] writing manifest file '../../build/keyboard_control/keyboard_control.egg-info/SOURCES.txt'
[1.719s] reading manifest file '../../build/keyboard_control/keyboard_control.egg-info/SOURCES.txt'
[1.720s] writing manifest file '../../build/keyboard_control/keyboard_control.egg-info/SOURCES.txt'
[1.720s] running build
[1.721s] running build_py
[1.721s] creating /home/khadas/tracking_robot_workspace/build/keyboard_control/build
[1.721s] creating /home/khadas/tracking_robot_workspace/build/keyboard_control/build/lib
[1.722s] creating /home/khadas/tracking_robot_workspace/build/keyboard_control/build/lib/keyboard_control
[1.722s] copying keyboard_control/__init__.py -> /home/khadas/tracking_robot_workspace/build/keyboard_control/build/lib/keyboard_control
[1.723s] copying keyboard_control/keyboard_control.py -> /home/khadas/tracking_robot_workspace/build/keyboard_control/build/lib/keyboard_control
[1.723s] copying keyboard_control/vel_mux.py -> /home/khadas/tracking_robot_workspace/build/keyboard_control/build/lib/keyboard_control
[1.723s] running install
[1.724s] running install_lib
[1.725s] creating /home/khadas/tracking_robot_workspace/install/keyboard_control/lib/python3.10/site-packages/keyboard_control
[1.725s] copying /home/khadas/tracking_robot_workspace/build/keyboard_control/build/lib/keyboard_control/__init__.py -> /home/khadas/tracking_robot_workspace/install/keyboard_control/lib/python3.10/site-packages/keyboard_control
[1.725s] copying /home/khadas/tracking_robot_workspace/build/keyboard_control/build/lib/keyboard_control/keyboard_control.py -> /home/khadas/tracking_robot_workspace/install/keyboard_control/lib/python3.10/site-packages/keyboard_control
[1.726s] copying /home/khadas/tracking_robot_workspace/build/keyboard_control/build/lib/keyboard_control/vel_mux.py -> /home/khadas/tracking_robot_workspace/install/keyboard_control/lib/python3.10/site-packages/keyboard_control
[1.726s] byte-compiling /home/khadas/tracking_robot_workspace/install/keyboard_control/lib/python3.10/site-packages/keyboard_control/__init__.py to __init__.cpython-310.pyc
[1.727s] byte-compiling /home/khadas/tracking_robot_workspace/install/keyboard_control/lib/python3.10/site-packages/keyboard_control/keyboard_control.py to keyboard_control.cpython-310.pyc
[1.727s] byte-compiling /home/khadas/tracking_robot_workspace/install/keyboard_control/lib/python3.10/site-packages/keyboard_control/vel_mux.py to vel_mux.cpython-310.pyc
[1.728s] running install_data
[1.728s] creating /home/khadas/tracking_robot_workspace/install/keyboard_control/share/ament_index
[1.729s] creating /home/khadas/tracking_robot_workspace/install/keyboard_control/share/ament_index/resource_index
[1.729s] creating /home/khadas/tracking_robot_workspace/install/keyboard_control/share/ament_index/resource_index/packages
[1.729s] copying resource/keyboard_control -> /home/khadas/tracking_robot_workspace/install/keyboard_control/share/ament_index/resource_index/packages
[1.730s] copying package.xml -> /home/khadas/tracking_robot_workspace/install/keyboard_control/share/keyboard_control
[1.730s] running install_egg_info
[1.732s] Copying ../../build/keyboard_control/keyboard_control.egg-info to /home/khadas/tracking_robot_workspace/install/keyboard_control/lib/python3.10/site-packages/keyboard_control-0.0.0-py3.10.egg-info
[1.733s] running install_scripts
[1.767s] Installing keyboard_control script to /home/khadas/tracking_robot_workspace/install/keyboard_control/lib/keyboard_control
[1.768s] Installing vel_mux script to /home/khadas/tracking_robot_workspace/install/keyboard_control/lib/keyboard_control
[1.768s] writing list of installed files to '/home/khadas/tracking_robot_workspace/build/keyboard_control/install.log'
[1.849s] Invoked command in '/home/khadas/tracking_robot_workspace/src/keyboard_control' returned '0': PYTHONPATH=/home/khadas/tracking_robot_workspace/build/keyboard_control/prefix_override:/home/khadas/tracking_robot_workspace/install/keyboard_control/lib/python3.10/site-packages:${PYTHONPATH} /usr/bin/python3 setup.py egg_info --egg-base ../../build/keyboard_control build --build-base /home/khadas/tracking_robot_workspace/build/keyboard_control/build install --record /home/khadas/tracking_robot_workspace/build/keyboard_control/install.log --single-version-externally-managed
