[0.451s] Invoking command in '/home/vt/robotics-2110435/challenge_2/src/challenge_2': PYTHONPATH=/home/vt/robotics-2110435/challenge_2/build/challenge_2/prefix_override:/home/vt/robotics-2110435/challenge_2/install/challenge_2/lib/python3.10/site-packages:${PYTHONPATH} /usr/bin/python3 setup.py egg_info --egg-base ../../build/challenge_2 build --build-base /home/vt/robotics-2110435/challenge_2/build/challenge_2/build install --record /home/vt/robotics-2110435/challenge_2/build/challenge_2/install.log --single-version-externally-managed
[0.561s] running egg_info
[0.561s] creating ../../build/challenge_2/challenge_2.egg-info
[0.567s] writing ../../build/challenge_2/challenge_2.egg-info/PKG-INFO
[0.568s] writing dependency_links to ../../build/challenge_2/challenge_2.egg-info/dependency_links.txt
[0.568s] writing requirements to ../../build/challenge_2/challenge_2.egg-info/requires.txt
[0.568s] writing top-level names to ../../build/challenge_2/challenge_2.egg-info/top_level.txt
[0.568s] writing manifest file '../../build/challenge_2/challenge_2.egg-info/SOURCES.txt'
[0.581s] reading manifest file '../../build/challenge_2/challenge_2.egg-info/SOURCES.txt'
[0.582s] writing manifest file '../../build/challenge_2/challenge_2.egg-info/SOURCES.txt'
[0.582s] running build
[0.582s] running build_py
[0.582s] creating /home/vt/robotics-2110435/challenge_2/build/challenge_2/build
[0.582s] creating /home/vt/robotics-2110435/challenge_2/build/challenge_2/build/lib
[0.582s] creating /home/vt/robotics-2110435/challenge_2/build/challenge_2/build/lib/challenge_2
[0.582s] copying challenge_2/__init__.py -> /home/vt/robotics-2110435/challenge_2/build/challenge_2/build/lib/challenge_2
[0.582s] running install
[0.583s] /usr/local/lib/python3.10/dist-packages/setuptools/_distutils/cmd.py:66: SetuptoolsDeprecationWarning: setup.py install is deprecated.
[0.583s] !!
[0.583s] 
[0.583s]         ********************************************************************************
[0.583s]         Please avoid running ``setup.py`` directly.
[0.583s]         Instead, use pypa/build, pypa/installer or other
[0.583s]         standards-based tools.
[0.583s] 
[0.583s]         See https://blog.ganssle.io/articles/2021/10/setup-py-deprecated.html for details.
[0.583s]         ********************************************************************************
[0.583s] 
[0.583s] !!
[0.583s]   self.initialize_options()
[0.585s] running install_lib
[0.591s] creating /home/vt/robotics-2110435/challenge_2/install/challenge_2/lib/python3.10/site-packages/challenge_2
[0.591s] copying /home/vt/robotics-2110435/challenge_2/build/challenge_2/build/lib/challenge_2/__init__.py -> /home/vt/robotics-2110435/challenge_2/install/challenge_2/lib/python3.10/site-packages/challenge_2
[0.591s] byte-compiling /home/vt/robotics-2110435/challenge_2/install/challenge_2/lib/python3.10/site-packages/challenge_2/__init__.py to __init__.cpython-310.pyc
[0.592s] running install_data
[0.597s] creating /home/vt/robotics-2110435/challenge_2/install/challenge_2/share/ament_index
[0.598s] creating /home/vt/robotics-2110435/challenge_2/install/challenge_2/share/ament_index/resource_index
[0.598s] creating /home/vt/robotics-2110435/challenge_2/install/challenge_2/share/ament_index/resource_index/packages
[0.598s] copying resource/challenge_2 -> /home/vt/robotics-2110435/challenge_2/install/challenge_2/share/ament_index/resource_index/packages
[0.598s] copying package.xml -> /home/vt/robotics-2110435/challenge_2/install/challenge_2/share/challenge_2
[0.598s] running install_egg_info
[0.604s] Copying ../../build/challenge_2/challenge_2.egg-info to /home/vt/robotics-2110435/challenge_2/install/challenge_2/lib/python3.10/site-packages/challenge_2-0.0.0-py3.10.egg-info
[0.604s] running install_scripts
[0.682s] writing list of installed files to '/home/vt/robotics-2110435/challenge_2/build/challenge_2/install.log'
[0.706s] Invoked command in '/home/vt/robotics-2110435/challenge_2/src/challenge_2' returned '0': PYTHONPATH=/home/vt/robotics-2110435/challenge_2/build/challenge_2/prefix_override:/home/vt/robotics-2110435/challenge_2/install/challenge_2/lib/python3.10/site-packages:${PYTHONPATH} /usr/bin/python3 setup.py egg_info --egg-base ../../build/challenge_2 build --build-base /home/vt/robotics-2110435/challenge_2/build/challenge_2/build install --record /home/vt/robotics-2110435/challenge_2/build/challenge_2/install.log --single-version-externally-managed
