[0.480s] Invoking command in '/home/parallels/robotics-2110435/challenge_1/src/robot_marker': PYTHONPATH=/home/parallels/robotics-2110435/challenge_1/build/robot_marker/prefix_override:/home/parallels/robotics-2110435/challenge_1/install/robot_marker/lib/python3.10/site-packages:${PYTHONPATH} /usr/bin/python3 setup.py egg_info --egg-base ../../build/robot_marker build --build-base /home/parallels/robotics-2110435/challenge_1/build/robot_marker/build install --record /home/parallels/robotics-2110435/challenge_1/build/robot_marker/install.log --single-version-externally-managed
[0.601s] running egg_info
[0.602s] writing ../../build/robot_marker/robot_marker.egg-info/PKG-INFO
[0.602s] writing dependency_links to ../../build/robot_marker/robot_marker.egg-info/dependency_links.txt
[0.602s] writing entry points to ../../build/robot_marker/robot_marker.egg-info/entry_points.txt
[0.602s] writing requirements to ../../build/robot_marker/robot_marker.egg-info/requires.txt
[0.602s] writing top-level names to ../../build/robot_marker/robot_marker.egg-info/top_level.txt
[0.603s] reading manifest file '../../build/robot_marker/robot_marker.egg-info/SOURCES.txt'
[0.604s] writing manifest file '../../build/robot_marker/robot_marker.egg-info/SOURCES.txt'
[0.604s] running build
[0.604s] running build_py
[0.604s] copying robot_marker/robo_marker.py -> /home/parallels/robotics-2110435/challenge_1/build/robot_marker/build/lib/robot_marker
[0.604s] running install
[0.605s] /usr/lib/python3/dist-packages/setuptools/command/install.py:34: SetuptoolsDeprecationWarning: setup.py install is deprecated. Use build and pip and other standards-based tools.
[0.605s]   warnings.warn(
[0.605s] running install_lib
[0.605s] copying /home/parallels/robotics-2110435/challenge_1/build/robot_marker/build/lib/robot_marker/robo_marker.py -> /home/parallels/robotics-2110435/challenge_1/install/robot_marker/lib/python3.10/site-packages/robot_marker
[0.606s] byte-compiling /home/parallels/robotics-2110435/challenge_1/install/robot_marker/lib/python3.10/site-packages/robot_marker/robo_marker.py to robo_marker.cpython-310.pyc
[0.607s] running install_data
[0.607s] running install_egg_info
[0.608s] removing '/home/parallels/robotics-2110435/challenge_1/install/robot_marker/lib/python3.10/site-packages/robot_marker-0.0.0-py3.10.egg-info' (and everything under it)
[0.608s] Copying ../../build/robot_marker/robot_marker.egg-info to /home/parallels/robotics-2110435/challenge_1/install/robot_marker/lib/python3.10/site-packages/robot_marker-0.0.0-py3.10.egg-info
[0.609s] running install_scripts
[0.620s] Installing aruco_follower script to /home/parallels/robotics-2110435/challenge_1/install/robot_marker/lib/robot_marker
[0.620s] writing list of installed files to '/home/parallels/robotics-2110435/challenge_1/build/robot_marker/install.log'
[0.632s] Invoked command in '/home/parallels/robotics-2110435/challenge_1/src/robot_marker' returned '0': PYTHONPATH=/home/parallels/robotics-2110435/challenge_1/build/robot_marker/prefix_override:/home/parallels/robotics-2110435/challenge_1/install/robot_marker/lib/python3.10/site-packages:${PYTHONPATH} /usr/bin/python3 setup.py egg_info --egg-base ../../build/robot_marker build --build-base /home/parallels/robotics-2110435/challenge_1/build/robot_marker/build install --record /home/parallels/robotics-2110435/challenge_1/build/robot_marker/install.log --single-version-externally-managed
