running egg_info
creating ../../build/aruco_following_controller/aruco_following_controller.egg-info
writing ../../build/aruco_following_controller/aruco_following_controller.egg-info/PKG-INFO
writing dependency_links to ../../build/aruco_following_controller/aruco_following_controller.egg-info/dependency_links.txt
writing entry points to ../../build/aruco_following_controller/aruco_following_controller.egg-info/entry_points.txt
writing requirements to ../../build/aruco_following_controller/aruco_following_controller.egg-info/requires.txt
writing top-level names to ../../build/aruco_following_controller/aruco_following_controller.egg-info/top_level.txt
writing manifest file '../../build/aruco_following_controller/aruco_following_controller.egg-info/SOURCES.txt'
reading manifest file '../../build/aruco_following_controller/aruco_following_controller.egg-info/SOURCES.txt'
writing manifest file '../../build/aruco_following_controller/aruco_following_controller.egg-info/SOURCES.txt'
running build
running build_py
creating /home/vt/robotics-2110435/tracking_ws/build/aruco_following_controller/build
creating /home/vt/robotics-2110435/tracking_ws/build/aruco_following_controller/build/lib
creating /home/vt/robotics-2110435/tracking_ws/build/aruco_following_controller/build/lib/aruco_following_controller
copying aruco_following_controller/__init__.py -> /home/vt/robotics-2110435/tracking_ws/build/aruco_following_controller/build/lib/aruco_following_controller
copying aruco_following_controller/control_law.py -> /home/vt/robotics-2110435/tracking_ws/build/aruco_following_controller/build/lib/aruco_following_controller
copying aruco_following_controller/robot_controller.py -> /home/vt/robotics-2110435/tracking_ws/build/aruco_following_controller/build/lib/aruco_following_controller
running install
/usr/local/lib/python3.10/dist-packages/setuptools/_distutils/cmd.py:66: SetuptoolsDeprecationWarning: setup.py install is deprecated.
!!

        ********************************************************************************
        Please avoid running ``setup.py`` directly.
        Instead, use pypa/build, pypa/installer or other
        standards-based tools.

        See https://blog.ganssle.io/articles/2021/10/setup-py-deprecated.html for details.
        ********************************************************************************

!!
  self.initialize_options()
running install_lib
running install_data
running install_egg_info
removing '/home/vt/robotics-2110435/tracking_ws/install/aruco_following_controller/lib/python3.10/site-packages/aruco_following_controller-0.0.0-py3.10.egg-info' (and everything under it)
Copying ../../build/aruco_following_controller/aruco_following_controller.egg-info to /home/vt/robotics-2110435/tracking_ws/install/aruco_following_controller/lib/python3.10/site-packages/aruco_following_controller-0.0.0-py3.10.egg-info
running install_scripts
Installing controller script to /home/vt/robotics-2110435/tracking_ws/install/aruco_following_controller/lib/aruco_following_controller
writing list of installed files to '/home/vt/robotics-2110435/tracking_ws/build/aruco_following_controller/install.log'
