[0.435s] DEBUG:colcon:Command line arguments: ['/usr/bin/colcon', 'build']
[0.435s] DEBUG:colcon:Parsed command line arguments: Namespace(log_base=None, log_level=None, verb_name='build', build_base='build', install_base='install', merge_install=False, symlink_install=False, test_result_base=None, continue_on_error=False, executor='parallel', parallel_workers=6, event_handlers=None, ignore_user_meta=False, metas=['./colcon.meta'], base_paths=['.'], packages_ignore=None, packages_ignore_regex=None, paths=None, packages_up_to=None, packages_up_to_regex=None, packages_above=None, packages_above_and_dependencies=None, packages_above_depth=None, packages_select_by_dep=None, packages_skip_by_dep=None, packages_skip_up_to=None, packages_select_build_failed=False, packages_skip_build_finished=False, packages_select_test_failures=False, packages_skip_test_passed=False, packages_select=None, packages_skip=None, packages_select_regex=None, packages_skip_regex=None, packages_start=None, packages_end=None, allow_overriding=[], cmake_args=None, cmake_target=None, cmake_target_skip_unavailable=False, cmake_clean_cache=False, cmake_clean_first=False, cmake_force_configure=False, ament_cmake_args=None, catkin_cmake_args=None, catkin_skip_building_tests=False, verb_parser=<colcon_defaults.argument_parser.defaults.DefaultArgumentsDecorator object at 0xffffb7008a90>, verb_extension=<colcon_core.verb.build.BuildVerb object at 0xffffb7009600>, main=<bound method BuildVerb.main of <colcon_core.verb.build.BuildVerb object at 0xffffb7009600>>)
[0.457s] Level 1:colcon.colcon_core.package_discovery:discover_packages(colcon_meta) check parameters
[0.457s] Level 1:colcon.colcon_core.package_discovery:discover_packages(recursive) check parameters
[0.457s] Level 1:colcon.colcon_core.package_discovery:discover_packages(ignore) check parameters
[0.457s] Level 1:colcon.colcon_core.package_discovery:discover_packages(path) check parameters
[0.457s] Level 1:colcon.colcon_core.package_discovery:discover_packages(colcon_meta) discover
[0.457s] Level 1:colcon.colcon_core.package_discovery:discover_packages(recursive) discover
[0.457s] INFO:colcon.colcon_core.package_discovery:Crawling recursively for packages in '/home/parallels/robotics-2110435/ros2_ws'
[0.457s] Level 1:colcon.colcon_core.package_identification:_identify(.) by extensions ['ignore', 'ignore_ament_install']
[0.457s] Level 1:colcon.colcon_core.package_identification:_identify(.) by extension 'ignore'
[0.457s] Level 1:colcon.colcon_core.package_identification:_identify(.) by extension 'ignore_ament_install'
[0.457s] Level 1:colcon.colcon_core.package_identification:_identify(.) by extensions ['colcon_pkg']
[0.457s] Level 1:colcon.colcon_core.package_identification:_identify(.) by extension 'colcon_pkg'
[0.457s] Level 1:colcon.colcon_core.package_identification:_identify(.) by extensions ['colcon_meta']
[0.457s] Level 1:colcon.colcon_core.package_identification:_identify(.) by extension 'colcon_meta'
[0.457s] Level 1:colcon.colcon_core.package_identification:_identify(.) by extensions ['ros']
[0.457s] Level 1:colcon.colcon_core.package_identification:_identify(.) by extension 'ros'
[0.463s] Level 1:colcon.colcon_core.package_identification:_identify(.) by extensions ['cmake', 'python']
[0.463s] Level 1:colcon.colcon_core.package_identification:_identify(.) by extension 'cmake'
[0.463s] Level 1:colcon.colcon_core.package_identification:_identify(.) by extension 'python'
[0.463s] Level 1:colcon.colcon_core.package_identification:_identify(.) by extensions ['python_setup_py']
[0.463s] Level 1:colcon.colcon_core.package_identification:_identify(.) by extension 'python_setup_py'
[0.463s] Level 1:colcon.colcon_core.package_identification:_identify(build) by extensions ['ignore', 'ignore_ament_install']
[0.463s] Level 1:colcon.colcon_core.package_identification:_identify(build) by extension 'ignore'
[0.463s] Level 1:colcon.colcon_core.package_identification:_identify(build) ignored
[0.463s] Level 1:colcon.colcon_core.package_identification:_identify(install) by extensions ['ignore', 'ignore_ament_install']
[0.463s] Level 1:colcon.colcon_core.package_identification:_identify(install) by extension 'ignore'
[0.463s] Level 1:colcon.colcon_core.package_identification:_identify(install) ignored
[0.463s] Level 1:colcon.colcon_core.package_identification:_identify(log) by extensions ['ignore', 'ignore_ament_install']
[0.463s] Level 1:colcon.colcon_core.package_identification:_identify(log) by extension 'ignore'
[0.463s] Level 1:colcon.colcon_core.package_identification:_identify(log) ignored
[0.463s] Level 1:colcon.colcon_core.package_identification:_identify(src) by extensions ['ignore', 'ignore_ament_install']
[0.463s] Level 1:colcon.colcon_core.package_identification:_identify(src) by extension 'ignore'
[0.463s] Level 1:colcon.colcon_core.package_identification:_identify(src) by extension 'ignore_ament_install'
[0.463s] Level 1:colcon.colcon_core.package_identification:_identify(src) by extensions ['colcon_pkg']
[0.463s] Level 1:colcon.colcon_core.package_identification:_identify(src) by extension 'colcon_pkg'
[0.463s] Level 1:colcon.colcon_core.package_identification:_identify(src) by extensions ['colcon_meta']
[0.463s] Level 1:colcon.colcon_core.package_identification:_identify(src) by extension 'colcon_meta'
[0.463s] Level 1:colcon.colcon_core.package_identification:_identify(src) by extensions ['ros']
[0.463s] Level 1:colcon.colcon_core.package_identification:_identify(src) by extension 'ros'
[0.463s] Level 1:colcon.colcon_core.package_identification:_identify(src) by extensions ['cmake', 'python']
[0.463s] Level 1:colcon.colcon_core.package_identification:_identify(src) by extension 'cmake'
[0.463s] Level 1:colcon.colcon_core.package_identification:_identify(src) by extension 'python'
[0.463s] Level 1:colcon.colcon_core.package_identification:_identify(src) by extensions ['python_setup_py']
[0.463s] Level 1:colcon.colcon_core.package_identification:_identify(src) by extension 'python_setup_py'
[0.464s] Level 1:colcon.colcon_core.package_identification:_identify(src/gscam) by extensions ['ignore', 'ignore_ament_install']
[0.464s] Level 1:colcon.colcon_core.package_identification:_identify(src/gscam) by extension 'ignore'
[0.464s] Level 1:colcon.colcon_core.package_identification:_identify(src/gscam) by extension 'ignore_ament_install'
[0.464s] Level 1:colcon.colcon_core.package_identification:_identify(src/gscam) by extensions ['colcon_pkg']
[0.464s] Level 1:colcon.colcon_core.package_identification:_identify(src/gscam) by extension 'colcon_pkg'
[0.464s] Level 1:colcon.colcon_core.package_identification:_identify(src/gscam) by extensions ['colcon_meta']
[0.464s] Level 1:colcon.colcon_core.package_identification:_identify(src/gscam) by extension 'colcon_meta'
[0.464s] Level 1:colcon.colcon_core.package_identification:_identify(src/gscam) by extensions ['ros']
[0.464s] Level 1:colcon.colcon_core.package_identification:_identify(src/gscam) by extension 'ros'
[0.465s] DEBUG:colcon.colcon_core.package_identification:Package 'src/gscam' with type 'ros.ament_cmake' and name 'gscam'
[0.465s] Level 1:colcon.colcon_core.package_discovery:discover_packages(recursive) using defaults
[0.465s] Level 1:colcon.colcon_core.package_discovery:discover_packages(ignore) discover
[0.465s] Level 1:colcon.colcon_core.package_discovery:discover_packages(ignore) using defaults
[0.465s] Level 1:colcon.colcon_core.package_discovery:discover_packages(path) discover
[0.465s] Level 1:colcon.colcon_core.package_discovery:discover_packages(path) using defaults
[0.505s] Level 1:colcon.colcon_core.package_discovery:discover_packages(prefix_path) check parameters
[0.505s] Level 1:colcon.colcon_core.package_discovery:discover_packages(prefix_path) discover
[0.517s] DEBUG:colcon.colcon_installed_package_information.package_discovery:Found 1 installed packages in /home/parallels/robotics-2110435/challenge_1/install
[0.523s] DEBUG:colcon.colcon_installed_package_information.package_discovery:Found 3 installed packages in /home/parallels/robotics-2110435/robot_ws/install
[0.529s] DEBUG:colcon.colcon_installed_package_information.package_discovery:Found 1 installed packages in /home/parallels/my_robot_ws/install
[0.535s] DEBUG:colcon.colcon_installed_package_information.package_discovery:Found 308 installed packages in /opt/ros/humble
[0.541s] Level 1:colcon.colcon_core.package_discovery:discover_packages(prefix_path) using defaults
[0.584s] Level 5:colcon.colcon_core.verb:set package 'gscam' build argument 'cmake_args' from command line to 'None'
[0.584s] Level 5:colcon.colcon_core.verb:set package 'gscam' build argument 'cmake_target' from command line to 'None'
[0.584s] Level 5:colcon.colcon_core.verb:set package 'gscam' build argument 'cmake_target_skip_unavailable' from command line to 'False'
[0.584s] Level 5:colcon.colcon_core.verb:set package 'gscam' build argument 'cmake_clean_cache' from command line to 'False'
[0.584s] Level 5:colcon.colcon_core.verb:set package 'gscam' build argument 'cmake_clean_first' from command line to 'False'
[0.584s] Level 5:colcon.colcon_core.verb:set package 'gscam' build argument 'cmake_force_configure' from command line to 'False'
[0.584s] Level 5:colcon.colcon_core.verb:set package 'gscam' build argument 'ament_cmake_args' from command line to 'None'
[0.584s] Level 5:colcon.colcon_core.verb:set package 'gscam' build argument 'catkin_cmake_args' from command line to 'None'
[0.584s] Level 5:colcon.colcon_core.verb:set package 'gscam' build argument 'catkin_skip_building_tests' from command line to 'False'
[0.584s] DEBUG:colcon.colcon_core.verb:Building package 'gscam' with the following arguments: {'ament_cmake_args': None, 'build_base': '/home/parallels/robotics-2110435/ros2_ws/build/gscam', 'catkin_cmake_args': None, 'catkin_skip_building_tests': False, 'cmake_args': None, 'cmake_clean_cache': False, 'cmake_clean_first': False, 'cmake_force_configure': False, 'cmake_target': None, 'cmake_target_skip_unavailable': False, 'install_base': '/home/parallels/robotics-2110435/ros2_ws/install/gscam', 'merge_install': False, 'path': '/home/parallels/robotics-2110435/ros2_ws/src/gscam', 'symlink_install': False, 'test_result_base': None}
[0.590s] INFO:colcon.colcon_core.executor:Executing jobs using 'parallel' executor
[0.596s] DEBUG:colcon.colcon_parallel_executor.executor.parallel:run_until_complete
[0.597s] INFO:colcon.colcon_ros.task.ament_cmake.build:Building ROS package in '/home/parallels/robotics-2110435/ros2_ws/src/gscam' with build type 'ament_cmake'
[0.597s] INFO:colcon.colcon_cmake.task.cmake.build:Building CMake package in '/home/parallels/robotics-2110435/ros2_ws/src/gscam'
[0.604s] INFO:colcon.colcon_core.plugin_system:Skipping extension 'colcon_core.shell.bat': Not used on non-Windows systems
[0.604s] INFO:colcon.colcon_core.shell:Skip shell extension 'powershell' for command environment: Not usable outside of PowerShell
[0.604s] DEBUG:colcon.colcon_core.shell:Skip shell extension 'dsv' for command environment
[0.640s] DEBUG:colcon.colcon_core.event_handler.log_command:Invoking command in '/home/parallels/robotics-2110435/ros2_ws/build/gscam': CMAKE_PREFIX_PATH=/home/parallels/robotics-2110435/challenge_1/install/robot_marker:/home/parallels/robotics-2110435/robot_ws/install/turtle_square:/home/parallels/robotics-2110435/robot_ws/install/turtle_pkg:/home/parallels/robotics-2110435/robot_ws/install/ros2_aruco:/home/parallels/my_robot_ws/install/my_py_pkg:/opt/ros/humble /usr/bin/cmake /home/parallels/robotics-2110435/ros2_ws/src/gscam -DCMAKE_INSTALL_PREFIX=/home/parallels/robotics-2110435/ros2_ws/install/gscam
[1.856s] DEBUG:colcon.colcon_core.event_handler.log_command:Invoked command in '/home/parallels/robotics-2110435/ros2_ws/build/gscam' returned '0': CMAKE_PREFIX_PATH=/home/parallels/robotics-2110435/challenge_1/install/robot_marker:/home/parallels/robotics-2110435/robot_ws/install/turtle_square:/home/parallels/robotics-2110435/robot_ws/install/turtle_pkg:/home/parallels/robotics-2110435/robot_ws/install/ros2_aruco:/home/parallels/my_robot_ws/install/my_py_pkg:/opt/ros/humble /usr/bin/cmake /home/parallels/robotics-2110435/ros2_ws/src/gscam -DCMAKE_INSTALL_PREFIX=/home/parallels/robotics-2110435/ros2_ws/install/gscam
[1.857s] DEBUG:colcon.colcon_core.event_handler.log_command:Invoking command in '/home/parallels/robotics-2110435/ros2_ws/build/gscam': CMAKE_PREFIX_PATH=/home/parallels/robotics-2110435/challenge_1/install/robot_marker:/home/parallels/robotics-2110435/robot_ws/install/turtle_square:/home/parallels/robotics-2110435/robot_ws/install/turtle_pkg:/home/parallels/robotics-2110435/robot_ws/install/ros2_aruco:/home/parallels/my_robot_ws/install/my_py_pkg:/opt/ros/humble /usr/bin/cmake --build /home/parallels/robotics-2110435/ros2_ws/build/gscam -- -j6 -l6
[9.824s] DEBUG:colcon.colcon_core.event_handler.log_command:Invoked command in '/home/parallels/robotics-2110435/ros2_ws/build/gscam' returned '0': CMAKE_PREFIX_PATH=/home/parallels/robotics-2110435/challenge_1/install/robot_marker:/home/parallels/robotics-2110435/robot_ws/install/turtle_square:/home/parallels/robotics-2110435/robot_ws/install/turtle_pkg:/home/parallels/robotics-2110435/robot_ws/install/ros2_aruco:/home/parallels/my_robot_ws/install/my_py_pkg:/opt/ros/humble /usr/bin/cmake --build /home/parallels/robotics-2110435/ros2_ws/build/gscam -- -j6 -l6
[9.856s] DEBUG:colcon.colcon_core.event_handler.log_command:Invoking command in '/home/parallels/robotics-2110435/ros2_ws/build/gscam': CMAKE_PREFIX_PATH=/home/parallels/robotics-2110435/challenge_1/install/robot_marker:/home/parallels/robotics-2110435/robot_ws/install/turtle_square:/home/parallels/robotics-2110435/robot_ws/install/turtle_pkg:/home/parallels/robotics-2110435/robot_ws/install/ros2_aruco:/home/parallels/my_robot_ws/install/my_py_pkg:/opt/ros/humble /usr/bin/cmake --install /home/parallels/robotics-2110435/ros2_ws/build/gscam
[9.868s] Level 1:colcon.colcon_core.environment:create_environment_scripts_only(gscam)
[9.868s] DEBUG:colcon.colcon_core.event_handler.log_command:Invoked command in '/home/parallels/robotics-2110435/ros2_ws/build/gscam' returned '0': CMAKE_PREFIX_PATH=/home/parallels/robotics-2110435/challenge_1/install/robot_marker:/home/parallels/robotics-2110435/robot_ws/install/turtle_square:/home/parallels/robotics-2110435/robot_ws/install/turtle_pkg:/home/parallels/robotics-2110435/robot_ws/install/ros2_aruco:/home/parallels/my_robot_ws/install/my_py_pkg:/opt/ros/humble /usr/bin/cmake --install /home/parallels/robotics-2110435/ros2_ws/build/gscam
[9.875s] Level 1:colcon.colcon_core.environment:checking '/home/parallels/robotics-2110435/ros2_ws/install/gscam' for CMake module files
[9.876s] Level 1:colcon.colcon_core.environment:checking '/home/parallels/robotics-2110435/ros2_ws/install/gscam' for CMake config files
[9.876s] Level 1:colcon.colcon_core.shell:create_environment_hook('gscam', 'cmake_prefix_path')
[9.882s] INFO:colcon.colcon_core.shell:Creating environment hook '/home/parallels/robotics-2110435/ros2_ws/install/gscam/share/gscam/hook/cmake_prefix_path.ps1'
[9.882s] INFO:colcon.colcon_core.shell:Creating environment descriptor '/home/parallels/robotics-2110435/ros2_ws/install/gscam/share/gscam/hook/cmake_prefix_path.dsv'
[9.882s] INFO:colcon.colcon_core.shell:Creating environment hook '/home/parallels/robotics-2110435/ros2_ws/install/gscam/share/gscam/hook/cmake_prefix_path.sh'
[9.883s] Level 1:colcon.colcon_core.environment:checking '/home/parallels/robotics-2110435/ros2_ws/install/gscam/lib'
[9.883s] Level 1:colcon.colcon_core.shell:create_environment_hook('gscam', 'ld_library_path_lib')
[9.889s] INFO:colcon.colcon_core.shell:Creating environment hook '/home/parallels/robotics-2110435/ros2_ws/install/gscam/share/gscam/hook/ld_library_path_lib.ps1'
[9.889s] INFO:colcon.colcon_core.shell:Creating environment descriptor '/home/parallels/robotics-2110435/ros2_ws/install/gscam/share/gscam/hook/ld_library_path_lib.dsv'
[9.889s] INFO:colcon.colcon_core.shell:Creating environment hook '/home/parallels/robotics-2110435/ros2_ws/install/gscam/share/gscam/hook/ld_library_path_lib.sh'
[9.889s] Level 1:colcon.colcon_core.environment:checking '/home/parallels/robotics-2110435/ros2_ws/install/gscam/bin'
[9.889s] Level 1:colcon.colcon_core.environment:checking '/home/parallels/robotics-2110435/ros2_ws/install/gscam/lib/pkgconfig/gscam.pc'
[9.890s] Level 1:colcon.colcon_core.environment:checking '/home/parallels/robotics-2110435/ros2_ws/install/gscam/lib/python3.10/site-packages'
[9.890s] Level 1:colcon.colcon_core.environment:checking '/home/parallels/robotics-2110435/ros2_ws/install/gscam/bin'
[9.896s] INFO:colcon.colcon_core.shell:Creating package script '/home/parallels/robotics-2110435/ros2_ws/install/gscam/share/gscam/package.ps1'
[9.896s] INFO:colcon.colcon_core.shell:Creating package descriptor '/home/parallels/robotics-2110435/ros2_ws/install/gscam/share/gscam/package.dsv'
[9.896s] INFO:colcon.colcon_core.shell:Creating package script '/home/parallels/robotics-2110435/ros2_ws/install/gscam/share/gscam/package.sh'
[9.897s] INFO:colcon.colcon_core.shell:Creating package script '/home/parallels/robotics-2110435/ros2_ws/install/gscam/share/gscam/package.bash'
[9.897s] INFO:colcon.colcon_core.shell:Creating package script '/home/parallels/robotics-2110435/ros2_ws/install/gscam/share/gscam/package.zsh'
[9.897s] Level 1:colcon.colcon_core.environment:create_file_with_runtime_dependencies(/home/parallels/robotics-2110435/ros2_ws/install/gscam/share/colcon-core/packages/gscam)
[9.928s] Level 1:colcon.colcon_core.environment:create_environment_scripts_only(gscam)
[9.935s] Level 1:colcon.colcon_core.environment:checking '/home/parallels/robotics-2110435/ros2_ws/install/gscam' for CMake module files
[9.935s] Level 1:colcon.colcon_core.environment:checking '/home/parallels/robotics-2110435/ros2_ws/install/gscam' for CMake config files
[9.936s] Level 1:colcon.colcon_core.shell:create_environment_hook('gscam', 'cmake_prefix_path')
[9.942s] INFO:colcon.colcon_core.shell:Creating environment hook '/home/parallels/robotics-2110435/ros2_ws/install/gscam/share/gscam/hook/cmake_prefix_path.ps1'
[9.942s] INFO:colcon.colcon_core.shell:Creating environment descriptor '/home/parallels/robotics-2110435/ros2_ws/install/gscam/share/gscam/hook/cmake_prefix_path.dsv'
[9.942s] INFO:colcon.colcon_core.shell:Creating environment hook '/home/parallels/robotics-2110435/ros2_ws/install/gscam/share/gscam/hook/cmake_prefix_path.sh'
[9.943s] Level 1:colcon.colcon_core.environment:checking '/home/parallels/robotics-2110435/ros2_ws/install/gscam/lib'
[9.943s] Level 1:colcon.colcon_core.shell:create_environment_hook('gscam', 'ld_library_path_lib')
[9.949s] INFO:colcon.colcon_core.shell:Creating environment hook '/home/parallels/robotics-2110435/ros2_ws/install/gscam/share/gscam/hook/ld_library_path_lib.ps1'
[9.949s] INFO:colcon.colcon_core.shell:Creating environment descriptor '/home/parallels/robotics-2110435/ros2_ws/install/gscam/share/gscam/hook/ld_library_path_lib.dsv'
[9.949s] INFO:colcon.colcon_core.shell:Creating environment hook '/home/parallels/robotics-2110435/ros2_ws/install/gscam/share/gscam/hook/ld_library_path_lib.sh'
[9.949s] Level 1:colcon.colcon_core.environment:checking '/home/parallels/robotics-2110435/ros2_ws/install/gscam/bin'
[9.949s] Level 1:colcon.colcon_core.environment:checking '/home/parallels/robotics-2110435/ros2_ws/install/gscam/lib/pkgconfig/gscam.pc'
[9.950s] Level 1:colcon.colcon_core.environment:checking '/home/parallels/robotics-2110435/ros2_ws/install/gscam/lib/python3.10/site-packages'
[9.950s] Level 1:colcon.colcon_core.environment:checking '/home/parallels/robotics-2110435/ros2_ws/install/gscam/bin'
[9.956s] INFO:colcon.colcon_core.shell:Creating package script '/home/parallels/robotics-2110435/ros2_ws/install/gscam/share/gscam/package.ps1'
[9.956s] INFO:colcon.colcon_core.shell:Creating package descriptor '/home/parallels/robotics-2110435/ros2_ws/install/gscam/share/gscam/package.dsv'
[9.956s] INFO:colcon.colcon_core.shell:Creating package script '/home/parallels/robotics-2110435/ros2_ws/install/gscam/share/gscam/package.sh'
[9.956s] INFO:colcon.colcon_core.shell:Creating package script '/home/parallels/robotics-2110435/ros2_ws/install/gscam/share/gscam/package.bash'
[9.957s] INFO:colcon.colcon_core.shell:Creating package script '/home/parallels/robotics-2110435/ros2_ws/install/gscam/share/gscam/package.zsh'
[9.957s] Level 1:colcon.colcon_core.environment:create_file_with_runtime_dependencies(/home/parallels/robotics-2110435/ros2_ws/install/gscam/share/colcon-core/packages/gscam)
[9.957s] DEBUG:colcon.colcon_parallel_executor.executor.parallel:closing loop
[9.957s] DEBUG:colcon.colcon_parallel_executor.executor.parallel:loop closed
[9.957s] DEBUG:colcon.colcon_parallel_executor.executor.parallel:run_until_complete finished with '0'
[9.957s] DEBUG:colcon.colcon_core.event_reactor:joining thread
[9.967s] INFO:colcon.colcon_core.plugin_system:Skipping extension 'colcon_notification.desktop_notification.terminal_notifier': Not used on non-Darwin systems
[9.967s] INFO:colcon.colcon_core.plugin_system:Skipping extension 'colcon_notification.desktop_notification.win32': Not used on non-Windows systems
[9.967s] INFO:colcon.colcon_notification.desktop_notification:Sending desktop notification using 'notify2'
[9.976s] DEBUG:colcon.colcon_core.event_reactor:joined thread
[9.983s] INFO:colcon.colcon_core.shell:Creating prefix script '/home/parallels/robotics-2110435/ros2_ws/install/local_setup.ps1'
[9.983s] INFO:colcon.colcon_core.shell:Creating prefix util module '/home/parallels/robotics-2110435/ros2_ws/install/_local_setup_util_ps1.py'
[9.984s] INFO:colcon.colcon_core.shell:Creating prefix chain script '/home/parallels/robotics-2110435/ros2_ws/install/setup.ps1'
[9.992s] INFO:colcon.colcon_core.shell:Creating prefix script '/home/parallels/robotics-2110435/ros2_ws/install/local_setup.sh'
[9.992s] INFO:colcon.colcon_core.shell:Creating prefix util module '/home/parallels/robotics-2110435/ros2_ws/install/_local_setup_util_sh.py'
[9.992s] INFO:colcon.colcon_core.shell:Creating prefix chain script '/home/parallels/robotics-2110435/ros2_ws/install/setup.sh'
[10.000s] INFO:colcon.colcon_core.shell:Creating prefix script '/home/parallels/robotics-2110435/ros2_ws/install/local_setup.bash'
[10.000s] INFO:colcon.colcon_core.shell:Creating prefix chain script '/home/parallels/robotics-2110435/ros2_ws/install/setup.bash'
[10.008s] INFO:colcon.colcon_core.shell:Creating prefix script '/home/parallels/robotics-2110435/ros2_ws/install/local_setup.zsh'
[10.008s] INFO:colcon.colcon_core.shell:Creating prefix chain script '/home/parallels/robotics-2110435/ros2_ws/install/setup.zsh'
