[0.448s] DEBUG:colcon:Command line arguments: ['/usr/bin/colcon', 'build']
[0.448s] DEBUG:colcon:Parsed command line arguments: Namespace(log_base=None, log_level=None, verb_name='build', build_base='build', install_base='install', merge_install=False, symlink_install=False, test_result_base=None, continue_on_error=False, executor='parallel', parallel_workers=6, event_handlers=None, ignore_user_meta=False, metas=['./colcon.meta'], base_paths=['.'], packages_ignore=None, packages_ignore_regex=None, paths=None, packages_up_to=None, packages_up_to_regex=None, packages_above=None, packages_above_and_dependencies=None, packages_above_depth=None, packages_select_by_dep=None, packages_skip_by_dep=None, packages_skip_up_to=None, packages_select_build_failed=False, packages_skip_build_finished=False, packages_select_test_failures=False, packages_skip_test_passed=False, packages_select=None, packages_skip=None, packages_select_regex=None, packages_skip_regex=None, packages_start=None, packages_end=None, allow_overriding=[], cmake_args=None, cmake_target=None, cmake_target_skip_unavailable=False, cmake_clean_cache=False, cmake_clean_first=False, cmake_force_configure=False, ament_cmake_args=None, catkin_cmake_args=None, catkin_skip_building_tests=False, verb_parser=<colcon_defaults.argument_parser.defaults.DefaultArgumentsDecorator object at 0xffff9d3540a0>, verb_extension=<colcon_core.verb.build.BuildVerb object at 0xffff9d356500>, main=<bound method BuildVerb.main of <colcon_core.verb.build.BuildVerb object at 0xffff9d356500>>)
[0.478s] Level 1:colcon.colcon_core.package_discovery:discover_packages(colcon_meta) check parameters
[0.478s] Level 1:colcon.colcon_core.package_discovery:discover_packages(recursive) check parameters
[0.479s] Level 1:colcon.colcon_core.package_discovery:discover_packages(ignore) check parameters
[0.479s] Level 1:colcon.colcon_core.package_discovery:discover_packages(path) check parameters
[0.479s] Level 1:colcon.colcon_core.package_discovery:discover_packages(colcon_meta) discover
[0.479s] Level 1:colcon.colcon_core.package_discovery:discover_packages(recursive) discover
[0.479s] INFO:colcon.colcon_core.package_discovery:Crawling recursively for packages in '/home/parallels/robotics-2110435/challenge_1'
[0.479s] Level 1:colcon.colcon_core.package_identification:_identify(.) by extensions ['ignore', 'ignore_ament_install']
[0.479s] Level 1:colcon.colcon_core.package_identification:_identify(.) by extension 'ignore'
[0.479s] Level 1:colcon.colcon_core.package_identification:_identify(.) by extension 'ignore_ament_install'
[0.479s] Level 1:colcon.colcon_core.package_identification:_identify(.) by extensions ['colcon_pkg']
[0.479s] Level 1:colcon.colcon_core.package_identification:_identify(.) by extension 'colcon_pkg'
[0.479s] Level 1:colcon.colcon_core.package_identification:_identify(.) by extensions ['colcon_meta']
[0.479s] Level 1:colcon.colcon_core.package_identification:_identify(.) by extension 'colcon_meta'
[0.479s] Level 1:colcon.colcon_core.package_identification:_identify(.) by extensions ['ros']
[0.479s] Level 1:colcon.colcon_core.package_identification:_identify(.) by extension 'ros'
[0.486s] Level 1:colcon.colcon_core.package_identification:_identify(.) by extensions ['cmake', 'python']
[0.486s] Level 1:colcon.colcon_core.package_identification:_identify(.) by extension 'cmake'
[0.486s] Level 1:colcon.colcon_core.package_identification:_identify(.) by extension 'python'
[0.486s] Level 1:colcon.colcon_core.package_identification:_identify(.) by extensions ['python_setup_py']
[0.486s] Level 1:colcon.colcon_core.package_identification:_identify(.) by extension 'python_setup_py'
[0.487s] Level 1:colcon.colcon_core.package_identification:_identify(build) by extensions ['ignore', 'ignore_ament_install']
[0.487s] Level 1:colcon.colcon_core.package_identification:_identify(build) by extension 'ignore'
[0.487s] Level 1:colcon.colcon_core.package_identification:_identify(build) ignored
[0.487s] Level 1:colcon.colcon_core.package_identification:_identify(install) by extensions ['ignore', 'ignore_ament_install']
[0.487s] Level 1:colcon.colcon_core.package_identification:_identify(install) by extension 'ignore'
[0.487s] Level 1:colcon.colcon_core.package_identification:_identify(install) ignored
[0.487s] Level 1:colcon.colcon_core.package_identification:_identify(log) by extensions ['ignore', 'ignore_ament_install']
[0.487s] Level 1:colcon.colcon_core.package_identification:_identify(log) by extension 'ignore'
[0.487s] Level 1:colcon.colcon_core.package_identification:_identify(log) ignored
[0.487s] Level 1:colcon.colcon_core.package_identification:_identify(src) by extensions ['ignore', 'ignore_ament_install']
[0.487s] Level 1:colcon.colcon_core.package_identification:_identify(src) by extension 'ignore'
[0.487s] Level 1:colcon.colcon_core.package_identification:_identify(src) by extension 'ignore_ament_install'
[0.487s] Level 1:colcon.colcon_core.package_identification:_identify(src) by extensions ['colcon_pkg']
[0.487s] Level 1:colcon.colcon_core.package_identification:_identify(src) by extension 'colcon_pkg'
[0.487s] Level 1:colcon.colcon_core.package_identification:_identify(src) by extensions ['colcon_meta']
[0.487s] Level 1:colcon.colcon_core.package_identification:_identify(src) by extension 'colcon_meta'
[0.487s] Level 1:colcon.colcon_core.package_identification:_identify(src) by extensions ['ros']
[0.487s] Level 1:colcon.colcon_core.package_identification:_identify(src) by extension 'ros'
[0.487s] Level 1:colcon.colcon_core.package_identification:_identify(src) by extensions ['cmake', 'python']
[0.487s] Level 1:colcon.colcon_core.package_identification:_identify(src) by extension 'cmake'
[0.487s] Level 1:colcon.colcon_core.package_identification:_identify(src) by extension 'python'
[0.487s] Level 1:colcon.colcon_core.package_identification:_identify(src) by extensions ['python_setup_py']
[0.487s] Level 1:colcon.colcon_core.package_identification:_identify(src) by extension 'python_setup_py'
[0.487s] Level 1:colcon.colcon_core.package_identification:_identify(src/robot_marker) by extensions ['ignore', 'ignore_ament_install']
[0.487s] Level 1:colcon.colcon_core.package_identification:_identify(src/robot_marker) by extension 'ignore'
[0.487s] Level 1:colcon.colcon_core.package_identification:_identify(src/robot_marker) by extension 'ignore_ament_install'
[0.487s] Level 1:colcon.colcon_core.package_identification:_identify(src/robot_marker) by extensions ['colcon_pkg']
[0.487s] Level 1:colcon.colcon_core.package_identification:_identify(src/robot_marker) by extension 'colcon_pkg'
[0.487s] Level 1:colcon.colcon_core.package_identification:_identify(src/robot_marker) by extensions ['colcon_meta']
[0.487s] Level 1:colcon.colcon_core.package_identification:_identify(src/robot_marker) by extension 'colcon_meta'
[0.487s] Level 1:colcon.colcon_core.package_identification:_identify(src/robot_marker) by extensions ['ros']
[0.487s] Level 1:colcon.colcon_core.package_identification:_identify(src/robot_marker) by extension 'ros'
[0.489s] DEBUG:colcon.colcon_core.package_identification:Package 'src/robot_marker' with type 'ros.ament_python' and name 'robot_marker'
[0.489s] Level 1:colcon.colcon_core.package_discovery:discover_packages(recursive) using defaults
[0.489s] Level 1:colcon.colcon_core.package_discovery:discover_packages(ignore) discover
[0.489s] Level 1:colcon.colcon_core.package_discovery:discover_packages(ignore) using defaults
[0.489s] Level 1:colcon.colcon_core.package_discovery:discover_packages(path) discover
[0.489s] Level 1:colcon.colcon_core.package_discovery:discover_packages(path) using defaults
[0.533s] Level 1:colcon.colcon_core.package_discovery:discover_packages(prefix_path) check parameters
[0.533s] Level 1:colcon.colcon_core.package_discovery:discover_packages(prefix_path) discover
[0.547s] DEBUG:colcon.colcon_installed_package_information.package_discovery:Found 4 installed packages in /home/parallels/robotics-2110435/tracking_ws/install
[0.553s] DEBUG:colcon.colcon_installed_package_information.package_discovery:Found 1 installed packages in /home/parallels/robotics-2110435/challenge_1/install
[0.560s] DEBUG:colcon.colcon_installed_package_information.package_discovery:Found 3 installed packages in /home/parallels/robotics-2110435/robot_ws/install
[0.566s] DEBUG:colcon.colcon_installed_package_information.package_discovery:Found 1 installed packages in /home/parallels/my_robot_ws/install
[0.577s] DEBUG:colcon.colcon_installed_package_information.package_discovery:Found 1 installed packages in /home/parallels/robotics-2110435/ros2_ws/install
[0.584s] DEBUG:colcon.colcon_installed_package_information.package_discovery:Found 308 installed packages in /opt/ros/humble
[0.585s] Level 1:colcon.colcon_core.package_discovery:discover_packages(prefix_path) using defaults
[0.631s] Level 5:colcon.colcon_core.verb:set package 'robot_marker' build argument 'cmake_args' from command line to 'None'
[0.631s] Level 5:colcon.colcon_core.verb:set package 'robot_marker' build argument 'cmake_target' from command line to 'None'
[0.631s] Level 5:colcon.colcon_core.verb:set package 'robot_marker' build argument 'cmake_target_skip_unavailable' from command line to 'False'
[0.631s] Level 5:colcon.colcon_core.verb:set package 'robot_marker' build argument 'cmake_clean_cache' from command line to 'False'
[0.631s] Level 5:colcon.colcon_core.verb:set package 'robot_marker' build argument 'cmake_clean_first' from command line to 'False'
[0.631s] Level 5:colcon.colcon_core.verb:set package 'robot_marker' build argument 'cmake_force_configure' from command line to 'False'
[0.631s] Level 5:colcon.colcon_core.verb:set package 'robot_marker' build argument 'ament_cmake_args' from command line to 'None'
[0.631s] Level 5:colcon.colcon_core.verb:set package 'robot_marker' build argument 'catkin_cmake_args' from command line to 'None'
[0.631s] Level 5:colcon.colcon_core.verb:set package 'robot_marker' build argument 'catkin_skip_building_tests' from command line to 'False'
[0.631s] DEBUG:colcon.colcon_core.verb:Building package 'robot_marker' with the following arguments: {'ament_cmake_args': None, 'build_base': '/home/parallels/robotics-2110435/challenge_1/build/robot_marker', 'catkin_cmake_args': None, 'catkin_skip_building_tests': False, 'cmake_args': None, 'cmake_clean_cache': False, 'cmake_clean_first': False, 'cmake_force_configure': False, 'cmake_target': None, 'cmake_target_skip_unavailable': False, 'install_base': '/home/parallels/robotics-2110435/challenge_1/install/robot_marker', 'merge_install': False, 'path': '/home/parallels/robotics-2110435/challenge_1/src/robot_marker', 'symlink_install': False, 'test_result_base': None}
[0.637s] INFO:colcon.colcon_core.executor:Executing jobs using 'parallel' executor
[0.643s] DEBUG:colcon.colcon_parallel_executor.executor.parallel:run_until_complete
[0.643s] INFO:colcon.colcon_ros.task.ament_python.build:Building ROS package in '/home/parallels/robotics-2110435/challenge_1/src/robot_marker' with build type 'ament_python'
[0.643s] Level 1:colcon.colcon_core.shell:create_environment_hook('robot_marker', 'ament_prefix_path')
[0.653s] INFO:colcon.colcon_core.plugin_system:Skipping extension 'colcon_core.shell.bat': Not used on non-Windows systems
[0.653s] INFO:colcon.colcon_core.shell:Creating environment hook '/home/parallels/robotics-2110435/challenge_1/install/robot_marker/share/robot_marker/hook/ament_prefix_path.ps1'
[0.654s] INFO:colcon.colcon_core.shell:Creating environment descriptor '/home/parallels/robotics-2110435/challenge_1/install/robot_marker/share/robot_marker/hook/ament_prefix_path.dsv'
[0.655s] INFO:colcon.colcon_core.shell:Creating environment hook '/home/parallels/robotics-2110435/challenge_1/install/robot_marker/share/robot_marker/hook/ament_prefix_path.sh'
[0.661s] INFO:colcon.colcon_core.shell:Skip shell extension 'powershell' for command environment: Not usable outside of PowerShell
[0.661s] DEBUG:colcon.colcon_core.shell:Skip shell extension 'dsv' for command environment
[0.846s] INFO:colcon.colcon_core.task.python.build:Building Python package in '/home/parallels/robotics-2110435/challenge_1/src/robot_marker'
[0.853s] INFO:colcon.colcon_core.shell:Skip shell extension 'powershell' for command environment: Not usable outside of PowerShell
[0.853s] DEBUG:colcon.colcon_core.shell:Skip shell extension 'dsv' for command environment
[1.123s] DEBUG:colcon.colcon_core.event_handler.log_command:Invoking command in '/home/parallels/robotics-2110435/challenge_1/src/robot_marker': PYTHONPATH=/home/parallels/robotics-2110435/challenge_1/build/robot_marker/prefix_override:/home/parallels/robotics-2110435/challenge_1/install/robot_marker/lib/python3.10/site-packages:${PYTHONPATH} /usr/bin/python3 setup.py egg_info --egg-base ../../build/robot_marker build --build-base /home/parallels/robotics-2110435/challenge_1/build/robot_marker/build install --record /home/parallels/robotics-2110435/challenge_1/build/robot_marker/install.log --single-version-externally-managed
[1.276s] DEBUG:colcon.colcon_core.event_handler.log_command:Invoked command in '/home/parallels/robotics-2110435/challenge_1/src/robot_marker' returned '0': PYTHONPATH=/home/parallels/robotics-2110435/challenge_1/build/robot_marker/prefix_override:/home/parallels/robotics-2110435/challenge_1/install/robot_marker/lib/python3.10/site-packages:${PYTHONPATH} /usr/bin/python3 setup.py egg_info --egg-base ../../build/robot_marker build --build-base /home/parallels/robotics-2110435/challenge_1/build/robot_marker/build install --record /home/parallels/robotics-2110435/challenge_1/build/robot_marker/install.log --single-version-externally-managed
[1.285s] Level 1:colcon.colcon_core.environment:checking '/home/parallels/robotics-2110435/challenge_1/install/robot_marker' for CMake module files
[1.286s] Level 1:colcon.colcon_core.environment:checking '/home/parallels/robotics-2110435/challenge_1/install/robot_marker' for CMake config files
[1.286s] Level 1:colcon.colcon_core.environment:checking '/home/parallels/robotics-2110435/challenge_1/install/robot_marker/lib'
[1.286s] Level 1:colcon.colcon_core.environment:checking '/home/parallels/robotics-2110435/challenge_1/install/robot_marker/bin'
[1.286s] Level 1:colcon.colcon_core.environment:checking '/home/parallels/robotics-2110435/challenge_1/install/robot_marker/lib/pkgconfig/robot_marker.pc'
[1.286s] Level 1:colcon.colcon_core.environment:checking '/home/parallels/robotics-2110435/challenge_1/install/robot_marker/lib/python3.10/site-packages'
[1.287s] Level 1:colcon.colcon_core.shell:create_environment_hook('robot_marker', 'pythonpath')
[1.293s] INFO:colcon.colcon_core.shell:Creating environment hook '/home/parallels/robotics-2110435/challenge_1/install/robot_marker/share/robot_marker/hook/pythonpath.ps1'
[1.293s] INFO:colcon.colcon_core.shell:Creating environment descriptor '/home/parallels/robotics-2110435/challenge_1/install/robot_marker/share/robot_marker/hook/pythonpath.dsv'
[1.294s] INFO:colcon.colcon_core.shell:Creating environment hook '/home/parallels/robotics-2110435/challenge_1/install/robot_marker/share/robot_marker/hook/pythonpath.sh'
[1.294s] Level 1:colcon.colcon_core.environment:checking '/home/parallels/robotics-2110435/challenge_1/install/robot_marker/bin'
[1.294s] Level 1:colcon.colcon_core.environment:create_environment_scripts_only(robot_marker)
[1.300s] INFO:colcon.colcon_core.shell:Creating package script '/home/parallels/robotics-2110435/challenge_1/install/robot_marker/share/robot_marker/package.ps1'
[1.301s] INFO:colcon.colcon_core.shell:Creating package descriptor '/home/parallels/robotics-2110435/challenge_1/install/robot_marker/share/robot_marker/package.dsv'
[1.302s] INFO:colcon.colcon_core.shell:Creating package script '/home/parallels/robotics-2110435/challenge_1/install/robot_marker/share/robot_marker/package.sh'
[1.302s] INFO:colcon.colcon_core.shell:Creating package script '/home/parallels/robotics-2110435/challenge_1/install/robot_marker/share/robot_marker/package.bash'
[1.303s] INFO:colcon.colcon_core.shell:Creating package script '/home/parallels/robotics-2110435/challenge_1/install/robot_marker/share/robot_marker/package.zsh'
[1.303s] Level 1:colcon.colcon_core.environment:create_file_with_runtime_dependencies(/home/parallels/robotics-2110435/challenge_1/install/robot_marker/share/colcon-core/packages/robot_marker)
[1.304s] DEBUG:colcon.colcon_parallel_executor.executor.parallel:closing loop
[1.304s] DEBUG:colcon.colcon_parallel_executor.executor.parallel:loop closed
[1.304s] DEBUG:colcon.colcon_parallel_executor.executor.parallel:run_until_complete finished with '0'
[1.304s] DEBUG:colcon.colcon_core.event_reactor:joining thread
[1.314s] INFO:colcon.colcon_core.plugin_system:Skipping extension 'colcon_notification.desktop_notification.terminal_notifier': Not used on non-Darwin systems
[1.314s] INFO:colcon.colcon_core.plugin_system:Skipping extension 'colcon_notification.desktop_notification.win32': Not used on non-Windows systems
[1.314s] INFO:colcon.colcon_notification.desktop_notification:Sending desktop notification using 'notify2'
[1.324s] DEBUG:colcon.colcon_core.event_reactor:joined thread
[1.332s] INFO:colcon.colcon_core.shell:Creating prefix script '/home/parallels/robotics-2110435/challenge_1/install/local_setup.ps1'
[1.332s] INFO:colcon.colcon_core.shell:Creating prefix util module '/home/parallels/robotics-2110435/challenge_1/install/_local_setup_util_ps1.py'
[1.333s] INFO:colcon.colcon_core.shell:Creating prefix chain script '/home/parallels/robotics-2110435/challenge_1/install/setup.ps1'
[1.341s] INFO:colcon.colcon_core.shell:Creating prefix script '/home/parallels/robotics-2110435/challenge_1/install/local_setup.sh'
[1.341s] INFO:colcon.colcon_core.shell:Creating prefix util module '/home/parallels/robotics-2110435/challenge_1/install/_local_setup_util_sh.py'
[1.341s] INFO:colcon.colcon_core.shell:Creating prefix chain script '/home/parallels/robotics-2110435/challenge_1/install/setup.sh'
[1.350s] INFO:colcon.colcon_core.shell:Creating prefix script '/home/parallels/robotics-2110435/challenge_1/install/local_setup.bash'
[1.350s] INFO:colcon.colcon_core.shell:Creating prefix chain script '/home/parallels/robotics-2110435/challenge_1/install/setup.bash'
[1.358s] INFO:colcon.colcon_core.shell:Creating prefix script '/home/parallels/robotics-2110435/challenge_1/install/local_setup.zsh'
[1.358s] INFO:colcon.colcon_core.shell:Creating prefix chain script '/home/parallels/robotics-2110435/challenge_1/install/setup.zsh'
