[0.405s] DEBUG:colcon:Command line arguments: ['/usr/bin/colcon', 'build']
[0.405s] DEBUG:colcon:Parsed command line arguments: Namespace(log_base=None, log_level=None, verb_name='build', build_base='build', install_base='install', merge_install=False, symlink_install=False, test_result_base=None, continue_on_error=False, executor='parallel', parallel_workers=16, event_handlers=None, ignore_user_meta=False, metas=['./colcon.meta'], base_paths=['.'], packages_ignore=None, packages_ignore_regex=None, paths=None, packages_up_to=None, packages_up_to_regex=None, packages_above=None, packages_above_and_dependencies=None, packages_above_depth=None, packages_select_by_dep=None, packages_skip_by_dep=None, packages_skip_up_to=None, packages_select_build_failed=False, packages_skip_build_finished=False, packages_select_test_failures=False, packages_skip_test_passed=False, packages_select=None, packages_skip=None, packages_select_regex=None, packages_skip_regex=None, packages_start=None, packages_end=None, allow_overriding=[], cmake_args=None, cmake_target=None, cmake_target_skip_unavailable=False, cmake_clean_cache=False, cmake_clean_first=False, cmake_force_configure=False, ament_cmake_args=None, catkin_cmake_args=None, catkin_skip_building_tests=False, verb_parser=<colcon_defaults.argument_parser.defaults.DefaultArgumentsDecorator object at 0x7f53e8d24670>, verb_extension=<colcon_core.verb.build.BuildVerb object at 0x7f53e91b24d0>, main=<bound method BuildVerb.main of <colcon_core.verb.build.BuildVerb object at 0x7f53e91b24d0>>)
[0.431s] Level 1:colcon.colcon_core.package_discovery:discover_packages(colcon_meta) check parameters
[0.431s] Level 1:colcon.colcon_core.package_discovery:discover_packages(recursive) check parameters
[0.431s] Level 1:colcon.colcon_core.package_discovery:discover_packages(ignore) check parameters
[0.431s] Level 1:colcon.colcon_core.package_discovery:discover_packages(path) check parameters
[0.431s] Level 1:colcon.colcon_core.package_discovery:discover_packages(colcon_meta) discover
[0.432s] Level 1:colcon.colcon_core.package_discovery:discover_packages(recursive) discover
[0.432s] INFO:colcon.colcon_core.package_discovery:Crawling recursively for packages in '/home/vt/robotics-2110435/challenge_2'
[0.432s] Level 1:colcon.colcon_core.package_identification:_identify(.) by extensions ['ignore', 'ignore_ament_install']
[0.432s] Level 1:colcon.colcon_core.package_identification:_identify(.) by extension 'ignore'
[0.432s] Level 1:colcon.colcon_core.package_identification:_identify(.) by extension 'ignore_ament_install'
[0.432s] Level 1:colcon.colcon_core.package_identification:_identify(.) by extensions ['colcon_pkg']
[0.432s] Level 1:colcon.colcon_core.package_identification:_identify(.) by extension 'colcon_pkg'
[0.432s] Level 1:colcon.colcon_core.package_identification:_identify(.) by extensions ['colcon_meta']
[0.432s] Level 1:colcon.colcon_core.package_identification:_identify(.) by extension 'colcon_meta'
[0.432s] Level 1:colcon.colcon_core.package_identification:_identify(.) by extensions ['ros']
[0.432s] Level 1:colcon.colcon_core.package_identification:_identify(.) by extension 'ros'
[0.439s] Level 1:colcon.colcon_core.package_identification:_identify(.) by extensions ['cmake', 'python']
[0.439s] Level 1:colcon.colcon_core.package_identification:_identify(.) by extension 'cmake'
[0.439s] Level 1:colcon.colcon_core.package_identification:_identify(.) by extension 'python'
[0.439s] Level 1:colcon.colcon_core.package_identification:_identify(.) by extensions ['python_setup_py']
[0.439s] Level 1:colcon.colcon_core.package_identification:_identify(.) by extension 'python_setup_py'
[0.439s] Level 1:colcon.colcon_core.package_identification:_identify(build) by extensions ['ignore', 'ignore_ament_install']
[0.439s] Level 1:colcon.colcon_core.package_identification:_identify(build) by extension 'ignore'
[0.439s] Level 1:colcon.colcon_core.package_identification:_identify(build) ignored
[0.439s] Level 1:colcon.colcon_core.package_identification:_identify(install) by extensions ['ignore', 'ignore_ament_install']
[0.439s] Level 1:colcon.colcon_core.package_identification:_identify(install) by extension 'ignore'
[0.439s] Level 1:colcon.colcon_core.package_identification:_identify(install) ignored
[0.439s] Level 1:colcon.colcon_core.package_identification:_identify(log) by extensions ['ignore', 'ignore_ament_install']
[0.439s] Level 1:colcon.colcon_core.package_identification:_identify(log) by extension 'ignore'
[0.439s] Level 1:colcon.colcon_core.package_identification:_identify(log) ignored
[0.439s] Level 1:colcon.colcon_core.package_identification:_identify(src) by extensions ['ignore', 'ignore_ament_install']
[0.439s] Level 1:colcon.colcon_core.package_identification:_identify(src) by extension 'ignore'
[0.439s] Level 1:colcon.colcon_core.package_identification:_identify(src) by extension 'ignore_ament_install'
[0.439s] Level 1:colcon.colcon_core.package_identification:_identify(src) by extensions ['colcon_pkg']
[0.439s] Level 1:colcon.colcon_core.package_identification:_identify(src) by extension 'colcon_pkg'
[0.439s] Level 1:colcon.colcon_core.package_identification:_identify(src) by extensions ['colcon_meta']
[0.439s] Level 1:colcon.colcon_core.package_identification:_identify(src) by extension 'colcon_meta'
[0.439s] Level 1:colcon.colcon_core.package_identification:_identify(src) by extensions ['ros']
[0.439s] Level 1:colcon.colcon_core.package_identification:_identify(src) by extension 'ros'
[0.440s] Level 1:colcon.colcon_core.package_identification:_identify(src) by extensions ['cmake', 'python']
[0.440s] Level 1:colcon.colcon_core.package_identification:_identify(src) by extension 'cmake'
[0.440s] Level 1:colcon.colcon_core.package_identification:_identify(src) by extension 'python'
[0.440s] Level 1:colcon.colcon_core.package_identification:_identify(src) by extensions ['python_setup_py']
[0.440s] Level 1:colcon.colcon_core.package_identification:_identify(src) by extension 'python_setup_py'
[0.440s] Level 1:colcon.colcon_core.package_identification:_identify(src/challenge_2) by extensions ['ignore', 'ignore_ament_install']
[0.440s] Level 1:colcon.colcon_core.package_identification:_identify(src/challenge_2) by extension 'ignore'
[0.440s] Level 1:colcon.colcon_core.package_identification:_identify(src/challenge_2) by extension 'ignore_ament_install'
[0.440s] Level 1:colcon.colcon_core.package_identification:_identify(src/challenge_2) by extensions ['colcon_pkg']
[0.440s] Level 1:colcon.colcon_core.package_identification:_identify(src/challenge_2) by extension 'colcon_pkg'
[0.440s] Level 1:colcon.colcon_core.package_identification:_identify(src/challenge_2) by extensions ['colcon_meta']
[0.440s] Level 1:colcon.colcon_core.package_identification:_identify(src/challenge_2) by extension 'colcon_meta'
[0.440s] Level 1:colcon.colcon_core.package_identification:_identify(src/challenge_2) by extensions ['ros']
[0.440s] Level 1:colcon.colcon_core.package_identification:_identify(src/challenge_2) by extension 'ros'
[0.441s] DEBUG:colcon.colcon_core.package_identification:Package 'src/challenge_2' with type 'ros.ament_python' and name 'challenge_2'
[0.441s] Level 1:colcon.colcon_core.package_discovery:discover_packages(recursive) using defaults
[0.441s] Level 1:colcon.colcon_core.package_discovery:discover_packages(ignore) discover
[0.441s] Level 1:colcon.colcon_core.package_discovery:discover_packages(ignore) using defaults
[0.441s] Level 1:colcon.colcon_core.package_discovery:discover_packages(path) discover
[0.441s] Level 1:colcon.colcon_core.package_discovery:discover_packages(path) using defaults
[0.479s] Level 1:colcon.colcon_core.package_discovery:discover_packages(prefix_path) check parameters
[0.479s] Level 1:colcon.colcon_core.package_discovery:discover_packages(prefix_path) discover
[0.491s] DEBUG:colcon.colcon_installed_package_information.package_discovery:Found 4 installed packages in /home/vt/robotics-2110435/aruco_ws/install
[0.497s] DEBUG:colcon.colcon_installed_package_information.package_discovery:Found 1 installed packages in /home/vt/robotics-2110435/challenge_2/install
[0.503s] DEBUG:colcon.colcon_installed_package_information.package_discovery:Found 4 installed packages in /home/vt/robotics-2110435/tracking_ws/install
[0.509s] DEBUG:colcon.colcon_installed_package_information.package_discovery:Found 3 installed packages in /home/vt/robotics-2110435/robot_ws/install
[0.514s] DEBUG:colcon.colcon_installed_package_information.package_discovery:Found 1 installed packages in /home/vt/robotics-2110435/challenge_1/install
[0.520s] DEBUG:colcon.colcon_installed_package_information.package_discovery:Found 277 installed packages in /opt/ros/humble
[0.521s] Level 1:colcon.colcon_core.package_discovery:discover_packages(prefix_path) using defaults
[0.554s] Level 5:colcon.colcon_core.verb:set package 'challenge_2' build argument 'cmake_args' from command line to 'None'
[0.554s] Level 5:colcon.colcon_core.verb:set package 'challenge_2' build argument 'cmake_target' from command line to 'None'
[0.554s] Level 5:colcon.colcon_core.verb:set package 'challenge_2' build argument 'cmake_target_skip_unavailable' from command line to 'False'
[0.554s] Level 5:colcon.colcon_core.verb:set package 'challenge_2' build argument 'cmake_clean_cache' from command line to 'False'
[0.554s] Level 5:colcon.colcon_core.verb:set package 'challenge_2' build argument 'cmake_clean_first' from command line to 'False'
[0.554s] Level 5:colcon.colcon_core.verb:set package 'challenge_2' build argument 'cmake_force_configure' from command line to 'False'
[0.554s] Level 5:colcon.colcon_core.verb:set package 'challenge_2' build argument 'ament_cmake_args' from command line to 'None'
[0.554s] Level 5:colcon.colcon_core.verb:set package 'challenge_2' build argument 'catkin_cmake_args' from command line to 'None'
[0.554s] Level 5:colcon.colcon_core.verb:set package 'challenge_2' build argument 'catkin_skip_building_tests' from command line to 'False'
[0.554s] DEBUG:colcon.colcon_core.verb:Building package 'challenge_2' with the following arguments: {'ament_cmake_args': None, 'build_base': '/home/vt/robotics-2110435/challenge_2/build/challenge_2', 'catkin_cmake_args': None, 'catkin_skip_building_tests': False, 'cmake_args': None, 'cmake_clean_cache': False, 'cmake_clean_first': False, 'cmake_force_configure': False, 'cmake_target': None, 'cmake_target_skip_unavailable': False, 'install_base': '/home/vt/robotics-2110435/challenge_2/install/challenge_2', 'merge_install': False, 'path': '/home/vt/robotics-2110435/challenge_2/src/challenge_2', 'symlink_install': False, 'test_result_base': None}
[0.563s] INFO:colcon.colcon_core.executor:Executing jobs using 'parallel' executor
[0.584s] DEBUG:colcon.colcon_parallel_executor.executor.parallel:run_until_complete
[0.584s] INFO:colcon.colcon_ros.task.ament_python.build:Building ROS package in '/home/vt/robotics-2110435/challenge_2/src/challenge_2' with build type 'ament_python'
[0.584s] Level 1:colcon.colcon_core.shell:create_environment_hook('challenge_2', 'ament_prefix_path')
[0.592s] INFO:colcon.colcon_core.plugin_system:Skipping extension 'colcon_core.shell.bat': Not used on non-Windows systems
[0.593s] INFO:colcon.colcon_core.shell:Creating environment hook '/home/vt/robotics-2110435/challenge_2/install/challenge_2/share/challenge_2/hook/ament_prefix_path.ps1'
[0.593s] INFO:colcon.colcon_core.shell:Creating environment descriptor '/home/vt/robotics-2110435/challenge_2/install/challenge_2/share/challenge_2/hook/ament_prefix_path.dsv'
[0.593s] INFO:colcon.colcon_core.shell:Creating environment hook '/home/vt/robotics-2110435/challenge_2/install/challenge_2/share/challenge_2/hook/ament_prefix_path.sh'
[0.600s] INFO:colcon.colcon_core.shell:Skip shell extension 'powershell' for command environment: Not usable outside of PowerShell
[0.600s] DEBUG:colcon.colcon_core.shell:Skip shell extension 'dsv' for command environment
[0.779s] INFO:colcon.colcon_core.task.python.build:Building Python package in '/home/vt/robotics-2110435/challenge_2/src/challenge_2'
[0.785s] INFO:colcon.colcon_core.shell:Skip shell extension 'powershell' for command environment: Not usable outside of PowerShell
[0.786s] DEBUG:colcon.colcon_core.shell:Skip shell extension 'dsv' for command environment
[1.109s] DEBUG:colcon.colcon_core.event_handler.log_command:Invoking command in '/home/vt/robotics-2110435/challenge_2/src/challenge_2': PYTHONPATH=/home/vt/robotics-2110435/challenge_2/build/challenge_2/prefix_override:/home/vt/robotics-2110435/challenge_2/install/challenge_2/lib/python3.10/site-packages:${PYTHONPATH} /usr/bin/python3 setup.py egg_info --egg-base ../../build/challenge_2 build --build-base /home/vt/robotics-2110435/challenge_2/build/challenge_2/build install --record /home/vt/robotics-2110435/challenge_2/build/challenge_2/install.log --single-version-externally-managed
[1.387s] DEBUG:colcon.colcon_core.event_handler.log_command:Invoked command in '/home/vt/robotics-2110435/challenge_2/src/challenge_2' returned '0': PYTHONPATH=/home/vt/robotics-2110435/challenge_2/build/challenge_2/prefix_override:/home/vt/robotics-2110435/challenge_2/install/challenge_2/lib/python3.10/site-packages:${PYTHONPATH} /usr/bin/python3 setup.py egg_info --egg-base ../../build/challenge_2 build --build-base /home/vt/robotics-2110435/challenge_2/build/challenge_2/build install --record /home/vt/robotics-2110435/challenge_2/build/challenge_2/install.log --single-version-externally-managed
[1.409s] Level 1:colcon.colcon_core.environment:checking '/home/vt/robotics-2110435/challenge_2/install/challenge_2' for CMake module files
[1.410s] Level 1:colcon.colcon_core.environment:checking '/home/vt/robotics-2110435/challenge_2/install/challenge_2' for CMake config files
[1.411s] Level 1:colcon.colcon_core.environment:checking '/home/vt/robotics-2110435/challenge_2/install/challenge_2/lib'
[1.411s] Level 1:colcon.colcon_core.environment:checking '/home/vt/robotics-2110435/challenge_2/install/challenge_2/bin'
[1.411s] Level 1:colcon.colcon_core.environment:checking '/home/vt/robotics-2110435/challenge_2/install/challenge_2/lib/pkgconfig/challenge_2.pc'
[1.412s] Level 1:colcon.colcon_core.environment:checking '/home/vt/robotics-2110435/challenge_2/install/challenge_2/lib/python3.10/site-packages'
[1.412s] Level 1:colcon.colcon_core.shell:create_environment_hook('challenge_2', 'pythonpath')
[1.428s] INFO:colcon.colcon_core.shell:Creating environment hook '/home/vt/robotics-2110435/challenge_2/install/challenge_2/share/challenge_2/hook/pythonpath.ps1'
[1.428s] INFO:colcon.colcon_core.shell:Creating environment descriptor '/home/vt/robotics-2110435/challenge_2/install/challenge_2/share/challenge_2/hook/pythonpath.dsv'
[1.429s] INFO:colcon.colcon_core.shell:Creating environment hook '/home/vt/robotics-2110435/challenge_2/install/challenge_2/share/challenge_2/hook/pythonpath.sh'
[1.429s] Level 1:colcon.colcon_core.environment:checking '/home/vt/robotics-2110435/challenge_2/install/challenge_2/bin'
[1.429s] Level 1:colcon.colcon_core.environment:create_environment_scripts_only(challenge_2)
[1.436s] INFO:colcon.colcon_core.shell:Creating package script '/home/vt/robotics-2110435/challenge_2/install/challenge_2/share/challenge_2/package.ps1'
[1.437s] INFO:colcon.colcon_core.shell:Creating package descriptor '/home/vt/robotics-2110435/challenge_2/install/challenge_2/share/challenge_2/package.dsv'
[1.437s] INFO:colcon.colcon_core.shell:Creating package script '/home/vt/robotics-2110435/challenge_2/install/challenge_2/share/challenge_2/package.sh'
[1.437s] INFO:colcon.colcon_core.shell:Creating package script '/home/vt/robotics-2110435/challenge_2/install/challenge_2/share/challenge_2/package.bash'
[1.438s] INFO:colcon.colcon_core.shell:Creating package script '/home/vt/robotics-2110435/challenge_2/install/challenge_2/share/challenge_2/package.zsh'
[1.438s] Level 1:colcon.colcon_core.environment:create_file_with_runtime_dependencies(/home/vt/robotics-2110435/challenge_2/install/challenge_2/share/colcon-core/packages/challenge_2)
[1.439s] DEBUG:colcon.colcon_parallel_executor.executor.parallel:closing loop
[1.439s] DEBUG:colcon.colcon_parallel_executor.executor.parallel:loop closed
[1.439s] DEBUG:colcon.colcon_parallel_executor.executor.parallel:run_until_complete finished with '0'
[1.439s] DEBUG:colcon.colcon_core.event_reactor:joining thread
[1.467s] INFO:colcon.colcon_core.plugin_system:Skipping extension 'colcon_notification.desktop_notification.terminal_notifier': Not used on non-Darwin systems
[1.467s] INFO:colcon.colcon_core.plugin_system:Skipping extension 'colcon_notification.desktop_notification.win32': Not used on non-Windows systems
[1.467s] INFO:colcon.colcon_notification.desktop_notification:Sending desktop notification using 'notify2'
[1.482s] DEBUG:colcon.colcon_core.event_reactor:joined thread
[1.493s] INFO:colcon.colcon_core.shell:Creating prefix script '/home/vt/robotics-2110435/challenge_2/install/local_setup.ps1'
[1.494s] INFO:colcon.colcon_core.shell:Creating prefix util module '/home/vt/robotics-2110435/challenge_2/install/_local_setup_util_ps1.py'
[1.495s] INFO:colcon.colcon_core.shell:Creating prefix chain script '/home/vt/robotics-2110435/challenge_2/install/setup.ps1'
[1.504s] INFO:colcon.colcon_core.shell:Creating prefix script '/home/vt/robotics-2110435/challenge_2/install/local_setup.sh'
[1.504s] INFO:colcon.colcon_core.shell:Creating prefix util module '/home/vt/robotics-2110435/challenge_2/install/_local_setup_util_sh.py'
[1.504s] INFO:colcon.colcon_core.shell:Creating prefix chain script '/home/vt/robotics-2110435/challenge_2/install/setup.sh'
[1.512s] INFO:colcon.colcon_core.shell:Creating prefix script '/home/vt/robotics-2110435/challenge_2/install/local_setup.bash'
[1.512s] INFO:colcon.colcon_core.shell:Creating prefix chain script '/home/vt/robotics-2110435/challenge_2/install/setup.bash'
[1.519s] INFO:colcon.colcon_core.shell:Creating prefix script '/home/vt/robotics-2110435/challenge_2/install/local_setup.zsh'
[1.520s] INFO:colcon.colcon_core.shell:Creating prefix chain script '/home/vt/robotics-2110435/challenge_2/install/setup.zsh'
