[0.340s] Invoking command in '/home/vt/robotics-2110435/tracking_ws/build/web_video_server': CMAKE_PREFIX_PATH=${CMAKE_PREFIX_PATH}:/home/vt/robotics-2110435/tracking_ws/install/keyboard_control:/home/vt/robotics-2110435/tracking_ws/install/aruco_following_controller:/home/vt/robotics-2110435/robot_ws/install/turtle_square:/home/vt/robotics-2110435/robot_ws/install/turtle_pkg:/home/vt/robotics-2110435/robot_ws/install/ros2_aruco:/home/vt/robotics-2110435/challenge_1/install/robot_marker:/opt/ros/humble /usr/bin/cmake /home/vt/robotics-2110435/tracking_ws/src/web_video_server -DCMAKE_INSTALL_PREFIX=/home/vt/robotics-2110435/tracking_ws/install/web_video_server
[0.349s] -- Found ament_cmake_ros: 0.10.0 (/opt/ros/humble/share/ament_cmake_ros/cmake)
[0.453s] [31mCMake Error at CMakeLists.txt:6 (find_package):
[0.453s]   By not providing "Findasync_web_server_cpp.cmake" in CMAKE_MODULE_PATH this
[0.453s]   project has asked CMake to find a package configuration file provided by
[0.453s]   "async_web_server_cpp", but CMake did not find one.
[0.453s] 
[0.453s]   Could not find a package configuration file provided by
[0.453s]   "async_web_server_cpp" with any of the following names:
[0.453s] 
[0.453s]     async_web_server_cppConfig.cmake
[0.453s]     async_web_server_cpp-config.cmake
[0.453s] 
[0.453s]   Add the installation prefix of "async_web_server_cpp" to CMAKE_PREFIX_PATH
[0.453s]   or set "async_web_server_cpp_DIR" to a directory containing one of the
[0.454s]   above files.  If "async_web_server_cpp" provides a separate development
[0.454s]   package or SDK, be sure it has been installed.
[0.454s] 
[0.454s] [0m
[0.454s] -- Configuring incomplete, errors occurred!
[0.454s] See also "/home/vt/robotics-2110435/tracking_ws/build/web_video_server/CMakeFiles/CMakeOutput.log".
[0.455s] Invoked command in '/home/vt/robotics-2110435/tracking_ws/build/web_video_server' returned '1': CMAKE_PREFIX_PATH=${CMAKE_PREFIX_PATH}:/home/vt/robotics-2110435/tracking_ws/install/keyboard_control:/home/vt/robotics-2110435/tracking_ws/install/aruco_following_controller:/home/vt/robotics-2110435/robot_ws/install/turtle_square:/home/vt/robotics-2110435/robot_ws/install/turtle_pkg:/home/vt/robotics-2110435/robot_ws/install/ros2_aruco:/home/vt/robotics-2110435/challenge_1/install/robot_marker:/opt/ros/humble /usr/bin/cmake /home/vt/robotics-2110435/tracking_ws/src/web_video_server -DCMAKE_INSTALL_PREFIX=/home/vt/robotics-2110435/tracking_ws/install/web_video_server
