[0.184s] Invoking command in '/home/vt/robotics-2110435/tracking_ws/build/aruco_controller': CMAKE_PREFIX_PATH=${CMAKE_PREFIX_PATH}:/home/vt/robotics-2110435/tracking_ws/install/keyboard_control:/home/vt/robotics-2110435/tracking_ws/install/aruco_following_controller:/home/vt/robotics-2110435/robot_ws/install/turtle_square:/home/vt/robotics-2110435/robot_ws/install/turtle_pkg:/home/vt/robotics-2110435/robot_ws/install/ros2_aruco:/home/vt/robotics-2110435/challenge_1/install/robot_marker:/opt/ros/humble /usr/bin/cmake /home/vt/robotics-2110435/tracking_ws/src/aruco_controller -DCMAKE_INSTALL_PREFIX=/home/vt/robotics-2110435/tracking_ws/install/aruco_controller
[0.486s] -- The C compiler identification is GNU 11.4.0
[0.486s] -- The CXX compiler identification is GNU 11.4.0
[0.486s] -- Detecting C compiler ABI info
[0.486s] -- Detecting C compiler ABI info - done
[0.486s] -- Check for working C compiler: /usr/bin/cc - skipped
[0.486s] -- Detecting C compile features
[0.486s] -- Detecting C compile features - done
[0.487s] -- Detecting CXX compiler ABI info
[0.491s] -- Detecting CXX compiler ABI info - done
[0.494s] -- Check for working CXX compiler: /usr/bin/c++ - skipped
[0.495s] -- Detecting CXX compile features
[0.495s] -- Detecting CXX compile features - done
[0.497s] -- Found ament_cmake: 1.3.5 (/opt/ros/humble/share/ament_cmake/cmake)
[0.726s] -- Found Python3: /usr/bin/python3.10 (found version "3.10.12") found components: Interpreter 
[0.801s] -- Found rclcpp: 16.0.6 (/opt/ros/humble/share/rclcpp/cmake)
[0.840s] -- Found rosidl_generator_c: 3.1.5 (/opt/ros/humble/share/rosidl_generator_c/cmake)
[0.846s] -- Found rosidl_adapter: 3.1.5 (/opt/ros/humble/share/rosidl_adapter/cmake)
[0.854s] -- Found rosidl_generator_cpp: 3.1.5 (/opt/ros/humble/share/rosidl_generator_cpp/cmake)
[0.866s] -- Using all available rosidl_typesupport_c: rosidl_typesupport_fastrtps_c;rosidl_typesupport_introspection_c
[0.882s] -- Using all available rosidl_typesupport_cpp: rosidl_typesupport_fastrtps_cpp;rosidl_typesupport_introspection_cpp
[0.936s] -- Found rmw_implementation_cmake: 6.1.1 (/opt/ros/humble/share/rmw_implementation_cmake/cmake)
[0.939s] -- Found rmw_fastrtps_cpp: 6.2.4 (/opt/ros/humble/share/rmw_fastrtps_cpp/cmake)
[1.035s] -- Found OpenSSL: /usr/lib/x86_64-linux-gnu/libcrypto.so (found version "3.0.2")  
[1.053s] -- Found FastRTPS: /opt/ros/humble/include  
[1.082s] -- Using RMW implementation 'rmw_fastrtps_cpp' as default
[1.092s] -- Looking for pthread.h
[1.165s] -- Looking for pthread.h - found
[1.165s] -- Performing Test CMAKE_HAVE_LIBC_PTHREAD
[1.221s] -- Performing Test CMAKE_HAVE_LIBC_PTHREAD - Success
[1.221s] -- Found Threads: TRUE  
[1.321s] -- Found rclpy: 3.3.10 (/opt/ros/humble/share/rclpy/cmake)
[1.418s] -- Configuring done
[1.422s] -- Generating done
[1.423s] -- Build files have been written to: /home/vt/robotics-2110435/tracking_ws/build/aruco_controller
