[0.524s] DEBUG:colcon:Command line arguments: ['/usr/bin/colcon', 'build']
[0.524s] DEBUG:colcon:Parsed command line arguments: Namespace(log_base=None, log_level=None, verb_name='build', build_base='build', install_base='install', merge_install=False, symlink_install=False, test_result_base=None, continue_on_error=False, executor='parallel', parallel_workers=6, event_handlers=None, ignore_user_meta=False, metas=['./colcon.meta'], base_paths=['.'], packages_ignore=None, packages_ignore_regex=None, paths=None, packages_up_to=None, packages_up_to_regex=None, packages_above=None, packages_above_and_dependencies=None, packages_above_depth=None, packages_select_by_dep=None, packages_skip_by_dep=None, packages_skip_up_to=None, packages_select_build_failed=False, packages_skip_build_finished=False, packages_select_test_failures=False, packages_skip_test_passed=False, packages_select=None, packages_skip=None, packages_select_regex=None, packages_skip_regex=None, packages_start=None, packages_end=None, allow_overriding=[], cmake_args=None, cmake_target=None, cmake_target_skip_unavailable=False, cmake_clean_cache=False, cmake_clean_first=False, cmake_force_configure=False, ament_cmake_args=None, catkin_cmake_args=None, catkin_skip_building_tests=False, verb_parser=<colcon_defaults.argument_parser.defaults.DefaultArgumentsDecorator object at 0xffff8238e5f0>, verb_extension=<colcon_core.verb.build.BuildVerb object at 0xffff8238fd60>, main=<bound method BuildVerb.main of <colcon_core.verb.build.BuildVerb object at 0xffff8238fd60>>)
[0.556s] Level 1:colcon.colcon_core.package_discovery:discover_packages(colcon_meta) check parameters
[0.556s] Level 1:colcon.colcon_core.package_discovery:discover_packages(recursive) check parameters
[0.556s] Level 1:colcon.colcon_core.package_discovery:discover_packages(ignore) check parameters
[0.556s] Level 1:colcon.colcon_core.package_discovery:discover_packages(path) check parameters
[0.556s] Level 1:colcon.colcon_core.package_discovery:discover_packages(colcon_meta) discover
[0.557s] Level 1:colcon.colcon_core.package_discovery:discover_packages(recursive) discover
[0.557s] INFO:colcon.colcon_core.package_discovery:Crawling recursively for packages in '/home/parallels/robotics-2110435/tracking_ws'
[0.557s] Level 1:colcon.colcon_core.package_identification:_identify(.) by extensions ['ignore', 'ignore_ament_install']
[0.557s] Level 1:colcon.colcon_core.package_identification:_identify(.) by extension 'ignore'
[0.557s] Level 1:colcon.colcon_core.package_identification:_identify(.) by extension 'ignore_ament_install'
[0.557s] Level 1:colcon.colcon_core.package_identification:_identify(.) by extensions ['colcon_pkg']
[0.557s] Level 1:colcon.colcon_core.package_identification:_identify(.) by extension 'colcon_pkg'
[0.557s] Level 1:colcon.colcon_core.package_identification:_identify(.) by extensions ['colcon_meta']
[0.557s] Level 1:colcon.colcon_core.package_identification:_identify(.) by extension 'colcon_meta'
[0.557s] Level 1:colcon.colcon_core.package_identification:_identify(.) by extensions ['ros']
[0.557s] Level 1:colcon.colcon_core.package_identification:_identify(.) by extension 'ros'
[0.564s] Level 1:colcon.colcon_core.package_identification:_identify(.) by extensions ['cmake', 'python']
[0.564s] Level 1:colcon.colcon_core.package_identification:_identify(.) by extension 'cmake'
[0.564s] Level 1:colcon.colcon_core.package_identification:_identify(.) by extension 'python'
[0.564s] Level 1:colcon.colcon_core.package_identification:_identify(.) by extensions ['python_setup_py']
[0.564s] Level 1:colcon.colcon_core.package_identification:_identify(.) by extension 'python_setup_py'
[0.564s] Level 1:colcon.colcon_core.package_identification:_identify(build) by extensions ['ignore', 'ignore_ament_install']
[0.564s] Level 1:colcon.colcon_core.package_identification:_identify(build) by extension 'ignore'
[0.564s] Level 1:colcon.colcon_core.package_identification:_identify(build) ignored
[0.564s] Level 1:colcon.colcon_core.package_identification:_identify(install) by extensions ['ignore', 'ignore_ament_install']
[0.565s] Level 1:colcon.colcon_core.package_identification:_identify(install) by extension 'ignore'
[0.565s] Level 1:colcon.colcon_core.package_identification:_identify(install) ignored
[0.565s] Level 1:colcon.colcon_core.package_identification:_identify(log) by extensions ['ignore', 'ignore_ament_install']
[0.565s] Level 1:colcon.colcon_core.package_identification:_identify(log) by extension 'ignore'
[0.565s] Level 1:colcon.colcon_core.package_identification:_identify(log) ignored
[0.565s] Level 1:colcon.colcon_core.package_identification:_identify(src) by extensions ['ignore', 'ignore_ament_install']
[0.565s] Level 1:colcon.colcon_core.package_identification:_identify(src) by extension 'ignore'
[0.565s] Level 1:colcon.colcon_core.package_identification:_identify(src) by extension 'ignore_ament_install'
[0.565s] Level 1:colcon.colcon_core.package_identification:_identify(src) by extensions ['colcon_pkg']
[0.565s] Level 1:colcon.colcon_core.package_identification:_identify(src) by extension 'colcon_pkg'
[0.565s] Level 1:colcon.colcon_core.package_identification:_identify(src) by extensions ['colcon_meta']
[0.565s] Level 1:colcon.colcon_core.package_identification:_identify(src) by extension 'colcon_meta'
[0.565s] Level 1:colcon.colcon_core.package_identification:_identify(src) by extensions ['ros']
[0.565s] Level 1:colcon.colcon_core.package_identification:_identify(src) by extension 'ros'
[0.565s] Level 1:colcon.colcon_core.package_identification:_identify(src) by extensions ['cmake', 'python']
[0.565s] Level 1:colcon.colcon_core.package_identification:_identify(src) by extension 'cmake'
[0.565s] Level 1:colcon.colcon_core.package_identification:_identify(src) by extension 'python'
[0.565s] Level 1:colcon.colcon_core.package_identification:_identify(src) by extensions ['python_setup_py']
[0.565s] Level 1:colcon.colcon_core.package_identification:_identify(src) by extension 'python_setup_py'
[0.565s] Level 1:colcon.colcon_core.package_identification:_identify(src/aruco_controller) by extensions ['ignore', 'ignore_ament_install']
[0.565s] Level 1:colcon.colcon_core.package_identification:_identify(src/aruco_controller) by extension 'ignore'
[0.565s] Level 1:colcon.colcon_core.package_identification:_identify(src/aruco_controller) by extension 'ignore_ament_install'
[0.565s] Level 1:colcon.colcon_core.package_identification:_identify(src/aruco_controller) by extensions ['colcon_pkg']
[0.565s] Level 1:colcon.colcon_core.package_identification:_identify(src/aruco_controller) by extension 'colcon_pkg'
[0.565s] Level 1:colcon.colcon_core.package_identification:_identify(src/aruco_controller) by extensions ['colcon_meta']
[0.565s] Level 1:colcon.colcon_core.package_identification:_identify(src/aruco_controller) by extension 'colcon_meta'
[0.565s] Level 1:colcon.colcon_core.package_identification:_identify(src/aruco_controller) by extensions ['ros']
[0.565s] Level 1:colcon.colcon_core.package_identification:_identify(src/aruco_controller) by extension 'ros'
[0.567s] DEBUG:colcon.colcon_core.package_identification:Package 'src/aruco_controller' with type 'ros.ament_cmake' and name 'aruco_controller'
[0.567s] Level 1:colcon.colcon_core.package_identification:_identify(src/aruco_following_controller) by extensions ['ignore', 'ignore_ament_install']
[0.567s] Level 1:colcon.colcon_core.package_identification:_identify(src/aruco_following_controller) by extension 'ignore'
[0.567s] Level 1:colcon.colcon_core.package_identification:_identify(src/aruco_following_controller) by extension 'ignore_ament_install'
[0.567s] Level 1:colcon.colcon_core.package_identification:_identify(src/aruco_following_controller) by extensions ['colcon_pkg']
[0.567s] Level 1:colcon.colcon_core.package_identification:_identify(src/aruco_following_controller) by extension 'colcon_pkg'
[0.567s] Level 1:colcon.colcon_core.package_identification:_identify(src/aruco_following_controller) by extensions ['colcon_meta']
[0.567s] Level 1:colcon.colcon_core.package_identification:_identify(src/aruco_following_controller) by extension 'colcon_meta'
[0.567s] Level 1:colcon.colcon_core.package_identification:_identify(src/aruco_following_controller) by extensions ['ros']
[0.567s] Level 1:colcon.colcon_core.package_identification:_identify(src/aruco_following_controller) by extension 'ros'
[0.567s] DEBUG:colcon.colcon_core.package_identification:Package 'src/aruco_following_controller' with type 'ros.ament_python' and name 'aruco_following_controller'
[0.567s] Level 1:colcon.colcon_core.package_identification:_identify(src/keyboard_control) by extensions ['ignore', 'ignore_ament_install']
[0.568s] Level 1:colcon.colcon_core.package_identification:_identify(src/keyboard_control) by extension 'ignore'
[0.568s] Level 1:colcon.colcon_core.package_identification:_identify(src/keyboard_control) by extension 'ignore_ament_install'
[0.568s] Level 1:colcon.colcon_core.package_identification:_identify(src/keyboard_control) by extensions ['colcon_pkg']
[0.568s] Level 1:colcon.colcon_core.package_identification:_identify(src/keyboard_control) by extension 'colcon_pkg'
[0.568s] Level 1:colcon.colcon_core.package_identification:_identify(src/keyboard_control) by extensions ['colcon_meta']
[0.568s] Level 1:colcon.colcon_core.package_identification:_identify(src/keyboard_control) by extension 'colcon_meta'
[0.568s] Level 1:colcon.colcon_core.package_identification:_identify(src/keyboard_control) by extensions ['ros']
[0.568s] Level 1:colcon.colcon_core.package_identification:_identify(src/keyboard_control) by extension 'ros'
[0.568s] DEBUG:colcon.colcon_core.package_identification:Package 'src/keyboard_control' with type 'ros.ament_python' and name 'keyboard_control'
[0.568s] Level 1:colcon.colcon_core.package_identification:_identify(src/web_video_server) by extensions ['ignore', 'ignore_ament_install']
[0.568s] Level 1:colcon.colcon_core.package_identification:_identify(src/web_video_server) by extension 'ignore'
[0.568s] Level 1:colcon.colcon_core.package_identification:_identify(src/web_video_server) by extension 'ignore_ament_install'
[0.568s] Level 1:colcon.colcon_core.package_identification:_identify(src/web_video_server) by extensions ['colcon_pkg']
[0.568s] Level 1:colcon.colcon_core.package_identification:_identify(src/web_video_server) by extension 'colcon_pkg'
[0.568s] Level 1:colcon.colcon_core.package_identification:_identify(src/web_video_server) by extensions ['colcon_meta']
[0.568s] Level 1:colcon.colcon_core.package_identification:_identify(src/web_video_server) by extension 'colcon_meta'
[0.568s] Level 1:colcon.colcon_core.package_identification:_identify(src/web_video_server) by extensions ['ros']
[0.568s] Level 1:colcon.colcon_core.package_identification:_identify(src/web_video_server) by extension 'ros'
[0.568s] DEBUG:colcon.colcon_core.package_identification:Package 'src/web_video_server' with type 'ros.ament_cmake' and name 'web_video_server'
[0.568s] Level 1:colcon.colcon_core.package_discovery:discover_packages(recursive) using defaults
[0.568s] Level 1:colcon.colcon_core.package_discovery:discover_packages(ignore) discover
[0.568s] Level 1:colcon.colcon_core.package_discovery:discover_packages(ignore) using defaults
[0.568s] Level 1:colcon.colcon_core.package_discovery:discover_packages(path) discover
[0.568s] Level 1:colcon.colcon_core.package_discovery:discover_packages(path) using defaults
[0.612s] Level 1:colcon.colcon_core.package_discovery:discover_packages(prefix_path) check parameters
[0.612s] Level 1:colcon.colcon_core.package_discovery:discover_packages(prefix_path) discover
[0.627s] DEBUG:colcon.colcon_installed_package_information.package_discovery:Found 1 installed packages in /home/parallels/robotics-2110435/challenge_1/install
[0.633s] DEBUG:colcon.colcon_installed_package_information.package_discovery:Found 3 installed packages in /home/parallels/robotics-2110435/robot_ws/install
[0.639s] DEBUG:colcon.colcon_installed_package_information.package_discovery:Found 1 installed packages in /home/parallels/my_robot_ws/install
[0.645s] DEBUG:colcon.colcon_installed_package_information.package_discovery:Found 308 installed packages in /opt/ros/humble
[0.651s] Level 1:colcon.colcon_core.package_discovery:discover_packages(prefix_path) using defaults
[0.695s] Level 5:colcon.colcon_core.verb:set package 'aruco_controller' build argument 'cmake_args' from command line to 'None'
[0.695s] Level 5:colcon.colcon_core.verb:set package 'aruco_controller' build argument 'cmake_target' from command line to 'None'
[0.695s] Level 5:colcon.colcon_core.verb:set package 'aruco_controller' build argument 'cmake_target_skip_unavailable' from command line to 'False'
[0.695s] Level 5:colcon.colcon_core.verb:set package 'aruco_controller' build argument 'cmake_clean_cache' from command line to 'False'
[0.695s] Level 5:colcon.colcon_core.verb:set package 'aruco_controller' build argument 'cmake_clean_first' from command line to 'False'
[0.695s] Level 5:colcon.colcon_core.verb:set package 'aruco_controller' build argument 'cmake_force_configure' from command line to 'False'
[0.695s] Level 5:colcon.colcon_core.verb:set package 'aruco_controller' build argument 'ament_cmake_args' from command line to 'None'
[0.695s] Level 5:colcon.colcon_core.verb:set package 'aruco_controller' build argument 'catkin_cmake_args' from command line to 'None'
[0.695s] Level 5:colcon.colcon_core.verb:set package 'aruco_controller' build argument 'catkin_skip_building_tests' from command line to 'False'
[0.695s] DEBUG:colcon.colcon_core.verb:Building package 'aruco_controller' with the following arguments: {'ament_cmake_args': None, 'build_base': '/home/parallels/robotics-2110435/tracking_ws/build/aruco_controller', 'catkin_cmake_args': None, 'catkin_skip_building_tests': False, 'cmake_args': None, 'cmake_clean_cache': False, 'cmake_clean_first': False, 'cmake_force_configure': False, 'cmake_target': None, 'cmake_target_skip_unavailable': False, 'install_base': '/home/parallels/robotics-2110435/tracking_ws/install/aruco_controller', 'merge_install': False, 'path': '/home/parallels/robotics-2110435/tracking_ws/src/aruco_controller', 'symlink_install': False, 'test_result_base': None}
[0.701s] Level 5:colcon.colcon_core.verb:set package 'aruco_following_controller' build argument 'cmake_args' from command line to 'None'
[0.701s] Level 5:colcon.colcon_core.verb:set package 'aruco_following_controller' build argument 'cmake_target' from command line to 'None'
[0.701s] Level 5:colcon.colcon_core.verb:set package 'aruco_following_controller' build argument 'cmake_target_skip_unavailable' from command line to 'False'
[0.701s] Level 5:colcon.colcon_core.verb:set package 'aruco_following_controller' build argument 'cmake_clean_cache' from command line to 'False'
[0.701s] Level 5:colcon.colcon_core.verb:set package 'aruco_following_controller' build argument 'cmake_clean_first' from command line to 'False'
[0.701s] Level 5:colcon.colcon_core.verb:set package 'aruco_following_controller' build argument 'cmake_force_configure' from command line to 'False'
[0.701s] Level 5:colcon.colcon_core.verb:set package 'aruco_following_controller' build argument 'ament_cmake_args' from command line to 'None'
[0.701s] Level 5:colcon.colcon_core.verb:set package 'aruco_following_controller' build argument 'catkin_cmake_args' from command line to 'None'
[0.701s] Level 5:colcon.colcon_core.verb:set package 'aruco_following_controller' build argument 'catkin_skip_building_tests' from command line to 'False'
[0.701s] DEBUG:colcon.colcon_core.verb:Building package 'aruco_following_controller' with the following arguments: {'ament_cmake_args': None, 'build_base': '/home/parallels/robotics-2110435/tracking_ws/build/aruco_following_controller', 'catkin_cmake_args': None, 'catkin_skip_building_tests': False, 'cmake_args': None, 'cmake_clean_cache': False, 'cmake_clean_first': False, 'cmake_force_configure': False, 'cmake_target': None, 'cmake_target_skip_unavailable': False, 'install_base': '/home/parallels/robotics-2110435/tracking_ws/install/aruco_following_controller', 'merge_install': False, 'path': '/home/parallels/robotics-2110435/tracking_ws/src/aruco_following_controller', 'symlink_install': False, 'test_result_base': None}
[0.707s] Level 5:colcon.colcon_core.verb:set package 'keyboard_control' build argument 'cmake_args' from command line to 'None'
[0.707s] Level 5:colcon.colcon_core.verb:set package 'keyboard_control' build argument 'cmake_target' from command line to 'None'
[0.707s] Level 5:colcon.colcon_core.verb:set package 'keyboard_control' build argument 'cmake_target_skip_unavailable' from command line to 'False'
[0.707s] Level 5:colcon.colcon_core.verb:set package 'keyboard_control' build argument 'cmake_clean_cache' from command line to 'False'
[0.707s] Level 5:colcon.colcon_core.verb:set package 'keyboard_control' build argument 'cmake_clean_first' from command line to 'False'
[0.707s] Level 5:colcon.colcon_core.verb:set package 'keyboard_control' build argument 'cmake_force_configure' from command line to 'False'
[0.707s] Level 5:colcon.colcon_core.verb:set package 'keyboard_control' build argument 'ament_cmake_args' from command line to 'None'
[0.707s] Level 5:colcon.colcon_core.verb:set package 'keyboard_control' build argument 'catkin_cmake_args' from command line to 'None'
[0.707s] Level 5:colcon.colcon_core.verb:set package 'keyboard_control' build argument 'catkin_skip_building_tests' from command line to 'False'
[0.707s] DEBUG:colcon.colcon_core.verb:Building package 'keyboard_control' with the following arguments: {'ament_cmake_args': None, 'build_base': '/home/parallels/robotics-2110435/tracking_ws/build/keyboard_control', 'catkin_cmake_args': None, 'catkin_skip_building_tests': False, 'cmake_args': None, 'cmake_clean_cache': False, 'cmake_clean_first': False, 'cmake_force_configure': False, 'cmake_target': None, 'cmake_target_skip_unavailable': False, 'install_base': '/home/parallels/robotics-2110435/tracking_ws/install/keyboard_control', 'merge_install': False, 'path': '/home/parallels/robotics-2110435/tracking_ws/src/keyboard_control', 'symlink_install': False, 'test_result_base': None}
[0.713s] Level 5:colcon.colcon_core.verb:set package 'web_video_server' build argument 'cmake_args' from command line to 'None'
[0.713s] Level 5:colcon.colcon_core.verb:set package 'web_video_server' build argument 'cmake_target' from command line to 'None'
[0.713s] Level 5:colcon.colcon_core.verb:set package 'web_video_server' build argument 'cmake_target_skip_unavailable' from command line to 'False'
[0.713s] Level 5:colcon.colcon_core.verb:set package 'web_video_server' build argument 'cmake_clean_cache' from command line to 'False'
[0.713s] Level 5:colcon.colcon_core.verb:set package 'web_video_server' build argument 'cmake_clean_first' from command line to 'False'
[0.713s] Level 5:colcon.colcon_core.verb:set package 'web_video_server' build argument 'cmake_force_configure' from command line to 'False'
[0.713s] Level 5:colcon.colcon_core.verb:set package 'web_video_server' build argument 'ament_cmake_args' from command line to 'None'
[0.713s] Level 5:colcon.colcon_core.verb:set package 'web_video_server' build argument 'catkin_cmake_args' from command line to 'None'
[0.713s] Level 5:colcon.colcon_core.verb:set package 'web_video_server' build argument 'catkin_skip_building_tests' from command line to 'False'
[0.713s] DEBUG:colcon.colcon_core.verb:Building package 'web_video_server' with the following arguments: {'ament_cmake_args': None, 'build_base': '/home/parallels/robotics-2110435/tracking_ws/build/web_video_server', 'catkin_cmake_args': None, 'catkin_skip_building_tests': False, 'cmake_args': None, 'cmake_clean_cache': False, 'cmake_clean_first': False, 'cmake_force_configure': False, 'cmake_target': None, 'cmake_target_skip_unavailable': False, 'install_base': '/home/parallels/robotics-2110435/tracking_ws/install/web_video_server', 'merge_install': False, 'path': '/home/parallels/robotics-2110435/tracking_ws/src/web_video_server', 'symlink_install': False, 'test_result_base': None}
[0.719s] INFO:colcon.colcon_core.executor:Executing jobs using 'parallel' executor
[0.725s] DEBUG:colcon.colcon_parallel_executor.executor.parallel:run_until_complete
[0.725s] INFO:colcon.colcon_ros.task.ament_cmake.build:Building ROS package in '/home/parallels/robotics-2110435/tracking_ws/src/aruco_controller' with build type 'ament_cmake'
[0.725s] INFO:colcon.colcon_cmake.task.cmake.build:Building CMake package in '/home/parallels/robotics-2110435/tracking_ws/src/aruco_controller'
[0.735s] INFO:colcon.colcon_core.plugin_system:Skipping extension 'colcon_core.shell.bat': Not used on non-Windows systems
[0.735s] INFO:colcon.colcon_core.shell:Skip shell extension 'powershell' for command environment: Not usable outside of PowerShell
[0.735s] DEBUG:colcon.colcon_core.shell:Skip shell extension 'dsv' for command environment
[0.768s] INFO:colcon.colcon_ros.task.ament_python.build:Building ROS package in '/home/parallels/robotics-2110435/tracking_ws/src/aruco_following_controller' with build type 'ament_python'
[0.768s] Level 1:colcon.colcon_core.shell:create_environment_hook('aruco_following_controller', 'ament_prefix_path')
[0.775s] INFO:colcon.colcon_core.shell:Creating environment hook '/home/parallels/robotics-2110435/tracking_ws/install/aruco_following_controller/share/aruco_following_controller/hook/ament_prefix_path.ps1'
[0.776s] INFO:colcon.colcon_core.shell:Creating environment descriptor '/home/parallels/robotics-2110435/tracking_ws/install/aruco_following_controller/share/aruco_following_controller/hook/ament_prefix_path.dsv'
[0.776s] INFO:colcon.colcon_core.shell:Creating environment hook '/home/parallels/robotics-2110435/tracking_ws/install/aruco_following_controller/share/aruco_following_controller/hook/ament_prefix_path.sh'
[0.783s] INFO:colcon.colcon_core.shell:Skip shell extension 'powershell' for command environment: Not usable outside of PowerShell
[0.783s] DEBUG:colcon.colcon_core.shell:Skip shell extension 'dsv' for command environment
[0.817s] INFO:colcon.colcon_ros.task.ament_python.build:Building ROS package in '/home/parallels/robotics-2110435/tracking_ws/src/keyboard_control' with build type 'ament_python'
[0.817s] Level 1:colcon.colcon_core.shell:create_environment_hook('keyboard_control', 'ament_prefix_path')
[0.823s] INFO:colcon.colcon_core.shell:Creating environment hook '/home/parallels/robotics-2110435/tracking_ws/install/keyboard_control/share/keyboard_control/hook/ament_prefix_path.ps1'
[0.823s] INFO:colcon.colcon_core.shell:Creating environment descriptor '/home/parallels/robotics-2110435/tracking_ws/install/keyboard_control/share/keyboard_control/hook/ament_prefix_path.dsv'
[0.823s] INFO:colcon.colcon_core.shell:Creating environment hook '/home/parallels/robotics-2110435/tracking_ws/install/keyboard_control/share/keyboard_control/hook/ament_prefix_path.sh'
[0.830s] INFO:colcon.colcon_core.shell:Skip shell extension 'powershell' for command environment: Not usable outside of PowerShell
[0.830s] DEBUG:colcon.colcon_core.shell:Skip shell extension 'dsv' for command environment
[0.864s] INFO:colcon.colcon_ros.task.ament_cmake.build:Building ROS package in '/home/parallels/robotics-2110435/tracking_ws/src/web_video_server' with build type 'ament_cmake'
[0.864s] INFO:colcon.colcon_cmake.task.cmake.build:Building CMake package in '/home/parallels/robotics-2110435/tracking_ws/src/web_video_server'
[0.870s] INFO:colcon.colcon_core.shell:Skip shell extension 'powershell' for command environment: Not usable outside of PowerShell
[0.870s] DEBUG:colcon.colcon_core.shell:Skip shell extension 'dsv' for command environment
[0.908s] DEBUG:colcon.colcon_core.event_handler.log_command:Invoking command in '/home/parallels/robotics-2110435/tracking_ws/build/aruco_controller': CMAKE_PREFIX_PATH=/home/parallels/robotics-2110435/challenge_1/install/robot_marker:/home/parallels/robotics-2110435/robot_ws/install/turtle_square:/home/parallels/robotics-2110435/robot_ws/install/turtle_pkg:/home/parallels/robotics-2110435/robot_ws/install/ros2_aruco:/home/parallels/my_robot_ws/install/my_py_pkg:/opt/ros/humble /usr/bin/cmake --build /home/parallels/robotics-2110435/tracking_ws/build/aruco_controller -- -j6 -l6
[1.035s] INFO:colcon.colcon_core.task.python.build:Building Python package in '/home/parallels/robotics-2110435/tracking_ws/src/aruco_following_controller'
[1.042s] INFO:colcon.colcon_core.shell:Skip shell extension 'powershell' for command environment: Not usable outside of PowerShell
[1.042s] DEBUG:colcon.colcon_core.shell:Skip shell extension 'dsv' for command environment
[1.198s] INFO:colcon.colcon_core.task.python.build:Building Python package in '/home/parallels/robotics-2110435/tracking_ws/src/keyboard_control'
[1.205s] INFO:colcon.colcon_core.shell:Skip shell extension 'powershell' for command environment: Not usable outside of PowerShell
[1.205s] DEBUG:colcon.colcon_core.shell:Skip shell extension 'dsv' for command environment
[1.240s] DEBUG:colcon.colcon_core.event_handler.log_command:Invoking command in '/home/parallels/robotics-2110435/tracking_ws/build/web_video_server': CMAKE_PREFIX_PATH=/home/parallels/robotics-2110435/challenge_1/install/robot_marker:/home/parallels/robotics-2110435/robot_ws/install/turtle_square:/home/parallels/robotics-2110435/robot_ws/install/turtle_pkg:/home/parallels/robotics-2110435/robot_ws/install/ros2_aruco:/home/parallels/my_robot_ws/install/my_py_pkg:/opt/ros/humble /usr/bin/cmake --build /home/parallels/robotics-2110435/tracking_ws/build/web_video_server -- -j6 -l6
[1.240s] DEBUG:colcon.colcon_core.event_handler.log_command:Invoked command in '/home/parallels/robotics-2110435/tracking_ws/build/aruco_controller' returned '2': CMAKE_PREFIX_PATH=/home/parallels/robotics-2110435/challenge_1/install/robot_marker:/home/parallels/robotics-2110435/robot_ws/install/turtle_square:/home/parallels/robotics-2110435/robot_ws/install/turtle_pkg:/home/parallels/robotics-2110435/robot_ws/install/ros2_aruco:/home/parallels/my_robot_ws/install/my_py_pkg:/opt/ros/humble /usr/bin/cmake --build /home/parallels/robotics-2110435/tracking_ws/build/aruco_controller -- -j6 -l6
[1.257s] DEBUG:colcon.colcon_core.event_handler.log_command:Invoked command in '/home/parallels/robotics-2110435/tracking_ws/build/web_video_server' returned '2': CMAKE_PREFIX_PATH=/home/parallels/robotics-2110435/challenge_1/install/robot_marker:/home/parallels/robotics-2110435/robot_ws/install/turtle_square:/home/parallels/robotics-2110435/robot_ws/install/turtle_pkg:/home/parallels/robotics-2110435/robot_ws/install/ros2_aruco:/home/parallels/my_robot_ws/install/my_py_pkg:/opt/ros/humble /usr/bin/cmake --build /home/parallels/robotics-2110435/tracking_ws/build/web_video_server -- -j6 -l6
[1.267s] Level 1:colcon.colcon_core.environment:create_environment_scripts_only(aruco_controller)
[1.280s] Level 1:colcon.colcon_core.environment:checking '/home/parallels/robotics-2110435/tracking_ws/install/aruco_controller' for CMake module files
[1.280s] Level 1:colcon.colcon_core.environment:checking '/home/parallels/robotics-2110435/tracking_ws/install/aruco_controller' for CMake config files
[1.280s] Level 1:colcon.colcon_core.shell:create_environment_hook('aruco_controller', 'cmake_prefix_path')
[1.287s] INFO:colcon.colcon_core.shell:Creating environment hook '/home/parallels/robotics-2110435/tracking_ws/install/aruco_controller/share/aruco_controller/hook/cmake_prefix_path.ps1'
[1.287s] INFO:colcon.colcon_core.shell:Creating environment descriptor '/home/parallels/robotics-2110435/tracking_ws/install/aruco_controller/share/aruco_controller/hook/cmake_prefix_path.dsv'
[1.287s] INFO:colcon.colcon_core.shell:Creating environment hook '/home/parallels/robotics-2110435/tracking_ws/install/aruco_controller/share/aruco_controller/hook/cmake_prefix_path.sh'
[1.288s] Level 1:colcon.colcon_core.environment:checking '/home/parallels/robotics-2110435/tracking_ws/install/aruco_controller/lib'
[1.288s] Level 1:colcon.colcon_core.environment:checking '/home/parallels/robotics-2110435/tracking_ws/install/aruco_controller/bin'
[1.288s] Level 1:colcon.colcon_core.environment:checking '/home/parallels/robotics-2110435/tracking_ws/install/aruco_controller/lib/pkgconfig/aruco_controller.pc'
[1.288s] Level 1:colcon.colcon_core.environment:checking '/home/parallels/robotics-2110435/tracking_ws/install/aruco_controller/lib/python3.10/site-packages'
[1.288s] Level 1:colcon.colcon_core.environment:checking '/home/parallels/robotics-2110435/tracking_ws/install/aruco_controller/bin'
[1.295s] INFO:colcon.colcon_core.shell:Creating package script '/home/parallels/robotics-2110435/tracking_ws/install/aruco_controller/share/aruco_controller/package.ps1'
[1.296s] INFO:colcon.colcon_core.shell:Creating package descriptor '/home/parallels/robotics-2110435/tracking_ws/install/aruco_controller/share/aruco_controller/package.dsv'
[1.296s] INFO:colcon.colcon_core.shell:Creating package script '/home/parallels/robotics-2110435/tracking_ws/install/aruco_controller/share/aruco_controller/package.sh'
[1.297s] INFO:colcon.colcon_core.shell:Creating package script '/home/parallels/robotics-2110435/tracking_ws/install/aruco_controller/share/aruco_controller/package.bash'
[1.298s] INFO:colcon.colcon_core.shell:Creating package script '/home/parallels/robotics-2110435/tracking_ws/install/aruco_controller/share/aruco_controller/package.zsh'
[1.299s] Level 1:colcon.colcon_core.environment:create_file_with_runtime_dependencies(/home/parallels/robotics-2110435/tracking_ws/install/aruco_controller/share/colcon-core/packages/aruco_controller)
[1.496s] DEBUG:colcon.colcon_parallel_executor.executor.parallel:closing loop
[1.496s] DEBUG:colcon.colcon_parallel_executor.executor.parallel:loop closed
[1.496s] DEBUG:colcon.colcon_parallel_executor.executor.parallel:run_until_complete finished with '2'
[1.496s] DEBUG:colcon.colcon_core.event_reactor:joining thread
[1.506s] INFO:colcon.colcon_core.plugin_system:Skipping extension 'colcon_notification.desktop_notification.terminal_notifier': Not used on non-Darwin systems
[1.506s] INFO:colcon.colcon_core.plugin_system:Skipping extension 'colcon_notification.desktop_notification.win32': Not used on non-Windows systems
[1.506s] INFO:colcon.colcon_notification.desktop_notification:Sending desktop notification using 'notify2'
[1.520s] DEBUG:colcon.colcon_core.event_reactor:joined thread
[1.527s] INFO:colcon.colcon_core.shell:Creating prefix script '/home/parallels/robotics-2110435/tracking_ws/install/local_setup.ps1'
[1.528s] INFO:colcon.colcon_core.shell:Creating prefix util module '/home/parallels/robotics-2110435/tracking_ws/install/_local_setup_util_ps1.py'
[1.529s] INFO:colcon.colcon_core.shell:Creating prefix chain script '/home/parallels/robotics-2110435/tracking_ws/install/setup.ps1'
[1.537s] INFO:colcon.colcon_core.shell:Creating prefix script '/home/parallels/robotics-2110435/tracking_ws/install/local_setup.sh'
[1.538s] INFO:colcon.colcon_core.shell:Creating prefix util module '/home/parallels/robotics-2110435/tracking_ws/install/_local_setup_util_sh.py'
[1.538s] INFO:colcon.colcon_core.shell:Creating prefix chain script '/home/parallels/robotics-2110435/tracking_ws/install/setup.sh'
[1.553s] INFO:colcon.colcon_core.shell:Creating prefix script '/home/parallels/robotics-2110435/tracking_ws/install/local_setup.bash'
[1.554s] INFO:colcon.colcon_core.shell:Creating prefix chain script '/home/parallels/robotics-2110435/tracking_ws/install/setup.bash'
[1.561s] INFO:colcon.colcon_core.shell:Creating prefix script '/home/parallels/robotics-2110435/tracking_ws/install/local_setup.zsh'
[1.561s] INFO:colcon.colcon_core.shell:Creating prefix chain script '/home/parallels/robotics-2110435/tracking_ws/install/setup.zsh'
