[0.549s] Invoking command in '/home/vt/robotics-2110435/challenge_2/src/challenge_2': PYTHONPATH=/home/vt/robotics-2110435/challenge_2/build/challenge_2/prefix_override:/home/vt/robotics-2110435/challenge_2/install/challenge_2/lib/python3.10/site-packages:${PYTHONPATH} /usr/bin/python3 setup.py egg_info --egg-base ../../build/challenge_2 build --build-base /home/vt/robotics-2110435/challenge_2/build/challenge_2/build install --record /home/vt/robotics-2110435/challenge_2/build/challenge_2/install.log --single-version-externally-managed
[0.667s] running egg_info
[0.673s] writing ../../build/challenge_2/challenge_2.egg-info/PKG-INFO
[0.673s] writing dependency_links to ../../build/challenge_2/challenge_2.egg-info/dependency_links.txt
[0.673s] writing entry points to ../../build/challenge_2/challenge_2.egg-info/entry_points.txt
[0.673s] writing requirements to ../../build/challenge_2/challenge_2.egg-info/requires.txt
[0.673s] writing top-level names to ../../build/challenge_2/challenge_2.egg-info/top_level.txt
[0.685s] reading manifest file '../../build/challenge_2/challenge_2.egg-info/SOURCES.txt'
[0.686s] writing manifest file '../../build/challenge_2/challenge_2.egg-info/SOURCES.txt'
[0.686s] running build
[0.686s] running build_py
[0.686s] copying challenge_2/main.py -> /home/vt/robotics-2110435/challenge_2/build/challenge_2/build/lib/challenge_2
[0.686s] running install
[0.687s] /usr/local/lib/python3.10/dist-packages/setuptools/_distutils/cmd.py:66: SetuptoolsDeprecationWarning: setup.py install is deprecated.
[0.687s] !!
[0.687s] 
[0.687s]         ********************************************************************************
[0.687s]         Please avoid running ``setup.py`` directly.
[0.687s]         Instead, use pypa/build, pypa/installer or other
[0.687s]         standards-based tools.
[0.687s] 
[0.687s]         See https://blog.ganssle.io/articles/2021/10/setup-py-deprecated.html for details.
[0.687s]         ********************************************************************************
[0.687s] 
[0.687s] !!
[0.687s]   self.initialize_options()
[0.689s] running install_lib
[0.696s] copying /home/vt/robotics-2110435/challenge_2/build/challenge_2/build/lib/challenge_2/main.py -> /home/vt/robotics-2110435/challenge_2/install/challenge_2/lib/python3.10/site-packages/challenge_2
[0.696s] byte-compiling /home/vt/robotics-2110435/challenge_2/install/challenge_2/lib/python3.10/site-packages/challenge_2/main.py to main.cpython-310.pyc
[0.697s] running install_data
[0.703s] running install_egg_info
[0.711s] removing '/home/vt/robotics-2110435/challenge_2/install/challenge_2/lib/python3.10/site-packages/challenge_2-0.0.0-py3.10.egg-info' (and everything under it)
[0.712s] Copying ../../build/challenge_2/challenge_2.egg-info to /home/vt/robotics-2110435/challenge_2/install/challenge_2/lib/python3.10/site-packages/challenge_2-0.0.0-py3.10.egg-info
[0.714s] running install_scripts
[0.790s] Installing aruco_explorer script to /home/vt/robotics-2110435/challenge_2/install/challenge_2/lib/challenge_2
[0.790s] writing list of installed files to '/home/vt/robotics-2110435/challenge_2/build/challenge_2/install.log'
[0.814s] Invoked command in '/home/vt/robotics-2110435/challenge_2/src/challenge_2' returned '0': PYTHONPATH=/home/vt/robotics-2110435/challenge_2/build/challenge_2/prefix_override:/home/vt/robotics-2110435/challenge_2/install/challenge_2/lib/python3.10/site-packages:${PYTHONPATH} /usr/bin/python3 setup.py egg_info --egg-base ../../build/challenge_2 build --build-base /home/vt/robotics-2110435/challenge_2/build/challenge_2/build install --record /home/vt/robotics-2110435/challenge_2/build/challenge_2/install.log --single-version-externally-managed
