[1.130s] Invoking command in '/home/parallels/robotics-2110435/robot_ws/src/turtle_pkg': PYTHONPATH=/home/parallels/robotics-2110435/build/turtle_pkg/prefix_override:/home/parallels/robotics-2110435/install/turtle_pkg/lib/python3.10/site-packages:${PYTHONPATH} /usr/bin/python3 setup.py egg_info --egg-base ../../../build/turtle_pkg build --build-base /home/parallels/robotics-2110435/build/turtle_pkg/build install --record /home/parallels/robotics-2110435/build/turtle_pkg/install.log --single-version-externally-managed
[1.263s] running egg_info
[1.263s] creating ../../../build/turtle_pkg/turtle_pkg.egg-info
[1.263s] writing ../../../build/turtle_pkg/turtle_pkg.egg-info/PKG-INFO
[1.263s] writing dependency_links to ../../../build/turtle_pkg/turtle_pkg.egg-info/dependency_links.txt
[1.263s] writing entry points to ../../../build/turtle_pkg/turtle_pkg.egg-info/entry_points.txt
[1.264s] writing requirements to ../../../build/turtle_pkg/turtle_pkg.egg-info/requires.txt
[1.264s] writing top-level names to ../../../build/turtle_pkg/turtle_pkg.egg-info/top_level.txt
[1.264s] writing manifest file '../../../build/turtle_pkg/turtle_pkg.egg-info/SOURCES.txt'
[1.265s] reading manifest file '../../../build/turtle_pkg/turtle_pkg.egg-info/SOURCES.txt'
[1.265s] writing manifest file '../../../build/turtle_pkg/turtle_pkg.egg-info/SOURCES.txt'
[1.265s] running build
[1.265s] running build_py
[1.265s] creating /home/parallels/robotics-2110435/build/turtle_pkg/build
[1.265s] creating /home/parallels/robotics-2110435/build/turtle_pkg/build/lib
[1.265s] creating /home/parallels/robotics-2110435/build/turtle_pkg/build/lib/turtle_pkg
[1.265s] copying turtle_pkg/turtle_sq.py -> /home/parallels/robotics-2110435/build/turtle_pkg/build/lib/turtle_pkg
[1.266s] copying turtle_pkg/__init__.py -> /home/parallels/robotics-2110435/build/turtle_pkg/build/lib/turtle_pkg
[1.266s] running install
[1.266s] /usr/lib/python3/dist-packages/setuptools/command/install.py:34: SetuptoolsDeprecationWarning: setup.py install is deprecated. Use build and pip and other standards-based tools.
[1.266s]   warnings.warn(
[1.266s] running install_lib
[1.266s] creating /home/parallels/robotics-2110435/install/turtle_pkg/lib/python3.10/site-packages/turtle_pkg
[1.266s] copying /home/parallels/robotics-2110435/build/turtle_pkg/build/lib/turtle_pkg/turtle_sq.py -> /home/parallels/robotics-2110435/install/turtle_pkg/lib/python3.10/site-packages/turtle_pkg
[1.267s] copying /home/parallels/robotics-2110435/build/turtle_pkg/build/lib/turtle_pkg/__init__.py -> /home/parallels/robotics-2110435/install/turtle_pkg/lib/python3.10/site-packages/turtle_pkg
[1.267s] byte-compiling /home/parallels/robotics-2110435/install/turtle_pkg/lib/python3.10/site-packages/turtle_pkg/turtle_sq.py to turtle_sq.cpython-310.pyc
[1.267s] byte-compiling /home/parallels/robotics-2110435/install/turtle_pkg/lib/python3.10/site-packages/turtle_pkg/__init__.py to __init__.cpython-310.pyc
[1.268s] running install_data
[1.268s] creating /home/parallels/robotics-2110435/install/turtle_pkg/share/ament_index
[1.268s] creating /home/parallels/robotics-2110435/install/turtle_pkg/share/ament_index/resource_index
[1.268s] creating /home/parallels/robotics-2110435/install/turtle_pkg/share/ament_index/resource_index/packages
[1.268s] copying resource/turtle_pkg -> /home/parallels/robotics-2110435/install/turtle_pkg/share/ament_index/resource_index/packages
[1.268s] copying package.xml -> /home/parallels/robotics-2110435/install/turtle_pkg/share/turtle_pkg
[1.268s] running install_egg_info
[1.269s] Copying ../../../build/turtle_pkg/turtle_pkg.egg-info to /home/parallels/robotics-2110435/install/turtle_pkg/lib/python3.10/site-packages/turtle_pkg-0.0.0-py3.10.egg-info
[1.270s] running install_scripts
[1.284s] Installing turtle_sq script to /home/parallels/robotics-2110435/install/turtle_pkg/lib/turtle_pkg
[1.285s] writing list of installed files to '/home/parallels/robotics-2110435/build/turtle_pkg/install.log'
[1.411s] Invoked command in '/home/parallels/robotics-2110435/robot_ws/src/turtle_pkg' returned '0': PYTHONPATH=/home/parallels/robotics-2110435/build/turtle_pkg/prefix_override:/home/parallels/robotics-2110435/install/turtle_pkg/lib/python3.10/site-packages:${PYTHONPATH} /usr/bin/python3 setup.py egg_info --egg-base ../../../build/turtle_pkg build --build-base /home/parallels/robotics-2110435/build/turtle_pkg/build install --record /home/parallels/robotics-2110435/build/turtle_pkg/install.log --single-version-externally-managed
