[0.393s] DEBUG:colcon:Command line arguments: ['/usr/bin/colcon', 'build']
[0.393s] DEBUG:colcon:Parsed command line arguments: Namespace(log_base=None, log_level=None, verb_name='build', build_base='build', install_base='install', merge_install=False, symlink_install=False, test_result_base=None, continue_on_error=False, executor='parallel', parallel_workers=16, event_handlers=None, ignore_user_meta=False, metas=['./colcon.meta'], base_paths=['.'], packages_ignore=None, packages_ignore_regex=None, paths=None, packages_up_to=None, packages_up_to_regex=None, packages_above=None, packages_above_and_dependencies=None, packages_above_depth=None, packages_select_by_dep=None, packages_skip_by_dep=None, packages_skip_up_to=None, packages_select_build_failed=False, packages_skip_build_finished=False, packages_select_test_failures=False, packages_skip_test_passed=False, packages_select=None, packages_skip=None, packages_select_regex=None, packages_skip_regex=None, packages_start=None, packages_end=None, allow_overriding=[], cmake_args=None, cmake_target=None, cmake_target_skip_unavailable=False, cmake_clean_cache=False, cmake_clean_first=False, cmake_force_configure=False, ament_cmake_args=None, catkin_cmake_args=None, catkin_skip_building_tests=False, verb_parser=<colcon_defaults.argument_parser.defaults.DefaultArgumentsDecorator object at 0x7f5a5a2251e0>, verb_extension=<colcon_core.verb.build.BuildVerb object at 0x7f5a5a217e80>, main=<bound method BuildVerb.main of <colcon_core.verb.build.BuildVerb object at 0x7f5a5a217e80>>)
[0.418s] Level 1:colcon.colcon_core.package_discovery:discover_packages(colcon_meta) check parameters
[0.418s] Level 1:colcon.colcon_core.package_discovery:discover_packages(recursive) check parameters
[0.418s] Level 1:colcon.colcon_core.package_discovery:discover_packages(ignore) check parameters
[0.418s] Level 1:colcon.colcon_core.package_discovery:discover_packages(path) check parameters
[0.418s] Level 1:colcon.colcon_core.package_discovery:discover_packages(colcon_meta) discover
[0.418s] Level 1:colcon.colcon_core.package_discovery:discover_packages(recursive) discover
[0.418s] INFO:colcon.colcon_core.package_discovery:Crawling recursively for packages in '/home/vt/robotics-2110435/tracking_ws'
[0.418s] Level 1:colcon.colcon_core.package_identification:_identify(.) by extensions ['ignore', 'ignore_ament_install']
[0.418s] Level 1:colcon.colcon_core.package_identification:_identify(.) by extension 'ignore'
[0.418s] Level 1:colcon.colcon_core.package_identification:_identify(.) by extension 'ignore_ament_install'
[0.418s] Level 1:colcon.colcon_core.package_identification:_identify(.) by extensions ['colcon_pkg']
[0.418s] Level 1:colcon.colcon_core.package_identification:_identify(.) by extension 'colcon_pkg'
[0.418s] Level 1:colcon.colcon_core.package_identification:_identify(.) by extensions ['colcon_meta']
[0.418s] Level 1:colcon.colcon_core.package_identification:_identify(.) by extension 'colcon_meta'
[0.418s] Level 1:colcon.colcon_core.package_identification:_identify(.) by extensions ['ros']
[0.418s] Level 1:colcon.colcon_core.package_identification:_identify(.) by extension 'ros'
[0.425s] Level 1:colcon.colcon_core.package_identification:_identify(.) by extensions ['cmake', 'python']
[0.425s] Level 1:colcon.colcon_core.package_identification:_identify(.) by extension 'cmake'
[0.425s] Level 1:colcon.colcon_core.package_identification:_identify(.) by extension 'python'
[0.425s] Level 1:colcon.colcon_core.package_identification:_identify(.) by extensions ['python_setup_py']
[0.425s] Level 1:colcon.colcon_core.package_identification:_identify(.) by extension 'python_setup_py'
[0.425s] Level 1:colcon.colcon_core.package_identification:_identify(build) by extensions ['ignore', 'ignore_ament_install']
[0.425s] Level 1:colcon.colcon_core.package_identification:_identify(build) by extension 'ignore'
[0.425s] Level 1:colcon.colcon_core.package_identification:_identify(build) ignored
[0.425s] Level 1:colcon.colcon_core.package_identification:_identify(install) by extensions ['ignore', 'ignore_ament_install']
[0.425s] Level 1:colcon.colcon_core.package_identification:_identify(install) by extension 'ignore'
[0.425s] Level 1:colcon.colcon_core.package_identification:_identify(install) ignored
[0.425s] Level 1:colcon.colcon_core.package_identification:_identify(log) by extensions ['ignore', 'ignore_ament_install']
[0.425s] Level 1:colcon.colcon_core.package_identification:_identify(log) by extension 'ignore'
[0.425s] Level 1:colcon.colcon_core.package_identification:_identify(log) ignored
[0.425s] Level 1:colcon.colcon_core.package_identification:_identify(src) by extensions ['ignore', 'ignore_ament_install']
[0.425s] Level 1:colcon.colcon_core.package_identification:_identify(src) by extension 'ignore'
[0.425s] Level 1:colcon.colcon_core.package_identification:_identify(src) by extension 'ignore_ament_install'
[0.425s] Level 1:colcon.colcon_core.package_identification:_identify(src) by extensions ['colcon_pkg']
[0.425s] Level 1:colcon.colcon_core.package_identification:_identify(src) by extension 'colcon_pkg'
[0.425s] Level 1:colcon.colcon_core.package_identification:_identify(src) by extensions ['colcon_meta']
[0.425s] Level 1:colcon.colcon_core.package_identification:_identify(src) by extension 'colcon_meta'
[0.425s] Level 1:colcon.colcon_core.package_identification:_identify(src) by extensions ['ros']
[0.425s] Level 1:colcon.colcon_core.package_identification:_identify(src) by extension 'ros'
[0.425s] Level 1:colcon.colcon_core.package_identification:_identify(src) by extensions ['cmake', 'python']
[0.425s] Level 1:colcon.colcon_core.package_identification:_identify(src) by extension 'cmake'
[0.425s] Level 1:colcon.colcon_core.package_identification:_identify(src) by extension 'python'
[0.425s] Level 1:colcon.colcon_core.package_identification:_identify(src) by extensions ['python_setup_py']
[0.425s] Level 1:colcon.colcon_core.package_identification:_identify(src) by extension 'python_setup_py'
[0.425s] Level 1:colcon.colcon_core.package_identification:_identify(src/aruco_controller) by extensions ['ignore', 'ignore_ament_install']
[0.426s] Level 1:colcon.colcon_core.package_identification:_identify(src/aruco_controller) by extension 'ignore'
[0.426s] Level 1:colcon.colcon_core.package_identification:_identify(src/aruco_controller) by extension 'ignore_ament_install'
[0.426s] Level 1:colcon.colcon_core.package_identification:_identify(src/aruco_controller) by extensions ['colcon_pkg']
[0.426s] Level 1:colcon.colcon_core.package_identification:_identify(src/aruco_controller) by extension 'colcon_pkg'
[0.426s] Level 1:colcon.colcon_core.package_identification:_identify(src/aruco_controller) by extensions ['colcon_meta']
[0.426s] Level 1:colcon.colcon_core.package_identification:_identify(src/aruco_controller) by extension 'colcon_meta'
[0.426s] Level 1:colcon.colcon_core.package_identification:_identify(src/aruco_controller) by extensions ['ros']
[0.426s] Level 1:colcon.colcon_core.package_identification:_identify(src/aruco_controller) by extension 'ros'
[0.427s] DEBUG:colcon.colcon_core.package_identification:Package 'src/aruco_controller' with type 'ros.ament_cmake' and name 'aruco_controller'
[0.427s] Level 1:colcon.colcon_core.package_identification:_identify(src/aruco_following_controller) by extensions ['ignore', 'ignore_ament_install']
[0.427s] Level 1:colcon.colcon_core.package_identification:_identify(src/aruco_following_controller) by extension 'ignore'
[0.427s] Level 1:colcon.colcon_core.package_identification:_identify(src/aruco_following_controller) by extension 'ignore_ament_install'
[0.427s] Level 1:colcon.colcon_core.package_identification:_identify(src/aruco_following_controller) by extensions ['colcon_pkg']
[0.427s] Level 1:colcon.colcon_core.package_identification:_identify(src/aruco_following_controller) by extension 'colcon_pkg'
[0.427s] Level 1:colcon.colcon_core.package_identification:_identify(src/aruco_following_controller) by extensions ['colcon_meta']
[0.427s] Level 1:colcon.colcon_core.package_identification:_identify(src/aruco_following_controller) by extension 'colcon_meta'
[0.427s] Level 1:colcon.colcon_core.package_identification:_identify(src/aruco_following_controller) by extensions ['ros']
[0.427s] Level 1:colcon.colcon_core.package_identification:_identify(src/aruco_following_controller) by extension 'ros'
[0.427s] DEBUG:colcon.colcon_core.package_identification:Package 'src/aruco_following_controller' with type 'ros.ament_python' and name 'aruco_following_controller'
[0.428s] Level 1:colcon.colcon_core.package_identification:_identify(src/build) by extensions ['ignore', 'ignore_ament_install']
[0.428s] Level 1:colcon.colcon_core.package_identification:_identify(src/build) by extension 'ignore'
[0.428s] Level 1:colcon.colcon_core.package_identification:_identify(src/build) ignored
[0.428s] Level 1:colcon.colcon_core.package_identification:_identify(src/install) by extensions ['ignore', 'ignore_ament_install']
[0.428s] Level 1:colcon.colcon_core.package_identification:_identify(src/install) by extension 'ignore'
[0.428s] Level 1:colcon.colcon_core.package_identification:_identify(src/install) ignored
[0.428s] Level 1:colcon.colcon_core.package_identification:_identify(src/keyboard_control) by extensions ['ignore', 'ignore_ament_install']
[0.428s] Level 1:colcon.colcon_core.package_identification:_identify(src/keyboard_control) by extension 'ignore'
[0.428s] Level 1:colcon.colcon_core.package_identification:_identify(src/keyboard_control) by extension 'ignore_ament_install'
[0.428s] Level 1:colcon.colcon_core.package_identification:_identify(src/keyboard_control) by extensions ['colcon_pkg']
[0.428s] Level 1:colcon.colcon_core.package_identification:_identify(src/keyboard_control) by extension 'colcon_pkg'
[0.428s] Level 1:colcon.colcon_core.package_identification:_identify(src/keyboard_control) by extensions ['colcon_meta']
[0.428s] Level 1:colcon.colcon_core.package_identification:_identify(src/keyboard_control) by extension 'colcon_meta'
[0.428s] Level 1:colcon.colcon_core.package_identification:_identify(src/keyboard_control) by extensions ['ros']
[0.428s] Level 1:colcon.colcon_core.package_identification:_identify(src/keyboard_control) by extension 'ros'
[0.428s] DEBUG:colcon.colcon_core.package_identification:Package 'src/keyboard_control' with type 'ros.ament_python' and name 'keyboard_control'
[0.428s] Level 1:colcon.colcon_core.package_identification:_identify(src/log) by extensions ['ignore', 'ignore_ament_install']
[0.428s] Level 1:colcon.colcon_core.package_identification:_identify(src/log) by extension 'ignore'
[0.428s] Level 1:colcon.colcon_core.package_identification:_identify(src/log) ignored
[0.428s] Level 1:colcon.colcon_core.package_identification:_identify(src/web_video_server) by extensions ['ignore', 'ignore_ament_install']
[0.428s] Level 1:colcon.colcon_core.package_identification:_identify(src/web_video_server) by extension 'ignore'
[0.428s] Level 1:colcon.colcon_core.package_identification:_identify(src/web_video_server) by extension 'ignore_ament_install'
[0.428s] Level 1:colcon.colcon_core.package_identification:_identify(src/web_video_server) by extensions ['colcon_pkg']
[0.428s] Level 1:colcon.colcon_core.package_identification:_identify(src/web_video_server) by extension 'colcon_pkg'
[0.428s] Level 1:colcon.colcon_core.package_identification:_identify(src/web_video_server) by extensions ['colcon_meta']
[0.428s] Level 1:colcon.colcon_core.package_identification:_identify(src/web_video_server) by extension 'colcon_meta'
[0.428s] Level 1:colcon.colcon_core.package_identification:_identify(src/web_video_server) by extensions ['ros']
[0.428s] Level 1:colcon.colcon_core.package_identification:_identify(src/web_video_server) by extension 'ros'
[0.429s] DEBUG:colcon.colcon_core.package_identification:Package 'src/web_video_server' with type 'ros.ament_cmake' and name 'web_video_server'
[0.429s] Level 1:colcon.colcon_core.package_discovery:discover_packages(recursive) using defaults
[0.429s] Level 1:colcon.colcon_core.package_discovery:discover_packages(ignore) discover
[0.429s] Level 1:colcon.colcon_core.package_discovery:discover_packages(ignore) using defaults
[0.429s] Level 1:colcon.colcon_core.package_discovery:discover_packages(path) discover
[0.429s] Level 1:colcon.colcon_core.package_discovery:discover_packages(path) using defaults
[0.466s] Level 1:colcon.colcon_core.package_discovery:discover_packages(prefix_path) check parameters
[0.466s] Level 1:colcon.colcon_core.package_discovery:discover_packages(prefix_path) discover
[0.478s] DEBUG:colcon.colcon_installed_package_information.package_discovery:Found 4 installed packages in /home/vt/robotics-2110435/tracking_ws/install
[0.483s] DEBUG:colcon.colcon_installed_package_information.package_discovery:Found 3 installed packages in /home/vt/robotics-2110435/robot_ws/install
[0.489s] DEBUG:colcon.colcon_installed_package_information.package_discovery:Found 1 installed packages in /home/vt/robotics-2110435/challenge_1/install
[0.495s] DEBUG:colcon.colcon_installed_package_information.package_discovery:Found 274 installed packages in /opt/ros/humble
[0.496s] Level 1:colcon.colcon_core.package_discovery:discover_packages(prefix_path) using defaults
[0.528s] Level 5:colcon.colcon_core.verb:set package 'aruco_controller' build argument 'cmake_args' from command line to 'None'
[0.528s] Level 5:colcon.colcon_core.verb:set package 'aruco_controller' build argument 'cmake_target' from command line to 'None'
[0.528s] Level 5:colcon.colcon_core.verb:set package 'aruco_controller' build argument 'cmake_target_skip_unavailable' from command line to 'False'
[0.528s] Level 5:colcon.colcon_core.verb:set package 'aruco_controller' build argument 'cmake_clean_cache' from command line to 'False'
[0.528s] Level 5:colcon.colcon_core.verb:set package 'aruco_controller' build argument 'cmake_clean_first' from command line to 'False'
[0.528s] Level 5:colcon.colcon_core.verb:set package 'aruco_controller' build argument 'cmake_force_configure' from command line to 'False'
[0.528s] Level 5:colcon.colcon_core.verb:set package 'aruco_controller' build argument 'ament_cmake_args' from command line to 'None'
[0.528s] Level 5:colcon.colcon_core.verb:set package 'aruco_controller' build argument 'catkin_cmake_args' from command line to 'None'
[0.528s] Level 5:colcon.colcon_core.verb:set package 'aruco_controller' build argument 'catkin_skip_building_tests' from command line to 'False'
[0.528s] DEBUG:colcon.colcon_core.verb:Building package 'aruco_controller' with the following arguments: {'ament_cmake_args': None, 'build_base': '/home/vt/robotics-2110435/tracking_ws/build/aruco_controller', 'catkin_cmake_args': None, 'catkin_skip_building_tests': False, 'cmake_args': None, 'cmake_clean_cache': False, 'cmake_clean_first': False, 'cmake_force_configure': False, 'cmake_target': None, 'cmake_target_skip_unavailable': False, 'install_base': '/home/vt/robotics-2110435/tracking_ws/install/aruco_controller', 'merge_install': False, 'path': '/home/vt/robotics-2110435/tracking_ws/src/aruco_controller', 'symlink_install': False, 'test_result_base': None}
[0.534s] Level 5:colcon.colcon_core.verb:set package 'aruco_following_controller' build argument 'cmake_args' from command line to 'None'
[0.534s] Level 5:colcon.colcon_core.verb:set package 'aruco_following_controller' build argument 'cmake_target' from command line to 'None'
[0.534s] Level 5:colcon.colcon_core.verb:set package 'aruco_following_controller' build argument 'cmake_target_skip_unavailable' from command line to 'False'
[0.534s] Level 5:colcon.colcon_core.verb:set package 'aruco_following_controller' build argument 'cmake_clean_cache' from command line to 'False'
[0.534s] Level 5:colcon.colcon_core.verb:set package 'aruco_following_controller' build argument 'cmake_clean_first' from command line to 'False'
[0.534s] Level 5:colcon.colcon_core.verb:set package 'aruco_following_controller' build argument 'cmake_force_configure' from command line to 'False'
[0.534s] Level 5:colcon.colcon_core.verb:set package 'aruco_following_controller' build argument 'ament_cmake_args' from command line to 'None'
[0.534s] Level 5:colcon.colcon_core.verb:set package 'aruco_following_controller' build argument 'catkin_cmake_args' from command line to 'None'
[0.534s] Level 5:colcon.colcon_core.verb:set package 'aruco_following_controller' build argument 'catkin_skip_building_tests' from command line to 'False'
[0.534s] DEBUG:colcon.colcon_core.verb:Building package 'aruco_following_controller' with the following arguments: {'ament_cmake_args': None, 'build_base': '/home/vt/robotics-2110435/tracking_ws/build/aruco_following_controller', 'catkin_cmake_args': None, 'catkin_skip_building_tests': False, 'cmake_args': None, 'cmake_clean_cache': False, 'cmake_clean_first': False, 'cmake_force_configure': False, 'cmake_target': None, 'cmake_target_skip_unavailable': False, 'install_base': '/home/vt/robotics-2110435/tracking_ws/install/aruco_following_controller', 'merge_install': False, 'path': '/home/vt/robotics-2110435/tracking_ws/src/aruco_following_controller', 'symlink_install': False, 'test_result_base': None}
[0.539s] Level 5:colcon.colcon_core.verb:set package 'keyboard_control' build argument 'cmake_args' from command line to 'None'
[0.539s] Level 5:colcon.colcon_core.verb:set package 'keyboard_control' build argument 'cmake_target' from command line to 'None'
[0.539s] Level 5:colcon.colcon_core.verb:set package 'keyboard_control' build argument 'cmake_target_skip_unavailable' from command line to 'False'
[0.539s] Level 5:colcon.colcon_core.verb:set package 'keyboard_control' build argument 'cmake_clean_cache' from command line to 'False'
[0.539s] Level 5:colcon.colcon_core.verb:set package 'keyboard_control' build argument 'cmake_clean_first' from command line to 'False'
[0.539s] Level 5:colcon.colcon_core.verb:set package 'keyboard_control' build argument 'cmake_force_configure' from command line to 'False'
[0.539s] Level 5:colcon.colcon_core.verb:set package 'keyboard_control' build argument 'ament_cmake_args' from command line to 'None'
[0.539s] Level 5:colcon.colcon_core.verb:set package 'keyboard_control' build argument 'catkin_cmake_args' from command line to 'None'
[0.539s] Level 5:colcon.colcon_core.verb:set package 'keyboard_control' build argument 'catkin_skip_building_tests' from command line to 'False'
[0.539s] DEBUG:colcon.colcon_core.verb:Building package 'keyboard_control' with the following arguments: {'ament_cmake_args': None, 'build_base': '/home/vt/robotics-2110435/tracking_ws/build/keyboard_control', 'catkin_cmake_args': None, 'catkin_skip_building_tests': False, 'cmake_args': None, 'cmake_clean_cache': False, 'cmake_clean_first': False, 'cmake_force_configure': False, 'cmake_target': None, 'cmake_target_skip_unavailable': False, 'install_base': '/home/vt/robotics-2110435/tracking_ws/install/keyboard_control', 'merge_install': False, 'path': '/home/vt/robotics-2110435/tracking_ws/src/keyboard_control', 'symlink_install': False, 'test_result_base': None}
[0.545s] Level 5:colcon.colcon_core.verb:set package 'web_video_server' build argument 'cmake_args' from command line to 'None'
[0.545s] Level 5:colcon.colcon_core.verb:set package 'web_video_server' build argument 'cmake_target' from command line to 'None'
[0.545s] Level 5:colcon.colcon_core.verb:set package 'web_video_server' build argument 'cmake_target_skip_unavailable' from command line to 'False'
[0.545s] Level 5:colcon.colcon_core.verb:set package 'web_video_server' build argument 'cmake_clean_cache' from command line to 'False'
[0.545s] Level 5:colcon.colcon_core.verb:set package 'web_video_server' build argument 'cmake_clean_first' from command line to 'False'
[0.545s] Level 5:colcon.colcon_core.verb:set package 'web_video_server' build argument 'cmake_force_configure' from command line to 'False'
[0.545s] Level 5:colcon.colcon_core.verb:set package 'web_video_server' build argument 'ament_cmake_args' from command line to 'None'
[0.545s] Level 5:colcon.colcon_core.verb:set package 'web_video_server' build argument 'catkin_cmake_args' from command line to 'None'
[0.545s] Level 5:colcon.colcon_core.verb:set package 'web_video_server' build argument 'catkin_skip_building_tests' from command line to 'False'
[0.545s] DEBUG:colcon.colcon_core.verb:Building package 'web_video_server' with the following arguments: {'ament_cmake_args': None, 'build_base': '/home/vt/robotics-2110435/tracking_ws/build/web_video_server', 'catkin_cmake_args': None, 'catkin_skip_building_tests': False, 'cmake_args': None, 'cmake_clean_cache': False, 'cmake_clean_first': False, 'cmake_force_configure': False, 'cmake_target': None, 'cmake_target_skip_unavailable': False, 'install_base': '/home/vt/robotics-2110435/tracking_ws/install/web_video_server', 'merge_install': False, 'path': '/home/vt/robotics-2110435/tracking_ws/src/web_video_server', 'symlink_install': False, 'test_result_base': None}
[0.550s] INFO:colcon.colcon_core.executor:Executing jobs using 'parallel' executor
[0.562s] DEBUG:colcon.colcon_parallel_executor.executor.parallel:run_until_complete
[0.563s] INFO:colcon.colcon_ros.task.ament_cmake.build:Building ROS package in '/home/vt/robotics-2110435/tracking_ws/src/aruco_controller' with build type 'ament_cmake'
[0.563s] INFO:colcon.colcon_cmake.task.cmake.build:Building CMake package in '/home/vt/robotics-2110435/tracking_ws/src/aruco_controller'
[0.570s] INFO:colcon.colcon_core.plugin_system:Skipping extension 'colcon_core.shell.bat': Not used on non-Windows systems
[0.570s] INFO:colcon.colcon_core.shell:Skip shell extension 'powershell' for command environment: Not usable outside of PowerShell
[0.570s] DEBUG:colcon.colcon_core.shell:Skip shell extension 'dsv' for command environment
[0.605s] INFO:colcon.colcon_ros.task.ament_python.build:Building ROS package in '/home/vt/robotics-2110435/tracking_ws/src/aruco_following_controller' with build type 'ament_python'
[0.605s] Level 1:colcon.colcon_core.shell:create_environment_hook('aruco_following_controller', 'ament_prefix_path')
[0.612s] INFO:colcon.colcon_core.shell:Creating environment hook '/home/vt/robotics-2110435/tracking_ws/install/aruco_following_controller/share/aruco_following_controller/hook/ament_prefix_path.ps1'
[0.612s] INFO:colcon.colcon_core.shell:Creating environment descriptor '/home/vt/robotics-2110435/tracking_ws/install/aruco_following_controller/share/aruco_following_controller/hook/ament_prefix_path.dsv'
[0.612s] INFO:colcon.colcon_core.shell:Creating environment hook '/home/vt/robotics-2110435/tracking_ws/install/aruco_following_controller/share/aruco_following_controller/hook/ament_prefix_path.sh'
[0.619s] INFO:colcon.colcon_core.shell:Skip shell extension 'powershell' for command environment: Not usable outside of PowerShell
[0.619s] DEBUG:colcon.colcon_core.shell:Skip shell extension 'dsv' for command environment
[0.654s] INFO:colcon.colcon_ros.task.ament_python.build:Building ROS package in '/home/vt/robotics-2110435/tracking_ws/src/keyboard_control' with build type 'ament_python'
[0.654s] Level 1:colcon.colcon_core.shell:create_environment_hook('keyboard_control', 'ament_prefix_path')
[0.660s] INFO:colcon.colcon_core.shell:Creating environment hook '/home/vt/robotics-2110435/tracking_ws/install/keyboard_control/share/keyboard_control/hook/ament_prefix_path.ps1'
[0.661s] INFO:colcon.colcon_core.shell:Creating environment descriptor '/home/vt/robotics-2110435/tracking_ws/install/keyboard_control/share/keyboard_control/hook/ament_prefix_path.dsv'
[0.661s] INFO:colcon.colcon_core.shell:Creating environment hook '/home/vt/robotics-2110435/tracking_ws/install/keyboard_control/share/keyboard_control/hook/ament_prefix_path.sh'
[0.668s] INFO:colcon.colcon_core.shell:Skip shell extension 'powershell' for command environment: Not usable outside of PowerShell
[0.668s] DEBUG:colcon.colcon_core.shell:Skip shell extension 'dsv' for command environment
[0.703s] INFO:colcon.colcon_ros.task.ament_cmake.build:Building ROS package in '/home/vt/robotics-2110435/tracking_ws/src/web_video_server' with build type 'ament_cmake'
[0.703s] INFO:colcon.colcon_cmake.task.cmake.build:Building CMake package in '/home/vt/robotics-2110435/tracking_ws/src/web_video_server'
[0.710s] INFO:colcon.colcon_core.shell:Skip shell extension 'powershell' for command environment: Not usable outside of PowerShell
[0.710s] DEBUG:colcon.colcon_core.shell:Skip shell extension 'dsv' for command environment
[0.748s] DEBUG:colcon.colcon_core.event_handler.log_command:Invoking command in '/home/vt/robotics-2110435/tracking_ws/build/aruco_controller': CMAKE_PREFIX_PATH=${CMAKE_PREFIX_PATH}:/home/vt/robotics-2110435/tracking_ws/install/keyboard_control:/home/vt/robotics-2110435/tracking_ws/install/aruco_following_controller:/home/vt/robotics-2110435/robot_ws/install/turtle_square:/home/vt/robotics-2110435/robot_ws/install/turtle_pkg:/home/vt/robotics-2110435/robot_ws/install/ros2_aruco:/home/vt/robotics-2110435/challenge_1/install/robot_marker:/opt/ros/humble /usr/bin/cmake --build /home/vt/robotics-2110435/tracking_ws/build/aruco_controller -- -j16 -l16
[0.856s] INFO:colcon.colcon_core.task.python.build:Building Python package in '/home/vt/robotics-2110435/tracking_ws/src/aruco_following_controller'
[0.862s] INFO:colcon.colcon_core.shell:Skip shell extension 'powershell' for command environment: Not usable outside of PowerShell
[0.862s] DEBUG:colcon.colcon_core.shell:Skip shell extension 'dsv' for command environment
[0.998s] INFO:colcon.colcon_core.task.python.build:Building Python package in '/home/vt/robotics-2110435/tracking_ws/src/keyboard_control'
[1.005s] INFO:colcon.colcon_core.shell:Skip shell extension 'powershell' for command environment: Not usable outside of PowerShell
[1.005s] DEBUG:colcon.colcon_core.shell:Skip shell extension 'dsv' for command environment
[1.043s] DEBUG:colcon.colcon_core.event_handler.log_command:Invoking command in '/home/vt/robotics-2110435/tracking_ws/build/web_video_server': CMAKE_PREFIX_PATH=${CMAKE_PREFIX_PATH}:/home/vt/robotics-2110435/tracking_ws/install/keyboard_control:/home/vt/robotics-2110435/tracking_ws/install/aruco_following_controller:/home/vt/robotics-2110435/robot_ws/install/turtle_square:/home/vt/robotics-2110435/robot_ws/install/turtle_pkg:/home/vt/robotics-2110435/robot_ws/install/ros2_aruco:/home/vt/robotics-2110435/challenge_1/install/robot_marker:/opt/ros/humble /usr/bin/cmake /home/vt/robotics-2110435/tracking_ws/src/web_video_server -DCMAKE_INSTALL_PREFIX=/home/vt/robotics-2110435/tracking_ws/install/web_video_server
[1.044s] DEBUG:colcon.colcon_core.event_handler.log_command:Invoked command in '/home/vt/robotics-2110435/tracking_ws/build/aruco_controller' returned '0': CMAKE_PREFIX_PATH=${CMAKE_PREFIX_PATH}:/home/vt/robotics-2110435/tracking_ws/install/keyboard_control:/home/vt/robotics-2110435/tracking_ws/install/aruco_following_controller:/home/vt/robotics-2110435/robot_ws/install/turtle_square:/home/vt/robotics-2110435/robot_ws/install/turtle_pkg:/home/vt/robotics-2110435/robot_ws/install/ros2_aruco:/home/vt/robotics-2110435/challenge_1/install/robot_marker:/opt/ros/humble /usr/bin/cmake --build /home/vt/robotics-2110435/tracking_ws/build/aruco_controller -- -j16 -l16
[1.073s] DEBUG:colcon.colcon_core.event_handler.log_command:Invoking command in '/home/vt/robotics-2110435/tracking_ws/build/aruco_controller': CMAKE_PREFIX_PATH=${CMAKE_PREFIX_PATH}:/home/vt/robotics-2110435/tracking_ws/install/keyboard_control:/home/vt/robotics-2110435/tracking_ws/install/aruco_following_controller:/home/vt/robotics-2110435/robot_ws/install/turtle_square:/home/vt/robotics-2110435/robot_ws/install/turtle_pkg:/home/vt/robotics-2110435/robot_ws/install/ros2_aruco:/home/vt/robotics-2110435/challenge_1/install/robot_marker:/opt/ros/humble /usr/bin/cmake --install /home/vt/robotics-2110435/tracking_ws/build/aruco_controller
[1.119s] Level 1:colcon.colcon_core.environment:create_environment_scripts_only(aruco_controller)
[1.120s] DEBUG:colcon.colcon_core.event_handler.log_command:Invoked command in '/home/vt/robotics-2110435/tracking_ws/build/aruco_controller' returned '0': CMAKE_PREFIX_PATH=${CMAKE_PREFIX_PATH}:/home/vt/robotics-2110435/tracking_ws/install/keyboard_control:/home/vt/robotics-2110435/tracking_ws/install/aruco_following_controller:/home/vt/robotics-2110435/robot_ws/install/turtle_square:/home/vt/robotics-2110435/robot_ws/install/turtle_pkg:/home/vt/robotics-2110435/robot_ws/install/ros2_aruco:/home/vt/robotics-2110435/challenge_1/install/robot_marker:/opt/ros/humble /usr/bin/cmake --install /home/vt/robotics-2110435/tracking_ws/build/aruco_controller
[1.128s] Level 1:colcon.colcon_core.environment:checking '/home/vt/robotics-2110435/tracking_ws/install/aruco_controller' for CMake module files
[1.128s] Level 1:colcon.colcon_core.environment:checking '/home/vt/robotics-2110435/tracking_ws/install/aruco_controller' for CMake config files
[1.128s] Level 1:colcon.colcon_core.shell:create_environment_hook('aruco_controller', 'cmake_prefix_path')
[1.135s] INFO:colcon.colcon_core.shell:Creating environment hook '/home/vt/robotics-2110435/tracking_ws/install/aruco_controller/share/aruco_controller/hook/cmake_prefix_path.ps1'
[1.135s] INFO:colcon.colcon_core.shell:Creating environment descriptor '/home/vt/robotics-2110435/tracking_ws/install/aruco_controller/share/aruco_controller/hook/cmake_prefix_path.dsv'
[1.136s] INFO:colcon.colcon_core.shell:Creating environment hook '/home/vt/robotics-2110435/tracking_ws/install/aruco_controller/share/aruco_controller/hook/cmake_prefix_path.sh'
[1.136s] Level 1:colcon.colcon_core.environment:checking '/home/vt/robotics-2110435/tracking_ws/install/aruco_controller/lib'
[1.136s] Level 1:colcon.colcon_core.environment:checking '/home/vt/robotics-2110435/tracking_ws/install/aruco_controller/bin'
[1.136s] Level 1:colcon.colcon_core.environment:checking '/home/vt/robotics-2110435/tracking_ws/install/aruco_controller/lib/pkgconfig/aruco_controller.pc'
[1.136s] Level 1:colcon.colcon_core.environment:checking '/home/vt/robotics-2110435/tracking_ws/install/aruco_controller/lib/python3.10/site-packages'
[1.136s] Level 1:colcon.colcon_core.environment:checking '/home/vt/robotics-2110435/tracking_ws/install/aruco_controller/bin'
[1.143s] INFO:colcon.colcon_core.shell:Creating package script '/home/vt/robotics-2110435/tracking_ws/install/aruco_controller/share/aruco_controller/package.ps1'
[1.143s] INFO:colcon.colcon_core.shell:Creating package descriptor '/home/vt/robotics-2110435/tracking_ws/install/aruco_controller/share/aruco_controller/package.dsv'
[1.143s] INFO:colcon.colcon_core.shell:Creating package script '/home/vt/robotics-2110435/tracking_ws/install/aruco_controller/share/aruco_controller/package.sh'
[1.144s] INFO:colcon.colcon_core.shell:Creating package script '/home/vt/robotics-2110435/tracking_ws/install/aruco_controller/share/aruco_controller/package.bash'
[1.144s] INFO:colcon.colcon_core.shell:Creating package script '/home/vt/robotics-2110435/tracking_ws/install/aruco_controller/share/aruco_controller/package.zsh'
[1.144s] Level 1:colcon.colcon_core.environment:create_file_with_runtime_dependencies(/home/vt/robotics-2110435/tracking_ws/install/aruco_controller/share/colcon-core/packages/aruco_controller)
[1.158s] DEBUG:colcon.colcon_core.event_handler.log_command:Invoked command in '/home/vt/robotics-2110435/tracking_ws/build/web_video_server' returned '1': CMAKE_PREFIX_PATH=${CMAKE_PREFIX_PATH}:/home/vt/robotics-2110435/tracking_ws/install/keyboard_control:/home/vt/robotics-2110435/tracking_ws/install/aruco_following_controller:/home/vt/robotics-2110435/robot_ws/install/turtle_square:/home/vt/robotics-2110435/robot_ws/install/turtle_pkg:/home/vt/robotics-2110435/robot_ws/install/ros2_aruco:/home/vt/robotics-2110435/challenge_1/install/robot_marker:/opt/ros/humble /usr/bin/cmake /home/vt/robotics-2110435/tracking_ws/src/web_video_server -DCMAKE_INSTALL_PREFIX=/home/vt/robotics-2110435/tracking_ws/install/web_video_server
[1.172s] Level 1:colcon.colcon_core.environment:create_environment_scripts_only(aruco_controller)
[1.178s] Level 1:colcon.colcon_core.environment:checking '/home/vt/robotics-2110435/tracking_ws/install/aruco_controller' for CMake module files
[1.178s] Level 1:colcon.colcon_core.environment:checking '/home/vt/robotics-2110435/tracking_ws/install/aruco_controller' for CMake config files
[1.179s] Level 1:colcon.colcon_core.shell:create_environment_hook('aruco_controller', 'cmake_prefix_path')
[1.184s] INFO:colcon.colcon_core.shell:Creating environment hook '/home/vt/robotics-2110435/tracking_ws/install/aruco_controller/share/aruco_controller/hook/cmake_prefix_path.ps1'
[1.185s] INFO:colcon.colcon_core.shell:Creating environment descriptor '/home/vt/robotics-2110435/tracking_ws/install/aruco_controller/share/aruco_controller/hook/cmake_prefix_path.dsv'
[1.185s] INFO:colcon.colcon_core.shell:Creating environment hook '/home/vt/robotics-2110435/tracking_ws/install/aruco_controller/share/aruco_controller/hook/cmake_prefix_path.sh'
[1.185s] Level 1:colcon.colcon_core.environment:checking '/home/vt/robotics-2110435/tracking_ws/install/aruco_controller/lib'
[1.185s] Level 1:colcon.colcon_core.environment:checking '/home/vt/robotics-2110435/tracking_ws/install/aruco_controller/bin'
[1.185s] Level 1:colcon.colcon_core.environment:checking '/home/vt/robotics-2110435/tracking_ws/install/aruco_controller/lib/pkgconfig/aruco_controller.pc'
[1.185s] Level 1:colcon.colcon_core.environment:checking '/home/vt/robotics-2110435/tracking_ws/install/aruco_controller/lib/python3.10/site-packages'
[1.186s] Level 1:colcon.colcon_core.environment:checking '/home/vt/robotics-2110435/tracking_ws/install/aruco_controller/bin'
[1.193s] INFO:colcon.colcon_core.shell:Creating package script '/home/vt/robotics-2110435/tracking_ws/install/aruco_controller/share/aruco_controller/package.ps1'
[1.193s] INFO:colcon.colcon_core.shell:Creating package descriptor '/home/vt/robotics-2110435/tracking_ws/install/aruco_controller/share/aruco_controller/package.dsv'
[1.194s] INFO:colcon.colcon_core.shell:Creating package script '/home/vt/robotics-2110435/tracking_ws/install/aruco_controller/share/aruco_controller/package.sh'
[1.194s] INFO:colcon.colcon_core.shell:Creating package script '/home/vt/robotics-2110435/tracking_ws/install/aruco_controller/share/aruco_controller/package.bash'
[1.194s] INFO:colcon.colcon_core.shell:Creating package script '/home/vt/robotics-2110435/tracking_ws/install/aruco_controller/share/aruco_controller/package.zsh'
[1.194s] Level 1:colcon.colcon_core.environment:create_file_with_runtime_dependencies(/home/vt/robotics-2110435/tracking_ws/install/aruco_controller/share/colcon-core/packages/aruco_controller)
[1.195s] Level 1:colcon.colcon_core.environment:create_environment_scripts_only(web_video_server)
[1.203s] Level 1:colcon.colcon_core.environment:checking '/home/vt/robotics-2110435/tracking_ws/install/web_video_server' for CMake module files
[1.204s] Level 1:colcon.colcon_core.environment:checking '/home/vt/robotics-2110435/tracking_ws/install/web_video_server' for CMake config files
[1.204s] Level 1:colcon.colcon_core.shell:create_environment_hook('web_video_server', 'cmake_prefix_path')
[1.211s] INFO:colcon.colcon_core.shell:Creating environment hook '/home/vt/robotics-2110435/tracking_ws/install/web_video_server/share/web_video_server/hook/cmake_prefix_path.ps1'
[1.211s] INFO:colcon.colcon_core.shell:Creating environment descriptor '/home/vt/robotics-2110435/tracking_ws/install/web_video_server/share/web_video_server/hook/cmake_prefix_path.dsv'
[1.212s] INFO:colcon.colcon_core.shell:Creating environment hook '/home/vt/robotics-2110435/tracking_ws/install/web_video_server/share/web_video_server/hook/cmake_prefix_path.sh'
[1.212s] Level 1:colcon.colcon_core.environment:checking '/home/vt/robotics-2110435/tracking_ws/install/web_video_server/lib'
[1.212s] Level 1:colcon.colcon_core.environment:checking '/home/vt/robotics-2110435/tracking_ws/install/web_video_server/bin'
[1.212s] Level 1:colcon.colcon_core.environment:checking '/home/vt/robotics-2110435/tracking_ws/install/web_video_server/lib/pkgconfig/web_video_server.pc'
[1.212s] Level 1:colcon.colcon_core.environment:checking '/home/vt/robotics-2110435/tracking_ws/install/web_video_server/lib/python3.10/site-packages'
[1.212s] Level 1:colcon.colcon_core.environment:checking '/home/vt/robotics-2110435/tracking_ws/install/web_video_server/bin'
[1.219s] INFO:colcon.colcon_core.shell:Creating package script '/home/vt/robotics-2110435/tracking_ws/install/web_video_server/share/web_video_server/package.ps1'
[1.220s] INFO:colcon.colcon_core.shell:Creating package descriptor '/home/vt/robotics-2110435/tracking_ws/install/web_video_server/share/web_video_server/package.dsv'
[1.220s] INFO:colcon.colcon_core.shell:Creating package script '/home/vt/robotics-2110435/tracking_ws/install/web_video_server/share/web_video_server/package.sh'
[1.220s] INFO:colcon.colcon_core.shell:Creating package script '/home/vt/robotics-2110435/tracking_ws/install/web_video_server/share/web_video_server/package.bash'
[1.221s] INFO:colcon.colcon_core.shell:Creating package script '/home/vt/robotics-2110435/tracking_ws/install/web_video_server/share/web_video_server/package.zsh'
[1.221s] Level 1:colcon.colcon_core.environment:create_file_with_runtime_dependencies(/home/vt/robotics-2110435/tracking_ws/install/web_video_server/share/colcon-core/packages/web_video_server)
[1.327s] DEBUG:colcon.colcon_parallel_executor.executor.parallel:closing loop
[1.328s] DEBUG:colcon.colcon_parallel_executor.executor.parallel:loop closed
[1.328s] DEBUG:colcon.colcon_parallel_executor.executor.parallel:run_until_complete finished with '1'
[1.328s] DEBUG:colcon.colcon_core.event_reactor:joining thread
[1.339s] INFO:colcon.colcon_core.plugin_system:Skipping extension 'colcon_notification.desktop_notification.terminal_notifier': Not used on non-Darwin systems
[1.339s] INFO:colcon.colcon_core.plugin_system:Skipping extension 'colcon_notification.desktop_notification.win32': Not used on non-Windows systems
[1.339s] INFO:colcon.colcon_notification.desktop_notification:Sending desktop notification using 'notify2'
[1.351s] DEBUG:colcon.colcon_core.event_reactor:joined thread
[1.359s] INFO:colcon.colcon_core.shell:Creating prefix script '/home/vt/robotics-2110435/tracking_ws/install/local_setup.ps1'
[1.360s] INFO:colcon.colcon_core.shell:Creating prefix util module '/home/vt/robotics-2110435/tracking_ws/install/_local_setup_util_ps1.py'
[1.360s] INFO:colcon.colcon_core.shell:Creating prefix chain script '/home/vt/robotics-2110435/tracking_ws/install/setup.ps1'
[1.368s] INFO:colcon.colcon_core.shell:Creating prefix script '/home/vt/robotics-2110435/tracking_ws/install/local_setup.sh'
[1.369s] INFO:colcon.colcon_core.shell:Creating prefix util module '/home/vt/robotics-2110435/tracking_ws/install/_local_setup_util_sh.py'
[1.369s] INFO:colcon.colcon_core.shell:Creating prefix chain script '/home/vt/robotics-2110435/tracking_ws/install/setup.sh'
[1.376s] INFO:colcon.colcon_core.shell:Creating prefix script '/home/vt/robotics-2110435/tracking_ws/install/local_setup.bash'
[1.377s] INFO:colcon.colcon_core.shell:Creating prefix chain script '/home/vt/robotics-2110435/tracking_ws/install/setup.bash'
[1.384s] INFO:colcon.colcon_core.shell:Creating prefix script '/home/vt/robotics-2110435/tracking_ws/install/local_setup.zsh'
[1.384s] INFO:colcon.colcon_core.shell:Creating prefix chain script '/home/vt/robotics-2110435/tracking_ws/install/setup.zsh'
