[0.391s] DEBUG:colcon:Command line arguments: ['/usr/bin/colcon', 'build']
[0.391s] DEBUG:colcon:Parsed command line arguments: Namespace(log_base=None, log_level=None, verb_name='build', build_base='build', install_base='install', merge_install=False, symlink_install=False, test_result_base=None, continue_on_error=False, executor='parallel', parallel_workers=16, event_handlers=None, ignore_user_meta=False, metas=['./colcon.meta'], base_paths=['.'], packages_ignore=None, packages_ignore_regex=None, paths=None, packages_up_to=None, packages_up_to_regex=None, packages_above=None, packages_above_and_dependencies=None, packages_above_depth=None, packages_select_by_dep=None, packages_skip_by_dep=None, packages_skip_up_to=None, packages_select_build_failed=False, packages_skip_build_finished=False, packages_select_test_failures=False, packages_skip_test_passed=False, packages_select=None, packages_skip=None, packages_select_regex=None, packages_skip_regex=None, packages_start=None, packages_end=None, allow_overriding=[], cmake_args=None, cmake_target=None, cmake_target_skip_unavailable=False, cmake_clean_cache=False, cmake_clean_first=False, cmake_force_configure=False, ament_cmake_args=None, catkin_cmake_args=None, catkin_skip_building_tests=False, verb_parser=<colcon_defaults.argument_parser.defaults.DefaultArgumentsDecorator object at 0x7f9b65e25330>, verb_extension=<colcon_core.verb.build.BuildVerb object at 0x7f9b65e13370>, main=<bound method BuildVerb.main of <colcon_core.verb.build.BuildVerb object at 0x7f9b65e13370>>)
[0.416s] Level 1:colcon.colcon_core.package_discovery:discover_packages(colcon_meta) check parameters
[0.416s] Level 1:colcon.colcon_core.package_discovery:discover_packages(recursive) check parameters
[0.416s] Level 1:colcon.colcon_core.package_discovery:discover_packages(ignore) check parameters
[0.417s] Level 1:colcon.colcon_core.package_discovery:discover_packages(path) check parameters
[0.417s] Level 1:colcon.colcon_core.package_discovery:discover_packages(colcon_meta) discover
[0.417s] Level 1:colcon.colcon_core.package_discovery:discover_packages(recursive) discover
[0.417s] INFO:colcon.colcon_core.package_discovery:Crawling recursively for packages in '/home/vt/robotics-2110435/tracking_ws'
[0.417s] Level 1:colcon.colcon_core.package_identification:_identify(.) by extensions ['ignore', 'ignore_ament_install']
[0.417s] Level 1:colcon.colcon_core.package_identification:_identify(.) by extension 'ignore'
[0.417s] Level 1:colcon.colcon_core.package_identification:_identify(.) by extension 'ignore_ament_install'
[0.417s] Level 1:colcon.colcon_core.package_identification:_identify(.) by extensions ['colcon_pkg']
[0.417s] Level 1:colcon.colcon_core.package_identification:_identify(.) by extension 'colcon_pkg'
[0.417s] Level 1:colcon.colcon_core.package_identification:_identify(.) by extensions ['colcon_meta']
[0.417s] Level 1:colcon.colcon_core.package_identification:_identify(.) by extension 'colcon_meta'
[0.417s] Level 1:colcon.colcon_core.package_identification:_identify(.) by extensions ['ros']
[0.417s] Level 1:colcon.colcon_core.package_identification:_identify(.) by extension 'ros'
[0.424s] Level 1:colcon.colcon_core.package_identification:_identify(.) by extensions ['cmake', 'python']
[0.424s] Level 1:colcon.colcon_core.package_identification:_identify(.) by extension 'cmake'
[0.424s] Level 1:colcon.colcon_core.package_identification:_identify(.) by extension 'python'
[0.424s] Level 1:colcon.colcon_core.package_identification:_identify(.) by extensions ['python_setup_py']
[0.424s] Level 1:colcon.colcon_core.package_identification:_identify(.) by extension 'python_setup_py'
[0.424s] Level 1:colcon.colcon_core.package_identification:_identify(build) by extensions ['ignore', 'ignore_ament_install']
[0.424s] Level 1:colcon.colcon_core.package_identification:_identify(build) by extension 'ignore'
[0.424s] Level 1:colcon.colcon_core.package_identification:_identify(build) ignored
[0.424s] Level 1:colcon.colcon_core.package_identification:_identify(install) by extensions ['ignore', 'ignore_ament_install']
[0.424s] Level 1:colcon.colcon_core.package_identification:_identify(install) by extension 'ignore'
[0.424s] Level 1:colcon.colcon_core.package_identification:_identify(install) ignored
[0.424s] Level 1:colcon.colcon_core.package_identification:_identify(log) by extensions ['ignore', 'ignore_ament_install']
[0.424s] Level 1:colcon.colcon_core.package_identification:_identify(log) by extension 'ignore'
[0.424s] Level 1:colcon.colcon_core.package_identification:_identify(log) ignored
[0.424s] Level 1:colcon.colcon_core.package_identification:_identify(src) by extensions ['ignore', 'ignore_ament_install']
[0.424s] Level 1:colcon.colcon_core.package_identification:_identify(src) by extension 'ignore'
[0.424s] Level 1:colcon.colcon_core.package_identification:_identify(src) by extension 'ignore_ament_install'
[0.424s] Level 1:colcon.colcon_core.package_identification:_identify(src) by extensions ['colcon_pkg']
[0.424s] Level 1:colcon.colcon_core.package_identification:_identify(src) by extension 'colcon_pkg'
[0.424s] Level 1:colcon.colcon_core.package_identification:_identify(src) by extensions ['colcon_meta']
[0.424s] Level 1:colcon.colcon_core.package_identification:_identify(src) by extension 'colcon_meta'
[0.424s] Level 1:colcon.colcon_core.package_identification:_identify(src) by extensions ['ros']
[0.424s] Level 1:colcon.colcon_core.package_identification:_identify(src) by extension 'ros'
[0.425s] Level 1:colcon.colcon_core.package_identification:_identify(src) by extensions ['cmake', 'python']
[0.425s] Level 1:colcon.colcon_core.package_identification:_identify(src) by extension 'cmake'
[0.425s] Level 1:colcon.colcon_core.package_identification:_identify(src) by extension 'python'
[0.425s] Level 1:colcon.colcon_core.package_identification:_identify(src) by extensions ['python_setup_py']
[0.425s] Level 1:colcon.colcon_core.package_identification:_identify(src) by extension 'python_setup_py'
[0.425s] Level 1:colcon.colcon_core.package_identification:_identify(src/aruco_controller) by extensions ['ignore', 'ignore_ament_install']
[0.425s] Level 1:colcon.colcon_core.package_identification:_identify(src/aruco_controller) by extension 'ignore'
[0.425s] Level 1:colcon.colcon_core.package_identification:_identify(src/aruco_controller) by extension 'ignore_ament_install'
[0.425s] Level 1:colcon.colcon_core.package_identification:_identify(src/aruco_controller) by extensions ['colcon_pkg']
[0.425s] Level 1:colcon.colcon_core.package_identification:_identify(src/aruco_controller) by extension 'colcon_pkg'
[0.425s] Level 1:colcon.colcon_core.package_identification:_identify(src/aruco_controller) by extensions ['colcon_meta']
[0.425s] Level 1:colcon.colcon_core.package_identification:_identify(src/aruco_controller) by extension 'colcon_meta'
[0.425s] Level 1:colcon.colcon_core.package_identification:_identify(src/aruco_controller) by extensions ['ros']
[0.425s] Level 1:colcon.colcon_core.package_identification:_identify(src/aruco_controller) by extension 'ros'
[0.426s] DEBUG:colcon.colcon_core.package_identification:Package 'src/aruco_controller' with type 'ros.ament_cmake' and name 'aruco_controller'
[0.426s] Level 1:colcon.colcon_core.package_identification:_identify(src/aruco_following_controller) by extensions ['ignore', 'ignore_ament_install']
[0.426s] Level 1:colcon.colcon_core.package_identification:_identify(src/aruco_following_controller) by extension 'ignore'
[0.426s] Level 1:colcon.colcon_core.package_identification:_identify(src/aruco_following_controller) by extension 'ignore_ament_install'
[0.426s] Level 1:colcon.colcon_core.package_identification:_identify(src/aruco_following_controller) by extensions ['colcon_pkg']
[0.426s] Level 1:colcon.colcon_core.package_identification:_identify(src/aruco_following_controller) by extension 'colcon_pkg'
[0.426s] Level 1:colcon.colcon_core.package_identification:_identify(src/aruco_following_controller) by extensions ['colcon_meta']
[0.426s] Level 1:colcon.colcon_core.package_identification:_identify(src/aruco_following_controller) by extension 'colcon_meta'
[0.426s] Level 1:colcon.colcon_core.package_identification:_identify(src/aruco_following_controller) by extensions ['ros']
[0.426s] Level 1:colcon.colcon_core.package_identification:_identify(src/aruco_following_controller) by extension 'ros'
[0.427s] DEBUG:colcon.colcon_core.package_identification:Package 'src/aruco_following_controller' with type 'ros.ament_python' and name 'aruco_following_controller'
[0.427s] Level 1:colcon.colcon_core.package_identification:_identify(src/build) by extensions ['ignore', 'ignore_ament_install']
[0.427s] Level 1:colcon.colcon_core.package_identification:_identify(src/build) by extension 'ignore'
[0.427s] Level 1:colcon.colcon_core.package_identification:_identify(src/build) ignored
[0.427s] Level 1:colcon.colcon_core.package_identification:_identify(src/install) by extensions ['ignore', 'ignore_ament_install']
[0.427s] Level 1:colcon.colcon_core.package_identification:_identify(src/install) by extension 'ignore'
[0.427s] Level 1:colcon.colcon_core.package_identification:_identify(src/install) ignored
[0.427s] Level 1:colcon.colcon_core.package_identification:_identify(src/keyboard_control) by extensions ['ignore', 'ignore_ament_install']
[0.427s] Level 1:colcon.colcon_core.package_identification:_identify(src/keyboard_control) by extension 'ignore'
[0.427s] Level 1:colcon.colcon_core.package_identification:_identify(src/keyboard_control) by extension 'ignore_ament_install'
[0.427s] Level 1:colcon.colcon_core.package_identification:_identify(src/keyboard_control) by extensions ['colcon_pkg']
[0.427s] Level 1:colcon.colcon_core.package_identification:_identify(src/keyboard_control) by extension 'colcon_pkg'
[0.427s] Level 1:colcon.colcon_core.package_identification:_identify(src/keyboard_control) by extensions ['colcon_meta']
[0.427s] Level 1:colcon.colcon_core.package_identification:_identify(src/keyboard_control) by extension 'colcon_meta'
[0.427s] Level 1:colcon.colcon_core.package_identification:_identify(src/keyboard_control) by extensions ['ros']
[0.427s] Level 1:colcon.colcon_core.package_identification:_identify(src/keyboard_control) by extension 'ros'
[0.427s] DEBUG:colcon.colcon_core.package_identification:Package 'src/keyboard_control' with type 'ros.ament_python' and name 'keyboard_control'
[0.427s] Level 1:colcon.colcon_core.package_identification:_identify(src/log) by extensions ['ignore', 'ignore_ament_install']
[0.427s] Level 1:colcon.colcon_core.package_identification:_identify(src/log) by extension 'ignore'
[0.427s] Level 1:colcon.colcon_core.package_identification:_identify(src/log) ignored
[0.427s] Level 1:colcon.colcon_core.package_identification:_identify(src/web_video_server) by extensions ['ignore', 'ignore_ament_install']
[0.427s] Level 1:colcon.colcon_core.package_identification:_identify(src/web_video_server) by extension 'ignore'
[0.428s] Level 1:colcon.colcon_core.package_identification:_identify(src/web_video_server) by extension 'ignore_ament_install'
[0.428s] Level 1:colcon.colcon_core.package_identification:_identify(src/web_video_server) by extensions ['colcon_pkg']
[0.428s] Level 1:colcon.colcon_core.package_identification:_identify(src/web_video_server) by extension 'colcon_pkg'
[0.428s] Level 1:colcon.colcon_core.package_identification:_identify(src/web_video_server) by extensions ['colcon_meta']
[0.428s] Level 1:colcon.colcon_core.package_identification:_identify(src/web_video_server) by extension 'colcon_meta'
[0.428s] Level 1:colcon.colcon_core.package_identification:_identify(src/web_video_server) by extensions ['ros']
[0.428s] Level 1:colcon.colcon_core.package_identification:_identify(src/web_video_server) by extension 'ros'
[0.428s] DEBUG:colcon.colcon_core.package_identification:Package 'src/web_video_server' with type 'ros.ament_cmake' and name 'web_video_server'
[0.428s] Level 1:colcon.colcon_core.package_discovery:discover_packages(recursive) using defaults
[0.428s] Level 1:colcon.colcon_core.package_discovery:discover_packages(ignore) discover
[0.428s] Level 1:colcon.colcon_core.package_discovery:discover_packages(ignore) using defaults
[0.428s] Level 1:colcon.colcon_core.package_discovery:discover_packages(path) discover
[0.428s] Level 1:colcon.colcon_core.package_discovery:discover_packages(path) using defaults
[0.466s] Level 1:colcon.colcon_core.package_discovery:discover_packages(prefix_path) check parameters
[0.466s] Level 1:colcon.colcon_core.package_discovery:discover_packages(prefix_path) discover
[0.477s] DEBUG:colcon.colcon_installed_package_information.package_discovery:Found 4 installed packages in /home/vt/robotics-2110435/tracking_ws/install
[0.483s] DEBUG:colcon.colcon_installed_package_information.package_discovery:Found 3 installed packages in /home/vt/robotics-2110435/robot_ws/install
[0.488s] DEBUG:colcon.colcon_installed_package_information.package_discovery:Found 1 installed packages in /home/vt/robotics-2110435/challenge_1/install
[0.494s] DEBUG:colcon.colcon_installed_package_information.package_discovery:Found 275 installed packages in /opt/ros/humble
[0.495s] Level 1:colcon.colcon_core.package_discovery:discover_packages(prefix_path) using defaults
[0.528s] Level 5:colcon.colcon_core.verb:set package 'aruco_controller' build argument 'cmake_args' from command line to 'None'
[0.528s] Level 5:colcon.colcon_core.verb:set package 'aruco_controller' build argument 'cmake_target' from command line to 'None'
[0.528s] Level 5:colcon.colcon_core.verb:set package 'aruco_controller' build argument 'cmake_target_skip_unavailable' from command line to 'False'
[0.528s] Level 5:colcon.colcon_core.verb:set package 'aruco_controller' build argument 'cmake_clean_cache' from command line to 'False'
[0.528s] Level 5:colcon.colcon_core.verb:set package 'aruco_controller' build argument 'cmake_clean_first' from command line to 'False'
[0.528s] Level 5:colcon.colcon_core.verb:set package 'aruco_controller' build argument 'cmake_force_configure' from command line to 'False'
[0.528s] Level 5:colcon.colcon_core.verb:set package 'aruco_controller' build argument 'ament_cmake_args' from command line to 'None'
[0.528s] Level 5:colcon.colcon_core.verb:set package 'aruco_controller' build argument 'catkin_cmake_args' from command line to 'None'
[0.528s] Level 5:colcon.colcon_core.verb:set package 'aruco_controller' build argument 'catkin_skip_building_tests' from command line to 'False'
[0.528s] DEBUG:colcon.colcon_core.verb:Building package 'aruco_controller' with the following arguments: {'ament_cmake_args': None, 'build_base': '/home/vt/robotics-2110435/tracking_ws/build/aruco_controller', 'catkin_cmake_args': None, 'catkin_skip_building_tests': False, 'cmake_args': None, 'cmake_clean_cache': False, 'cmake_clean_first': False, 'cmake_force_configure': False, 'cmake_target': None, 'cmake_target_skip_unavailable': False, 'install_base': '/home/vt/robotics-2110435/tracking_ws/install/aruco_controller', 'merge_install': False, 'path': '/home/vt/robotics-2110435/tracking_ws/src/aruco_controller', 'symlink_install': False, 'test_result_base': None}
[0.534s] Level 5:colcon.colcon_core.verb:set package 'aruco_following_controller' build argument 'cmake_args' from command line to 'None'
[0.534s] Level 5:colcon.colcon_core.verb:set package 'aruco_following_controller' build argument 'cmake_target' from command line to 'None'
[0.534s] Level 5:colcon.colcon_core.verb:set package 'aruco_following_controller' build argument 'cmake_target_skip_unavailable' from command line to 'False'
[0.534s] Level 5:colcon.colcon_core.verb:set package 'aruco_following_controller' build argument 'cmake_clean_cache' from command line to 'False'
[0.534s] Level 5:colcon.colcon_core.verb:set package 'aruco_following_controller' build argument 'cmake_clean_first' from command line to 'False'
[0.534s] Level 5:colcon.colcon_core.verb:set package 'aruco_following_controller' build argument 'cmake_force_configure' from command line to 'False'
[0.534s] Level 5:colcon.colcon_core.verb:set package 'aruco_following_controller' build argument 'ament_cmake_args' from command line to 'None'
[0.534s] Level 5:colcon.colcon_core.verb:set package 'aruco_following_controller' build argument 'catkin_cmake_args' from command line to 'None'
[0.534s] Level 5:colcon.colcon_core.verb:set package 'aruco_following_controller' build argument 'catkin_skip_building_tests' from command line to 'False'
[0.534s] DEBUG:colcon.colcon_core.verb:Building package 'aruco_following_controller' with the following arguments: {'ament_cmake_args': None, 'build_base': '/home/vt/robotics-2110435/tracking_ws/build/aruco_following_controller', 'catkin_cmake_args': None, 'catkin_skip_building_tests': False, 'cmake_args': None, 'cmake_clean_cache': False, 'cmake_clean_first': False, 'cmake_force_configure': False, 'cmake_target': None, 'cmake_target_skip_unavailable': False, 'install_base': '/home/vt/robotics-2110435/tracking_ws/install/aruco_following_controller', 'merge_install': False, 'path': '/home/vt/robotics-2110435/tracking_ws/src/aruco_following_controller', 'symlink_install': False, 'test_result_base': None}
[0.539s] Level 5:colcon.colcon_core.verb:set package 'keyboard_control' build argument 'cmake_args' from command line to 'None'
[0.539s] Level 5:colcon.colcon_core.verb:set package 'keyboard_control' build argument 'cmake_target' from command line to 'None'
[0.539s] Level 5:colcon.colcon_core.verb:set package 'keyboard_control' build argument 'cmake_target_skip_unavailable' from command line to 'False'
[0.539s] Level 5:colcon.colcon_core.verb:set package 'keyboard_control' build argument 'cmake_clean_cache' from command line to 'False'
[0.539s] Level 5:colcon.colcon_core.verb:set package 'keyboard_control' build argument 'cmake_clean_first' from command line to 'False'
[0.539s] Level 5:colcon.colcon_core.verb:set package 'keyboard_control' build argument 'cmake_force_configure' from command line to 'False'
[0.539s] Level 5:colcon.colcon_core.verb:set package 'keyboard_control' build argument 'ament_cmake_args' from command line to 'None'
[0.539s] Level 5:colcon.colcon_core.verb:set package 'keyboard_control' build argument 'catkin_cmake_args' from command line to 'None'
[0.539s] Level 5:colcon.colcon_core.verb:set package 'keyboard_control' build argument 'catkin_skip_building_tests' from command line to 'False'
[0.539s] DEBUG:colcon.colcon_core.verb:Building package 'keyboard_control' with the following arguments: {'ament_cmake_args': None, 'build_base': '/home/vt/robotics-2110435/tracking_ws/build/keyboard_control', 'catkin_cmake_args': None, 'catkin_skip_building_tests': False, 'cmake_args': None, 'cmake_clean_cache': False, 'cmake_clean_first': False, 'cmake_force_configure': False, 'cmake_target': None, 'cmake_target_skip_unavailable': False, 'install_base': '/home/vt/robotics-2110435/tracking_ws/install/keyboard_control', 'merge_install': False, 'path': '/home/vt/robotics-2110435/tracking_ws/src/keyboard_control', 'symlink_install': False, 'test_result_base': None}
[0.545s] Level 5:colcon.colcon_core.verb:set package 'web_video_server' build argument 'cmake_args' from command line to 'None'
[0.545s] Level 5:colcon.colcon_core.verb:set package 'web_video_server' build argument 'cmake_target' from command line to 'None'
[0.545s] Level 5:colcon.colcon_core.verb:set package 'web_video_server' build argument 'cmake_target_skip_unavailable' from command line to 'False'
[0.545s] Level 5:colcon.colcon_core.verb:set package 'web_video_server' build argument 'cmake_clean_cache' from command line to 'False'
[0.545s] Level 5:colcon.colcon_core.verb:set package 'web_video_server' build argument 'cmake_clean_first' from command line to 'False'
[0.545s] Level 5:colcon.colcon_core.verb:set package 'web_video_server' build argument 'cmake_force_configure' from command line to 'False'
[0.545s] Level 5:colcon.colcon_core.verb:set package 'web_video_server' build argument 'ament_cmake_args' from command line to 'None'
[0.545s] Level 5:colcon.colcon_core.verb:set package 'web_video_server' build argument 'catkin_cmake_args' from command line to 'None'
[0.545s] Level 5:colcon.colcon_core.verb:set package 'web_video_server' build argument 'catkin_skip_building_tests' from command line to 'False'
[0.545s] DEBUG:colcon.colcon_core.verb:Building package 'web_video_server' with the following arguments: {'ament_cmake_args': None, 'build_base': '/home/vt/robotics-2110435/tracking_ws/build/web_video_server', 'catkin_cmake_args': None, 'catkin_skip_building_tests': False, 'cmake_args': None, 'cmake_clean_cache': False, 'cmake_clean_first': False, 'cmake_force_configure': False, 'cmake_target': None, 'cmake_target_skip_unavailable': False, 'install_base': '/home/vt/robotics-2110435/tracking_ws/install/web_video_server', 'merge_install': False, 'path': '/home/vt/robotics-2110435/tracking_ws/src/web_video_server', 'symlink_install': False, 'test_result_base': None}
[0.550s] INFO:colcon.colcon_core.executor:Executing jobs using 'parallel' executor
[0.563s] DEBUG:colcon.colcon_parallel_executor.executor.parallel:run_until_complete
[0.563s] INFO:colcon.colcon_ros.task.ament_cmake.build:Building ROS package in '/home/vt/robotics-2110435/tracking_ws/src/aruco_controller' with build type 'ament_cmake'
[0.563s] INFO:colcon.colcon_cmake.task.cmake.build:Building CMake package in '/home/vt/robotics-2110435/tracking_ws/src/aruco_controller'
[0.570s] INFO:colcon.colcon_core.plugin_system:Skipping extension 'colcon_core.shell.bat': Not used on non-Windows systems
[0.570s] INFO:colcon.colcon_core.shell:Skip shell extension 'powershell' for command environment: Not usable outside of PowerShell
[0.570s] DEBUG:colcon.colcon_core.shell:Skip shell extension 'dsv' for command environment
[0.605s] INFO:colcon.colcon_ros.task.ament_python.build:Building ROS package in '/home/vt/robotics-2110435/tracking_ws/src/aruco_following_controller' with build type 'ament_python'
[0.606s] Level 1:colcon.colcon_core.shell:create_environment_hook('aruco_following_controller', 'ament_prefix_path')
[0.612s] INFO:colcon.colcon_core.shell:Creating environment hook '/home/vt/robotics-2110435/tracking_ws/install/aruco_following_controller/share/aruco_following_controller/hook/ament_prefix_path.ps1'
[0.613s] INFO:colcon.colcon_core.shell:Creating environment descriptor '/home/vt/robotics-2110435/tracking_ws/install/aruco_following_controller/share/aruco_following_controller/hook/ament_prefix_path.dsv'
[0.613s] INFO:colcon.colcon_core.shell:Creating environment hook '/home/vt/robotics-2110435/tracking_ws/install/aruco_following_controller/share/aruco_following_controller/hook/ament_prefix_path.sh'
[0.620s] INFO:colcon.colcon_core.shell:Skip shell extension 'powershell' for command environment: Not usable outside of PowerShell
[0.620s] DEBUG:colcon.colcon_core.shell:Skip shell extension 'dsv' for command environment
[0.654s] INFO:colcon.colcon_ros.task.ament_python.build:Building ROS package in '/home/vt/robotics-2110435/tracking_ws/src/keyboard_control' with build type 'ament_python'
[0.654s] Level 1:colcon.colcon_core.shell:create_environment_hook('keyboard_control', 'ament_prefix_path')
[0.661s] INFO:colcon.colcon_core.shell:Creating environment hook '/home/vt/robotics-2110435/tracking_ws/install/keyboard_control/share/keyboard_control/hook/ament_prefix_path.ps1'
[0.661s] INFO:colcon.colcon_core.shell:Creating environment descriptor '/home/vt/robotics-2110435/tracking_ws/install/keyboard_control/share/keyboard_control/hook/ament_prefix_path.dsv'
[0.661s] INFO:colcon.colcon_core.shell:Creating environment hook '/home/vt/robotics-2110435/tracking_ws/install/keyboard_control/share/keyboard_control/hook/ament_prefix_path.sh'
[0.668s] INFO:colcon.colcon_core.shell:Skip shell extension 'powershell' for command environment: Not usable outside of PowerShell
[0.668s] DEBUG:colcon.colcon_core.shell:Skip shell extension 'dsv' for command environment
[0.702s] INFO:colcon.colcon_ros.task.ament_cmake.build:Building ROS package in '/home/vt/robotics-2110435/tracking_ws/src/web_video_server' with build type 'ament_cmake'
[0.702s] INFO:colcon.colcon_cmake.task.cmake.build:Building CMake package in '/home/vt/robotics-2110435/tracking_ws/src/web_video_server'
[0.708s] INFO:colcon.colcon_core.shell:Skip shell extension 'powershell' for command environment: Not usable outside of PowerShell
[0.709s] DEBUG:colcon.colcon_core.shell:Skip shell extension 'dsv' for command environment
[0.747s] DEBUG:colcon.colcon_core.event_handler.log_command:Invoking command in '/home/vt/robotics-2110435/tracking_ws/build/aruco_controller': CMAKE_PREFIX_PATH=${CMAKE_PREFIX_PATH}:/home/vt/robotics-2110435/tracking_ws/install/keyboard_control:/home/vt/robotics-2110435/tracking_ws/install/aruco_following_controller:/home/vt/robotics-2110435/robot_ws/install/turtle_square:/home/vt/robotics-2110435/robot_ws/install/turtle_pkg:/home/vt/robotics-2110435/robot_ws/install/ros2_aruco:/home/vt/robotics-2110435/challenge_1/install/robot_marker:/opt/ros/humble /usr/bin/cmake --build /home/vt/robotics-2110435/tracking_ws/build/aruco_controller -- -j16 -l16
[0.857s] INFO:colcon.colcon_core.task.python.build:Building Python package in '/home/vt/robotics-2110435/tracking_ws/src/aruco_following_controller'
[0.863s] INFO:colcon.colcon_core.shell:Skip shell extension 'powershell' for command environment: Not usable outside of PowerShell
[0.863s] DEBUG:colcon.colcon_core.shell:Skip shell extension 'dsv' for command environment
[0.999s] INFO:colcon.colcon_core.task.python.build:Building Python package in '/home/vt/robotics-2110435/tracking_ws/src/keyboard_control'
[1.006s] INFO:colcon.colcon_core.shell:Skip shell extension 'powershell' for command environment: Not usable outside of PowerShell
[1.006s] DEBUG:colcon.colcon_core.shell:Skip shell extension 'dsv' for command environment
[1.045s] DEBUG:colcon.colcon_core.event_handler.log_command:Invoking command in '/home/vt/robotics-2110435/tracking_ws/build/web_video_server': CMAKE_PREFIX_PATH=${CMAKE_PREFIX_PATH}:/home/vt/robotics-2110435/tracking_ws/install/keyboard_control:/home/vt/robotics-2110435/tracking_ws/install/aruco_following_controller:/home/vt/robotics-2110435/robot_ws/install/turtle_square:/home/vt/robotics-2110435/robot_ws/install/turtle_pkg:/home/vt/robotics-2110435/robot_ws/install/ros2_aruco:/home/vt/robotics-2110435/challenge_1/install/robot_marker:/opt/ros/humble /usr/bin/cmake /home/vt/robotics-2110435/tracking_ws/src/web_video_server -DCMAKE_INSTALL_PREFIX=/home/vt/robotics-2110435/tracking_ws/install/web_video_server
[1.045s] DEBUG:colcon.colcon_core.event_handler.log_command:Invoked command in '/home/vt/robotics-2110435/tracking_ws/build/aruco_controller' returned '0': CMAKE_PREFIX_PATH=${CMAKE_PREFIX_PATH}:/home/vt/robotics-2110435/tracking_ws/install/keyboard_control:/home/vt/robotics-2110435/tracking_ws/install/aruco_following_controller:/home/vt/robotics-2110435/robot_ws/install/turtle_square:/home/vt/robotics-2110435/robot_ws/install/turtle_pkg:/home/vt/robotics-2110435/robot_ws/install/ros2_aruco:/home/vt/robotics-2110435/challenge_1/install/robot_marker:/opt/ros/humble /usr/bin/cmake --build /home/vt/robotics-2110435/tracking_ws/build/aruco_controller -- -j16 -l16
[1.074s] DEBUG:colcon.colcon_core.event_handler.log_command:Invoking command in '/home/vt/robotics-2110435/tracking_ws/build/aruco_controller': CMAKE_PREFIX_PATH=${CMAKE_PREFIX_PATH}:/home/vt/robotics-2110435/tracking_ws/install/keyboard_control:/home/vt/robotics-2110435/tracking_ws/install/aruco_following_controller:/home/vt/robotics-2110435/robot_ws/install/turtle_square:/home/vt/robotics-2110435/robot_ws/install/turtle_pkg:/home/vt/robotics-2110435/robot_ws/install/ros2_aruco:/home/vt/robotics-2110435/challenge_1/install/robot_marker:/opt/ros/humble /usr/bin/cmake --install /home/vt/robotics-2110435/tracking_ws/build/aruco_controller
[1.107s] Level 1:colcon.colcon_core.environment:create_environment_scripts_only(aruco_controller)
[1.107s] DEBUG:colcon.colcon_core.event_handler.log_command:Invoked command in '/home/vt/robotics-2110435/tracking_ws/build/aruco_controller' returned '0': CMAKE_PREFIX_PATH=${CMAKE_PREFIX_PATH}:/home/vt/robotics-2110435/tracking_ws/install/keyboard_control:/home/vt/robotics-2110435/tracking_ws/install/aruco_following_controller:/home/vt/robotics-2110435/robot_ws/install/turtle_square:/home/vt/robotics-2110435/robot_ws/install/turtle_pkg:/home/vt/robotics-2110435/robot_ws/install/ros2_aruco:/home/vt/robotics-2110435/challenge_1/install/robot_marker:/opt/ros/humble /usr/bin/cmake --install /home/vt/robotics-2110435/tracking_ws/build/aruco_controller
[1.115s] Level 1:colcon.colcon_core.environment:checking '/home/vt/robotics-2110435/tracking_ws/install/aruco_controller' for CMake module files
[1.115s] Level 1:colcon.colcon_core.environment:checking '/home/vt/robotics-2110435/tracking_ws/install/aruco_controller' for CMake config files
[1.115s] Level 1:colcon.colcon_core.shell:create_environment_hook('aruco_controller', 'cmake_prefix_path')
[1.122s] INFO:colcon.colcon_core.shell:Creating environment hook '/home/vt/robotics-2110435/tracking_ws/install/aruco_controller/share/aruco_controller/hook/cmake_prefix_path.ps1'
[1.122s] INFO:colcon.colcon_core.shell:Creating environment descriptor '/home/vt/robotics-2110435/tracking_ws/install/aruco_controller/share/aruco_controller/hook/cmake_prefix_path.dsv'
[1.123s] INFO:colcon.colcon_core.shell:Creating environment hook '/home/vt/robotics-2110435/tracking_ws/install/aruco_controller/share/aruco_controller/hook/cmake_prefix_path.sh'
[1.123s] Level 1:colcon.colcon_core.environment:checking '/home/vt/robotics-2110435/tracking_ws/install/aruco_controller/lib'
[1.123s] Level 1:colcon.colcon_core.environment:checking '/home/vt/robotics-2110435/tracking_ws/install/aruco_controller/bin'
[1.123s] Level 1:colcon.colcon_core.environment:checking '/home/vt/robotics-2110435/tracking_ws/install/aruco_controller/lib/pkgconfig/aruco_controller.pc'
[1.123s] Level 1:colcon.colcon_core.environment:checking '/home/vt/robotics-2110435/tracking_ws/install/aruco_controller/lib/python3.10/site-packages'
[1.123s] Level 1:colcon.colcon_core.environment:checking '/home/vt/robotics-2110435/tracking_ws/install/aruco_controller/bin'
[1.130s] INFO:colcon.colcon_core.shell:Creating package script '/home/vt/robotics-2110435/tracking_ws/install/aruco_controller/share/aruco_controller/package.ps1'
[1.130s] INFO:colcon.colcon_core.shell:Creating package descriptor '/home/vt/robotics-2110435/tracking_ws/install/aruco_controller/share/aruco_controller/package.dsv'
[1.131s] INFO:colcon.colcon_core.shell:Creating package script '/home/vt/robotics-2110435/tracking_ws/install/aruco_controller/share/aruco_controller/package.sh'
[1.131s] INFO:colcon.colcon_core.shell:Creating package script '/home/vt/robotics-2110435/tracking_ws/install/aruco_controller/share/aruco_controller/package.bash'
[1.131s] INFO:colcon.colcon_core.shell:Creating package script '/home/vt/robotics-2110435/tracking_ws/install/aruco_controller/share/aruco_controller/package.zsh'
[1.132s] Level 1:colcon.colcon_core.environment:create_file_with_runtime_dependencies(/home/vt/robotics-2110435/tracking_ws/install/aruco_controller/share/colcon-core/packages/aruco_controller)
[1.162s] Level 1:colcon.colcon_core.environment:create_environment_scripts_only(aruco_controller)
[1.168s] Level 1:colcon.colcon_core.environment:checking '/home/vt/robotics-2110435/tracking_ws/install/aruco_controller' for CMake module files
[1.169s] Level 1:colcon.colcon_core.environment:checking '/home/vt/robotics-2110435/tracking_ws/install/aruco_controller' for CMake config files
[1.169s] Level 1:colcon.colcon_core.shell:create_environment_hook('aruco_controller', 'cmake_prefix_path')
[1.174s] INFO:colcon.colcon_core.shell:Creating environment hook '/home/vt/robotics-2110435/tracking_ws/install/aruco_controller/share/aruco_controller/hook/cmake_prefix_path.ps1'
[1.175s] INFO:colcon.colcon_core.shell:Creating environment descriptor '/home/vt/robotics-2110435/tracking_ws/install/aruco_controller/share/aruco_controller/hook/cmake_prefix_path.dsv'
[1.175s] INFO:colcon.colcon_core.shell:Creating environment hook '/home/vt/robotics-2110435/tracking_ws/install/aruco_controller/share/aruco_controller/hook/cmake_prefix_path.sh'
[1.175s] Level 1:colcon.colcon_core.environment:checking '/home/vt/robotics-2110435/tracking_ws/install/aruco_controller/lib'
[1.175s] Level 1:colcon.colcon_core.environment:checking '/home/vt/robotics-2110435/tracking_ws/install/aruco_controller/bin'
[1.175s] Level 1:colcon.colcon_core.environment:checking '/home/vt/robotics-2110435/tracking_ws/install/aruco_controller/lib/pkgconfig/aruco_controller.pc'
[1.175s] Level 1:colcon.colcon_core.environment:checking '/home/vt/robotics-2110435/tracking_ws/install/aruco_controller/lib/python3.10/site-packages'
[1.175s] Level 1:colcon.colcon_core.environment:checking '/home/vt/robotics-2110435/tracking_ws/install/aruco_controller/bin'
[1.181s] INFO:colcon.colcon_core.shell:Creating package script '/home/vt/robotics-2110435/tracking_ws/install/aruco_controller/share/aruco_controller/package.ps1'
[1.182s] INFO:colcon.colcon_core.shell:Creating package descriptor '/home/vt/robotics-2110435/tracking_ws/install/aruco_controller/share/aruco_controller/package.dsv'
[1.182s] INFO:colcon.colcon_core.shell:Creating package script '/home/vt/robotics-2110435/tracking_ws/install/aruco_controller/share/aruco_controller/package.sh'
[1.182s] INFO:colcon.colcon_core.shell:Creating package script '/home/vt/robotics-2110435/tracking_ws/install/aruco_controller/share/aruco_controller/package.bash'
[1.182s] INFO:colcon.colcon_core.shell:Creating package script '/home/vt/robotics-2110435/tracking_ws/install/aruco_controller/share/aruco_controller/package.zsh'
[1.182s] Level 1:colcon.colcon_core.environment:create_file_with_runtime_dependencies(/home/vt/robotics-2110435/tracking_ws/install/aruco_controller/share/colcon-core/packages/aruco_controller)
[1.314s] DEBUG:colcon.colcon_core.event_handler.log_command:Invoking command in '/home/vt/robotics-2110435/tracking_ws/src/keyboard_control': PYTHONPATH=/home/vt/robotics-2110435/tracking_ws/build/keyboard_control/prefix_override:/home/vt/robotics-2110435/tracking_ws/install/keyboard_control/lib/python3.10/site-packages:${PYTHONPATH} /usr/bin/python3 setup.py egg_info --egg-base ../../build/keyboard_control build --build-base /home/vt/robotics-2110435/tracking_ws/build/keyboard_control/build install --record /home/vt/robotics-2110435/tracking_ws/build/keyboard_control/install.log --single-version-externally-managed
[1.316s] DEBUG:colcon.colcon_core.event_handler.log_command:Invoking command in '/home/vt/robotics-2110435/tracking_ws/src/aruco_following_controller': PYTHONPATH=/home/vt/robotics-2110435/tracking_ws/build/aruco_following_controller/prefix_override:/home/vt/robotics-2110435/tracking_ws/install/aruco_following_controller/lib/python3.10/site-packages:${PYTHONPATH} /usr/bin/python3 setup.py egg_info --egg-base ../../build/aruco_following_controller build --build-base /home/vt/robotics-2110435/tracking_ws/build/aruco_following_controller/build install --record /home/vt/robotics-2110435/tracking_ws/build/aruco_following_controller/install.log --single-version-externally-managed
[1.556s] DEBUG:colcon.colcon_core.event_handler.log_command:Invoked command in '/home/vt/robotics-2110435/tracking_ws/src/aruco_following_controller' returned '0': PYTHONPATH=/home/vt/robotics-2110435/tracking_ws/build/aruco_following_controller/prefix_override:/home/vt/robotics-2110435/tracking_ws/install/aruco_following_controller/lib/python3.10/site-packages:${PYTHONPATH} /usr/bin/python3 setup.py egg_info --egg-base ../../build/aruco_following_controller build --build-base /home/vt/robotics-2110435/tracking_ws/build/aruco_following_controller/build install --record /home/vt/robotics-2110435/tracking_ws/build/aruco_following_controller/install.log --single-version-externally-managed
[1.570s] Level 1:colcon.colcon_core.environment:checking '/home/vt/robotics-2110435/tracking_ws/install/aruco_following_controller' for CMake module files
[1.571s] Level 1:colcon.colcon_core.environment:checking '/home/vt/robotics-2110435/tracking_ws/install/aruco_following_controller' for CMake config files
[1.571s] Level 1:colcon.colcon_core.environment:checking '/home/vt/robotics-2110435/tracking_ws/install/aruco_following_controller/lib'
[1.572s] Level 1:colcon.colcon_core.environment:checking '/home/vt/robotics-2110435/tracking_ws/install/aruco_following_controller/bin'
[1.572s] Level 1:colcon.colcon_core.environment:checking '/home/vt/robotics-2110435/tracking_ws/install/aruco_following_controller/lib/pkgconfig/aruco_following_controller.pc'
[1.572s] Level 1:colcon.colcon_core.environment:checking '/home/vt/robotics-2110435/tracking_ws/install/aruco_following_controller/lib/python3.10/site-packages'
[1.572s] Level 1:colcon.colcon_core.shell:create_environment_hook('aruco_following_controller', 'pythonpath')
[1.586s] INFO:colcon.colcon_core.shell:Creating environment hook '/home/vt/robotics-2110435/tracking_ws/install/aruco_following_controller/share/aruco_following_controller/hook/pythonpath.ps1'
[1.586s] INFO:colcon.colcon_core.shell:Creating environment descriptor '/home/vt/robotics-2110435/tracking_ws/install/aruco_following_controller/share/aruco_following_controller/hook/pythonpath.dsv'
[1.587s] INFO:colcon.colcon_core.shell:Creating environment hook '/home/vt/robotics-2110435/tracking_ws/install/aruco_following_controller/share/aruco_following_controller/hook/pythonpath.sh'
[1.587s] Level 1:colcon.colcon_core.environment:checking '/home/vt/robotics-2110435/tracking_ws/install/aruco_following_controller/bin'
[1.587s] Level 1:colcon.colcon_core.environment:create_environment_scripts_only(aruco_following_controller)
[1.600s] INFO:colcon.colcon_core.shell:Creating package script '/home/vt/robotics-2110435/tracking_ws/install/aruco_following_controller/share/aruco_following_controller/package.ps1'
[1.601s] INFO:colcon.colcon_core.shell:Creating package descriptor '/home/vt/robotics-2110435/tracking_ws/install/aruco_following_controller/share/aruco_following_controller/package.dsv'
[1.601s] INFO:colcon.colcon_core.shell:Creating package script '/home/vt/robotics-2110435/tracking_ws/install/aruco_following_controller/share/aruco_following_controller/package.sh'
[1.601s] INFO:colcon.colcon_core.shell:Creating package script '/home/vt/robotics-2110435/tracking_ws/install/aruco_following_controller/share/aruco_following_controller/package.bash'
[1.602s] INFO:colcon.colcon_core.shell:Creating package script '/home/vt/robotics-2110435/tracking_ws/install/aruco_following_controller/share/aruco_following_controller/package.zsh'
[1.602s] Level 1:colcon.colcon_core.environment:create_file_with_runtime_dependencies(/home/vt/robotics-2110435/tracking_ws/install/aruco_following_controller/share/colcon-core/packages/aruco_following_controller)
[1.603s] DEBUG:colcon.colcon_core.event_handler.log_command:Invoked command in '/home/vt/robotics-2110435/tracking_ws/src/keyboard_control' returned '0': PYTHONPATH=/home/vt/robotics-2110435/tracking_ws/build/keyboard_control/prefix_override:/home/vt/robotics-2110435/tracking_ws/install/keyboard_control/lib/python3.10/site-packages:${PYTHONPATH} /usr/bin/python3 setup.py egg_info --egg-base ../../build/keyboard_control build --build-base /home/vt/robotics-2110435/tracking_ws/build/keyboard_control/build install --record /home/vt/robotics-2110435/tracking_ws/build/keyboard_control/install.log --single-version-externally-managed
[1.609s] Level 1:colcon.colcon_core.environment:checking '/home/vt/robotics-2110435/tracking_ws/install/keyboard_control' for CMake module files
[1.610s] Level 1:colcon.colcon_core.environment:checking '/home/vt/robotics-2110435/tracking_ws/install/keyboard_control' for CMake config files
[1.610s] Level 1:colcon.colcon_core.environment:checking '/home/vt/robotics-2110435/tracking_ws/install/keyboard_control/lib'
[1.610s] Level 1:colcon.colcon_core.environment:checking '/home/vt/robotics-2110435/tracking_ws/install/keyboard_control/bin'
[1.610s] Level 1:colcon.colcon_core.environment:checking '/home/vt/robotics-2110435/tracking_ws/install/keyboard_control/lib/pkgconfig/keyboard_control.pc'
[1.610s] Level 1:colcon.colcon_core.environment:checking '/home/vt/robotics-2110435/tracking_ws/install/keyboard_control/lib/python3.10/site-packages'
[1.610s] Level 1:colcon.colcon_core.shell:create_environment_hook('keyboard_control', 'pythonpath')
[1.617s] INFO:colcon.colcon_core.shell:Creating environment hook '/home/vt/robotics-2110435/tracking_ws/install/keyboard_control/share/keyboard_control/hook/pythonpath.ps1'
[1.617s] INFO:colcon.colcon_core.shell:Creating environment descriptor '/home/vt/robotics-2110435/tracking_ws/install/keyboard_control/share/keyboard_control/hook/pythonpath.dsv'
[1.617s] INFO:colcon.colcon_core.shell:Creating environment hook '/home/vt/robotics-2110435/tracking_ws/install/keyboard_control/share/keyboard_control/hook/pythonpath.sh'
[1.618s] Level 1:colcon.colcon_core.environment:checking '/home/vt/robotics-2110435/tracking_ws/install/keyboard_control/bin'
[1.618s] Level 1:colcon.colcon_core.environment:create_environment_scripts_only(keyboard_control)
[1.624s] INFO:colcon.colcon_core.shell:Creating package script '/home/vt/robotics-2110435/tracking_ws/install/keyboard_control/share/keyboard_control/package.ps1'
[1.625s] INFO:colcon.colcon_core.shell:Creating package descriptor '/home/vt/robotics-2110435/tracking_ws/install/keyboard_control/share/keyboard_control/package.dsv'
[1.625s] INFO:colcon.colcon_core.shell:Creating package script '/home/vt/robotics-2110435/tracking_ws/install/keyboard_control/share/keyboard_control/package.sh'
[1.625s] INFO:colcon.colcon_core.shell:Creating package script '/home/vt/robotics-2110435/tracking_ws/install/keyboard_control/share/keyboard_control/package.bash'
[1.625s] INFO:colcon.colcon_core.shell:Creating package script '/home/vt/robotics-2110435/tracking_ws/install/keyboard_control/share/keyboard_control/package.zsh'
[1.626s] Level 1:colcon.colcon_core.environment:create_file_with_runtime_dependencies(/home/vt/robotics-2110435/tracking_ws/install/keyboard_control/share/colcon-core/packages/keyboard_control)
[2.107s] DEBUG:colcon.colcon_core.event_handler.log_command:Invoked command in '/home/vt/robotics-2110435/tracking_ws/build/web_video_server' returned '0': CMAKE_PREFIX_PATH=${CMAKE_PREFIX_PATH}:/home/vt/robotics-2110435/tracking_ws/install/keyboard_control:/home/vt/robotics-2110435/tracking_ws/install/aruco_following_controller:/home/vt/robotics-2110435/robot_ws/install/turtle_square:/home/vt/robotics-2110435/robot_ws/install/turtle_pkg:/home/vt/robotics-2110435/robot_ws/install/ros2_aruco:/home/vt/robotics-2110435/challenge_1/install/robot_marker:/opt/ros/humble /usr/bin/cmake /home/vt/robotics-2110435/tracking_ws/src/web_video_server -DCMAKE_INSTALL_PREFIX=/home/vt/robotics-2110435/tracking_ws/install/web_video_server
[2.108s] DEBUG:colcon.colcon_core.event_handler.log_command:Invoking command in '/home/vt/robotics-2110435/tracking_ws/build/web_video_server': CMAKE_PREFIX_PATH=${CMAKE_PREFIX_PATH}:/home/vt/robotics-2110435/tracking_ws/install/keyboard_control:/home/vt/robotics-2110435/tracking_ws/install/aruco_following_controller:/home/vt/robotics-2110435/robot_ws/install/turtle_square:/home/vt/robotics-2110435/robot_ws/install/turtle_pkg:/home/vt/robotics-2110435/robot_ws/install/ros2_aruco:/home/vt/robotics-2110435/challenge_1/install/robot_marker:/opt/ros/humble /usr/bin/cmake --build /home/vt/robotics-2110435/tracking_ws/build/web_video_server -- -j16 -l16
[10.973s] DEBUG:colcon.colcon_core.event_handler.log_command:Invoked command in '/home/vt/robotics-2110435/tracking_ws/build/web_video_server' returned '0': CMAKE_PREFIX_PATH=${CMAKE_PREFIX_PATH}:/home/vt/robotics-2110435/tracking_ws/install/keyboard_control:/home/vt/robotics-2110435/tracking_ws/install/aruco_following_controller:/home/vt/robotics-2110435/robot_ws/install/turtle_square:/home/vt/robotics-2110435/robot_ws/install/turtle_pkg:/home/vt/robotics-2110435/robot_ws/install/ros2_aruco:/home/vt/robotics-2110435/challenge_1/install/robot_marker:/opt/ros/humble /usr/bin/cmake --build /home/vt/robotics-2110435/tracking_ws/build/web_video_server -- -j16 -l16
[11.031s] DEBUG:colcon.colcon_core.event_handler.log_command:Invoking command in '/home/vt/robotics-2110435/tracking_ws/build/web_video_server': CMAKE_PREFIX_PATH=${CMAKE_PREFIX_PATH}:/home/vt/robotics-2110435/tracking_ws/install/keyboard_control:/home/vt/robotics-2110435/tracking_ws/install/aruco_following_controller:/home/vt/robotics-2110435/robot_ws/install/turtle_square:/home/vt/robotics-2110435/robot_ws/install/turtle_pkg:/home/vt/robotics-2110435/robot_ws/install/ros2_aruco:/home/vt/robotics-2110435/challenge_1/install/robot_marker:/opt/ros/humble /usr/bin/cmake --install /home/vt/robotics-2110435/tracking_ws/build/web_video_server
[11.047s] Level 1:colcon.colcon_core.environment:create_environment_scripts_only(web_video_server)
[11.047s] DEBUG:colcon.colcon_core.event_handler.log_command:Invoked command in '/home/vt/robotics-2110435/tracking_ws/build/web_video_server' returned '0': CMAKE_PREFIX_PATH=${CMAKE_PREFIX_PATH}:/home/vt/robotics-2110435/tracking_ws/install/keyboard_control:/home/vt/robotics-2110435/tracking_ws/install/aruco_following_controller:/home/vt/robotics-2110435/robot_ws/install/turtle_square:/home/vt/robotics-2110435/robot_ws/install/turtle_pkg:/home/vt/robotics-2110435/robot_ws/install/ros2_aruco:/home/vt/robotics-2110435/challenge_1/install/robot_marker:/opt/ros/humble /usr/bin/cmake --install /home/vt/robotics-2110435/tracking_ws/build/web_video_server
[11.054s] Level 1:colcon.colcon_core.environment:checking '/home/vt/robotics-2110435/tracking_ws/install/web_video_server' for CMake module files
[11.054s] Level 1:colcon.colcon_core.environment:checking '/home/vt/robotics-2110435/tracking_ws/install/web_video_server' for CMake config files
[11.054s] Level 1:colcon.colcon_core.shell:create_environment_hook('web_video_server', 'cmake_prefix_path')
[11.061s] INFO:colcon.colcon_core.shell:Creating environment hook '/home/vt/robotics-2110435/tracking_ws/install/web_video_server/share/web_video_server/hook/cmake_prefix_path.ps1'
[11.061s] INFO:colcon.colcon_core.shell:Creating environment descriptor '/home/vt/robotics-2110435/tracking_ws/install/web_video_server/share/web_video_server/hook/cmake_prefix_path.dsv'
[11.061s] INFO:colcon.colcon_core.shell:Creating environment hook '/home/vt/robotics-2110435/tracking_ws/install/web_video_server/share/web_video_server/hook/cmake_prefix_path.sh'
[11.062s] Level 1:colcon.colcon_core.environment:checking '/home/vt/robotics-2110435/tracking_ws/install/web_video_server/lib'
[11.062s] Level 1:colcon.colcon_core.environment:checking '/home/vt/robotics-2110435/tracking_ws/install/web_video_server/bin'
[11.062s] Level 1:colcon.colcon_core.environment:checking '/home/vt/robotics-2110435/tracking_ws/install/web_video_server/lib/pkgconfig/web_video_server.pc'
[11.062s] Level 1:colcon.colcon_core.environment:checking '/home/vt/robotics-2110435/tracking_ws/install/web_video_server/lib/python3.10/site-packages'
[11.062s] Level 1:colcon.colcon_core.environment:checking '/home/vt/robotics-2110435/tracking_ws/install/web_video_server/bin'
[11.068s] INFO:colcon.colcon_core.shell:Creating package script '/home/vt/robotics-2110435/tracking_ws/install/web_video_server/share/web_video_server/package.ps1'
[11.069s] INFO:colcon.colcon_core.shell:Creating package descriptor '/home/vt/robotics-2110435/tracking_ws/install/web_video_server/share/web_video_server/package.dsv'
[11.069s] INFO:colcon.colcon_core.shell:Creating package script '/home/vt/robotics-2110435/tracking_ws/install/web_video_server/share/web_video_server/package.sh'
[11.069s] INFO:colcon.colcon_core.shell:Creating package script '/home/vt/robotics-2110435/tracking_ws/install/web_video_server/share/web_video_server/package.bash'
[11.069s] INFO:colcon.colcon_core.shell:Creating package script '/home/vt/robotics-2110435/tracking_ws/install/web_video_server/share/web_video_server/package.zsh'
[11.069s] Level 1:colcon.colcon_core.environment:create_file_with_runtime_dependencies(/home/vt/robotics-2110435/tracking_ws/install/web_video_server/share/colcon-core/packages/web_video_server)
[11.133s] Level 1:colcon.colcon_core.environment:create_environment_scripts_only(web_video_server)
[11.139s] Level 1:colcon.colcon_core.environment:checking '/home/vt/robotics-2110435/tracking_ws/install/web_video_server' for CMake module files
[11.140s] Level 1:colcon.colcon_core.environment:checking '/home/vt/robotics-2110435/tracking_ws/install/web_video_server' for CMake config files
[11.140s] Level 1:colcon.colcon_core.shell:create_environment_hook('web_video_server', 'cmake_prefix_path')
[11.146s] INFO:colcon.colcon_core.shell:Creating environment hook '/home/vt/robotics-2110435/tracking_ws/install/web_video_server/share/web_video_server/hook/cmake_prefix_path.ps1'
[11.146s] INFO:colcon.colcon_core.shell:Creating environment descriptor '/home/vt/robotics-2110435/tracking_ws/install/web_video_server/share/web_video_server/hook/cmake_prefix_path.dsv'
[11.146s] INFO:colcon.colcon_core.shell:Creating environment hook '/home/vt/robotics-2110435/tracking_ws/install/web_video_server/share/web_video_server/hook/cmake_prefix_path.sh'
[11.147s] Level 1:colcon.colcon_core.environment:checking '/home/vt/robotics-2110435/tracking_ws/install/web_video_server/lib'
[11.147s] Level 1:colcon.colcon_core.environment:checking '/home/vt/robotics-2110435/tracking_ws/install/web_video_server/bin'
[11.147s] Level 1:colcon.colcon_core.environment:checking '/home/vt/robotics-2110435/tracking_ws/install/web_video_server/lib/pkgconfig/web_video_server.pc'
[11.147s] Level 1:colcon.colcon_core.environment:checking '/home/vt/robotics-2110435/tracking_ws/install/web_video_server/lib/python3.10/site-packages'
[11.147s] Level 1:colcon.colcon_core.environment:checking '/home/vt/robotics-2110435/tracking_ws/install/web_video_server/bin'
[11.154s] INFO:colcon.colcon_core.shell:Creating package script '/home/vt/robotics-2110435/tracking_ws/install/web_video_server/share/web_video_server/package.ps1'
[11.154s] INFO:colcon.colcon_core.shell:Creating package descriptor '/home/vt/robotics-2110435/tracking_ws/install/web_video_server/share/web_video_server/package.dsv'
[11.154s] INFO:colcon.colcon_core.shell:Creating package script '/home/vt/robotics-2110435/tracking_ws/install/web_video_server/share/web_video_server/package.sh'
[11.154s] INFO:colcon.colcon_core.shell:Creating package script '/home/vt/robotics-2110435/tracking_ws/install/web_video_server/share/web_video_server/package.bash'
[11.155s] INFO:colcon.colcon_core.shell:Creating package script '/home/vt/robotics-2110435/tracking_ws/install/web_video_server/share/web_video_server/package.zsh'
[11.155s] Level 1:colcon.colcon_core.environment:create_file_with_runtime_dependencies(/home/vt/robotics-2110435/tracking_ws/install/web_video_server/share/colcon-core/packages/web_video_server)
[11.155s] DEBUG:colcon.colcon_parallel_executor.executor.parallel:closing loop
[11.155s] DEBUG:colcon.colcon_parallel_executor.executor.parallel:loop closed
[11.155s] DEBUG:colcon.colcon_parallel_executor.executor.parallel:run_until_complete finished with '0'
[11.155s] DEBUG:colcon.colcon_core.event_reactor:joining thread
[11.166s] INFO:colcon.colcon_core.plugin_system:Skipping extension 'colcon_notification.desktop_notification.terminal_notifier': Not used on non-Darwin systems
[11.166s] INFO:colcon.colcon_core.plugin_system:Skipping extension 'colcon_notification.desktop_notification.win32': Not used on non-Windows systems
[11.166s] INFO:colcon.colcon_notification.desktop_notification:Sending desktop notification using 'notify2'
[11.176s] DEBUG:colcon.colcon_core.event_reactor:joined thread
[11.184s] INFO:colcon.colcon_core.shell:Creating prefix script '/home/vt/robotics-2110435/tracking_ws/install/local_setup.ps1'
[11.185s] INFO:colcon.colcon_core.shell:Creating prefix util module '/home/vt/robotics-2110435/tracking_ws/install/_local_setup_util_ps1.py'
[11.185s] INFO:colcon.colcon_core.shell:Creating prefix chain script '/home/vt/robotics-2110435/tracking_ws/install/setup.ps1'
[11.193s] INFO:colcon.colcon_core.shell:Creating prefix script '/home/vt/robotics-2110435/tracking_ws/install/local_setup.sh'
[11.193s] INFO:colcon.colcon_core.shell:Creating prefix util module '/home/vt/robotics-2110435/tracking_ws/install/_local_setup_util_sh.py'
[11.194s] INFO:colcon.colcon_core.shell:Creating prefix chain script '/home/vt/robotics-2110435/tracking_ws/install/setup.sh'
[11.202s] INFO:colcon.colcon_core.shell:Creating prefix script '/home/vt/robotics-2110435/tracking_ws/install/local_setup.bash'
[11.202s] INFO:colcon.colcon_core.shell:Creating prefix chain script '/home/vt/robotics-2110435/tracking_ws/install/setup.bash'
[11.210s] INFO:colcon.colcon_core.shell:Creating prefix script '/home/vt/robotics-2110435/tracking_ws/install/local_setup.zsh'
[11.210s] INFO:colcon.colcon_core.shell:Creating prefix chain script '/home/vt/robotics-2110435/tracking_ws/install/setup.zsh'
