[0.426s] DEBUG:colcon:Command line arguments: ['/usr/bin/colcon', 'build']
[0.426s] DEBUG:colcon:Parsed command line arguments: Namespace(log_base=None, log_level=None, verb_name='build', build_base='build', install_base='install', merge_install=False, symlink_install=False, test_result_base=None, continue_on_error=False, executor='parallel', parallel_workers=6, event_handlers=None, ignore_user_meta=False, metas=['./colcon.meta'], base_paths=['.'], packages_ignore=None, packages_ignore_regex=None, paths=None, packages_up_to=None, packages_up_to_regex=None, packages_above=None, packages_above_and_dependencies=None, packages_above_depth=None, packages_select_by_dep=None, packages_skip_by_dep=None, packages_skip_up_to=None, packages_select_build_failed=False, packages_skip_build_finished=False, packages_select_test_failures=False, packages_skip_test_passed=False, packages_select=None, packages_skip=None, packages_select_regex=None, packages_skip_regex=None, packages_start=None, packages_end=None, allow_overriding=[], cmake_args=None, cmake_target=None, cmake_target_skip_unavailable=False, cmake_clean_cache=False, cmake_clean_first=False, cmake_force_configure=False, ament_cmake_args=None, catkin_cmake_args=None, catkin_skip_building_tests=False, verb_parser=<colcon_defaults.argument_parser.defaults.DefaultArgumentsDecorator object at 0xffff85b3ba30>, verb_extension=<colcon_core.verb.build.BuildVerb object at 0xffff85b38220>, main=<bound method BuildVerb.main of <colcon_core.verb.build.BuildVerb object at 0xffff85b38220>>)
[0.448s] Level 1:colcon.colcon_core.package_discovery:discover_packages(colcon_meta) check parameters
[0.448s] Level 1:colcon.colcon_core.package_discovery:discover_packages(recursive) check parameters
[0.448s] Level 1:colcon.colcon_core.package_discovery:discover_packages(ignore) check parameters
[0.448s] Level 1:colcon.colcon_core.package_discovery:discover_packages(path) check parameters
[0.448s] Level 1:colcon.colcon_core.package_discovery:discover_packages(colcon_meta) discover
[0.448s] Level 1:colcon.colcon_core.package_discovery:discover_packages(recursive) discover
[0.448s] INFO:colcon.colcon_core.package_discovery:Crawling recursively for packages in '/home/parallels/robotics-2110435/robot_ws'
[0.448s] Level 1:colcon.colcon_core.package_identification:_identify(.) by extensions ['ignore', 'ignore_ament_install']
[0.448s] Level 1:colcon.colcon_core.package_identification:_identify(.) by extension 'ignore'
[0.448s] Level 1:colcon.colcon_core.package_identification:_identify(.) by extension 'ignore_ament_install'
[0.448s] Level 1:colcon.colcon_core.package_identification:_identify(.) by extensions ['colcon_pkg']
[0.448s] Level 1:colcon.colcon_core.package_identification:_identify(.) by extension 'colcon_pkg'
[0.448s] Level 1:colcon.colcon_core.package_identification:_identify(.) by extensions ['colcon_meta']
[0.448s] Level 1:colcon.colcon_core.package_identification:_identify(.) by extension 'colcon_meta'
[0.448s] Level 1:colcon.colcon_core.package_identification:_identify(.) by extensions ['ros']
[0.448s] Level 1:colcon.colcon_core.package_identification:_identify(.) by extension 'ros'
[0.454s] Level 1:colcon.colcon_core.package_identification:_identify(.) by extensions ['cmake', 'python']
[0.454s] Level 1:colcon.colcon_core.package_identification:_identify(.) by extension 'cmake'
[0.454s] Level 1:colcon.colcon_core.package_identification:_identify(.) by extension 'python'
[0.454s] Level 1:colcon.colcon_core.package_identification:_identify(.) by extensions ['python_setup_py']
[0.454s] Level 1:colcon.colcon_core.package_identification:_identify(.) by extension 'python_setup_py'
[0.454s] Level 1:colcon.colcon_core.package_identification:_identify(build) by extensions ['ignore', 'ignore_ament_install']
[0.454s] Level 1:colcon.colcon_core.package_identification:_identify(build) by extension 'ignore'
[0.454s] Level 1:colcon.colcon_core.package_identification:_identify(build) ignored
[0.454s] Level 1:colcon.colcon_core.package_identification:_identify(install) by extensions ['ignore', 'ignore_ament_install']
[0.454s] Level 1:colcon.colcon_core.package_identification:_identify(install) by extension 'ignore'
[0.454s] Level 1:colcon.colcon_core.package_identification:_identify(install) ignored
[0.454s] Level 1:colcon.colcon_core.package_identification:_identify(log) by extensions ['ignore', 'ignore_ament_install']
[0.454s] Level 1:colcon.colcon_core.package_identification:_identify(log) by extension 'ignore'
[0.454s] Level 1:colcon.colcon_core.package_identification:_identify(log) ignored
[0.454s] Level 1:colcon.colcon_core.package_identification:_identify(src) by extensions ['ignore', 'ignore_ament_install']
[0.454s] Level 1:colcon.colcon_core.package_identification:_identify(src) by extension 'ignore'
[0.454s] Level 1:colcon.colcon_core.package_identification:_identify(src) by extension 'ignore_ament_install'
[0.454s] Level 1:colcon.colcon_core.package_identification:_identify(src) by extensions ['colcon_pkg']
[0.454s] Level 1:colcon.colcon_core.package_identification:_identify(src) by extension 'colcon_pkg'
[0.454s] Level 1:colcon.colcon_core.package_identification:_identify(src) by extensions ['colcon_meta']
[0.454s] Level 1:colcon.colcon_core.package_identification:_identify(src) by extension 'colcon_meta'
[0.454s] Level 1:colcon.colcon_core.package_identification:_identify(src) by extensions ['ros']
[0.454s] Level 1:colcon.colcon_core.package_identification:_identify(src) by extension 'ros'
[0.454s] Level 1:colcon.colcon_core.package_identification:_identify(src) by extensions ['cmake', 'python']
[0.454s] Level 1:colcon.colcon_core.package_identification:_identify(src) by extension 'cmake'
[0.454s] Level 1:colcon.colcon_core.package_identification:_identify(src) by extension 'python'
[0.454s] Level 1:colcon.colcon_core.package_identification:_identify(src) by extensions ['python_setup_py']
[0.454s] Level 1:colcon.colcon_core.package_identification:_identify(src) by extension 'python_setup_py'
[0.454s] Level 1:colcon.colcon_core.package_identification:_identify(src/turtle_pkg) by extensions ['ignore', 'ignore_ament_install']
[0.454s] Level 1:colcon.colcon_core.package_identification:_identify(src/turtle_pkg) by extension 'ignore'
[0.454s] Level 1:colcon.colcon_core.package_identification:_identify(src/turtle_pkg) by extension 'ignore_ament_install'
[0.454s] Level 1:colcon.colcon_core.package_identification:_identify(src/turtle_pkg) by extensions ['colcon_pkg']
[0.454s] Level 1:colcon.colcon_core.package_identification:_identify(src/turtle_pkg) by extension 'colcon_pkg'
[0.454s] Level 1:colcon.colcon_core.package_identification:_identify(src/turtle_pkg) by extensions ['colcon_meta']
[0.454s] Level 1:colcon.colcon_core.package_identification:_identify(src/turtle_pkg) by extension 'colcon_meta'
[0.454s] Level 1:colcon.colcon_core.package_identification:_identify(src/turtle_pkg) by extensions ['ros']
[0.454s] Level 1:colcon.colcon_core.package_identification:_identify(src/turtle_pkg) by extension 'ros'
[0.456s] DEBUG:colcon.colcon_core.package_identification:Package 'src/turtle_pkg' with type 'ros.ament_python' and name 'turtle_pkg'
[0.456s] Level 1:colcon.colcon_core.package_discovery:discover_packages(recursive) using defaults
[0.456s] Level 1:colcon.colcon_core.package_discovery:discover_packages(ignore) discover
[0.456s] Level 1:colcon.colcon_core.package_discovery:discover_packages(ignore) using defaults
[0.456s] Level 1:colcon.colcon_core.package_discovery:discover_packages(path) discover
[0.456s] Level 1:colcon.colcon_core.package_discovery:discover_packages(path) using defaults
[0.497s] Level 1:colcon.colcon_core.package_discovery:discover_packages(prefix_path) check parameters
[0.497s] Level 1:colcon.colcon_core.package_discovery:discover_packages(prefix_path) discover
[0.509s] DEBUG:colcon.colcon_installed_package_information.package_discovery:Found 1 installed packages in /home/parallels/robotics-2110435/robot_ws/install
[0.515s] DEBUG:colcon.colcon_installed_package_information.package_discovery:Found 1 installed packages in /home/parallels/my_robot_ws/install
[0.521s] DEBUG:colcon.colcon_installed_package_information.package_discovery:Found 307 installed packages in /opt/ros/humble
[0.522s] Level 1:colcon.colcon_core.package_discovery:discover_packages(prefix_path) using defaults
[0.572s] Level 5:colcon.colcon_core.verb:set package 'turtle_pkg' build argument 'cmake_args' from command line to 'None'
[0.572s] Level 5:colcon.colcon_core.verb:set package 'turtle_pkg' build argument 'cmake_target' from command line to 'None'
[0.572s] Level 5:colcon.colcon_core.verb:set package 'turtle_pkg' build argument 'cmake_target_skip_unavailable' from command line to 'False'
[0.572s] Level 5:colcon.colcon_core.verb:set package 'turtle_pkg' build argument 'cmake_clean_cache' from command line to 'False'
[0.572s] Level 5:colcon.colcon_core.verb:set package 'turtle_pkg' build argument 'cmake_clean_first' from command line to 'False'
[0.572s] Level 5:colcon.colcon_core.verb:set package 'turtle_pkg' build argument 'cmake_force_configure' from command line to 'False'
[0.572s] Level 5:colcon.colcon_core.verb:set package 'turtle_pkg' build argument 'ament_cmake_args' from command line to 'None'
[0.572s] Level 5:colcon.colcon_core.verb:set package 'turtle_pkg' build argument 'catkin_cmake_args' from command line to 'None'
[0.572s] Level 5:colcon.colcon_core.verb:set package 'turtle_pkg' build argument 'catkin_skip_building_tests' from command line to 'False'
[0.572s] DEBUG:colcon.colcon_core.verb:Building package 'turtle_pkg' with the following arguments: {'ament_cmake_args': None, 'build_base': '/home/parallels/robotics-2110435/robot_ws/build/turtle_pkg', 'catkin_cmake_args': None, 'catkin_skip_building_tests': False, 'cmake_args': None, 'cmake_clean_cache': False, 'cmake_clean_first': False, 'cmake_force_configure': False, 'cmake_target': None, 'cmake_target_skip_unavailable': False, 'install_base': '/home/parallels/robotics-2110435/robot_ws/install/turtle_pkg', 'merge_install': False, 'path': '/home/parallels/robotics-2110435/robot_ws/src/turtle_pkg', 'symlink_install': False, 'test_result_base': None}
[0.578s] INFO:colcon.colcon_core.executor:Executing jobs using 'parallel' executor
[0.584s] DEBUG:colcon.colcon_parallel_executor.executor.parallel:run_until_complete
[0.585s] INFO:colcon.colcon_ros.task.ament_python.build:Building ROS package in '/home/parallels/robotics-2110435/robot_ws/src/turtle_pkg' with build type 'ament_python'
[0.585s] Level 1:colcon.colcon_core.shell:create_environment_hook('turtle_pkg', 'ament_prefix_path')
[0.591s] INFO:colcon.colcon_core.plugin_system:Skipping extension 'colcon_core.shell.bat': Not used on non-Windows systems
[0.592s] INFO:colcon.colcon_core.shell:Creating environment hook '/home/parallels/robotics-2110435/robot_ws/install/turtle_pkg/share/turtle_pkg/hook/ament_prefix_path.ps1'
[0.592s] INFO:colcon.colcon_core.shell:Creating environment descriptor '/home/parallels/robotics-2110435/robot_ws/install/turtle_pkg/share/turtle_pkg/hook/ament_prefix_path.dsv'
[0.592s] INFO:colcon.colcon_core.shell:Creating environment hook '/home/parallels/robotics-2110435/robot_ws/install/turtle_pkg/share/turtle_pkg/hook/ament_prefix_path.sh'
[0.599s] INFO:colcon.colcon_core.shell:Skip shell extension 'powershell' for command environment: Not usable outside of PowerShell
[0.599s] DEBUG:colcon.colcon_core.shell:Skip shell extension 'dsv' for command environment
[0.751s] INFO:colcon.colcon_core.task.python.build:Building Python package in '/home/parallels/robotics-2110435/robot_ws/src/turtle_pkg'
[0.757s] INFO:colcon.colcon_core.shell:Skip shell extension 'powershell' for command environment: Not usable outside of PowerShell
[0.757s] DEBUG:colcon.colcon_core.shell:Skip shell extension 'dsv' for command environment
[0.961s] DEBUG:colcon.colcon_core.event_handler.log_command:Invoking command in '/home/parallels/robotics-2110435/robot_ws/src/turtle_pkg': PYTHONPATH=/home/parallels/robotics-2110435/robot_ws/build/turtle_pkg/prefix_override:/home/parallels/robotics-2110435/robot_ws/install/turtle_pkg/lib/python3.10/site-packages:${PYTHONPATH} /usr/bin/python3 setup.py egg_info --egg-base ../../build/turtle_pkg build --build-base /home/parallels/robotics-2110435/robot_ws/build/turtle_pkg/build install --record /home/parallels/robotics-2110435/robot_ws/build/turtle_pkg/install.log --single-version-externally-managed
[1.105s] DEBUG:colcon.colcon_core.event_handler.log_command:Invoked command in '/home/parallels/robotics-2110435/robot_ws/src/turtle_pkg' returned '0': PYTHONPATH=/home/parallels/robotics-2110435/robot_ws/build/turtle_pkg/prefix_override:/home/parallels/robotics-2110435/robot_ws/install/turtle_pkg/lib/python3.10/site-packages:${PYTHONPATH} /usr/bin/python3 setup.py egg_info --egg-base ../../build/turtle_pkg build --build-base /home/parallels/robotics-2110435/robot_ws/build/turtle_pkg/build install --record /home/parallels/robotics-2110435/robot_ws/build/turtle_pkg/install.log --single-version-externally-managed
[1.111s] Level 1:colcon.colcon_core.environment:checking '/home/parallels/robotics-2110435/robot_ws/install/turtle_pkg' for CMake module files
[1.112s] Level 1:colcon.colcon_core.environment:checking '/home/parallels/robotics-2110435/robot_ws/install/turtle_pkg' for CMake config files
[1.112s] Level 1:colcon.colcon_core.environment:checking '/home/parallels/robotics-2110435/robot_ws/install/turtle_pkg/lib'
[1.112s] Level 1:colcon.colcon_core.environment:checking '/home/parallels/robotics-2110435/robot_ws/install/turtle_pkg/bin'
[1.112s] Level 1:colcon.colcon_core.environment:checking '/home/parallels/robotics-2110435/robot_ws/install/turtle_pkg/lib/pkgconfig/turtle_pkg.pc'
[1.112s] Level 1:colcon.colcon_core.environment:checking '/home/parallels/robotics-2110435/robot_ws/install/turtle_pkg/lib/python3.10/site-packages'
[1.112s] Level 1:colcon.colcon_core.shell:create_environment_hook('turtle_pkg', 'pythonpath')
[1.118s] INFO:colcon.colcon_core.shell:Creating environment hook '/home/parallels/robotics-2110435/robot_ws/install/turtle_pkg/share/turtle_pkg/hook/pythonpath.ps1'
[1.119s] INFO:colcon.colcon_core.shell:Creating environment descriptor '/home/parallels/robotics-2110435/robot_ws/install/turtle_pkg/share/turtle_pkg/hook/pythonpath.dsv'
[1.119s] INFO:colcon.colcon_core.shell:Creating environment hook '/home/parallels/robotics-2110435/robot_ws/install/turtle_pkg/share/turtle_pkg/hook/pythonpath.sh'
[1.119s] Level 1:colcon.colcon_core.environment:checking '/home/parallels/robotics-2110435/robot_ws/install/turtle_pkg/bin'
[1.119s] Level 1:colcon.colcon_core.environment:create_environment_scripts_only(turtle_pkg)
[1.126s] INFO:colcon.colcon_core.shell:Creating package script '/home/parallels/robotics-2110435/robot_ws/install/turtle_pkg/share/turtle_pkg/package.ps1'
[1.127s] INFO:colcon.colcon_core.shell:Creating package descriptor '/home/parallels/robotics-2110435/robot_ws/install/turtle_pkg/share/turtle_pkg/package.dsv'
[1.127s] INFO:colcon.colcon_core.shell:Creating package script '/home/parallels/robotics-2110435/robot_ws/install/turtle_pkg/share/turtle_pkg/package.sh'
[1.127s] INFO:colcon.colcon_core.shell:Creating package script '/home/parallels/robotics-2110435/robot_ws/install/turtle_pkg/share/turtle_pkg/package.bash'
[1.128s] INFO:colcon.colcon_core.shell:Creating package script '/home/parallels/robotics-2110435/robot_ws/install/turtle_pkg/share/turtle_pkg/package.zsh'
[1.128s] Level 1:colcon.colcon_core.environment:create_file_with_runtime_dependencies(/home/parallels/robotics-2110435/robot_ws/install/turtle_pkg/share/colcon-core/packages/turtle_pkg)
[1.128s] DEBUG:colcon.colcon_parallel_executor.executor.parallel:closing loop
[1.128s] DEBUG:colcon.colcon_parallel_executor.executor.parallel:loop closed
[1.128s] DEBUG:colcon.colcon_parallel_executor.executor.parallel:run_until_complete finished with '0'
[1.128s] DEBUG:colcon.colcon_core.event_reactor:joining thread
[1.137s] INFO:colcon.colcon_core.plugin_system:Skipping extension 'colcon_notification.desktop_notification.terminal_notifier': Not used on non-Darwin systems
[1.138s] INFO:colcon.colcon_core.plugin_system:Skipping extension 'colcon_notification.desktop_notification.win32': Not used on non-Windows systems
[1.138s] INFO:colcon.colcon_notification.desktop_notification:Sending desktop notification using 'notify2'
[1.144s] DEBUG:colcon.colcon_core.event_reactor:joined thread
[1.151s] INFO:colcon.colcon_core.shell:Creating prefix script '/home/parallels/robotics-2110435/robot_ws/install/local_setup.ps1'
[1.151s] INFO:colcon.colcon_core.shell:Creating prefix util module '/home/parallels/robotics-2110435/robot_ws/install/_local_setup_util_ps1.py'
[1.152s] INFO:colcon.colcon_core.shell:Creating prefix chain script '/home/parallels/robotics-2110435/robot_ws/install/setup.ps1'
[1.159s] INFO:colcon.colcon_core.shell:Creating prefix script '/home/parallels/robotics-2110435/robot_ws/install/local_setup.sh'
[1.159s] INFO:colcon.colcon_core.shell:Creating prefix util module '/home/parallels/robotics-2110435/robot_ws/install/_local_setup_util_sh.py'
[1.160s] INFO:colcon.colcon_core.shell:Creating prefix chain script '/home/parallels/robotics-2110435/robot_ws/install/setup.sh'
[1.166s] INFO:colcon.colcon_core.shell:Creating prefix script '/home/parallels/robotics-2110435/robot_ws/install/local_setup.bash'
[1.166s] INFO:colcon.colcon_core.shell:Creating prefix chain script '/home/parallels/robotics-2110435/robot_ws/install/setup.bash'
[1.173s] INFO:colcon.colcon_core.shell:Creating prefix script '/home/parallels/robotics-2110435/robot_ws/install/local_setup.zsh'
[1.173s] INFO:colcon.colcon_core.shell:Creating prefix chain script '/home/parallels/robotics-2110435/robot_ws/install/setup.zsh'
