[0.419s] Invoking command in '/home/parallels/robotics-2110435/challenge_1/src/robot_marker': PYTHONPATH=/home/parallels/robotics-2110435/challenge_1/build/robot_marker/prefix_override:/home/parallels/robotics-2110435/challenge_1/install/robot_marker/lib/python3.10/site-packages:${PYTHONPATH} /usr/bin/python3 setup.py egg_info --egg-base ../../build/robot_marker build --build-base /home/parallels/robotics-2110435/challenge_1/build/robot_marker/build install --record /home/parallels/robotics-2110435/challenge_1/build/robot_marker/install.log --single-version-externally-managed
[0.535s] running egg_info
[0.535s] writing ../../build/robot_marker/robot_marker.egg-info/PKG-INFO
[0.535s] writing dependency_links to ../../build/robot_marker/robot_marker.egg-info/dependency_links.txt
[0.536s] writing entry points to ../../build/robot_marker/robot_marker.egg-info/entry_points.txt
[0.536s] writing requirements to ../../build/robot_marker/robot_marker.egg-info/requires.txt
[0.536s] writing top-level names to ../../build/robot_marker/robot_marker.egg-info/top_level.txt
[0.536s] reading manifest file '../../build/robot_marker/robot_marker.egg-info/SOURCES.txt'
[0.537s] writing manifest file '../../build/robot_marker/robot_marker.egg-info/SOURCES.txt'
[0.537s] running build
[0.537s] running build_py
[0.537s] copying robot_marker/robo_marker.py -> /home/parallels/robotics-2110435/challenge_1/build/robot_marker/build/lib/robot_marker
[0.537s] running install
[0.537s] /usr/lib/python3/dist-packages/setuptools/command/install.py:34: SetuptoolsDeprecationWarning: setup.py install is deprecated. Use build and pip and other standards-based tools.
[0.537s]   warnings.warn(
[0.537s] running install_lib
[0.538s] copying /home/parallels/robotics-2110435/challenge_1/build/robot_marker/build/lib/robot_marker/robo_marker.py -> /home/parallels/robotics-2110435/challenge_1/install/robot_marker/lib/python3.10/site-packages/robot_marker
[0.538s] byte-compiling /home/parallels/robotics-2110435/challenge_1/install/robot_marker/lib/python3.10/site-packages/robot_marker/robo_marker.py to robo_marker.cpython-310.pyc
[0.539s] running install_data
[0.539s] running install_egg_info
[0.540s] removing '/home/parallels/robotics-2110435/challenge_1/install/robot_marker/lib/python3.10/site-packages/robot_marker-0.0.0-py3.10.egg-info' (and everything under it)
[0.540s] Copying ../../build/robot_marker/robot_marker.egg-info to /home/parallels/robotics-2110435/challenge_1/install/robot_marker/lib/python3.10/site-packages/robot_marker-0.0.0-py3.10.egg-info
[0.540s] running install_scripts
[0.551s] Installing aruco_follower script to /home/parallels/robotics-2110435/challenge_1/install/robot_marker/lib/robot_marker
[0.552s] writing list of installed files to '/home/parallels/robotics-2110435/challenge_1/build/robot_marker/install.log'
[0.564s] Invoked command in '/home/parallels/robotics-2110435/challenge_1/src/robot_marker' returned '0': PYTHONPATH=/home/parallels/robotics-2110435/challenge_1/build/robot_marker/prefix_override:/home/parallels/robotics-2110435/challenge_1/install/robot_marker/lib/python3.10/site-packages:${PYTHONPATH} /usr/bin/python3 setup.py egg_info --egg-base ../../build/robot_marker build --build-base /home/parallels/robotics-2110435/challenge_1/build/robot_marker/build install --record /home/parallels/robotics-2110435/challenge_1/build/robot_marker/install.log --single-version-externally-managed
