[0.662s] Invoking command in '/home/vt/robotics-2110435/tracking_ws/src/keyboard_control': PYTHONPATH=/home/vt/robotics-2110435/tracking_ws/build/keyboard_control/prefix_override:/home/vt/robotics-2110435/tracking_ws/install/keyboard_control/lib/python3.10/site-packages:${PYTHONPATH} /usr/bin/python3 setup.py egg_info --egg-base ../../build/keyboard_control build --build-base /home/vt/robotics-2110435/tracking_ws/build/keyboard_control/build install --record /home/vt/robotics-2110435/tracking_ws/build/keyboard_control/install.log --single-version-externally-managed
[0.776s] running egg_info
[0.776s] creating ../../build/keyboard_control/keyboard_control.egg-info
[0.783s] writing ../../build/keyboard_control/keyboard_control.egg-info/PKG-INFO
[0.783s] writing dependency_links to ../../build/keyboard_control/keyboard_control.egg-info/dependency_links.txt
[0.783s] writing entry points to ../../build/keyboard_control/keyboard_control.egg-info/entry_points.txt
[0.783s] writing requirements to ../../build/keyboard_control/keyboard_control.egg-info/requires.txt
[0.784s] writing top-level names to ../../build/keyboard_control/keyboard_control.egg-info/top_level.txt
[0.784s] writing manifest file '../../build/keyboard_control/keyboard_control.egg-info/SOURCES.txt'
[0.797s] reading manifest file '../../build/keyboard_control/keyboard_control.egg-info/SOURCES.txt'
[0.797s] writing manifest file '../../build/keyboard_control/keyboard_control.egg-info/SOURCES.txt'
[0.797s] running build
[0.798s] running build_py
[0.798s] creating /home/vt/robotics-2110435/tracking_ws/build/keyboard_control/build
[0.798s] creating /home/vt/robotics-2110435/tracking_ws/build/keyboard_control/build/lib
[0.798s] creating /home/vt/robotics-2110435/tracking_ws/build/keyboard_control/build/lib/keyboard_control
[0.798s] copying keyboard_control/__init__.py -> /home/vt/robotics-2110435/tracking_ws/build/keyboard_control/build/lib/keyboard_control
[0.798s] copying keyboard_control/keyboard_control.py -> /home/vt/robotics-2110435/tracking_ws/build/keyboard_control/build/lib/keyboard_control
[0.798s] copying keyboard_control/vel_mux.py -> /home/vt/robotics-2110435/tracking_ws/build/keyboard_control/build/lib/keyboard_control
[0.798s] running install
[0.798s] /usr/local/lib/python3.10/dist-packages/setuptools/_distutils/cmd.py:66: SetuptoolsDeprecationWarning: setup.py install is deprecated.
[0.798s] !!
[0.798s] 
[0.798s]         ********************************************************************************
[0.798s]         Please avoid running ``setup.py`` directly.
[0.798s]         Instead, use pypa/build, pypa/installer or other
[0.798s]         standards-based tools.
[0.798s] 
[0.798s]         See https://blog.ganssle.io/articles/2021/10/setup-py-deprecated.html for details.
[0.798s]         ********************************************************************************
[0.798s] 
[0.798s] !!
[0.798s]   self.initialize_options()
[0.801s] running install_lib
[0.807s] running install_data
[0.813s] running install_egg_info
[0.820s] removing '/home/vt/robotics-2110435/tracking_ws/install/keyboard_control/lib/python3.10/site-packages/keyboard_control-0.0.0-py3.10.egg-info' (and everything under it)
[0.820s] Copying ../../build/keyboard_control/keyboard_control.egg-info to /home/vt/robotics-2110435/tracking_ws/install/keyboard_control/lib/python3.10/site-packages/keyboard_control-0.0.0-py3.10.egg-info
[0.821s] running install_scripts
[0.894s] Installing keyboard_control script to /home/vt/robotics-2110435/tracking_ws/install/keyboard_control/lib/keyboard_control
[0.894s] Installing vel_mux script to /home/vt/robotics-2110435/tracking_ws/install/keyboard_control/lib/keyboard_control
[0.895s] writing list of installed files to '/home/vt/robotics-2110435/tracking_ws/build/keyboard_control/install.log'
[0.916s] Invoked command in '/home/vt/robotics-2110435/tracking_ws/src/keyboard_control' returned '0': PYTHONPATH=/home/vt/robotics-2110435/tracking_ws/build/keyboard_control/prefix_override:/home/vt/robotics-2110435/tracking_ws/install/keyboard_control/lib/python3.10/site-packages:${PYTHONPATH} /usr/bin/python3 setup.py egg_info --egg-base ../../build/keyboard_control build --build-base /home/vt/robotics-2110435/tracking_ws/build/keyboard_control/build install --record /home/vt/robotics-2110435/tracking_ws/build/keyboard_control/install.log --single-version-externally-managed
