[0.425s] DEBUG:colcon:Command line arguments: ['/usr/bin/colcon', 'build']
[0.425s] DEBUG:colcon:Parsed command line arguments: Namespace(log_base=None, log_level=None, verb_name='build', build_base='build', install_base='install', merge_install=False, symlink_install=False, test_result_base=None, continue_on_error=False, executor='parallel', parallel_workers=8, event_handlers=None, ignore_user_meta=False, metas=['./colcon.meta'], base_paths=['.'], packages_ignore=None, packages_ignore_regex=None, paths=None, packages_up_to=None, packages_up_to_regex=None, packages_above=None, packages_above_and_dependencies=None, packages_above_depth=None, packages_select_by_dep=None, packages_skip_by_dep=None, packages_skip_up_to=None, packages_select_build_failed=False, packages_skip_build_finished=False, packages_select_test_failures=False, packages_skip_test_passed=False, packages_select=None, packages_skip=None, packages_select_regex=None, packages_skip_regex=None, packages_start=None, packages_end=None, allow_overriding=[], cmake_args=None, cmake_target=None, cmake_target_skip_unavailable=False, cmake_clean_cache=False, cmake_clean_first=False, cmake_force_configure=False, ament_cmake_args=None, catkin_cmake_args=None, catkin_skip_building_tests=False, verb_parser=<colcon_defaults.argument_parser.defaults.DefaultArgumentsDecorator object at 0x7fa35c6680>, verb_extension=<colcon_core.verb.build.BuildVerb object at 0x7fa35c6110>, main=<bound method BuildVerb.main of <colcon_core.verb.build.BuildVerb object at 0x7fa35c6110>>)
[0.456s] Level 1:colcon.colcon_core.package_discovery:discover_packages(colcon_meta) check parameters
[0.457s] Level 1:colcon.colcon_core.package_discovery:discover_packages(recursive) check parameters
[0.457s] Level 1:colcon.colcon_core.package_discovery:discover_packages(ignore) check parameters
[0.457s] Level 1:colcon.colcon_core.package_discovery:discover_packages(path) check parameters
[0.457s] Level 1:colcon.colcon_core.package_discovery:discover_packages(colcon_meta) discover
[0.457s] Level 1:colcon.colcon_core.package_discovery:discover_packages(recursive) discover
[0.457s] INFO:colcon.colcon_core.package_discovery:Crawling recursively for packages in '/home/khadas/tracking_robot_workspace'
[0.457s] Level 1:colcon.colcon_core.package_identification:_identify(.) by extensions ['ignore', 'ignore_ament_install']
[0.457s] Level 1:colcon.colcon_core.package_identification:_identify(.) by extension 'ignore'
[0.457s] Level 1:colcon.colcon_core.package_identification:_identify(.) by extension 'ignore_ament_install'
[0.457s] Level 1:colcon.colcon_core.package_identification:_identify(.) by extensions ['colcon_pkg']
[0.457s] Level 1:colcon.colcon_core.package_identification:_identify(.) by extension 'colcon_pkg'
[0.457s] Level 1:colcon.colcon_core.package_identification:_identify(.) by extensions ['colcon_meta']
[0.458s] Level 1:colcon.colcon_core.package_identification:_identify(.) by extension 'colcon_meta'
[0.458s] Level 1:colcon.colcon_core.package_identification:_identify(.) by extensions ['ros']
[0.458s] Level 1:colcon.colcon_core.package_identification:_identify(.) by extension 'ros'
[0.472s] Level 1:colcon.colcon_core.package_identification:_identify(.) by extensions ['cmake', 'python']
[0.473s] Level 1:colcon.colcon_core.package_identification:_identify(.) by extension 'cmake'
[0.473s] Level 1:colcon.colcon_core.package_identification:_identify(.) by extension 'python'
[0.473s] Level 1:colcon.colcon_core.package_identification:_identify(.) by extensions ['python_setup_py']
[0.473s] Level 1:colcon.colcon_core.package_identification:_identify(.) by extension 'python_setup_py'
[0.473s] Level 1:colcon.colcon_core.package_identification:_identify(build) by extensions ['ignore', 'ignore_ament_install']
[0.473s] Level 1:colcon.colcon_core.package_identification:_identify(build) by extension 'ignore'
[0.473s] Level 1:colcon.colcon_core.package_identification:_identify(build) ignored
[0.473s] Level 1:colcon.colcon_core.package_identification:_identify(install) by extensions ['ignore', 'ignore_ament_install']
[0.473s] Level 1:colcon.colcon_core.package_identification:_identify(install) by extension 'ignore'
[0.473s] Level 1:colcon.colcon_core.package_identification:_identify(install) ignored
[0.474s] Level 1:colcon.colcon_core.package_identification:_identify(log) by extensions ['ignore', 'ignore_ament_install']
[0.474s] Level 1:colcon.colcon_core.package_identification:_identify(log) by extension 'ignore'
[0.474s] Level 1:colcon.colcon_core.package_identification:_identify(log) ignored
[0.474s] Level 1:colcon.colcon_core.package_identification:_identify(src) by extensions ['ignore', 'ignore_ament_install']
[0.474s] Level 1:colcon.colcon_core.package_identification:_identify(src) by extension 'ignore'
[0.474s] Level 1:colcon.colcon_core.package_identification:_identify(src) by extension 'ignore_ament_install'
[0.474s] Level 1:colcon.colcon_core.package_identification:_identify(src) by extensions ['colcon_pkg']
[0.474s] Level 1:colcon.colcon_core.package_identification:_identify(src) by extension 'colcon_pkg'
[0.474s] Level 1:colcon.colcon_core.package_identification:_identify(src) by extensions ['colcon_meta']
[0.474s] Level 1:colcon.colcon_core.package_identification:_identify(src) by extension 'colcon_meta'
[0.474s] Level 1:colcon.colcon_core.package_identification:_identify(src) by extensions ['ros']
[0.474s] Level 1:colcon.colcon_core.package_identification:_identify(src) by extension 'ros'
[0.474s] Level 1:colcon.colcon_core.package_identification:_identify(src) by extensions ['cmake', 'python']
[0.474s] Level 1:colcon.colcon_core.package_identification:_identify(src) by extension 'cmake'
[0.474s] Level 1:colcon.colcon_core.package_identification:_identify(src) by extension 'python'
[0.474s] Level 1:colcon.colcon_core.package_identification:_identify(src) by extensions ['python_setup_py']
[0.475s] Level 1:colcon.colcon_core.package_identification:_identify(src) by extension 'python_setup_py'
[0.475s] Level 1:colcon.colcon_core.package_identification:_identify(src/aruco_controller) by extensions ['ignore', 'ignore_ament_install']
[0.475s] Level 1:colcon.colcon_core.package_identification:_identify(src/aruco_controller) by extension 'ignore'
[0.475s] Level 1:colcon.colcon_core.package_identification:_identify(src/aruco_controller) by extension 'ignore_ament_install'
[0.475s] Level 1:colcon.colcon_core.package_identification:_identify(src/aruco_controller) by extensions ['colcon_pkg']
[0.475s] Level 1:colcon.colcon_core.package_identification:_identify(src/aruco_controller) by extension 'colcon_pkg'
[0.475s] Level 1:colcon.colcon_core.package_identification:_identify(src/aruco_controller) by extensions ['colcon_meta']
[0.475s] Level 1:colcon.colcon_core.package_identification:_identify(src/aruco_controller) by extension 'colcon_meta'
[0.475s] Level 1:colcon.colcon_core.package_identification:_identify(src/aruco_controller) by extensions ['ros']
[0.475s] Level 1:colcon.colcon_core.package_identification:_identify(src/aruco_controller) by extension 'ros'
[0.479s] DEBUG:colcon.colcon_core.package_identification:Package 'src/aruco_controller' with type 'ros.ament_cmake' and name 'aruco_controller'
[0.479s] Level 1:colcon.colcon_core.package_identification:_identify(src/aruco_following_controller) by extensions ['ignore', 'ignore_ament_install']
[0.479s] Level 1:colcon.colcon_core.package_identification:_identify(src/aruco_following_controller) by extension 'ignore'
[0.479s] Level 1:colcon.colcon_core.package_identification:_identify(src/aruco_following_controller) by extension 'ignore_ament_install'
[0.479s] Level 1:colcon.colcon_core.package_identification:_identify(src/aruco_following_controller) by extensions ['colcon_pkg']
[0.479s] Level 1:colcon.colcon_core.package_identification:_identify(src/aruco_following_controller) by extension 'colcon_pkg'
[0.480s] Level 1:colcon.colcon_core.package_identification:_identify(src/aruco_following_controller) by extensions ['colcon_meta']
[0.480s] Level 1:colcon.colcon_core.package_identification:_identify(src/aruco_following_controller) by extension 'colcon_meta'
[0.480s] Level 1:colcon.colcon_core.package_identification:_identify(src/aruco_following_controller) by extensions ['ros']
[0.480s] Level 1:colcon.colcon_core.package_identification:_identify(src/aruco_following_controller) by extension 'ros'
[0.481s] DEBUG:colcon.colcon_core.package_identification:Package 'src/aruco_following_controller' with type 'ros.ament_python' and name 'aruco_following_controller'
[0.481s] Level 1:colcon.colcon_core.package_identification:_identify(src/keyboard_control) by extensions ['ignore', 'ignore_ament_install']
[0.481s] Level 1:colcon.colcon_core.package_identification:_identify(src/keyboard_control) by extension 'ignore'
[0.481s] Level 1:colcon.colcon_core.package_identification:_identify(src/keyboard_control) by extension 'ignore_ament_install'
[0.481s] Level 1:colcon.colcon_core.package_identification:_identify(src/keyboard_control) by extensions ['colcon_pkg']
[0.481s] Level 1:colcon.colcon_core.package_identification:_identify(src/keyboard_control) by extension 'colcon_pkg'
[0.481s] Level 1:colcon.colcon_core.package_identification:_identify(src/keyboard_control) by extensions ['colcon_meta']
[0.481s] Level 1:colcon.colcon_core.package_identification:_identify(src/keyboard_control) by extension 'colcon_meta'
[0.481s] Level 1:colcon.colcon_core.package_identification:_identify(src/keyboard_control) by extensions ['ros']
[0.481s] Level 1:colcon.colcon_core.package_identification:_identify(src/keyboard_control) by extension 'ros'
[0.482s] DEBUG:colcon.colcon_core.package_identification:Package 'src/keyboard_control' with type 'ros.ament_python' and name 'keyboard_control'
[0.482s] Level 1:colcon.colcon_core.package_identification:_identify(src/web_video_server) by extensions ['ignore', 'ignore_ament_install']
[0.482s] Level 1:colcon.colcon_core.package_identification:_identify(src/web_video_server) by extension 'ignore'
[0.483s] Level 1:colcon.colcon_core.package_identification:_identify(src/web_video_server) by extension 'ignore_ament_install'
[0.483s] Level 1:colcon.colcon_core.package_identification:_identify(src/web_video_server) by extensions ['colcon_pkg']
[0.483s] Level 1:colcon.colcon_core.package_identification:_identify(src/web_video_server) by extension 'colcon_pkg'
[0.483s] Level 1:colcon.colcon_core.package_identification:_identify(src/web_video_server) by extensions ['colcon_meta']
[0.483s] Level 1:colcon.colcon_core.package_identification:_identify(src/web_video_server) by extension 'colcon_meta'
[0.483s] Level 1:colcon.colcon_core.package_identification:_identify(src/web_video_server) by extensions ['ros']
[0.483s] Level 1:colcon.colcon_core.package_identification:_identify(src/web_video_server) by extension 'ros'
[0.484s] DEBUG:colcon.colcon_core.package_identification:Package 'src/web_video_server' with type 'ros.ament_cmake' and name 'web_video_server'
[0.484s] Level 1:colcon.colcon_core.package_discovery:discover_packages(recursive) using defaults
[0.484s] Level 1:colcon.colcon_core.package_discovery:discover_packages(ignore) discover
[0.484s] Level 1:colcon.colcon_core.package_discovery:discover_packages(ignore) using defaults
[0.484s] Level 1:colcon.colcon_core.package_discovery:discover_packages(path) discover
[0.484s] Level 1:colcon.colcon_core.package_discovery:discover_packages(path) using defaults
[0.516s] Level 1:colcon.colcon_core.package_discovery:discover_packages(prefix_path) check parameters
[0.516s] Level 1:colcon.colcon_core.package_discovery:discover_packages(prefix_path) discover
[0.520s] DEBUG:colcon.colcon_installed_package_information.package_discovery:Found 278 installed packages in /opt/ros/humble
[0.522s] Level 1:colcon.colcon_core.package_discovery:discover_packages(prefix_path) using defaults
[0.597s] Level 5:colcon.colcon_core.verb:set package 'aruco_controller' build argument 'cmake_args' from command line to 'None'
[0.597s] Level 5:colcon.colcon_core.verb:set package 'aruco_controller' build argument 'cmake_target' from command line to 'None'
[0.598s] Level 5:colcon.colcon_core.verb:set package 'aruco_controller' build argument 'cmake_target_skip_unavailable' from command line to 'False'
[0.598s] Level 5:colcon.colcon_core.verb:set package 'aruco_controller' build argument 'cmake_clean_cache' from command line to 'False'
[0.598s] Level 5:colcon.colcon_core.verb:set package 'aruco_controller' build argument 'cmake_clean_first' from command line to 'False'
[0.598s] Level 5:colcon.colcon_core.verb:set package 'aruco_controller' build argument 'cmake_force_configure' from command line to 'False'
[0.598s] Level 5:colcon.colcon_core.verb:set package 'aruco_controller' build argument 'ament_cmake_args' from command line to 'None'
[0.598s] Level 5:colcon.colcon_core.verb:set package 'aruco_controller' build argument 'catkin_cmake_args' from command line to 'None'
[0.598s] Level 5:colcon.colcon_core.verb:set package 'aruco_controller' build argument 'catkin_skip_building_tests' from command line to 'False'
[0.598s] DEBUG:colcon.colcon_core.verb:Building package 'aruco_controller' with the following arguments: {'ament_cmake_args': None, 'build_base': '/home/khadas/tracking_robot_workspace/build/aruco_controller', 'catkin_cmake_args': None, 'catkin_skip_building_tests': False, 'cmake_args': None, 'cmake_clean_cache': False, 'cmake_clean_first': False, 'cmake_force_configure': False, 'cmake_target': None, 'cmake_target_skip_unavailable': False, 'install_base': '/home/khadas/tracking_robot_workspace/install/aruco_controller', 'merge_install': False, 'path': '/home/khadas/tracking_robot_workspace/src/aruco_controller', 'symlink_install': False, 'test_result_base': None}
[0.599s] Level 5:colcon.colcon_core.verb:set package 'aruco_following_controller' build argument 'cmake_args' from command line to 'None'
[0.599s] Level 5:colcon.colcon_core.verb:set package 'aruco_following_controller' build argument 'cmake_target' from command line to 'None'
[0.599s] Level 5:colcon.colcon_core.verb:set package 'aruco_following_controller' build argument 'cmake_target_skip_unavailable' from command line to 'False'
[0.599s] Level 5:colcon.colcon_core.verb:set package 'aruco_following_controller' build argument 'cmake_clean_cache' from command line to 'False'
[0.599s] Level 5:colcon.colcon_core.verb:set package 'aruco_following_controller' build argument 'cmake_clean_first' from command line to 'False'
[0.599s] Level 5:colcon.colcon_core.verb:set package 'aruco_following_controller' build argument 'cmake_force_configure' from command line to 'False'
[0.599s] Level 5:colcon.colcon_core.verb:set package 'aruco_following_controller' build argument 'ament_cmake_args' from command line to 'None'
[0.599s] Level 5:colcon.colcon_core.verb:set package 'aruco_following_controller' build argument 'catkin_cmake_args' from command line to 'None'
[0.599s] Level 5:colcon.colcon_core.verb:set package 'aruco_following_controller' build argument 'catkin_skip_building_tests' from command line to 'False'
[0.599s] DEBUG:colcon.colcon_core.verb:Building package 'aruco_following_controller' with the following arguments: {'ament_cmake_args': None, 'build_base': '/home/khadas/tracking_robot_workspace/build/aruco_following_controller', 'catkin_cmake_args': None, 'catkin_skip_building_tests': False, 'cmake_args': None, 'cmake_clean_cache': False, 'cmake_clean_first': False, 'cmake_force_configure': False, 'cmake_target': None, 'cmake_target_skip_unavailable': False, 'install_base': '/home/khadas/tracking_robot_workspace/install/aruco_following_controller', 'merge_install': False, 'path': '/home/khadas/tracking_robot_workspace/src/aruco_following_controller', 'symlink_install': False, 'test_result_base': None}
[0.600s] Level 5:colcon.colcon_core.verb:set package 'keyboard_control' build argument 'cmake_args' from command line to 'None'
[0.600s] Level 5:colcon.colcon_core.verb:set package 'keyboard_control' build argument 'cmake_target' from command line to 'None'
[0.600s] Level 5:colcon.colcon_core.verb:set package 'keyboard_control' build argument 'cmake_target_skip_unavailable' from command line to 'False'
[0.600s] Level 5:colcon.colcon_core.verb:set package 'keyboard_control' build argument 'cmake_clean_cache' from command line to 'False'
[0.601s] Level 5:colcon.colcon_core.verb:set package 'keyboard_control' build argument 'cmake_clean_first' from command line to 'False'
[0.601s] Level 5:colcon.colcon_core.verb:set package 'keyboard_control' build argument 'cmake_force_configure' from command line to 'False'
[0.601s] Level 5:colcon.colcon_core.verb:set package 'keyboard_control' build argument 'ament_cmake_args' from command line to 'None'
[0.601s] Level 5:colcon.colcon_core.verb:set package 'keyboard_control' build argument 'catkin_cmake_args' from command line to 'None'
[0.601s] Level 5:colcon.colcon_core.verb:set package 'keyboard_control' build argument 'catkin_skip_building_tests' from command line to 'False'
[0.601s] DEBUG:colcon.colcon_core.verb:Building package 'keyboard_control' with the following arguments: {'ament_cmake_args': None, 'build_base': '/home/khadas/tracking_robot_workspace/build/keyboard_control', 'catkin_cmake_args': None, 'catkin_skip_building_tests': False, 'cmake_args': None, 'cmake_clean_cache': False, 'cmake_clean_first': False, 'cmake_force_configure': False, 'cmake_target': None, 'cmake_target_skip_unavailable': False, 'install_base': '/home/khadas/tracking_robot_workspace/install/keyboard_control', 'merge_install': False, 'path': '/home/khadas/tracking_robot_workspace/src/keyboard_control', 'symlink_install': False, 'test_result_base': None}
[0.602s] Level 5:colcon.colcon_core.verb:set package 'web_video_server' build argument 'cmake_args' from command line to 'None'
[0.602s] Level 5:colcon.colcon_core.verb:set package 'web_video_server' build argument 'cmake_target' from command line to 'None'
[0.602s] Level 5:colcon.colcon_core.verb:set package 'web_video_server' build argument 'cmake_target_skip_unavailable' from command line to 'False'
[0.602s] Level 5:colcon.colcon_core.verb:set package 'web_video_server' build argument 'cmake_clean_cache' from command line to 'False'
[0.602s] Level 5:colcon.colcon_core.verb:set package 'web_video_server' build argument 'cmake_clean_first' from command line to 'False'
[0.602s] Level 5:colcon.colcon_core.verb:set package 'web_video_server' build argument 'cmake_force_configure' from command line to 'False'
[0.602s] Level 5:colcon.colcon_core.verb:set package 'web_video_server' build argument 'ament_cmake_args' from command line to 'None'
[0.602s] Level 5:colcon.colcon_core.verb:set package 'web_video_server' build argument 'catkin_cmake_args' from command line to 'None'
[0.602s] Level 5:colcon.colcon_core.verb:set package 'web_video_server' build argument 'catkin_skip_building_tests' from command line to 'False'
[0.602s] DEBUG:colcon.colcon_core.verb:Building package 'web_video_server' with the following arguments: {'ament_cmake_args': None, 'build_base': '/home/khadas/tracking_robot_workspace/build/web_video_server', 'catkin_cmake_args': None, 'catkin_skip_building_tests': False, 'cmake_args': None, 'cmake_clean_cache': False, 'cmake_clean_first': False, 'cmake_force_configure': False, 'cmake_target': None, 'cmake_target_skip_unavailable': False, 'install_base': '/home/khadas/tracking_robot_workspace/install/web_video_server', 'merge_install': False, 'path': '/home/khadas/tracking_robot_workspace/src/web_video_server', 'symlink_install': False, 'test_result_base': None}
[0.603s] INFO:colcon.colcon_core.executor:Executing jobs using 'parallel' executor
[0.607s] DEBUG:colcon.colcon_parallel_executor.executor.parallel:run_until_complete
[0.607s] INFO:colcon.colcon_ros.task.ament_cmake.build:Building ROS package in '/home/khadas/tracking_robot_workspace/src/aruco_controller' with build type 'ament_cmake'
[0.607s] INFO:colcon.colcon_cmake.task.cmake.build:Building CMake package in '/home/khadas/tracking_robot_workspace/src/aruco_controller'
[0.613s] INFO:colcon.colcon_core.plugin_system:Skipping extension 'colcon_core.shell.bat': Not used on non-Windows systems
[0.613s] INFO:colcon.colcon_core.shell:Skip shell extension 'powershell' for command environment: Not usable outside of PowerShell
[0.613s] DEBUG:colcon.colcon_core.shell:Skip shell extension 'dsv' for command environment
[0.618s] INFO:colcon.colcon_ros.task.ament_python.build:Building ROS package in '/home/khadas/tracking_robot_workspace/src/aruco_following_controller' with build type 'ament_python'
[0.619s] Level 1:colcon.colcon_core.shell:create_environment_hook('aruco_following_controller', 'ament_prefix_path')
[0.620s] INFO:colcon.colcon_core.shell:Creating environment hook '/home/khadas/tracking_robot_workspace/install/aruco_following_controller/share/aruco_following_controller/hook/ament_prefix_path.ps1'
[0.621s] INFO:colcon.colcon_core.shell:Creating environment descriptor '/home/khadas/tracking_robot_workspace/install/aruco_following_controller/share/aruco_following_controller/hook/ament_prefix_path.dsv'
[0.622s] INFO:colcon.colcon_core.shell:Creating environment hook '/home/khadas/tracking_robot_workspace/install/aruco_following_controller/share/aruco_following_controller/hook/ament_prefix_path.sh'
[0.624s] INFO:colcon.colcon_core.shell:Skip shell extension 'powershell' for command environment: Not usable outside of PowerShell
[0.624s] DEBUG:colcon.colcon_core.shell:Skip shell extension 'dsv' for command environment
[0.628s] INFO:colcon.colcon_ros.task.ament_python.build:Building ROS package in '/home/khadas/tracking_robot_workspace/src/keyboard_control' with build type 'ament_python'
[0.629s] Level 1:colcon.colcon_core.shell:create_environment_hook('keyboard_control', 'ament_prefix_path')
[0.630s] INFO:colcon.colcon_core.shell:Creating environment hook '/home/khadas/tracking_robot_workspace/install/keyboard_control/share/keyboard_control/hook/ament_prefix_path.ps1'
[0.631s] INFO:colcon.colcon_core.shell:Creating environment descriptor '/home/khadas/tracking_robot_workspace/install/keyboard_control/share/keyboard_control/hook/ament_prefix_path.dsv'
[0.631s] INFO:colcon.colcon_core.shell:Creating environment hook '/home/khadas/tracking_robot_workspace/install/keyboard_control/share/keyboard_control/hook/ament_prefix_path.sh'
[0.633s] INFO:colcon.colcon_core.shell:Skip shell extension 'powershell' for command environment: Not usable outside of PowerShell
[0.633s] DEBUG:colcon.colcon_core.shell:Skip shell extension 'dsv' for command environment
[0.638s] INFO:colcon.colcon_ros.task.ament_cmake.build:Building ROS package in '/home/khadas/tracking_robot_workspace/src/web_video_server' with build type 'ament_cmake'
[0.638s] INFO:colcon.colcon_cmake.task.cmake.build:Building CMake package in '/home/khadas/tracking_robot_workspace/src/web_video_server'
[0.639s] INFO:colcon.colcon_core.shell:Skip shell extension 'powershell' for command environment: Not usable outside of PowerShell
[0.639s] DEBUG:colcon.colcon_core.shell:Skip shell extension 'dsv' for command environment
[0.650s] DEBUG:colcon.colcon_core.event_handler.log_command:Invoking command in '/home/khadas/tracking_robot_workspace/build/aruco_controller': CMAKE_PREFIX_PATH=/opt/ros/humble /usr/bin/cmake --build /home/khadas/tracking_robot_workspace/build/aruco_controller -- -j8 -l8
[1.034s] INFO:colcon.colcon_core.task.python.build:Building Python package in '/home/khadas/tracking_robot_workspace/src/aruco_following_controller'
[1.036s] INFO:colcon.colcon_core.shell:Skip shell extension 'powershell' for command environment: Not usable outside of PowerShell
[1.036s] DEBUG:colcon.colcon_core.shell:Skip shell extension 'dsv' for command environment
[1.422s] INFO:colcon.colcon_core.task.python.build:Building Python package in '/home/khadas/tracking_robot_workspace/src/keyboard_control'
[1.424s] INFO:colcon.colcon_core.shell:Skip shell extension 'powershell' for command environment: Not usable outside of PowerShell
[1.424s] DEBUG:colcon.colcon_core.shell:Skip shell extension 'dsv' for command environment
[1.435s] DEBUG:colcon.colcon_core.event_handler.log_command:Invoking command in '/home/khadas/tracking_robot_workspace/build/web_video_server': CMAKE_PREFIX_PATH=/opt/ros/humble /usr/bin/cmake --build /home/khadas/tracking_robot_workspace/build/web_video_server -- -j8 -l8
[1.436s] DEBUG:colcon.colcon_core.event_handler.log_command:Invoked command in '/home/khadas/tracking_robot_workspace/build/aruco_controller' returned '0': CMAKE_PREFIX_PATH=/opt/ros/humble /usr/bin/cmake --build /home/khadas/tracking_robot_workspace/build/aruco_controller -- -j8 -l8
[1.530s] DEBUG:colcon.colcon_core.event_handler.log_command:Invoking command in '/home/khadas/tracking_robot_workspace/build/aruco_controller': CMAKE_PREFIX_PATH=/opt/ros/humble /usr/bin/cmake --install /home/khadas/tracking_robot_workspace/build/aruco_controller
[1.645s] Level 1:colcon.colcon_core.environment:create_environment_scripts_only(aruco_controller)
[1.647s] DEBUG:colcon.colcon_core.event_handler.log_command:Invoked command in '/home/khadas/tracking_robot_workspace/build/aruco_controller' returned '0': CMAKE_PREFIX_PATH=/opt/ros/humble /usr/bin/cmake --install /home/khadas/tracking_robot_workspace/build/aruco_controller
[1.668s] Level 1:colcon.colcon_core.environment:checking '/home/khadas/tracking_robot_workspace/install/aruco_controller' for CMake module files
[1.671s] Level 1:colcon.colcon_core.environment:checking '/home/khadas/tracking_robot_workspace/install/aruco_controller' for CMake config files
[1.673s] Level 1:colcon.colcon_core.shell:create_environment_hook('aruco_controller', 'cmake_prefix_path')
[1.680s] INFO:colcon.colcon_core.shell:Creating environment hook '/home/khadas/tracking_robot_workspace/install/aruco_controller/share/aruco_controller/hook/cmake_prefix_path.ps1'
[1.682s] INFO:colcon.colcon_core.shell:Creating environment descriptor '/home/khadas/tracking_robot_workspace/install/aruco_controller/share/aruco_controller/hook/cmake_prefix_path.dsv'
[1.683s] INFO:colcon.colcon_core.shell:Creating environment hook '/home/khadas/tracking_robot_workspace/install/aruco_controller/share/aruco_controller/hook/cmake_prefix_path.sh'
[1.686s] Level 1:colcon.colcon_core.environment:checking '/home/khadas/tracking_robot_workspace/install/aruco_controller/lib'
[1.687s] Level 1:colcon.colcon_core.environment:checking '/home/khadas/tracking_robot_workspace/install/aruco_controller/bin'
[1.687s] Level 1:colcon.colcon_core.environment:checking '/home/khadas/tracking_robot_workspace/install/aruco_controller/lib/pkgconfig/aruco_controller.pc'
[1.689s] Level 1:colcon.colcon_core.environment:checking '/home/khadas/tracking_robot_workspace/install/aruco_controller/lib/python3.10/site-packages'
[1.689s] Level 1:colcon.colcon_core.environment:checking '/home/khadas/tracking_robot_workspace/install/aruco_controller/bin'
[1.691s] INFO:colcon.colcon_core.shell:Creating package script '/home/khadas/tracking_robot_workspace/install/aruco_controller/share/aruco_controller/package.ps1'
[1.692s] INFO:colcon.colcon_core.shell:Creating package descriptor '/home/khadas/tracking_robot_workspace/install/aruco_controller/share/aruco_controller/package.dsv'
[1.693s] INFO:colcon.colcon_core.shell:Creating package script '/home/khadas/tracking_robot_workspace/install/aruco_controller/share/aruco_controller/package.sh'
[1.694s] INFO:colcon.colcon_core.shell:Creating package script '/home/khadas/tracking_robot_workspace/install/aruco_controller/share/aruco_controller/package.bash'
[1.695s] INFO:colcon.colcon_core.shell:Creating package script '/home/khadas/tracking_robot_workspace/install/aruco_controller/share/aruco_controller/package.zsh'
[1.696s] Level 1:colcon.colcon_core.environment:create_file_with_runtime_dependencies(/home/khadas/tracking_robot_workspace/install/aruco_controller/share/colcon-core/packages/aruco_controller)
[1.761s] Level 1:colcon.colcon_core.environment:create_environment_scripts_only(aruco_controller)
[1.772s] Level 1:colcon.colcon_core.environment:checking '/home/khadas/tracking_robot_workspace/install/aruco_controller' for CMake module files
[1.774s] Level 1:colcon.colcon_core.environment:checking '/home/khadas/tracking_robot_workspace/install/aruco_controller' for CMake config files
[1.776s] Level 1:colcon.colcon_core.shell:create_environment_hook('aruco_controller', 'cmake_prefix_path')
[1.781s] INFO:colcon.colcon_core.shell:Creating environment hook '/home/khadas/tracking_robot_workspace/install/aruco_controller/share/aruco_controller/hook/cmake_prefix_path.ps1'
[1.782s] INFO:colcon.colcon_core.shell:Creating environment descriptor '/home/khadas/tracking_robot_workspace/install/aruco_controller/share/aruco_controller/hook/cmake_prefix_path.dsv'
[1.782s] INFO:colcon.colcon_core.shell:Creating environment hook '/home/khadas/tracking_robot_workspace/install/aruco_controller/share/aruco_controller/hook/cmake_prefix_path.sh'
[1.783s] Level 1:colcon.colcon_core.environment:checking '/home/khadas/tracking_robot_workspace/install/aruco_controller/lib'
[1.783s] Level 1:colcon.colcon_core.environment:checking '/home/khadas/tracking_robot_workspace/install/aruco_controller/bin'
[1.783s] Level 1:colcon.colcon_core.environment:checking '/home/khadas/tracking_robot_workspace/install/aruco_controller/lib/pkgconfig/aruco_controller.pc'
[1.784s] Level 1:colcon.colcon_core.environment:checking '/home/khadas/tracking_robot_workspace/install/aruco_controller/lib/python3.10/site-packages'
[1.784s] Level 1:colcon.colcon_core.environment:checking '/home/khadas/tracking_robot_workspace/install/aruco_controller/bin'
[1.786s] INFO:colcon.colcon_core.shell:Creating package script '/home/khadas/tracking_robot_workspace/install/aruco_controller/share/aruco_controller/package.ps1'
[1.787s] INFO:colcon.colcon_core.shell:Creating package descriptor '/home/khadas/tracking_robot_workspace/install/aruco_controller/share/aruco_controller/package.dsv'
[1.787s] INFO:colcon.colcon_core.shell:Creating package script '/home/khadas/tracking_robot_workspace/install/aruco_controller/share/aruco_controller/package.sh'
[1.788s] INFO:colcon.colcon_core.shell:Creating package script '/home/khadas/tracking_robot_workspace/install/aruco_controller/share/aruco_controller/package.bash'
[1.789s] INFO:colcon.colcon_core.shell:Creating package script '/home/khadas/tracking_robot_workspace/install/aruco_controller/share/aruco_controller/package.zsh'
[1.789s] Level 1:colcon.colcon_core.environment:create_file_with_runtime_dependencies(/home/khadas/tracking_robot_workspace/install/aruco_controller/share/colcon-core/packages/aruco_controller)
[1.793s] DEBUG:colcon.colcon_core.event_handler.log_command:Invoked command in '/home/khadas/tracking_robot_workspace/build/web_video_server' returned '0': CMAKE_PREFIX_PATH=/opt/ros/humble /usr/bin/cmake --build /home/khadas/tracking_robot_workspace/build/web_video_server -- -j8 -l8
[1.917s] DEBUG:colcon.colcon_core.event_handler.log_command:Invoking command in '/home/khadas/tracking_robot_workspace/build/web_video_server': CMAKE_PREFIX_PATH=/opt/ros/humble /usr/bin/cmake --install /home/khadas/tracking_robot_workspace/build/web_video_server
[1.966s] Level 1:colcon.colcon_core.environment:create_environment_scripts_only(web_video_server)
[1.978s] Level 1:colcon.colcon_core.environment:checking '/home/khadas/tracking_robot_workspace/install/web_video_server' for CMake module files
[1.985s] DEBUG:colcon.colcon_core.event_handler.log_command:Invoked command in '/home/khadas/tracking_robot_workspace/build/web_video_server' returned '0': CMAKE_PREFIX_PATH=/opt/ros/humble /usr/bin/cmake --install /home/khadas/tracking_robot_workspace/build/web_video_server
[1.985s] Level 1:colcon.colcon_core.environment:checking '/home/khadas/tracking_robot_workspace/install/web_video_server' for CMake config files
[1.986s] Level 1:colcon.colcon_core.shell:create_environment_hook('web_video_server', 'cmake_prefix_path')
[1.994s] INFO:colcon.colcon_core.shell:Creating environment hook '/home/khadas/tracking_robot_workspace/install/web_video_server/share/web_video_server/hook/cmake_prefix_path.ps1'
[1.996s] INFO:colcon.colcon_core.shell:Creating environment descriptor '/home/khadas/tracking_robot_workspace/install/web_video_server/share/web_video_server/hook/cmake_prefix_path.dsv'
[1.997s] INFO:colcon.colcon_core.shell:Creating environment hook '/home/khadas/tracking_robot_workspace/install/web_video_server/share/web_video_server/hook/cmake_prefix_path.sh'
[1.999s] Level 1:colcon.colcon_core.environment:checking '/home/khadas/tracking_robot_workspace/install/web_video_server/lib'
[1.999s] Level 1:colcon.colcon_core.environment:checking '/home/khadas/tracking_robot_workspace/install/web_video_server/bin'
[1.999s] Level 1:colcon.colcon_core.environment:checking '/home/khadas/tracking_robot_workspace/install/web_video_server/lib/pkgconfig/web_video_server.pc'
[2.000s] Level 1:colcon.colcon_core.environment:checking '/home/khadas/tracking_robot_workspace/install/web_video_server/lib/python3.10/site-packages'
[2.001s] Level 1:colcon.colcon_core.environment:checking '/home/khadas/tracking_robot_workspace/install/web_video_server/bin'
[2.008s] INFO:colcon.colcon_core.shell:Creating package script '/home/khadas/tracking_robot_workspace/install/web_video_server/share/web_video_server/package.ps1'
[2.009s] INFO:colcon.colcon_core.shell:Creating package descriptor '/home/khadas/tracking_robot_workspace/install/web_video_server/share/web_video_server/package.dsv'
[2.010s] INFO:colcon.colcon_core.shell:Creating package script '/home/khadas/tracking_robot_workspace/install/web_video_server/share/web_video_server/package.sh'
[2.010s] INFO:colcon.colcon_core.shell:Creating package script '/home/khadas/tracking_robot_workspace/install/web_video_server/share/web_video_server/package.bash'
[2.010s] INFO:colcon.colcon_core.shell:Creating package script '/home/khadas/tracking_robot_workspace/install/web_video_server/share/web_video_server/package.zsh'
[2.011s] Level 1:colcon.colcon_core.environment:create_file_with_runtime_dependencies(/home/khadas/tracking_robot_workspace/install/web_video_server/share/colcon-core/packages/web_video_server)
[2.018s] DEBUG:colcon.colcon_core.event_handler.log_command:Invoking command in '/home/khadas/tracking_robot_workspace/src/aruco_following_controller': PYTHONPATH=/home/khadas/tracking_robot_workspace/build/aruco_following_controller/prefix_override:/home/khadas/tracking_robot_workspace/install/aruco_following_controller/lib/python3.10/site-packages:${PYTHONPATH} /usr/bin/python3 setup.py egg_info --egg-base ../../build/aruco_following_controller build --build-base /home/khadas/tracking_robot_workspace/build/aruco_following_controller/build install --record /home/khadas/tracking_robot_workspace/build/aruco_following_controller/install.log --single-version-externally-managed
[2.020s] DEBUG:colcon.colcon_core.event_handler.log_command:Invoking command in '/home/khadas/tracking_robot_workspace/src/keyboard_control': PYTHONPATH=/home/khadas/tracking_robot_workspace/build/keyboard_control/prefix_override:/home/khadas/tracking_robot_workspace/install/keyboard_control/lib/python3.10/site-packages:${PYTHONPATH} /usr/bin/python3 setup.py egg_info --egg-base ../../build/keyboard_control build --build-base /home/khadas/tracking_robot_workspace/build/keyboard_control/build install --record /home/khadas/tracking_robot_workspace/build/keyboard_control/install.log --single-version-externally-managed
[2.129s] Level 1:colcon.colcon_core.environment:create_environment_scripts_only(web_video_server)
[2.131s] Level 1:colcon.colcon_core.environment:checking '/home/khadas/tracking_robot_workspace/install/web_video_server' for CMake module files
[2.132s] Level 1:colcon.colcon_core.environment:checking '/home/khadas/tracking_robot_workspace/install/web_video_server' for CMake config files
[2.132s] Level 1:colcon.colcon_core.shell:create_environment_hook('web_video_server', 'cmake_prefix_path')
[2.134s] INFO:colcon.colcon_core.shell:Creating environment hook '/home/khadas/tracking_robot_workspace/install/web_video_server/share/web_video_server/hook/cmake_prefix_path.ps1'
[2.135s] INFO:colcon.colcon_core.shell:Creating environment descriptor '/home/khadas/tracking_robot_workspace/install/web_video_server/share/web_video_server/hook/cmake_prefix_path.dsv'
[2.135s] INFO:colcon.colcon_core.shell:Creating environment hook '/home/khadas/tracking_robot_workspace/install/web_video_server/share/web_video_server/hook/cmake_prefix_path.sh'
[2.136s] Level 1:colcon.colcon_core.environment:checking '/home/khadas/tracking_robot_workspace/install/web_video_server/lib'
[2.136s] Level 1:colcon.colcon_core.environment:checking '/home/khadas/tracking_robot_workspace/install/web_video_server/bin'
[2.136s] Level 1:colcon.colcon_core.environment:checking '/home/khadas/tracking_robot_workspace/install/web_video_server/lib/pkgconfig/web_video_server.pc'
[2.136s] Level 1:colcon.colcon_core.environment:checking '/home/khadas/tracking_robot_workspace/install/web_video_server/lib/python3.10/site-packages'
[2.137s] Level 1:colcon.colcon_core.environment:checking '/home/khadas/tracking_robot_workspace/install/web_video_server/bin'
[2.138s] INFO:colcon.colcon_core.shell:Creating package script '/home/khadas/tracking_robot_workspace/install/web_video_server/share/web_video_server/package.ps1'
[2.139s] INFO:colcon.colcon_core.shell:Creating package descriptor '/home/khadas/tracking_robot_workspace/install/web_video_server/share/web_video_server/package.dsv'
[2.140s] INFO:colcon.colcon_core.shell:Creating package script '/home/khadas/tracking_robot_workspace/install/web_video_server/share/web_video_server/package.sh'
[2.140s] INFO:colcon.colcon_core.shell:Creating package script '/home/khadas/tracking_robot_workspace/install/web_video_server/share/web_video_server/package.bash'
[2.141s] INFO:colcon.colcon_core.shell:Creating package script '/home/khadas/tracking_robot_workspace/install/web_video_server/share/web_video_server/package.zsh'
[2.141s] Level 1:colcon.colcon_core.environment:create_file_with_runtime_dependencies(/home/khadas/tracking_robot_workspace/install/web_video_server/share/colcon-core/packages/web_video_server)
[2.462s] Level 1:colcon.colcon_core.environment:checking '/home/khadas/tracking_robot_workspace/install/keyboard_control' for CMake module files
[2.464s] DEBUG:colcon.colcon_core.event_handler.log_command:Invoked command in '/home/khadas/tracking_robot_workspace/src/keyboard_control' returned '0': PYTHONPATH=/home/khadas/tracking_robot_workspace/build/keyboard_control/prefix_override:/home/khadas/tracking_robot_workspace/install/keyboard_control/lib/python3.10/site-packages:${PYTHONPATH} /usr/bin/python3 setup.py egg_info --egg-base ../../build/keyboard_control build --build-base /home/khadas/tracking_robot_workspace/build/keyboard_control/build install --record /home/khadas/tracking_robot_workspace/build/keyboard_control/install.log --single-version-externally-managed
[2.464s] Level 1:colcon.colcon_core.environment:checking '/home/khadas/tracking_robot_workspace/install/keyboard_control' for CMake config files
[2.465s] Level 1:colcon.colcon_core.environment:checking '/home/khadas/tracking_robot_workspace/install/keyboard_control/lib'
[2.465s] Level 1:colcon.colcon_core.environment:checking '/home/khadas/tracking_robot_workspace/install/keyboard_control/bin'
[2.465s] Level 1:colcon.colcon_core.environment:checking '/home/khadas/tracking_robot_workspace/install/keyboard_control/lib/pkgconfig/keyboard_control.pc'
[2.466s] Level 1:colcon.colcon_core.environment:checking '/home/khadas/tracking_robot_workspace/install/keyboard_control/lib/python3.10/site-packages'
[2.466s] Level 1:colcon.colcon_core.shell:create_environment_hook('keyboard_control', 'pythonpath')
[2.467s] INFO:colcon.colcon_core.shell:Creating environment hook '/home/khadas/tracking_robot_workspace/install/keyboard_control/share/keyboard_control/hook/pythonpath.ps1'
[2.468s] INFO:colcon.colcon_core.shell:Creating environment descriptor '/home/khadas/tracking_robot_workspace/install/keyboard_control/share/keyboard_control/hook/pythonpath.dsv'
[2.469s] INFO:colcon.colcon_core.shell:Creating environment hook '/home/khadas/tracking_robot_workspace/install/keyboard_control/share/keyboard_control/hook/pythonpath.sh'
[2.469s] Level 1:colcon.colcon_core.environment:checking '/home/khadas/tracking_robot_workspace/install/keyboard_control/bin'
[2.469s] Level 1:colcon.colcon_core.environment:create_environment_scripts_only(keyboard_control)
[2.471s] INFO:colcon.colcon_core.shell:Creating package script '/home/khadas/tracking_robot_workspace/install/keyboard_control/share/keyboard_control/package.ps1'
[2.472s] INFO:colcon.colcon_core.shell:Creating package descriptor '/home/khadas/tracking_robot_workspace/install/keyboard_control/share/keyboard_control/package.dsv'
[2.473s] INFO:colcon.colcon_core.shell:Creating package script '/home/khadas/tracking_robot_workspace/install/keyboard_control/share/keyboard_control/package.sh'
[2.473s] INFO:colcon.colcon_core.shell:Creating package script '/home/khadas/tracking_robot_workspace/install/keyboard_control/share/keyboard_control/package.bash'
[2.473s] INFO:colcon.colcon_core.shell:Creating package script '/home/khadas/tracking_robot_workspace/install/keyboard_control/share/keyboard_control/package.zsh'
[2.474s] Level 1:colcon.colcon_core.environment:create_file_with_runtime_dependencies(/home/khadas/tracking_robot_workspace/install/keyboard_control/share/colcon-core/packages/keyboard_control)
[2.486s] Level 1:colcon.colcon_core.environment:checking '/home/khadas/tracking_robot_workspace/install/aruco_following_controller' for CMake module files
[2.487s] Level 1:colcon.colcon_core.environment:checking '/home/khadas/tracking_robot_workspace/install/aruco_following_controller' for CMake config files
[2.488s] DEBUG:colcon.colcon_core.event_handler.log_command:Invoked command in '/home/khadas/tracking_robot_workspace/src/aruco_following_controller' returned '0': PYTHONPATH=/home/khadas/tracking_robot_workspace/build/aruco_following_controller/prefix_override:/home/khadas/tracking_robot_workspace/install/aruco_following_controller/lib/python3.10/site-packages:${PYTHONPATH} /usr/bin/python3 setup.py egg_info --egg-base ../../build/aruco_following_controller build --build-base /home/khadas/tracking_robot_workspace/build/aruco_following_controller/build install --record /home/khadas/tracking_robot_workspace/build/aruco_following_controller/install.log --single-version-externally-managed
[2.489s] Level 1:colcon.colcon_core.environment:checking '/home/khadas/tracking_robot_workspace/install/aruco_following_controller/lib'
[2.489s] Level 1:colcon.colcon_core.environment:checking '/home/khadas/tracking_robot_workspace/install/aruco_following_controller/bin'
[2.489s] Level 1:colcon.colcon_core.environment:checking '/home/khadas/tracking_robot_workspace/install/aruco_following_controller/lib/pkgconfig/aruco_following_controller.pc'
[2.489s] Level 1:colcon.colcon_core.environment:checking '/home/khadas/tracking_robot_workspace/install/aruco_following_controller/lib/python3.10/site-packages'
[2.489s] Level 1:colcon.colcon_core.shell:create_environment_hook('aruco_following_controller', 'pythonpath')
[2.491s] INFO:colcon.colcon_core.shell:Creating environment hook '/home/khadas/tracking_robot_workspace/install/aruco_following_controller/share/aruco_following_controller/hook/pythonpath.ps1'
[2.491s] INFO:colcon.colcon_core.shell:Creating environment descriptor '/home/khadas/tracking_robot_workspace/install/aruco_following_controller/share/aruco_following_controller/hook/pythonpath.dsv'
[2.492s] INFO:colcon.colcon_core.shell:Creating environment hook '/home/khadas/tracking_robot_workspace/install/aruco_following_controller/share/aruco_following_controller/hook/pythonpath.sh'
[2.493s] Level 1:colcon.colcon_core.environment:checking '/home/khadas/tracking_robot_workspace/install/aruco_following_controller/bin'
[2.493s] Level 1:colcon.colcon_core.environment:create_environment_scripts_only(aruco_following_controller)
[2.494s] INFO:colcon.colcon_core.shell:Creating package script '/home/khadas/tracking_robot_workspace/install/aruco_following_controller/share/aruco_following_controller/package.ps1'
[2.495s] INFO:colcon.colcon_core.shell:Creating package descriptor '/home/khadas/tracking_robot_workspace/install/aruco_following_controller/share/aruco_following_controller/package.dsv'
[2.495s] INFO:colcon.colcon_core.shell:Creating package script '/home/khadas/tracking_robot_workspace/install/aruco_following_controller/share/aruco_following_controller/package.sh'
[2.496s] INFO:colcon.colcon_core.shell:Creating package script '/home/khadas/tracking_robot_workspace/install/aruco_following_controller/share/aruco_following_controller/package.bash'
[2.496s] INFO:colcon.colcon_core.shell:Creating package script '/home/khadas/tracking_robot_workspace/install/aruco_following_controller/share/aruco_following_controller/package.zsh'
[2.497s] Level 1:colcon.colcon_core.environment:create_file_with_runtime_dependencies(/home/khadas/tracking_robot_workspace/install/aruco_following_controller/share/colcon-core/packages/aruco_following_controller)
[2.497s] DEBUG:colcon.colcon_parallel_executor.executor.parallel:closing loop
[2.497s] DEBUG:colcon.colcon_parallel_executor.executor.parallel:loop closed
[2.497s] DEBUG:colcon.colcon_parallel_executor.executor.parallel:run_until_complete finished with '0'
[2.497s] DEBUG:colcon.colcon_core.event_reactor:joining thread
[2.516s] INFO:colcon.colcon_core.plugin_system:Skipping extension 'colcon_notification.desktop_notification.terminal_notifier': Not used on non-Darwin systems
[2.517s] INFO:colcon.colcon_core.plugin_system:Skipping extension 'colcon_notification.desktop_notification.win32': Not used on non-Windows systems
[2.517s] INFO:colcon.colcon_notification.desktop_notification:Sending desktop notification using 'notify2'
[2.518s] DEBUG:colcon.colcon_notification.desktop_notification.notify2:Failed to initialize notify2: org.freedesktop.DBus.Error.ServiceUnknown: The name org.freedesktop.Notifications was not provided by any .service files
[2.518s] DEBUG:colcon.colcon_core.event_reactor:joined thread
[2.520s] INFO:colcon.colcon_core.shell:Creating prefix script '/home/khadas/tracking_robot_workspace/install/local_setup.ps1'
[2.522s] INFO:colcon.colcon_core.shell:Creating prefix util module '/home/khadas/tracking_robot_workspace/install/_local_setup_util_ps1.py'
[2.523s] INFO:colcon.colcon_core.shell:Creating prefix chain script '/home/khadas/tracking_robot_workspace/install/setup.ps1'
[2.525s] INFO:colcon.colcon_core.shell:Creating prefix script '/home/khadas/tracking_robot_workspace/install/local_setup.sh'
[2.526s] INFO:colcon.colcon_core.shell:Creating prefix util module '/home/khadas/tracking_robot_workspace/install/_local_setup_util_sh.py'
[2.526s] INFO:colcon.colcon_core.shell:Creating prefix chain script '/home/khadas/tracking_robot_workspace/install/setup.sh'
[2.528s] INFO:colcon.colcon_core.shell:Creating prefix script '/home/khadas/tracking_robot_workspace/install/local_setup.bash'
[2.529s] INFO:colcon.colcon_core.shell:Creating prefix chain script '/home/khadas/tracking_robot_workspace/install/setup.bash'
[2.530s] INFO:colcon.colcon_core.shell:Creating prefix script '/home/khadas/tracking_robot_workspace/install/local_setup.zsh'
[2.531s] INFO:colcon.colcon_core.shell:Creating prefix chain script '/home/khadas/tracking_robot_workspace/install/setup.zsh'
