[0.476s] DEBUG:colcon:Command line arguments: ['/usr/bin/colcon', 'build']
[0.476s] DEBUG:colcon:Parsed command line arguments: Namespace(log_base=None, log_level=None, verb_name='build', build_base='build', install_base='install', merge_install=False, symlink_install=False, test_result_base=None, continue_on_error=False, executor='parallel', parallel_workers=6, event_handlers=None, ignore_user_meta=False, metas=['./colcon.meta'], base_paths=['.'], packages_ignore=None, packages_ignore_regex=None, paths=None, packages_up_to=None, packages_up_to_regex=None, packages_above=None, packages_above_and_dependencies=None, packages_above_depth=None, packages_select_by_dep=None, packages_skip_by_dep=None, packages_skip_up_to=None, packages_select_build_failed=False, packages_skip_build_finished=False, packages_select_test_failures=False, packages_skip_test_passed=False, packages_select=None, packages_skip=None, packages_select_regex=None, packages_skip_regex=None, packages_start=None, packages_end=None, allow_overriding=[], cmake_args=None, cmake_target=None, cmake_target_skip_unavailable=False, cmake_clean_cache=False, cmake_clean_first=False, cmake_force_configure=False, ament_cmake_args=None, catkin_cmake_args=None, catkin_skip_building_tests=False, verb_parser=<colcon_defaults.argument_parser.defaults.DefaultArgumentsDecorator object at 0xffffa8a3c8e0>, verb_extension=<colcon_core.verb.build.BuildVerb object at 0xffffa8a3c1c0>, main=<bound method BuildVerb.main of <colcon_core.verb.build.BuildVerb object at 0xffffa8a3c1c0>>)
[0.509s] Level 1:colcon.colcon_core.package_discovery:discover_packages(colcon_meta) check parameters
[0.509s] Level 1:colcon.colcon_core.package_discovery:discover_packages(recursive) check parameters
[0.509s] Level 1:colcon.colcon_core.package_discovery:discover_packages(ignore) check parameters
[0.509s] Level 1:colcon.colcon_core.package_discovery:discover_packages(path) check parameters
[0.509s] Level 1:colcon.colcon_core.package_discovery:discover_packages(colcon_meta) discover
[0.509s] Level 1:colcon.colcon_core.package_discovery:discover_packages(recursive) discover
[0.509s] INFO:colcon.colcon_core.package_discovery:Crawling recursively for packages in '/home/parallels/robotics-2110435/robot_ws/src'
[0.509s] Level 1:colcon.colcon_core.package_identification:_identify(.) by extensions ['ignore', 'ignore_ament_install']
[0.509s] Level 1:colcon.colcon_core.package_identification:_identify(.) by extension 'ignore'
[0.509s] Level 1:colcon.colcon_core.package_identification:_identify(.) by extension 'ignore_ament_install'
[0.510s] Level 1:colcon.colcon_core.package_identification:_identify(.) by extensions ['colcon_pkg']
[0.510s] Level 1:colcon.colcon_core.package_identification:_identify(.) by extension 'colcon_pkg'
[0.510s] Level 1:colcon.colcon_core.package_identification:_identify(.) by extensions ['colcon_meta']
[0.510s] Level 1:colcon.colcon_core.package_identification:_identify(.) by extension 'colcon_meta'
[0.510s] Level 1:colcon.colcon_core.package_identification:_identify(.) by extensions ['ros']
[0.510s] Level 1:colcon.colcon_core.package_identification:_identify(.) by extension 'ros'
[0.516s] Level 1:colcon.colcon_core.package_identification:_identify(.) by extensions ['cmake', 'python']
[0.516s] Level 1:colcon.colcon_core.package_identification:_identify(.) by extension 'cmake'
[0.516s] Level 1:colcon.colcon_core.package_identification:_identify(.) by extension 'python'
[0.516s] Level 1:colcon.colcon_core.package_identification:_identify(.) by extensions ['python_setup_py']
[0.516s] Level 1:colcon.colcon_core.package_identification:_identify(.) by extension 'python_setup_py'
[0.516s] Level 1:colcon.colcon_core.package_identification:_identify(build) by extensions ['ignore', 'ignore_ament_install']
[0.516s] Level 1:colcon.colcon_core.package_identification:_identify(build) by extension 'ignore'
[0.516s] Level 1:colcon.colcon_core.package_identification:_identify(build) ignored
[0.516s] Level 1:colcon.colcon_core.package_identification:_identify(install) by extensions ['ignore', 'ignore_ament_install']
[0.516s] Level 1:colcon.colcon_core.package_identification:_identify(install) by extension 'ignore'
[0.517s] Level 1:colcon.colcon_core.package_identification:_identify(install) ignored
[0.517s] Level 1:colcon.colcon_core.package_identification:_identify(log) by extensions ['ignore', 'ignore_ament_install']
[0.517s] Level 1:colcon.colcon_core.package_identification:_identify(log) by extension 'ignore'
[0.517s] Level 1:colcon.colcon_core.package_identification:_identify(log) ignored
[0.517s] Level 1:colcon.colcon_core.package_identification:_identify(ros2_aruco) by extensions ['ignore', 'ignore_ament_install']
[0.517s] Level 1:colcon.colcon_core.package_identification:_identify(ros2_aruco) by extension 'ignore'
[0.517s] Level 1:colcon.colcon_core.package_identification:_identify(ros2_aruco) by extension 'ignore_ament_install'
[0.517s] Level 1:colcon.colcon_core.package_identification:_identify(ros2_aruco) by extensions ['colcon_pkg']
[0.517s] Level 1:colcon.colcon_core.package_identification:_identify(ros2_aruco) by extension 'colcon_pkg'
[0.517s] Level 1:colcon.colcon_core.package_identification:_identify(ros2_aruco) by extensions ['colcon_meta']
[0.517s] Level 1:colcon.colcon_core.package_identification:_identify(ros2_aruco) by extension 'colcon_meta'
[0.517s] Level 1:colcon.colcon_core.package_identification:_identify(ros2_aruco) by extensions ['ros']
[0.517s] Level 1:colcon.colcon_core.package_identification:_identify(ros2_aruco) by extension 'ros'
[0.517s] Level 1:colcon.colcon_core.package_identification:_identify(ros2_aruco) by extensions ['cmake', 'python']
[0.517s] Level 1:colcon.colcon_core.package_identification:_identify(ros2_aruco) by extension 'cmake'
[0.517s] Level 1:colcon.colcon_core.package_identification:_identify(ros2_aruco) by extension 'python'
[0.517s] Level 1:colcon.colcon_core.package_identification:_identify(ros2_aruco) by extensions ['python_setup_py']
[0.517s] Level 1:colcon.colcon_core.package_identification:_identify(ros2_aruco) by extension 'python_setup_py'
[0.517s] Level 1:colcon.colcon_core.package_identification:_identify(ros2_aruco/ros2_aruco) by extensions ['ignore', 'ignore_ament_install']
[0.517s] Level 1:colcon.colcon_core.package_identification:_identify(ros2_aruco/ros2_aruco) by extension 'ignore'
[0.517s] Level 1:colcon.colcon_core.package_identification:_identify(ros2_aruco/ros2_aruco) by extension 'ignore_ament_install'
[0.517s] Level 1:colcon.colcon_core.package_identification:_identify(ros2_aruco/ros2_aruco) by extensions ['colcon_pkg']
[0.517s] Level 1:colcon.colcon_core.package_identification:_identify(ros2_aruco/ros2_aruco) by extension 'colcon_pkg'
[0.517s] Level 1:colcon.colcon_core.package_identification:_identify(ros2_aruco/ros2_aruco) by extensions ['colcon_meta']
[0.517s] Level 1:colcon.colcon_core.package_identification:_identify(ros2_aruco/ros2_aruco) by extension 'colcon_meta'
[0.517s] Level 1:colcon.colcon_core.package_identification:_identify(ros2_aruco/ros2_aruco) by extensions ['ros']
[0.517s] Level 1:colcon.colcon_core.package_identification:_identify(ros2_aruco/ros2_aruco) by extension 'ros'
[0.519s] DEBUG:colcon.colcon_core.package_identification:Package 'ros2_aruco/ros2_aruco' with type 'ros.ament_python' and name 'ros2_aruco'
[0.519s] Level 1:colcon.colcon_core.package_identification:_identify(ros2_aruco/ros2_aruco_interfaces) by extensions ['ignore', 'ignore_ament_install']
[0.519s] Level 1:colcon.colcon_core.package_identification:_identify(ros2_aruco/ros2_aruco_interfaces) by extension 'ignore'
[0.519s] Level 1:colcon.colcon_core.package_identification:_identify(ros2_aruco/ros2_aruco_interfaces) by extension 'ignore_ament_install'
[0.519s] Level 1:colcon.colcon_core.package_identification:_identify(ros2_aruco/ros2_aruco_interfaces) by extensions ['colcon_pkg']
[0.519s] Level 1:colcon.colcon_core.package_identification:_identify(ros2_aruco/ros2_aruco_interfaces) by extension 'colcon_pkg'
[0.519s] Level 1:colcon.colcon_core.package_identification:_identify(ros2_aruco/ros2_aruco_interfaces) by extensions ['colcon_meta']
[0.519s] Level 1:colcon.colcon_core.package_identification:_identify(ros2_aruco/ros2_aruco_interfaces) by extension 'colcon_meta'
[0.519s] Level 1:colcon.colcon_core.package_identification:_identify(ros2_aruco/ros2_aruco_interfaces) by extensions ['ros']
[0.519s] Level 1:colcon.colcon_core.package_identification:_identify(ros2_aruco/ros2_aruco_interfaces) by extension 'ros'
[0.519s] DEBUG:colcon.colcon_core.package_identification:Package 'ros2_aruco/ros2_aruco_interfaces' with type 'ros.ament_cmake' and name 'ros2_aruco_interfaces'
[0.519s] Level 1:colcon.colcon_core.package_identification:_identify(turtle_pkg) by extensions ['ignore', 'ignore_ament_install']
[0.519s] Level 1:colcon.colcon_core.package_identification:_identify(turtle_pkg) by extension 'ignore'
[0.519s] Level 1:colcon.colcon_core.package_identification:_identify(turtle_pkg) by extension 'ignore_ament_install'
[0.519s] Level 1:colcon.colcon_core.package_identification:_identify(turtle_pkg) by extensions ['colcon_pkg']
[0.520s] Level 1:colcon.colcon_core.package_identification:_identify(turtle_pkg) by extension 'colcon_pkg'
[0.520s] Level 1:colcon.colcon_core.package_identification:_identify(turtle_pkg) by extensions ['colcon_meta']
[0.520s] Level 1:colcon.colcon_core.package_identification:_identify(turtle_pkg) by extension 'colcon_meta'
[0.520s] Level 1:colcon.colcon_core.package_identification:_identify(turtle_pkg) by extensions ['ros']
[0.520s] Level 1:colcon.colcon_core.package_identification:_identify(turtle_pkg) by extension 'ros'
[0.520s] DEBUG:colcon.colcon_core.package_identification:Package 'turtle_pkg' with type 'ros.ament_python' and name 'turtle_pkg'
[0.520s] Level 1:colcon.colcon_core.package_identification:_identify(turtle_square_stm) by extensions ['ignore', 'ignore_ament_install']
[0.520s] Level 1:colcon.colcon_core.package_identification:_identify(turtle_square_stm) by extension 'ignore'
[0.520s] Level 1:colcon.colcon_core.package_identification:_identify(turtle_square_stm) by extension 'ignore_ament_install'
[0.520s] Level 1:colcon.colcon_core.package_identification:_identify(turtle_square_stm) by extensions ['colcon_pkg']
[0.520s] Level 1:colcon.colcon_core.package_identification:_identify(turtle_square_stm) by extension 'colcon_pkg'
[0.520s] Level 1:colcon.colcon_core.package_identification:_identify(turtle_square_stm) by extensions ['colcon_meta']
[0.520s] Level 1:colcon.colcon_core.package_identification:_identify(turtle_square_stm) by extension 'colcon_meta'
[0.520s] Level 1:colcon.colcon_core.package_identification:_identify(turtle_square_stm) by extensions ['ros']
[0.520s] Level 1:colcon.colcon_core.package_identification:_identify(turtle_square_stm) by extension 'ros'
[0.521s] DEBUG:colcon.colcon_core.package_identification:Package 'turtle_square_stm' with type 'ros.ament_python' and name 'turtle_square'
[0.521s] Level 1:colcon.colcon_core.package_discovery:discover_packages(recursive) using defaults
[0.521s] Level 1:colcon.colcon_core.package_discovery:discover_packages(ignore) discover
[0.521s] Level 1:colcon.colcon_core.package_discovery:discover_packages(ignore) using defaults
[0.521s] Level 1:colcon.colcon_core.package_discovery:discover_packages(path) discover
[0.521s] Level 1:colcon.colcon_core.package_discovery:discover_packages(path) using defaults
[0.566s] Level 1:colcon.colcon_core.package_discovery:discover_packages(prefix_path) check parameters
[0.566s] Level 1:colcon.colcon_core.package_discovery:discover_packages(prefix_path) discover
[0.581s] DEBUG:colcon.colcon_installed_package_information.package_discovery:Found 2 installed packages in /home/parallels/robotics-2110435/robot_ws/install
[0.587s] DEBUG:colcon.colcon_installed_package_information.package_discovery:Found 1 installed packages in /home/parallels/my_robot_ws/install
[0.594s] DEBUG:colcon.colcon_installed_package_information.package_discovery:Found 307 installed packages in /opt/ros/humble
[0.595s] Level 1:colcon.colcon_core.package_discovery:discover_packages(prefix_path) using defaults
[0.646s] Level 5:colcon.colcon_core.verb:set package 'ros2_aruco' build argument 'cmake_args' from command line to 'None'
[0.646s] Level 5:colcon.colcon_core.verb:set package 'ros2_aruco' build argument 'cmake_target' from command line to 'None'
[0.646s] Level 5:colcon.colcon_core.verb:set package 'ros2_aruco' build argument 'cmake_target_skip_unavailable' from command line to 'False'
[0.646s] Level 5:colcon.colcon_core.verb:set package 'ros2_aruco' build argument 'cmake_clean_cache' from command line to 'False'
[0.646s] Level 5:colcon.colcon_core.verb:set package 'ros2_aruco' build argument 'cmake_clean_first' from command line to 'False'
[0.646s] Level 5:colcon.colcon_core.verb:set package 'ros2_aruco' build argument 'cmake_force_configure' from command line to 'False'
[0.646s] Level 5:colcon.colcon_core.verb:set package 'ros2_aruco' build argument 'ament_cmake_args' from command line to 'None'
[0.646s] Level 5:colcon.colcon_core.verb:set package 'ros2_aruco' build argument 'catkin_cmake_args' from command line to 'None'
[0.646s] Level 5:colcon.colcon_core.verb:set package 'ros2_aruco' build argument 'catkin_skip_building_tests' from command line to 'False'
[0.646s] DEBUG:colcon.colcon_core.verb:Building package 'ros2_aruco' with the following arguments: {'ament_cmake_args': None, 'build_base': '/home/parallels/robotics-2110435/robot_ws/src/build/ros2_aruco', 'catkin_cmake_args': None, 'catkin_skip_building_tests': False, 'cmake_args': None, 'cmake_clean_cache': False, 'cmake_clean_first': False, 'cmake_force_configure': False, 'cmake_target': None, 'cmake_target_skip_unavailable': False, 'install_base': '/home/parallels/robotics-2110435/robot_ws/src/install/ros2_aruco', 'merge_install': False, 'path': '/home/parallels/robotics-2110435/robot_ws/src/ros2_aruco/ros2_aruco', 'symlink_install': False, 'test_result_base': None}
[0.652s] Level 5:colcon.colcon_core.verb:set package 'ros2_aruco_interfaces' build argument 'cmake_args' from command line to 'None'
[0.652s] Level 5:colcon.colcon_core.verb:set package 'ros2_aruco_interfaces' build argument 'cmake_target' from command line to 'None'
[0.652s] Level 5:colcon.colcon_core.verb:set package 'ros2_aruco_interfaces' build argument 'cmake_target_skip_unavailable' from command line to 'False'
[0.652s] Level 5:colcon.colcon_core.verb:set package 'ros2_aruco_interfaces' build argument 'cmake_clean_cache' from command line to 'False'
[0.652s] Level 5:colcon.colcon_core.verb:set package 'ros2_aruco_interfaces' build argument 'cmake_clean_first' from command line to 'False'
[0.652s] Level 5:colcon.colcon_core.verb:set package 'ros2_aruco_interfaces' build argument 'cmake_force_configure' from command line to 'False'
[0.652s] Level 5:colcon.colcon_core.verb:set package 'ros2_aruco_interfaces' build argument 'ament_cmake_args' from command line to 'None'
[0.652s] Level 5:colcon.colcon_core.verb:set package 'ros2_aruco_interfaces' build argument 'catkin_cmake_args' from command line to 'None'
[0.652s] Level 5:colcon.colcon_core.verb:set package 'ros2_aruco_interfaces' build argument 'catkin_skip_building_tests' from command line to 'False'
[0.652s] DEBUG:colcon.colcon_core.verb:Building package 'ros2_aruco_interfaces' with the following arguments: {'ament_cmake_args': None, 'build_base': '/home/parallels/robotics-2110435/robot_ws/src/build/ros2_aruco_interfaces', 'catkin_cmake_args': None, 'catkin_skip_building_tests': False, 'cmake_args': None, 'cmake_clean_cache': False, 'cmake_clean_first': False, 'cmake_force_configure': False, 'cmake_target': None, 'cmake_target_skip_unavailable': False, 'install_base': '/home/parallels/robotics-2110435/robot_ws/src/install/ros2_aruco_interfaces', 'merge_install': False, 'path': '/home/parallels/robotics-2110435/robot_ws/src/ros2_aruco/ros2_aruco_interfaces', 'symlink_install': False, 'test_result_base': None}
[0.658s] Level 5:colcon.colcon_core.verb:set package 'turtle_pkg' build argument 'cmake_args' from command line to 'None'
[0.658s] Level 5:colcon.colcon_core.verb:set package 'turtle_pkg' build argument 'cmake_target' from command line to 'None'
[0.658s] Level 5:colcon.colcon_core.verb:set package 'turtle_pkg' build argument 'cmake_target_skip_unavailable' from command line to 'False'
[0.658s] Level 5:colcon.colcon_core.verb:set package 'turtle_pkg' build argument 'cmake_clean_cache' from command line to 'False'
[0.658s] Level 5:colcon.colcon_core.verb:set package 'turtle_pkg' build argument 'cmake_clean_first' from command line to 'False'
[0.658s] Level 5:colcon.colcon_core.verb:set package 'turtle_pkg' build argument 'cmake_force_configure' from command line to 'False'
[0.658s] Level 5:colcon.colcon_core.verb:set package 'turtle_pkg' build argument 'ament_cmake_args' from command line to 'None'
[0.658s] Level 5:colcon.colcon_core.verb:set package 'turtle_pkg' build argument 'catkin_cmake_args' from command line to 'None'
[0.658s] Level 5:colcon.colcon_core.verb:set package 'turtle_pkg' build argument 'catkin_skip_building_tests' from command line to 'False'
[0.658s] DEBUG:colcon.colcon_core.verb:Building package 'turtle_pkg' with the following arguments: {'ament_cmake_args': None, 'build_base': '/home/parallels/robotics-2110435/robot_ws/src/build/turtle_pkg', 'catkin_cmake_args': None, 'catkin_skip_building_tests': False, 'cmake_args': None, 'cmake_clean_cache': False, 'cmake_clean_first': False, 'cmake_force_configure': False, 'cmake_target': None, 'cmake_target_skip_unavailable': False, 'install_base': '/home/parallels/robotics-2110435/robot_ws/src/install/turtle_pkg', 'merge_install': False, 'path': '/home/parallels/robotics-2110435/robot_ws/src/turtle_pkg', 'symlink_install': False, 'test_result_base': None}
[0.664s] Level 5:colcon.colcon_core.verb:set package 'turtle_square' build argument 'cmake_args' from command line to 'None'
[0.665s] Level 5:colcon.colcon_core.verb:set package 'turtle_square' build argument 'cmake_target' from command line to 'None'
[0.665s] Level 5:colcon.colcon_core.verb:set package 'turtle_square' build argument 'cmake_target_skip_unavailable' from command line to 'False'
[0.665s] Level 5:colcon.colcon_core.verb:set package 'turtle_square' build argument 'cmake_clean_cache' from command line to 'False'
[0.665s] Level 5:colcon.colcon_core.verb:set package 'turtle_square' build argument 'cmake_clean_first' from command line to 'False'
[0.665s] Level 5:colcon.colcon_core.verb:set package 'turtle_square' build argument 'cmake_force_configure' from command line to 'False'
[0.665s] Level 5:colcon.colcon_core.verb:set package 'turtle_square' build argument 'ament_cmake_args' from command line to 'None'
[0.665s] Level 5:colcon.colcon_core.verb:set package 'turtle_square' build argument 'catkin_cmake_args' from command line to 'None'
[0.665s] Level 5:colcon.colcon_core.verb:set package 'turtle_square' build argument 'catkin_skip_building_tests' from command line to 'False'
[0.665s] DEBUG:colcon.colcon_core.verb:Building package 'turtle_square' with the following arguments: {'ament_cmake_args': None, 'build_base': '/home/parallels/robotics-2110435/robot_ws/src/build/turtle_square', 'catkin_cmake_args': None, 'catkin_skip_building_tests': False, 'cmake_args': None, 'cmake_clean_cache': False, 'cmake_clean_first': False, 'cmake_force_configure': False, 'cmake_target': None, 'cmake_target_skip_unavailable': False, 'install_base': '/home/parallels/robotics-2110435/robot_ws/src/install/turtle_square', 'merge_install': False, 'path': '/home/parallels/robotics-2110435/robot_ws/src/turtle_square_stm', 'symlink_install': False, 'test_result_base': None}
[0.671s] INFO:colcon.colcon_core.executor:Executing jobs using 'parallel' executor
[0.677s] DEBUG:colcon.colcon_parallel_executor.executor.parallel:run_until_complete
[0.677s] INFO:colcon.colcon_ros.task.ament_python.build:Building ROS package in '/home/parallels/robotics-2110435/robot_ws/src/ros2_aruco/ros2_aruco' with build type 'ament_python'
[0.677s] Level 1:colcon.colcon_core.shell:create_environment_hook('ros2_aruco', 'ament_prefix_path')
[0.686s] INFO:colcon.colcon_core.plugin_system:Skipping extension 'colcon_core.shell.bat': Not used on non-Windows systems
[0.686s] INFO:colcon.colcon_core.shell:Creating environment hook '/home/parallels/robotics-2110435/robot_ws/src/install/ros2_aruco/share/ros2_aruco/hook/ament_prefix_path.ps1'
[0.687s] INFO:colcon.colcon_core.shell:Creating environment descriptor '/home/parallels/robotics-2110435/robot_ws/src/install/ros2_aruco/share/ros2_aruco/hook/ament_prefix_path.dsv'
[0.687s] INFO:colcon.colcon_core.shell:Creating environment hook '/home/parallels/robotics-2110435/robot_ws/src/install/ros2_aruco/share/ros2_aruco/hook/ament_prefix_path.sh'
[0.694s] INFO:colcon.colcon_core.shell:Skip shell extension 'powershell' for command environment: Not usable outside of PowerShell
[0.694s] DEBUG:colcon.colcon_core.shell:Skip shell extension 'dsv' for command environment
[0.723s] INFO:colcon.colcon_ros.task.ament_cmake.build:Building ROS package in '/home/parallels/robotics-2110435/robot_ws/src/ros2_aruco/ros2_aruco_interfaces' with build type 'ament_cmake'
[0.723s] INFO:colcon.colcon_cmake.task.cmake.build:Building CMake package in '/home/parallels/robotics-2110435/robot_ws/src/ros2_aruco/ros2_aruco_interfaces'
[0.730s] INFO:colcon.colcon_core.shell:Skip shell extension 'powershell' for command environment: Not usable outside of PowerShell
[0.730s] DEBUG:colcon.colcon_core.shell:Skip shell extension 'dsv' for command environment
[0.757s] INFO:colcon.colcon_ros.task.ament_python.build:Building ROS package in '/home/parallels/robotics-2110435/robot_ws/src/turtle_pkg' with build type 'ament_python'
[0.757s] Level 1:colcon.colcon_core.shell:create_environment_hook('turtle_pkg', 'ament_prefix_path')
[0.764s] INFO:colcon.colcon_core.shell:Creating environment hook '/home/parallels/robotics-2110435/robot_ws/src/install/turtle_pkg/share/turtle_pkg/hook/ament_prefix_path.ps1'
[0.765s] INFO:colcon.colcon_core.shell:Creating environment descriptor '/home/parallels/robotics-2110435/robot_ws/src/install/turtle_pkg/share/turtle_pkg/hook/ament_prefix_path.dsv'
[0.765s] INFO:colcon.colcon_core.shell:Creating environment hook '/home/parallels/robotics-2110435/robot_ws/src/install/turtle_pkg/share/turtle_pkg/hook/ament_prefix_path.sh'
[0.772s] INFO:colcon.colcon_core.shell:Skip shell extension 'powershell' for command environment: Not usable outside of PowerShell
[0.772s] DEBUG:colcon.colcon_core.shell:Skip shell extension 'dsv' for command environment
[0.800s] INFO:colcon.colcon_ros.task.ament_python.build:Building ROS package in '/home/parallels/robotics-2110435/robot_ws/src/turtle_square_stm' with build type 'ament_python'
[0.801s] Level 1:colcon.colcon_core.shell:create_environment_hook('turtle_square', 'ament_prefix_path')
[0.807s] INFO:colcon.colcon_core.shell:Creating environment hook '/home/parallels/robotics-2110435/robot_ws/src/install/turtle_square/share/turtle_square/hook/ament_prefix_path.ps1'
[0.807s] INFO:colcon.colcon_core.shell:Creating environment descriptor '/home/parallels/robotics-2110435/robot_ws/src/install/turtle_square/share/turtle_square/hook/ament_prefix_path.dsv'
[0.807s] INFO:colcon.colcon_core.shell:Creating environment hook '/home/parallels/robotics-2110435/robot_ws/src/install/turtle_square/share/turtle_square/hook/ament_prefix_path.sh'
[0.814s] INFO:colcon.colcon_core.shell:Skip shell extension 'powershell' for command environment: Not usable outside of PowerShell
[0.815s] DEBUG:colcon.colcon_core.shell:Skip shell extension 'dsv' for command environment
[0.981s] INFO:colcon.colcon_core.task.python.build:Building Python package in '/home/parallels/robotics-2110435/robot_ws/src/ros2_aruco/ros2_aruco'
[0.991s] INFO:colcon.colcon_core.shell:Skip shell extension 'powershell' for command environment: Not usable outside of PowerShell
[0.991s] DEBUG:colcon.colcon_core.shell:Skip shell extension 'dsv' for command environment
[1.023s] DEBUG:colcon.colcon_core.event_handler.log_command:Invoking command in '/home/parallels/robotics-2110435/robot_ws/src/build/ros2_aruco_interfaces': CMAKE_PREFIX_PATH=/home/parallels/robotics-2110435/robot_ws/install/turtle_square:/home/parallels/robotics-2110435/robot_ws/install/turtle_pkg:/home/parallels/my_robot_ws/install/my_py_pkg:/opt/ros/humble /usr/bin/cmake /home/parallels/robotics-2110435/robot_ws/src/ros2_aruco/ros2_aruco_interfaces -DCMAKE_INSTALL_PREFIX=/home/parallels/robotics-2110435/robot_ws/src/install/ros2_aruco_interfaces
[1.168s] INFO:colcon.colcon_core.task.python.build:Building Python package in '/home/parallels/robotics-2110435/robot_ws/src/turtle_pkg'
[1.175s] INFO:colcon.colcon_core.shell:Skip shell extension 'powershell' for command environment: Not usable outside of PowerShell
[1.175s] DEBUG:colcon.colcon_core.shell:Skip shell extension 'dsv' for command environment
[1.339s] INFO:colcon.colcon_core.task.python.build:Building Python package in '/home/parallels/robotics-2110435/robot_ws/src/turtle_square_stm'
[1.346s] INFO:colcon.colcon_core.shell:Skip shell extension 'powershell' for command environment: Not usable outside of PowerShell
[1.346s] DEBUG:colcon.colcon_core.shell:Skip shell extension 'dsv' for command environment
[1.641s] DEBUG:colcon.colcon_core.event_handler.log_command:Invoking command in '/home/parallels/robotics-2110435/robot_ws/src/turtle_square_stm': PYTHONPATH=/home/parallels/robotics-2110435/robot_ws/src/build/turtle_square/prefix_override:/home/parallels/robotics-2110435/robot_ws/src/install/turtle_square/lib/python3.10/site-packages:${PYTHONPATH} /usr/bin/python3 setup.py egg_info --egg-base ../build/turtle_square build --build-base /home/parallels/robotics-2110435/robot_ws/src/build/turtle_square/build install --record /home/parallels/robotics-2110435/robot_ws/src/build/turtle_square/install.log --single-version-externally-managed
[1.644s] DEBUG:colcon.colcon_core.event_handler.log_command:Invoking command in '/home/parallels/robotics-2110435/robot_ws/src/ros2_aruco/ros2_aruco': PYTHONPATH=/home/parallels/robotics-2110435/robot_ws/src/build/ros2_aruco/prefix_override:/home/parallels/robotics-2110435/robot_ws/src/install/ros2_aruco/lib/python3.10/site-packages:${PYTHONPATH} /usr/bin/python3 setup.py egg_info --egg-base ../../build/ros2_aruco build --build-base /home/parallels/robotics-2110435/robot_ws/src/build/ros2_aruco/build install --record /home/parallels/robotics-2110435/robot_ws/src/build/ros2_aruco/install.log --single-version-externally-managed
[1.646s] DEBUG:colcon.colcon_core.event_handler.log_command:Invoking command in '/home/parallels/robotics-2110435/robot_ws/src/turtle_pkg': PYTHONPATH=/home/parallels/robotics-2110435/robot_ws/src/build/turtle_pkg/prefix_override:/home/parallels/robotics-2110435/robot_ws/src/install/turtle_pkg/lib/python3.10/site-packages:${PYTHONPATH} /usr/bin/python3 setup.py egg_info --egg-base ../build/turtle_pkg build --build-base /home/parallels/robotics-2110435/robot_ws/src/build/turtle_pkg/build install --record /home/parallels/robotics-2110435/robot_ws/src/build/turtle_pkg/install.log --single-version-externally-managed
[1.802s] DEBUG:colcon.colcon_core.event_handler.log_command:Invoked command in '/home/parallels/robotics-2110435/robot_ws/src/turtle_square_stm' returned '0': PYTHONPATH=/home/parallels/robotics-2110435/robot_ws/src/build/turtle_square/prefix_override:/home/parallels/robotics-2110435/robot_ws/src/install/turtle_square/lib/python3.10/site-packages:${PYTHONPATH} /usr/bin/python3 setup.py egg_info --egg-base ../build/turtle_square build --build-base /home/parallels/robotics-2110435/robot_ws/src/build/turtle_square/build install --record /home/parallels/robotics-2110435/robot_ws/src/build/turtle_square/install.log --single-version-externally-managed
[1.813s] Level 1:colcon.colcon_core.environment:checking '/home/parallels/robotics-2110435/robot_ws/src/install/turtle_square' for CMake module files
[1.813s] Level 1:colcon.colcon_core.environment:checking '/home/parallels/robotics-2110435/robot_ws/src/install/turtle_square' for CMake config files
[1.814s] Level 1:colcon.colcon_core.environment:checking '/home/parallels/robotics-2110435/robot_ws/src/install/turtle_square/lib'
[1.814s] Level 1:colcon.colcon_core.environment:checking '/home/parallels/robotics-2110435/robot_ws/src/install/turtle_square/bin'
[1.814s] Level 1:colcon.colcon_core.environment:checking '/home/parallels/robotics-2110435/robot_ws/src/install/turtle_square/lib/pkgconfig/turtle_square.pc'
[1.814s] Level 1:colcon.colcon_core.environment:checking '/home/parallels/robotics-2110435/robot_ws/src/install/turtle_square/lib/python3.10/site-packages'
[1.814s] Level 1:colcon.colcon_core.shell:create_environment_hook('turtle_square', 'pythonpath')
[1.821s] INFO:colcon.colcon_core.shell:Creating environment hook '/home/parallels/robotics-2110435/robot_ws/src/install/turtle_square/share/turtle_square/hook/pythonpath.ps1'
[1.821s] INFO:colcon.colcon_core.shell:Creating environment descriptor '/home/parallels/robotics-2110435/robot_ws/src/install/turtle_square/share/turtle_square/hook/pythonpath.dsv'
[1.821s] INFO:colcon.colcon_core.shell:Creating environment hook '/home/parallels/robotics-2110435/robot_ws/src/install/turtle_square/share/turtle_square/hook/pythonpath.sh'
[1.821s] Level 1:colcon.colcon_core.environment:checking '/home/parallels/robotics-2110435/robot_ws/src/install/turtle_square/bin'
[1.821s] Level 1:colcon.colcon_core.environment:create_environment_scripts_only(turtle_square)
[1.828s] INFO:colcon.colcon_core.shell:Creating package script '/home/parallels/robotics-2110435/robot_ws/src/install/turtle_square/share/turtle_square/package.ps1'
[1.829s] INFO:colcon.colcon_core.shell:Creating package descriptor '/home/parallels/robotics-2110435/robot_ws/src/install/turtle_square/share/turtle_square/package.dsv'
[1.830s] INFO:colcon.colcon_core.shell:Creating package script '/home/parallels/robotics-2110435/robot_ws/src/install/turtle_square/share/turtle_square/package.sh'
[1.830s] INFO:colcon.colcon_core.shell:Creating package script '/home/parallels/robotics-2110435/robot_ws/src/install/turtle_square/share/turtle_square/package.bash'
[1.831s] INFO:colcon.colcon_core.shell:Creating package script '/home/parallels/robotics-2110435/robot_ws/src/install/turtle_square/share/turtle_square/package.zsh'
[1.832s] Level 1:colcon.colcon_core.environment:create_file_with_runtime_dependencies(/home/parallels/robotics-2110435/robot_ws/src/install/turtle_square/share/colcon-core/packages/turtle_square)
[1.833s] DEBUG:colcon.colcon_core.event_handler.log_command:Invoked command in '/home/parallels/robotics-2110435/robot_ws/src/ros2_aruco/ros2_aruco' returned '0': PYTHONPATH=/home/parallels/robotics-2110435/robot_ws/src/build/ros2_aruco/prefix_override:/home/parallels/robotics-2110435/robot_ws/src/install/ros2_aruco/lib/python3.10/site-packages:${PYTHONPATH} /usr/bin/python3 setup.py egg_info --egg-base ../../build/ros2_aruco build --build-base /home/parallels/robotics-2110435/robot_ws/src/build/ros2_aruco/build install --record /home/parallels/robotics-2110435/robot_ws/src/build/ros2_aruco/install.log --single-version-externally-managed
[1.840s] Level 1:colcon.colcon_core.environment:checking '/home/parallels/robotics-2110435/robot_ws/src/install/ros2_aruco' for CMake module files
[1.841s] Level 1:colcon.colcon_core.environment:checking '/home/parallels/robotics-2110435/robot_ws/src/install/ros2_aruco' for CMake config files
[1.841s] Level 1:colcon.colcon_core.environment:checking '/home/parallels/robotics-2110435/robot_ws/src/install/ros2_aruco/lib'
[1.841s] Level 1:colcon.colcon_core.environment:checking '/home/parallels/robotics-2110435/robot_ws/src/install/ros2_aruco/bin'
[1.841s] Level 1:colcon.colcon_core.environment:checking '/home/parallels/robotics-2110435/robot_ws/src/install/ros2_aruco/lib/pkgconfig/ros2_aruco.pc'
[1.841s] Level 1:colcon.colcon_core.environment:checking '/home/parallels/robotics-2110435/robot_ws/src/install/ros2_aruco/lib/python3.10/site-packages'
[1.841s] Level 1:colcon.colcon_core.shell:create_environment_hook('ros2_aruco', 'pythonpath')
[1.848s] INFO:colcon.colcon_core.shell:Creating environment hook '/home/parallels/robotics-2110435/robot_ws/src/install/ros2_aruco/share/ros2_aruco/hook/pythonpath.ps1'
[1.848s] INFO:colcon.colcon_core.shell:Creating environment descriptor '/home/parallels/robotics-2110435/robot_ws/src/install/ros2_aruco/share/ros2_aruco/hook/pythonpath.dsv'
[1.848s] INFO:colcon.colcon_core.shell:Creating environment hook '/home/parallels/robotics-2110435/robot_ws/src/install/ros2_aruco/share/ros2_aruco/hook/pythonpath.sh'
[1.848s] Level 1:colcon.colcon_core.environment:checking '/home/parallels/robotics-2110435/robot_ws/src/install/ros2_aruco/bin'
[1.848s] Level 1:colcon.colcon_core.environment:create_environment_scripts_only(ros2_aruco)
[1.855s] INFO:colcon.colcon_core.shell:Creating package script '/home/parallels/robotics-2110435/robot_ws/src/install/ros2_aruco/share/ros2_aruco/package.ps1'
[1.855s] INFO:colcon.colcon_core.shell:Creating package descriptor '/home/parallels/robotics-2110435/robot_ws/src/install/ros2_aruco/share/ros2_aruco/package.dsv'
[1.856s] INFO:colcon.colcon_core.shell:Creating package script '/home/parallels/robotics-2110435/robot_ws/src/install/ros2_aruco/share/ros2_aruco/package.sh'
[1.856s] INFO:colcon.colcon_core.shell:Creating package script '/home/parallels/robotics-2110435/robot_ws/src/install/ros2_aruco/share/ros2_aruco/package.bash'
[1.856s] INFO:colcon.colcon_core.shell:Creating package script '/home/parallels/robotics-2110435/robot_ws/src/install/ros2_aruco/share/ros2_aruco/package.zsh'
[1.856s] Level 1:colcon.colcon_core.environment:create_file_with_runtime_dependencies(/home/parallels/robotics-2110435/robot_ws/src/install/ros2_aruco/share/colcon-core/packages/ros2_aruco)
[1.857s] DEBUG:colcon.colcon_core.event_handler.log_command:Invoked command in '/home/parallels/robotics-2110435/robot_ws/src/turtle_pkg' returned '0': PYTHONPATH=/home/parallels/robotics-2110435/robot_ws/src/build/turtle_pkg/prefix_override:/home/parallels/robotics-2110435/robot_ws/src/install/turtle_pkg/lib/python3.10/site-packages:${PYTHONPATH} /usr/bin/python3 setup.py egg_info --egg-base ../build/turtle_pkg build --build-base /home/parallels/robotics-2110435/robot_ws/src/build/turtle_pkg/build install --record /home/parallels/robotics-2110435/robot_ws/src/build/turtle_pkg/install.log --single-version-externally-managed
[1.864s] Level 1:colcon.colcon_core.environment:checking '/home/parallels/robotics-2110435/robot_ws/src/install/turtle_pkg' for CMake module files
[1.864s] Level 1:colcon.colcon_core.environment:checking '/home/parallels/robotics-2110435/robot_ws/src/install/turtle_pkg' for CMake config files
[1.864s] Level 1:colcon.colcon_core.environment:checking '/home/parallels/robotics-2110435/robot_ws/src/install/turtle_pkg/lib'
[1.864s] Level 1:colcon.colcon_core.environment:checking '/home/parallels/robotics-2110435/robot_ws/src/install/turtle_pkg/bin'
[1.864s] Level 1:colcon.colcon_core.environment:checking '/home/parallels/robotics-2110435/robot_ws/src/install/turtle_pkg/lib/pkgconfig/turtle_pkg.pc'
[1.865s] Level 1:colcon.colcon_core.environment:checking '/home/parallels/robotics-2110435/robot_ws/src/install/turtle_pkg/lib/python3.10/site-packages'
[1.865s] Level 1:colcon.colcon_core.shell:create_environment_hook('turtle_pkg', 'pythonpath')
[1.871s] INFO:colcon.colcon_core.shell:Creating environment hook '/home/parallels/robotics-2110435/robot_ws/src/install/turtle_pkg/share/turtle_pkg/hook/pythonpath.ps1'
[1.871s] INFO:colcon.colcon_core.shell:Creating environment descriptor '/home/parallels/robotics-2110435/robot_ws/src/install/turtle_pkg/share/turtle_pkg/hook/pythonpath.dsv'
[1.872s] INFO:colcon.colcon_core.shell:Creating environment hook '/home/parallels/robotics-2110435/robot_ws/src/install/turtle_pkg/share/turtle_pkg/hook/pythonpath.sh'
[1.872s] Level 1:colcon.colcon_core.environment:checking '/home/parallels/robotics-2110435/robot_ws/src/install/turtle_pkg/bin'
[1.872s] Level 1:colcon.colcon_core.environment:create_environment_scripts_only(turtle_pkg)
[1.885s] INFO:colcon.colcon_core.shell:Creating package script '/home/parallels/robotics-2110435/robot_ws/src/install/turtle_pkg/share/turtle_pkg/package.ps1'
[1.885s] INFO:colcon.colcon_core.shell:Creating package descriptor '/home/parallels/robotics-2110435/robot_ws/src/install/turtle_pkg/share/turtle_pkg/package.dsv'
[1.885s] INFO:colcon.colcon_core.shell:Creating package script '/home/parallels/robotics-2110435/robot_ws/src/install/turtle_pkg/share/turtle_pkg/package.sh'
[1.886s] INFO:colcon.colcon_core.shell:Creating package script '/home/parallels/robotics-2110435/robot_ws/src/install/turtle_pkg/share/turtle_pkg/package.bash'
[1.886s] INFO:colcon.colcon_core.shell:Creating package script '/home/parallels/robotics-2110435/robot_ws/src/install/turtle_pkg/share/turtle_pkg/package.zsh'
[1.886s] Level 1:colcon.colcon_core.environment:create_file_with_runtime_dependencies(/home/parallels/robotics-2110435/robot_ws/src/install/turtle_pkg/share/colcon-core/packages/turtle_pkg)
[2.417s] DEBUG:colcon.colcon_core.event_handler.log_command:Invoked command in '/home/parallels/robotics-2110435/robot_ws/src/build/ros2_aruco_interfaces' returned '0': CMAKE_PREFIX_PATH=/home/parallels/robotics-2110435/robot_ws/install/turtle_square:/home/parallels/robotics-2110435/robot_ws/install/turtle_pkg:/home/parallels/my_robot_ws/install/my_py_pkg:/opt/ros/humble /usr/bin/cmake /home/parallels/robotics-2110435/robot_ws/src/ros2_aruco/ros2_aruco_interfaces -DCMAKE_INSTALL_PREFIX=/home/parallels/robotics-2110435/robot_ws/src/install/ros2_aruco_interfaces
[2.418s] DEBUG:colcon.colcon_core.event_handler.log_command:Invoking command in '/home/parallels/robotics-2110435/robot_ws/src/build/ros2_aruco_interfaces': CMAKE_PREFIX_PATH=/home/parallels/robotics-2110435/robot_ws/install/turtle_square:/home/parallels/robotics-2110435/robot_ws/install/turtle_pkg:/home/parallels/my_robot_ws/install/my_py_pkg:/opt/ros/humble /usr/bin/cmake --build /home/parallels/robotics-2110435/robot_ws/src/build/ros2_aruco_interfaces -- -j6 -l6
[3.581s] DEBUG:colcon.colcon_core.event_handler.log_command:Invoked command in '/home/parallels/robotics-2110435/robot_ws/src/build/ros2_aruco_interfaces' returned '0': CMAKE_PREFIX_PATH=/home/parallels/robotics-2110435/robot_ws/install/turtle_square:/home/parallels/robotics-2110435/robot_ws/install/turtle_pkg:/home/parallels/my_robot_ws/install/my_py_pkg:/opt/ros/humble /usr/bin/cmake --build /home/parallels/robotics-2110435/robot_ws/src/build/ros2_aruco_interfaces -- -j6 -l6
[3.633s] DEBUG:colcon.colcon_core.event_handler.log_command:Invoking command in '/home/parallels/robotics-2110435/robot_ws/src/build/ros2_aruco_interfaces': CMAKE_PREFIX_PATH=/home/parallels/robotics-2110435/robot_ws/install/turtle_square:/home/parallels/robotics-2110435/robot_ws/install/turtle_pkg:/home/parallels/my_robot_ws/install/my_py_pkg:/opt/ros/humble /usr/bin/cmake --install /home/parallels/robotics-2110435/robot_ws/src/build/ros2_aruco_interfaces
[3.672s] Level 1:colcon.colcon_core.environment:create_environment_scripts_only(ros2_aruco_interfaces)
[3.672s] DEBUG:colcon.colcon_core.event_handler.log_command:Invoked command in '/home/parallels/robotics-2110435/robot_ws/src/build/ros2_aruco_interfaces' returned '0': CMAKE_PREFIX_PATH=/home/parallels/robotics-2110435/robot_ws/install/turtle_square:/home/parallels/robotics-2110435/robot_ws/install/turtle_pkg:/home/parallels/my_robot_ws/install/my_py_pkg:/opt/ros/humble /usr/bin/cmake --install /home/parallels/robotics-2110435/robot_ws/src/build/ros2_aruco_interfaces
[3.679s] Level 1:colcon.colcon_core.environment:checking '/home/parallels/robotics-2110435/robot_ws/src/install/ros2_aruco_interfaces' for CMake module files
[3.679s] Level 1:colcon.colcon_core.environment:checking '/home/parallels/robotics-2110435/robot_ws/src/install/ros2_aruco_interfaces' for CMake config files
[3.679s] Level 1:colcon.colcon_core.shell:create_environment_hook('ros2_aruco_interfaces', 'cmake_prefix_path')
[3.685s] INFO:colcon.colcon_core.shell:Creating environment hook '/home/parallels/robotics-2110435/robot_ws/src/install/ros2_aruco_interfaces/share/ros2_aruco_interfaces/hook/cmake_prefix_path.ps1'
[3.686s] INFO:colcon.colcon_core.shell:Creating environment descriptor '/home/parallels/robotics-2110435/robot_ws/src/install/ros2_aruco_interfaces/share/ros2_aruco_interfaces/hook/cmake_prefix_path.dsv'
[3.686s] INFO:colcon.colcon_core.shell:Creating environment hook '/home/parallels/robotics-2110435/robot_ws/src/install/ros2_aruco_interfaces/share/ros2_aruco_interfaces/hook/cmake_prefix_path.sh'
[3.686s] Level 1:colcon.colcon_core.environment:checking '/home/parallels/robotics-2110435/robot_ws/src/install/ros2_aruco_interfaces/lib'
[3.686s] Level 1:colcon.colcon_core.shell:create_environment_hook('ros2_aruco_interfaces', 'ld_library_path_lib')
[3.692s] INFO:colcon.colcon_core.shell:Creating environment hook '/home/parallels/robotics-2110435/robot_ws/src/install/ros2_aruco_interfaces/share/ros2_aruco_interfaces/hook/ld_library_path_lib.ps1'
[3.692s] INFO:colcon.colcon_core.shell:Creating environment descriptor '/home/parallels/robotics-2110435/robot_ws/src/install/ros2_aruco_interfaces/share/ros2_aruco_interfaces/hook/ld_library_path_lib.dsv'
[3.692s] INFO:colcon.colcon_core.shell:Creating environment hook '/home/parallels/robotics-2110435/robot_ws/src/install/ros2_aruco_interfaces/share/ros2_aruco_interfaces/hook/ld_library_path_lib.sh'
[3.692s] Level 1:colcon.colcon_core.environment:checking '/home/parallels/robotics-2110435/robot_ws/src/install/ros2_aruco_interfaces/bin'
[3.692s] Level 1:colcon.colcon_core.environment:checking '/home/parallels/robotics-2110435/robot_ws/src/install/ros2_aruco_interfaces/lib/pkgconfig/ros2_aruco_interfaces.pc'
[3.693s] Level 1:colcon.colcon_core.environment:checking '/home/parallels/robotics-2110435/robot_ws/src/install/ros2_aruco_interfaces/lib/python3.10/site-packages'
[3.693s] Level 1:colcon.colcon_core.environment:checking '/home/parallels/robotics-2110435/robot_ws/src/install/ros2_aruco_interfaces/bin'
[3.699s] INFO:colcon.colcon_core.shell:Creating package script '/home/parallels/robotics-2110435/robot_ws/src/install/ros2_aruco_interfaces/share/ros2_aruco_interfaces/package.ps1'
[3.699s] INFO:colcon.colcon_core.shell:Creating package descriptor '/home/parallels/robotics-2110435/robot_ws/src/install/ros2_aruco_interfaces/share/ros2_aruco_interfaces/package.dsv'
[3.699s] INFO:colcon.colcon_core.shell:Creating package script '/home/parallels/robotics-2110435/robot_ws/src/install/ros2_aruco_interfaces/share/ros2_aruco_interfaces/package.sh'
[3.699s] INFO:colcon.colcon_core.shell:Creating package script '/home/parallels/robotics-2110435/robot_ws/src/install/ros2_aruco_interfaces/share/ros2_aruco_interfaces/package.bash'
[3.699s] INFO:colcon.colcon_core.shell:Creating package script '/home/parallels/robotics-2110435/robot_ws/src/install/ros2_aruco_interfaces/share/ros2_aruco_interfaces/package.zsh'
[3.700s] Level 1:colcon.colcon_core.environment:create_file_with_runtime_dependencies(/home/parallels/robotics-2110435/robot_ws/src/install/ros2_aruco_interfaces/share/colcon-core/packages/ros2_aruco_interfaces)
[3.752s] Level 1:colcon.colcon_core.environment:create_environment_scripts_only(ros2_aruco_interfaces)
[3.759s] Level 1:colcon.colcon_core.environment:checking '/home/parallels/robotics-2110435/robot_ws/src/install/ros2_aruco_interfaces' for CMake module files
[3.759s] Level 1:colcon.colcon_core.environment:checking '/home/parallels/robotics-2110435/robot_ws/src/install/ros2_aruco_interfaces' for CMake config files
[3.759s] Level 1:colcon.colcon_core.shell:create_environment_hook('ros2_aruco_interfaces', 'cmake_prefix_path')
[3.766s] INFO:colcon.colcon_core.shell:Creating environment hook '/home/parallels/robotics-2110435/robot_ws/src/install/ros2_aruco_interfaces/share/ros2_aruco_interfaces/hook/cmake_prefix_path.ps1'
[3.766s] INFO:colcon.colcon_core.shell:Creating environment descriptor '/home/parallels/robotics-2110435/robot_ws/src/install/ros2_aruco_interfaces/share/ros2_aruco_interfaces/hook/cmake_prefix_path.dsv'
[3.766s] INFO:colcon.colcon_core.shell:Creating environment hook '/home/parallels/robotics-2110435/robot_ws/src/install/ros2_aruco_interfaces/share/ros2_aruco_interfaces/hook/cmake_prefix_path.sh'
[3.766s] Level 1:colcon.colcon_core.environment:checking '/home/parallels/robotics-2110435/robot_ws/src/install/ros2_aruco_interfaces/lib'
[3.766s] Level 1:colcon.colcon_core.shell:create_environment_hook('ros2_aruco_interfaces', 'ld_library_path_lib')
[3.774s] INFO:colcon.colcon_core.shell:Creating environment hook '/home/parallels/robotics-2110435/robot_ws/src/install/ros2_aruco_interfaces/share/ros2_aruco_interfaces/hook/ld_library_path_lib.ps1'
[3.774s] INFO:colcon.colcon_core.shell:Creating environment descriptor '/home/parallels/robotics-2110435/robot_ws/src/install/ros2_aruco_interfaces/share/ros2_aruco_interfaces/hook/ld_library_path_lib.dsv'
[3.774s] INFO:colcon.colcon_core.shell:Creating environment hook '/home/parallels/robotics-2110435/robot_ws/src/install/ros2_aruco_interfaces/share/ros2_aruco_interfaces/hook/ld_library_path_lib.sh'
[3.774s] Level 1:colcon.colcon_core.environment:checking '/home/parallels/robotics-2110435/robot_ws/src/install/ros2_aruco_interfaces/bin'
[3.774s] Level 1:colcon.colcon_core.environment:checking '/home/parallels/robotics-2110435/robot_ws/src/install/ros2_aruco_interfaces/lib/pkgconfig/ros2_aruco_interfaces.pc'
[3.775s] Level 1:colcon.colcon_core.environment:checking '/home/parallels/robotics-2110435/robot_ws/src/install/ros2_aruco_interfaces/lib/python3.10/site-packages'
[3.775s] Level 1:colcon.colcon_core.environment:checking '/home/parallels/robotics-2110435/robot_ws/src/install/ros2_aruco_interfaces/bin'
[3.781s] INFO:colcon.colcon_core.shell:Creating package script '/home/parallels/robotics-2110435/robot_ws/src/install/ros2_aruco_interfaces/share/ros2_aruco_interfaces/package.ps1'
[3.781s] INFO:colcon.colcon_core.shell:Creating package descriptor '/home/parallels/robotics-2110435/robot_ws/src/install/ros2_aruco_interfaces/share/ros2_aruco_interfaces/package.dsv'
[3.782s] INFO:colcon.colcon_core.shell:Creating package script '/home/parallels/robotics-2110435/robot_ws/src/install/ros2_aruco_interfaces/share/ros2_aruco_interfaces/package.sh'
[3.782s] INFO:colcon.colcon_core.shell:Creating package script '/home/parallels/robotics-2110435/robot_ws/src/install/ros2_aruco_interfaces/share/ros2_aruco_interfaces/package.bash'
[3.782s] INFO:colcon.colcon_core.shell:Creating package script '/home/parallels/robotics-2110435/robot_ws/src/install/ros2_aruco_interfaces/share/ros2_aruco_interfaces/package.zsh'
[3.782s] Level 1:colcon.colcon_core.environment:create_file_with_runtime_dependencies(/home/parallels/robotics-2110435/robot_ws/src/install/ros2_aruco_interfaces/share/colcon-core/packages/ros2_aruco_interfaces)
[3.782s] DEBUG:colcon.colcon_parallel_executor.executor.parallel:closing loop
[3.783s] DEBUG:colcon.colcon_parallel_executor.executor.parallel:loop closed
[3.783s] DEBUG:colcon.colcon_parallel_executor.executor.parallel:run_until_complete finished with '0'
[3.783s] DEBUG:colcon.colcon_core.event_reactor:joining thread
[3.793s] INFO:colcon.colcon_core.plugin_system:Skipping extension 'colcon_notification.desktop_notification.terminal_notifier': Not used on non-Darwin systems
[3.793s] INFO:colcon.colcon_core.plugin_system:Skipping extension 'colcon_notification.desktop_notification.win32': Not used on non-Windows systems
[3.793s] INFO:colcon.colcon_notification.desktop_notification:Sending desktop notification using 'notify2'
[3.802s] DEBUG:colcon.colcon_core.event_reactor:joined thread
[3.809s] INFO:colcon.colcon_core.shell:Creating prefix script '/home/parallels/robotics-2110435/robot_ws/src/install/local_setup.ps1'
[3.810s] INFO:colcon.colcon_core.shell:Creating prefix util module '/home/parallels/robotics-2110435/robot_ws/src/install/_local_setup_util_ps1.py'
[3.810s] INFO:colcon.colcon_core.shell:Creating prefix chain script '/home/parallels/robotics-2110435/robot_ws/src/install/setup.ps1'
[3.818s] INFO:colcon.colcon_core.shell:Creating prefix script '/home/parallels/robotics-2110435/robot_ws/src/install/local_setup.sh'
[3.819s] INFO:colcon.colcon_core.shell:Creating prefix util module '/home/parallels/robotics-2110435/robot_ws/src/install/_local_setup_util_sh.py'
[3.819s] INFO:colcon.colcon_core.shell:Creating prefix chain script '/home/parallels/robotics-2110435/robot_ws/src/install/setup.sh'
[3.827s] INFO:colcon.colcon_core.shell:Creating prefix script '/home/parallels/robotics-2110435/robot_ws/src/install/local_setup.bash'
[3.827s] INFO:colcon.colcon_core.shell:Creating prefix chain script '/home/parallels/robotics-2110435/robot_ws/src/install/setup.bash'
[3.835s] INFO:colcon.colcon_core.shell:Creating prefix script '/home/parallels/robotics-2110435/robot_ws/src/install/local_setup.zsh'
[3.835s] INFO:colcon.colcon_core.shell:Creating prefix chain script '/home/parallels/robotics-2110435/robot_ws/src/install/setup.zsh'
