-- The C compiler identification is GNU 11.4.0
-- The CXX compiler identification is GNU 11.4.0
-- Detecting C compiler ABI info
-- Detecting C compiler ABI info - done
-- Check for working C compiler: /usr/bin/cc - skipped
-- Detecting C compile features
-- Detecting C compile features - done
-- Detecting CXX compiler ABI info
-- Detecting CXX compiler ABI info - done
-- Check for working CXX compiler: /usr/bin/c++ - skipped
-- Detecting CXX compile features
-- Detecting CXX compile features - done
-- Found ament_cmake: 1.3.5 (/opt/ros/humble/share/ament_cmake/cmake)
-- Found Python3: /usr/bin/python3.10 (found version "3.10.12") found components: Interpreter 
-- Found rclcpp: 16.0.6 (/opt/ros/humble/share/rclcpp/cmake)
-- Found rosidl_generator_c: 3.1.5 (/opt/ros/humble/share/rosidl_generator_c/cmake)
-- Found rosidl_adapter: 3.1.5 (/opt/ros/humble/share/rosidl_adapter/cmake)
-- Found rosidl_generator_cpp: 3.1.5 (/opt/ros/humble/share/rosidl_generator_cpp/cmake)
-- Using all available rosidl_typesupport_c: rosidl_typesupport_fastrtps_c;rosidl_typesupport_introspection_c
-- Using all available rosidl_typesupport_cpp: rosidl_typesupport_fastrtps_cpp;rosidl_typesupport_introspection_cpp
-- Found rmw_implementation_cmake: 6.1.1 (/opt/ros/humble/share/rmw_implementation_cmake/cmake)
-- Found rmw_fastrtps_cpp: 6.2.4 (/opt/ros/humble/share/rmw_fastrtps_cpp/cmake)
-- Found OpenSSL: /usr/lib/x86_64-linux-gnu/libcrypto.so (found version "3.0.2")  
-- Found FastRTPS: /opt/ros/humble/include  
-- Using RMW implementation 'rmw_fastrtps_cpp' as default
-- Looking for pthread.h
-- Looking for pthread.h - found
-- Performing Test CMAKE_HAVE_LIBC_PTHREAD
-- Performing Test CMAKE_HAVE_LIBC_PTHREAD - Success
-- Found Threads: TRUE  
-- Found rclpy: 3.3.10 (/opt/ros/humble/share/rclpy/cmake)
-- Configuring done
-- Generating done
-- Build files have been written to: /home/vt/robotics-2110435/aruco_ws/build/aruco_controller
Built target ament_cmake_python_copy_aruco_controller
running egg_info
creating aruco_controller.egg-info
writing aruco_controller.egg-info/PKG-INFO
writing dependency_links to aruco_controller.egg-info/dependency_links.txt
writing top-level names to aruco_controller.egg-info/top_level.txt
writing manifest file 'aruco_controller.egg-info/SOURCES.txt'
reading manifest file 'aruco_controller.egg-info/SOURCES.txt'
writing manifest file 'aruco_controller.egg-info/SOURCES.txt'
Built target ament_cmake_python_build_aruco_controller_egg
-- Install configuration: ""
-- Installing: /home/vt/robotics-2110435/aruco_ws/install/aruco_controller/share/aruco_controller/environment/pythonpath.sh
-- Installing: /home/vt/robotics-2110435/aruco_ws/install/aruco_controller/share/aruco_controller/environment/pythonpath.dsv
-- Installing: /home/vt/robotics-2110435/aruco_ws/install/aruco_controller/local/lib/python3.10/dist-packages/aruco_controller-0.0.0-py3.10.egg-info
-- Installing: /home/vt/robotics-2110435/aruco_ws/install/aruco_controller/local/lib/python3.10/dist-packages/aruco_controller-0.0.0-py3.10.egg-info/SOURCES.txt
-- Installing: /home/vt/robotics-2110435/aruco_ws/install/aruco_controller/local/lib/python3.10/dist-packages/aruco_controller-0.0.0-py3.10.egg-info/PKG-INFO
-- Installing: /home/vt/robotics-2110435/aruco_ws/install/aruco_controller/local/lib/python3.10/dist-packages/aruco_controller-0.0.0-py3.10.egg-info/dependency_links.txt
-- Installing: /home/vt/robotics-2110435/aruco_ws/install/aruco_controller/local/lib/python3.10/dist-packages/aruco_controller-0.0.0-py3.10.egg-info/top_level.txt
-- Installing: /home/vt/robotics-2110435/aruco_ws/install/aruco_controller/local/lib/python3.10/dist-packages/aruco_controller
-- Installing: /home/vt/robotics-2110435/aruco_ws/install/aruco_controller/local/lib/python3.10/dist-packages/aruco_controller/__init__.py
-- Installing: /home/vt/robotics-2110435/aruco_ws/install/aruco_controller/local/lib/python3.10/dist-packages/aruco_controller/transformations.py
-- Installing: /home/vt/robotics-2110435/aruco_ws/install/aruco_controller/local/lib/python3.10/dist-packages/aruco_controller/detection_param.py
-- Installing: /home/vt/robotics-2110435/aruco_ws/install/aruco_controller/local/lib/python3.10/dist-packages/aruco_controller/aruco_detector.py
Listing '/home/vt/robotics-2110435/aruco_ws/install/aruco_controller/local/lib/python3.10/dist-packages/aruco_controller'...
Compiling '/home/vt/robotics-2110435/aruco_ws/install/aruco_controller/local/lib/python3.10/dist-packages/aruco_controller/__init__.py'...
Compiling '/home/vt/robotics-2110435/aruco_ws/install/aruco_controller/local/lib/python3.10/dist-packages/aruco_controller/aruco_detector.py'...
Compiling '/home/vt/robotics-2110435/aruco_ws/install/aruco_controller/local/lib/python3.10/dist-packages/aruco_controller/detection_param.py'...
Compiling '/home/vt/robotics-2110435/aruco_ws/install/aruco_controller/local/lib/python3.10/dist-packages/aruco_controller/transformations.py'...
-- Installing: /home/vt/robotics-2110435/aruco_ws/install/aruco_controller/lib/aruco_controller/aruco_detector.py
-- Installing: /home/vt/robotics-2110435/aruco_ws/install/aruco_controller/lib/aruco_controller/detection_param.py
-- Installing: /home/vt/robotics-2110435/aruco_ws/install/aruco_controller/share/aruco_controller/cfg
-- Installing: /home/vt/robotics-2110435/aruco_ws/install/aruco_controller/share/aruco_controller/cfg/aruco_detect_param.yaml
-- Installing: /home/vt/robotics-2110435/aruco_ws/install/aruco_controller/share/aruco_controller/cfg/marker_param.yaml
-- Installing: /home/vt/robotics-2110435/aruco_ws/install/aruco_controller/share/aruco_controller/cfg/default_param.yaml
-- Installing: /home/vt/robotics-2110435/aruco_ws/install/aruco_controller/share/aruco_controller/launch
-- Installing: /home/vt/robotics-2110435/aruco_ws/install/aruco_controller/share/aruco_controller/launch/main_launch.py
-- Installing: /home/vt/robotics-2110435/aruco_ws/install/aruco_controller/share/ament_index/resource_index/package_run_dependencies/aruco_controller
-- Installing: /home/vt/robotics-2110435/aruco_ws/install/aruco_controller/share/ament_index/resource_index/parent_prefix_path/aruco_controller
-- Installing: /home/vt/robotics-2110435/aruco_ws/install/aruco_controller/share/aruco_controller/environment/ament_prefix_path.sh
-- Installing: /home/vt/robotics-2110435/aruco_ws/install/aruco_controller/share/aruco_controller/environment/ament_prefix_path.dsv
-- Installing: /home/vt/robotics-2110435/aruco_ws/install/aruco_controller/share/aruco_controller/environment/path.sh
-- Installing: /home/vt/robotics-2110435/aruco_ws/install/aruco_controller/share/aruco_controller/environment/path.dsv
-- Installing: /home/vt/robotics-2110435/aruco_ws/install/aruco_controller/share/aruco_controller/local_setup.bash
-- Installing: /home/vt/robotics-2110435/aruco_ws/install/aruco_controller/share/aruco_controller/local_setup.sh
-- Installing: /home/vt/robotics-2110435/aruco_ws/install/aruco_controller/share/aruco_controller/local_setup.zsh
-- Installing: /home/vt/robotics-2110435/aruco_ws/install/aruco_controller/share/aruco_controller/local_setup.dsv
-- Installing: /home/vt/robotics-2110435/aruco_ws/install/aruco_controller/share/aruco_controller/package.dsv
-- Installing: /home/vt/robotics-2110435/aruco_ws/install/aruco_controller/share/ament_index/resource_index/packages/aruco_controller
-- Installing: /home/vt/robotics-2110435/aruco_ws/install/aruco_controller/share/aruco_controller/cmake/aruco_controllerConfig.cmake
-- Installing: /home/vt/robotics-2110435/aruco_ws/install/aruco_controller/share/aruco_controller/cmake/aruco_controllerConfig-version.cmake
-- Installing: /home/vt/robotics-2110435/aruco_ws/install/aruco_controller/share/aruco_controller/package.xml
