running egg_info
writing ../../build/robot_marker/robot_marker.egg-info/PKG-INFO
writing dependency_links to ../../build/robot_marker/robot_marker.egg-info/dependency_links.txt
writing entry points to ../../build/robot_marker/robot_marker.egg-info/entry_points.txt
writing requirements to ../../build/robot_marker/robot_marker.egg-info/requires.txt
writing top-level names to ../../build/robot_marker/robot_marker.egg-info/top_level.txt
reading manifest file '../../build/robot_marker/robot_marker.egg-info/SOURCES.txt'
writing manifest file '../../build/robot_marker/robot_marker.egg-info/SOURCES.txt'
running build
running build_py
copying robot_marker/robo_marker.py -> /home/parallels/robotics-2110435/challenge_1/build/robot_marker/build/lib/robot_marker
running install
/usr/lib/python3/dist-packages/setuptools/command/install.py:34: SetuptoolsDeprecationWarning: setup.py install is deprecated. Use build and pip and other standards-based tools.
  warnings.warn(
running install_lib
copying /home/parallels/robotics-2110435/challenge_1/build/robot_marker/build/lib/robot_marker/robo_marker.py -> /home/parallels/robotics-2110435/challenge_1/install/robot_marker/lib/python3.10/site-packages/robot_marker
byte-compiling /home/parallels/robotics-2110435/challenge_1/install/robot_marker/lib/python3.10/site-packages/robot_marker/robo_marker.py to robo_marker.cpython-310.pyc
running install_data
running install_egg_info
removing '/home/parallels/robotics-2110435/challenge_1/install/robot_marker/lib/python3.10/site-packages/robot_marker-0.0.0-py3.10.egg-info' (and everything under it)
Copying ../../build/robot_marker/robot_marker.egg-info to /home/parallels/robotics-2110435/challenge_1/install/robot_marker/lib/python3.10/site-packages/robot_marker-0.0.0-py3.10.egg-info
running install_scripts
Installing aruco_follower script to /home/parallels/robotics-2110435/challenge_1/install/robot_marker/lib/robot_marker
writing list of installed files to '/home/parallels/robotics-2110435/challenge_1/build/robot_marker/install.log'
