[0.431s] DEBUG:colcon:Command line arguments: ['/usr/bin/colcon', 'build']
[0.431s] DEBUG:colcon:Parsed command line arguments: Namespace(log_base=None, log_level=None, verb_name='build', build_base='build', install_base='install', merge_install=False, symlink_install=False, test_result_base=None, continue_on_error=False, executor='parallel', parallel_workers=6, event_handlers=None, ignore_user_meta=False, metas=['./colcon.meta'], base_paths=['.'], packages_ignore=None, packages_ignore_regex=None, paths=None, packages_up_to=None, packages_up_to_regex=None, packages_above=None, packages_above_and_dependencies=None, packages_above_depth=None, packages_select_by_dep=None, packages_skip_by_dep=None, packages_skip_up_to=None, packages_select_build_failed=False, packages_skip_build_finished=False, packages_select_test_failures=False, packages_skip_test_passed=False, packages_select=None, packages_skip=None, packages_select_regex=None, packages_skip_regex=None, packages_start=None, packages_end=None, allow_overriding=[], cmake_args=None, cmake_target=None, cmake_target_skip_unavailable=False, cmake_clean_cache=False, cmake_clean_first=False, cmake_force_configure=False, ament_cmake_args=None, catkin_cmake_args=None, catkin_skip_building_tests=False, verb_parser=<colcon_defaults.argument_parser.defaults.DefaultArgumentsDecorator object at 0xffff907ecb80>, verb_extension=<colcon_core.verb.build.BuildVerb object at 0xffff907efdc0>, main=<bound method BuildVerb.main of <colcon_core.verb.build.BuildVerb object at 0xffff907efdc0>>)
[0.452s] Level 1:colcon.colcon_core.package_discovery:discover_packages(colcon_meta) check parameters
[0.452s] Level 1:colcon.colcon_core.package_discovery:discover_packages(recursive) check parameters
[0.452s] Level 1:colcon.colcon_core.package_discovery:discover_packages(ignore) check parameters
[0.452s] Level 1:colcon.colcon_core.package_discovery:discover_packages(path) check parameters
[0.452s] Level 1:colcon.colcon_core.package_discovery:discover_packages(colcon_meta) discover
[0.452s] Level 1:colcon.colcon_core.package_discovery:discover_packages(recursive) discover
[0.452s] INFO:colcon.colcon_core.package_discovery:Crawling recursively for packages in '/home/parallels/robotics-2110435/tracking_ws/src'
[0.452s] Level 1:colcon.colcon_core.package_identification:_identify(.) by extensions ['ignore', 'ignore_ament_install']
[0.452s] Level 1:colcon.colcon_core.package_identification:_identify(.) by extension 'ignore'
[0.452s] Level 1:colcon.colcon_core.package_identification:_identify(.) by extension 'ignore_ament_install'
[0.452s] Level 1:colcon.colcon_core.package_identification:_identify(.) by extensions ['colcon_pkg']
[0.452s] Level 1:colcon.colcon_core.package_identification:_identify(.) by extension 'colcon_pkg'
[0.452s] Level 1:colcon.colcon_core.package_identification:_identify(.) by extensions ['colcon_meta']
[0.452s] Level 1:colcon.colcon_core.package_identification:_identify(.) by extension 'colcon_meta'
[0.452s] Level 1:colcon.colcon_core.package_identification:_identify(.) by extensions ['ros']
[0.452s] Level 1:colcon.colcon_core.package_identification:_identify(.) by extension 'ros'
[0.458s] Level 1:colcon.colcon_core.package_identification:_identify(.) by extensions ['cmake', 'python']
[0.458s] Level 1:colcon.colcon_core.package_identification:_identify(.) by extension 'cmake'
[0.458s] Level 1:colcon.colcon_core.package_identification:_identify(.) by extension 'python'
[0.458s] Level 1:colcon.colcon_core.package_identification:_identify(.) by extensions ['python_setup_py']
[0.458s] Level 1:colcon.colcon_core.package_identification:_identify(.) by extension 'python_setup_py'
[0.458s] Level 1:colcon.colcon_core.package_identification:_identify(aruco_controller) by extensions ['ignore', 'ignore_ament_install']
[0.458s] Level 1:colcon.colcon_core.package_identification:_identify(aruco_controller) by extension 'ignore'
[0.458s] Level 1:colcon.colcon_core.package_identification:_identify(aruco_controller) by extension 'ignore_ament_install'
[0.458s] Level 1:colcon.colcon_core.package_identification:_identify(aruco_controller) by extensions ['colcon_pkg']
[0.458s] Level 1:colcon.colcon_core.package_identification:_identify(aruco_controller) by extension 'colcon_pkg'
[0.458s] Level 1:colcon.colcon_core.package_identification:_identify(aruco_controller) by extensions ['colcon_meta']
[0.458s] Level 1:colcon.colcon_core.package_identification:_identify(aruco_controller) by extension 'colcon_meta'
[0.458s] Level 1:colcon.colcon_core.package_identification:_identify(aruco_controller) by extensions ['ros']
[0.458s] Level 1:colcon.colcon_core.package_identification:_identify(aruco_controller) by extension 'ros'
[0.459s] DEBUG:colcon.colcon_core.package_identification:Package 'aruco_controller' with type 'ros.ament_cmake' and name 'aruco_controller'
[0.459s] Level 1:colcon.colcon_core.package_identification:_identify(aruco_following_controller) by extensions ['ignore', 'ignore_ament_install']
[0.459s] Level 1:colcon.colcon_core.package_identification:_identify(aruco_following_controller) by extension 'ignore'
[0.459s] Level 1:colcon.colcon_core.package_identification:_identify(aruco_following_controller) by extension 'ignore_ament_install'
[0.459s] Level 1:colcon.colcon_core.package_identification:_identify(aruco_following_controller) by extensions ['colcon_pkg']
[0.459s] Level 1:colcon.colcon_core.package_identification:_identify(aruco_following_controller) by extension 'colcon_pkg'
[0.459s] Level 1:colcon.colcon_core.package_identification:_identify(aruco_following_controller) by extensions ['colcon_meta']
[0.459s] Level 1:colcon.colcon_core.package_identification:_identify(aruco_following_controller) by extension 'colcon_meta'
[0.459s] Level 1:colcon.colcon_core.package_identification:_identify(aruco_following_controller) by extensions ['ros']
[0.459s] Level 1:colcon.colcon_core.package_identification:_identify(aruco_following_controller) by extension 'ros'
[0.460s] DEBUG:colcon.colcon_core.package_identification:Package 'aruco_following_controller' with type 'ros.ament_python' and name 'aruco_following_controller'
[0.460s] Level 1:colcon.colcon_core.package_identification:_identify(build) by extensions ['ignore', 'ignore_ament_install']
[0.460s] Level 1:colcon.colcon_core.package_identification:_identify(build) by extension 'ignore'
[0.460s] Level 1:colcon.colcon_core.package_identification:_identify(build) ignored
[0.460s] Level 1:colcon.colcon_core.package_identification:_identify(install) by extensions ['ignore', 'ignore_ament_install']
[0.460s] Level 1:colcon.colcon_core.package_identification:_identify(install) by extension 'ignore'
[0.460s] Level 1:colcon.colcon_core.package_identification:_identify(install) ignored
[0.460s] Level 1:colcon.colcon_core.package_identification:_identify(keyboard_control) by extensions ['ignore', 'ignore_ament_install']
[0.460s] Level 1:colcon.colcon_core.package_identification:_identify(keyboard_control) by extension 'ignore'
[0.460s] Level 1:colcon.colcon_core.package_identification:_identify(keyboard_control) by extension 'ignore_ament_install'
[0.460s] Level 1:colcon.colcon_core.package_identification:_identify(keyboard_control) by extensions ['colcon_pkg']
[0.460s] Level 1:colcon.colcon_core.package_identification:_identify(keyboard_control) by extension 'colcon_pkg'
[0.460s] Level 1:colcon.colcon_core.package_identification:_identify(keyboard_control) by extensions ['colcon_meta']
[0.460s] Level 1:colcon.colcon_core.package_identification:_identify(keyboard_control) by extension 'colcon_meta'
[0.460s] Level 1:colcon.colcon_core.package_identification:_identify(keyboard_control) by extensions ['ros']
[0.460s] Level 1:colcon.colcon_core.package_identification:_identify(keyboard_control) by extension 'ros'
[0.460s] DEBUG:colcon.colcon_core.package_identification:Package 'keyboard_control' with type 'ros.ament_python' and name 'keyboard_control'
[0.460s] Level 1:colcon.colcon_core.package_identification:_identify(log) by extensions ['ignore', 'ignore_ament_install']
[0.460s] Level 1:colcon.colcon_core.package_identification:_identify(log) by extension 'ignore'
[0.460s] Level 1:colcon.colcon_core.package_identification:_identify(log) ignored
[0.460s] Level 1:colcon.colcon_core.package_identification:_identify(web_video_server) by extensions ['ignore', 'ignore_ament_install']
[0.460s] Level 1:colcon.colcon_core.package_identification:_identify(web_video_server) by extension 'ignore'
[0.460s] Level 1:colcon.colcon_core.package_identification:_identify(web_video_server) by extension 'ignore_ament_install'
[0.460s] Level 1:colcon.colcon_core.package_identification:_identify(web_video_server) by extensions ['colcon_pkg']
[0.461s] Level 1:colcon.colcon_core.package_identification:_identify(web_video_server) by extension 'colcon_pkg'
[0.461s] Level 1:colcon.colcon_core.package_identification:_identify(web_video_server) by extensions ['colcon_meta']
[0.461s] Level 1:colcon.colcon_core.package_identification:_identify(web_video_server) by extension 'colcon_meta'
[0.461s] Level 1:colcon.colcon_core.package_identification:_identify(web_video_server) by extensions ['ros']
[0.461s] Level 1:colcon.colcon_core.package_identification:_identify(web_video_server) by extension 'ros'
[0.461s] DEBUG:colcon.colcon_core.package_identification:Package 'web_video_server' with type 'ros.ament_cmake' and name 'web_video_server'
[0.461s] Level 1:colcon.colcon_core.package_discovery:discover_packages(recursive) using defaults
[0.461s] Level 1:colcon.colcon_core.package_discovery:discover_packages(ignore) discover
[0.461s] Level 1:colcon.colcon_core.package_discovery:discover_packages(ignore) using defaults
[0.461s] Level 1:colcon.colcon_core.package_discovery:discover_packages(path) discover
[0.461s] Level 1:colcon.colcon_core.package_discovery:discover_packages(path) using defaults
[0.500s] Level 1:colcon.colcon_core.package_discovery:discover_packages(prefix_path) check parameters
[0.500s] Level 1:colcon.colcon_core.package_discovery:discover_packages(prefix_path) discover
[0.512s] DEBUG:colcon.colcon_installed_package_information.package_discovery:Found 1 installed packages in /home/parallels/robotics-2110435/challenge_1/install
[0.518s] DEBUG:colcon.colcon_installed_package_information.package_discovery:Found 3 installed packages in /home/parallels/robotics-2110435/robot_ws/install
[0.524s] DEBUG:colcon.colcon_installed_package_information.package_discovery:Found 1 installed packages in /home/parallels/my_robot_ws/install
[0.531s] DEBUG:colcon.colcon_installed_package_information.package_discovery:Found 309 installed packages in /opt/ros/humble
[0.536s] Level 1:colcon.colcon_core.package_discovery:discover_packages(prefix_path) using defaults
[0.579s] Level 5:colcon.colcon_core.verb:set package 'aruco_controller' build argument 'cmake_args' from command line to 'None'
[0.579s] Level 5:colcon.colcon_core.verb:set package 'aruco_controller' build argument 'cmake_target' from command line to 'None'
[0.579s] Level 5:colcon.colcon_core.verb:set package 'aruco_controller' build argument 'cmake_target_skip_unavailable' from command line to 'False'
[0.579s] Level 5:colcon.colcon_core.verb:set package 'aruco_controller' build argument 'cmake_clean_cache' from command line to 'False'
[0.579s] Level 5:colcon.colcon_core.verb:set package 'aruco_controller' build argument 'cmake_clean_first' from command line to 'False'
[0.579s] Level 5:colcon.colcon_core.verb:set package 'aruco_controller' build argument 'cmake_force_configure' from command line to 'False'
[0.579s] Level 5:colcon.colcon_core.verb:set package 'aruco_controller' build argument 'ament_cmake_args' from command line to 'None'
[0.579s] Level 5:colcon.colcon_core.verb:set package 'aruco_controller' build argument 'catkin_cmake_args' from command line to 'None'
[0.579s] Level 5:colcon.colcon_core.verb:set package 'aruco_controller' build argument 'catkin_skip_building_tests' from command line to 'False'
[0.579s] DEBUG:colcon.colcon_core.verb:Building package 'aruco_controller' with the following arguments: {'ament_cmake_args': None, 'build_base': '/home/parallels/robotics-2110435/tracking_ws/src/build/aruco_controller', 'catkin_cmake_args': None, 'catkin_skip_building_tests': False, 'cmake_args': None, 'cmake_clean_cache': False, 'cmake_clean_first': False, 'cmake_force_configure': False, 'cmake_target': None, 'cmake_target_skip_unavailable': False, 'install_base': '/home/parallels/robotics-2110435/tracking_ws/src/install/aruco_controller', 'merge_install': False, 'path': '/home/parallels/robotics-2110435/tracking_ws/src/aruco_controller', 'symlink_install': False, 'test_result_base': None}
[0.585s] Level 5:colcon.colcon_core.verb:set package 'aruco_following_controller' build argument 'cmake_args' from command line to 'None'
[0.585s] Level 5:colcon.colcon_core.verb:set package 'aruco_following_controller' build argument 'cmake_target' from command line to 'None'
[0.585s] Level 5:colcon.colcon_core.verb:set package 'aruco_following_controller' build argument 'cmake_target_skip_unavailable' from command line to 'False'
[0.585s] Level 5:colcon.colcon_core.verb:set package 'aruco_following_controller' build argument 'cmake_clean_cache' from command line to 'False'
[0.585s] Level 5:colcon.colcon_core.verb:set package 'aruco_following_controller' build argument 'cmake_clean_first' from command line to 'False'
[0.585s] Level 5:colcon.colcon_core.verb:set package 'aruco_following_controller' build argument 'cmake_force_configure' from command line to 'False'
[0.585s] Level 5:colcon.colcon_core.verb:set package 'aruco_following_controller' build argument 'ament_cmake_args' from command line to 'None'
[0.585s] Level 5:colcon.colcon_core.verb:set package 'aruco_following_controller' build argument 'catkin_cmake_args' from command line to 'None'
[0.585s] Level 5:colcon.colcon_core.verb:set package 'aruco_following_controller' build argument 'catkin_skip_building_tests' from command line to 'False'
[0.585s] DEBUG:colcon.colcon_core.verb:Building package 'aruco_following_controller' with the following arguments: {'ament_cmake_args': None, 'build_base': '/home/parallels/robotics-2110435/tracking_ws/src/build/aruco_following_controller', 'catkin_cmake_args': None, 'catkin_skip_building_tests': False, 'cmake_args': None, 'cmake_clean_cache': False, 'cmake_clean_first': False, 'cmake_force_configure': False, 'cmake_target': None, 'cmake_target_skip_unavailable': False, 'install_base': '/home/parallels/robotics-2110435/tracking_ws/src/install/aruco_following_controller', 'merge_install': False, 'path': '/home/parallels/robotics-2110435/tracking_ws/src/aruco_following_controller', 'symlink_install': False, 'test_result_base': None}
[0.591s] Level 5:colcon.colcon_core.verb:set package 'keyboard_control' build argument 'cmake_args' from command line to 'None'
[0.591s] Level 5:colcon.colcon_core.verb:set package 'keyboard_control' build argument 'cmake_target' from command line to 'None'
[0.591s] Level 5:colcon.colcon_core.verb:set package 'keyboard_control' build argument 'cmake_target_skip_unavailable' from command line to 'False'
[0.591s] Level 5:colcon.colcon_core.verb:set package 'keyboard_control' build argument 'cmake_clean_cache' from command line to 'False'
[0.591s] Level 5:colcon.colcon_core.verb:set package 'keyboard_control' build argument 'cmake_clean_first' from command line to 'False'
[0.591s] Level 5:colcon.colcon_core.verb:set package 'keyboard_control' build argument 'cmake_force_configure' from command line to 'False'
[0.591s] Level 5:colcon.colcon_core.verb:set package 'keyboard_control' build argument 'ament_cmake_args' from command line to 'None'
[0.591s] Level 5:colcon.colcon_core.verb:set package 'keyboard_control' build argument 'catkin_cmake_args' from command line to 'None'
[0.591s] Level 5:colcon.colcon_core.verb:set package 'keyboard_control' build argument 'catkin_skip_building_tests' from command line to 'False'
[0.591s] DEBUG:colcon.colcon_core.verb:Building package 'keyboard_control' with the following arguments: {'ament_cmake_args': None, 'build_base': '/home/parallels/robotics-2110435/tracking_ws/src/build/keyboard_control', 'catkin_cmake_args': None, 'catkin_skip_building_tests': False, 'cmake_args': None, 'cmake_clean_cache': False, 'cmake_clean_first': False, 'cmake_force_configure': False, 'cmake_target': None, 'cmake_target_skip_unavailable': False, 'install_base': '/home/parallels/robotics-2110435/tracking_ws/src/install/keyboard_control', 'merge_install': False, 'path': '/home/parallels/robotics-2110435/tracking_ws/src/keyboard_control', 'symlink_install': False, 'test_result_base': None}
[0.597s] Level 5:colcon.colcon_core.verb:set package 'web_video_server' build argument 'cmake_args' from command line to 'None'
[0.597s] Level 5:colcon.colcon_core.verb:set package 'web_video_server' build argument 'cmake_target' from command line to 'None'
[0.597s] Level 5:colcon.colcon_core.verb:set package 'web_video_server' build argument 'cmake_target_skip_unavailable' from command line to 'False'
[0.597s] Level 5:colcon.colcon_core.verb:set package 'web_video_server' build argument 'cmake_clean_cache' from command line to 'False'
[0.597s] Level 5:colcon.colcon_core.verb:set package 'web_video_server' build argument 'cmake_clean_first' from command line to 'False'
[0.597s] Level 5:colcon.colcon_core.verb:set package 'web_video_server' build argument 'cmake_force_configure' from command line to 'False'
[0.598s] Level 5:colcon.colcon_core.verb:set package 'web_video_server' build argument 'ament_cmake_args' from command line to 'None'
[0.598s] Level 5:colcon.colcon_core.verb:set package 'web_video_server' build argument 'catkin_cmake_args' from command line to 'None'
[0.598s] Level 5:colcon.colcon_core.verb:set package 'web_video_server' build argument 'catkin_skip_building_tests' from command line to 'False'
[0.598s] DEBUG:colcon.colcon_core.verb:Building package 'web_video_server' with the following arguments: {'ament_cmake_args': None, 'build_base': '/home/parallels/robotics-2110435/tracking_ws/src/build/web_video_server', 'catkin_cmake_args': None, 'catkin_skip_building_tests': False, 'cmake_args': None, 'cmake_clean_cache': False, 'cmake_clean_first': False, 'cmake_force_configure': False, 'cmake_target': None, 'cmake_target_skip_unavailable': False, 'install_base': '/home/parallels/robotics-2110435/tracking_ws/src/install/web_video_server', 'merge_install': False, 'path': '/home/parallels/robotics-2110435/tracking_ws/src/web_video_server', 'symlink_install': False, 'test_result_base': None}
[0.603s] INFO:colcon.colcon_core.executor:Executing jobs using 'parallel' executor
[0.610s] DEBUG:colcon.colcon_parallel_executor.executor.parallel:run_until_complete
[0.610s] INFO:colcon.colcon_ros.task.ament_cmake.build:Building ROS package in '/home/parallels/robotics-2110435/tracking_ws/src/aruco_controller' with build type 'ament_cmake'
[0.610s] INFO:colcon.colcon_cmake.task.cmake.build:Building CMake package in '/home/parallels/robotics-2110435/tracking_ws/src/aruco_controller'
[0.617s] INFO:colcon.colcon_core.plugin_system:Skipping extension 'colcon_core.shell.bat': Not used on non-Windows systems
[0.617s] INFO:colcon.colcon_core.shell:Skip shell extension 'powershell' for command environment: Not usable outside of PowerShell
[0.617s] DEBUG:colcon.colcon_core.shell:Skip shell extension 'dsv' for command environment
[0.651s] INFO:colcon.colcon_ros.task.ament_python.build:Building ROS package in '/home/parallels/robotics-2110435/tracking_ws/src/aruco_following_controller' with build type 'ament_python'
[0.651s] Level 1:colcon.colcon_core.shell:create_environment_hook('aruco_following_controller', 'ament_prefix_path')
[0.657s] INFO:colcon.colcon_core.shell:Creating environment hook '/home/parallels/robotics-2110435/tracking_ws/src/install/aruco_following_controller/share/aruco_following_controller/hook/ament_prefix_path.ps1'
[0.657s] INFO:colcon.colcon_core.shell:Creating environment descriptor '/home/parallels/robotics-2110435/tracking_ws/src/install/aruco_following_controller/share/aruco_following_controller/hook/ament_prefix_path.dsv'
[0.658s] INFO:colcon.colcon_core.shell:Creating environment hook '/home/parallels/robotics-2110435/tracking_ws/src/install/aruco_following_controller/share/aruco_following_controller/hook/ament_prefix_path.sh'
[0.664s] INFO:colcon.colcon_core.shell:Skip shell extension 'powershell' for command environment: Not usable outside of PowerShell
[0.664s] DEBUG:colcon.colcon_core.shell:Skip shell extension 'dsv' for command environment
[0.698s] INFO:colcon.colcon_ros.task.ament_python.build:Building ROS package in '/home/parallels/robotics-2110435/tracking_ws/src/keyboard_control' with build type 'ament_python'
[0.698s] Level 1:colcon.colcon_core.shell:create_environment_hook('keyboard_control', 'ament_prefix_path')
[0.705s] INFO:colcon.colcon_core.shell:Creating environment hook '/home/parallels/robotics-2110435/tracking_ws/src/install/keyboard_control/share/keyboard_control/hook/ament_prefix_path.ps1'
[0.705s] INFO:colcon.colcon_core.shell:Creating environment descriptor '/home/parallels/robotics-2110435/tracking_ws/src/install/keyboard_control/share/keyboard_control/hook/ament_prefix_path.dsv'
[0.705s] INFO:colcon.colcon_core.shell:Creating environment hook '/home/parallels/robotics-2110435/tracking_ws/src/install/keyboard_control/share/keyboard_control/hook/ament_prefix_path.sh'
[0.712s] INFO:colcon.colcon_core.shell:Skip shell extension 'powershell' for command environment: Not usable outside of PowerShell
[0.712s] DEBUG:colcon.colcon_core.shell:Skip shell extension 'dsv' for command environment
[0.745s] INFO:colcon.colcon_ros.task.ament_cmake.build:Building ROS package in '/home/parallels/robotics-2110435/tracking_ws/src/web_video_server' with build type 'ament_cmake'
[0.745s] INFO:colcon.colcon_cmake.task.cmake.build:Building CMake package in '/home/parallels/robotics-2110435/tracking_ws/src/web_video_server'
[0.752s] INFO:colcon.colcon_core.shell:Skip shell extension 'powershell' for command environment: Not usable outside of PowerShell
[0.752s] DEBUG:colcon.colcon_core.shell:Skip shell extension 'dsv' for command environment
[0.789s] DEBUG:colcon.colcon_core.event_handler.log_command:Invoking command in '/home/parallels/robotics-2110435/tracking_ws/src/build/aruco_controller': CMAKE_PREFIX_PATH=/home/parallels/robotics-2110435/challenge_1/install/robot_marker:/home/parallels/robotics-2110435/robot_ws/install/turtle_square:/home/parallels/robotics-2110435/robot_ws/install/turtle_pkg:/home/parallels/robotics-2110435/robot_ws/install/ros2_aruco:/home/parallels/my_robot_ws/install/my_py_pkg:/opt/ros/humble /usr/bin/cmake --build /home/parallels/robotics-2110435/tracking_ws/src/build/aruco_controller -- -j6 -l6
[0.917s] INFO:colcon.colcon_core.task.python.build:Building Python package in '/home/parallels/robotics-2110435/tracking_ws/src/aruco_following_controller'
[0.924s] INFO:colcon.colcon_core.shell:Skip shell extension 'powershell' for command environment: Not usable outside of PowerShell
[0.924s] DEBUG:colcon.colcon_core.shell:Skip shell extension 'dsv' for command environment
[1.087s] INFO:colcon.colcon_core.task.python.build:Building Python package in '/home/parallels/robotics-2110435/tracking_ws/src/keyboard_control'
[1.093s] INFO:colcon.colcon_core.shell:Skip shell extension 'powershell' for command environment: Not usable outside of PowerShell
[1.093s] DEBUG:colcon.colcon_core.shell:Skip shell extension 'dsv' for command environment
[1.128s] DEBUG:colcon.colcon_core.event_handler.log_command:Invoked command in '/home/parallels/robotics-2110435/tracking_ws/src/build/aruco_controller' returned '0': CMAKE_PREFIX_PATH=/home/parallels/robotics-2110435/challenge_1/install/robot_marker:/home/parallels/robotics-2110435/robot_ws/install/turtle_square:/home/parallels/robotics-2110435/robot_ws/install/turtle_pkg:/home/parallels/robotics-2110435/robot_ws/install/ros2_aruco:/home/parallels/my_robot_ws/install/my_py_pkg:/opt/ros/humble /usr/bin/cmake --build /home/parallels/robotics-2110435/tracking_ws/src/build/aruco_controller -- -j6 -l6
[1.131s] DEBUG:colcon.colcon_core.event_handler.log_command:Invoking command in '/home/parallels/robotics-2110435/tracking_ws/src/build/web_video_server': CMAKE_PREFIX_PATH=/home/parallels/robotics-2110435/challenge_1/install/robot_marker:/home/parallels/robotics-2110435/robot_ws/install/turtle_square:/home/parallels/robotics-2110435/robot_ws/install/turtle_pkg:/home/parallels/robotics-2110435/robot_ws/install/ros2_aruco:/home/parallels/my_robot_ws/install/my_py_pkg:/opt/ros/humble /usr/bin/cmake /home/parallels/robotics-2110435/tracking_ws/src/web_video_server -DCMAKE_INSTALL_PREFIX=/home/parallels/robotics-2110435/tracking_ws/src/install/web_video_server
[1.155s] DEBUG:colcon.colcon_core.event_handler.log_command:Invoking command in '/home/parallels/robotics-2110435/tracking_ws/src/build/aruco_controller': CMAKE_PREFIX_PATH=/home/parallels/robotics-2110435/challenge_1/install/robot_marker:/home/parallels/robotics-2110435/robot_ws/install/turtle_square:/home/parallels/robotics-2110435/robot_ws/install/turtle_pkg:/home/parallels/robotics-2110435/robot_ws/install/ros2_aruco:/home/parallels/my_robot_ws/install/my_py_pkg:/opt/ros/humble /usr/bin/cmake --install /home/parallels/robotics-2110435/tracking_ws/src/build/aruco_controller
[1.196s] Level 1:colcon.colcon_core.environment:create_environment_scripts_only(aruco_controller)
[1.204s] DEBUG:colcon.colcon_core.event_handler.log_command:Invoked command in '/home/parallels/robotics-2110435/tracking_ws/src/build/aruco_controller' returned '0': CMAKE_PREFIX_PATH=/home/parallels/robotics-2110435/challenge_1/install/robot_marker:/home/parallels/robotics-2110435/robot_ws/install/turtle_square:/home/parallels/robotics-2110435/robot_ws/install/turtle_pkg:/home/parallels/robotics-2110435/robot_ws/install/ros2_aruco:/home/parallels/my_robot_ws/install/my_py_pkg:/opt/ros/humble /usr/bin/cmake --install /home/parallels/robotics-2110435/tracking_ws/src/build/aruco_controller
[1.204s] Level 1:colcon.colcon_core.environment:checking '/home/parallels/robotics-2110435/tracking_ws/src/install/aruco_controller' for CMake module files
[1.204s] Level 1:colcon.colcon_core.environment:checking '/home/parallels/robotics-2110435/tracking_ws/src/install/aruco_controller' for CMake config files
[1.205s] Level 1:colcon.colcon_core.shell:create_environment_hook('aruco_controller', 'cmake_prefix_path')
[1.212s] INFO:colcon.colcon_core.shell:Creating environment hook '/home/parallels/robotics-2110435/tracking_ws/src/install/aruco_controller/share/aruco_controller/hook/cmake_prefix_path.ps1'
[1.212s] INFO:colcon.colcon_core.shell:Creating environment descriptor '/home/parallels/robotics-2110435/tracking_ws/src/install/aruco_controller/share/aruco_controller/hook/cmake_prefix_path.dsv'
[1.212s] INFO:colcon.colcon_core.shell:Creating environment hook '/home/parallels/robotics-2110435/tracking_ws/src/install/aruco_controller/share/aruco_controller/hook/cmake_prefix_path.sh'
[1.212s] Level 1:colcon.colcon_core.environment:checking '/home/parallels/robotics-2110435/tracking_ws/src/install/aruco_controller/lib'
[1.213s] Level 1:colcon.colcon_core.environment:checking '/home/parallels/robotics-2110435/tracking_ws/src/install/aruco_controller/bin'
[1.213s] Level 1:colcon.colcon_core.environment:checking '/home/parallels/robotics-2110435/tracking_ws/src/install/aruco_controller/lib/pkgconfig/aruco_controller.pc'
[1.213s] Level 1:colcon.colcon_core.environment:checking '/home/parallels/robotics-2110435/tracking_ws/src/install/aruco_controller/lib/python3.10/site-packages'
[1.213s] Level 1:colcon.colcon_core.environment:checking '/home/parallels/robotics-2110435/tracking_ws/src/install/aruco_controller/bin'
[1.220s] INFO:colcon.colcon_core.shell:Creating package script '/home/parallels/robotics-2110435/tracking_ws/src/install/aruco_controller/share/aruco_controller/package.ps1'
[1.220s] INFO:colcon.colcon_core.shell:Creating package descriptor '/home/parallels/robotics-2110435/tracking_ws/src/install/aruco_controller/share/aruco_controller/package.dsv'
[1.220s] INFO:colcon.colcon_core.shell:Creating package script '/home/parallels/robotics-2110435/tracking_ws/src/install/aruco_controller/share/aruco_controller/package.sh'
[1.221s] INFO:colcon.colcon_core.shell:Creating package script '/home/parallels/robotics-2110435/tracking_ws/src/install/aruco_controller/share/aruco_controller/package.bash'
[1.221s] INFO:colcon.colcon_core.shell:Creating package script '/home/parallels/robotics-2110435/tracking_ws/src/install/aruco_controller/share/aruco_controller/package.zsh'
[1.221s] Level 1:colcon.colcon_core.environment:create_file_with_runtime_dependencies(/home/parallels/robotics-2110435/tracking_ws/src/install/aruco_controller/share/colcon-core/packages/aruco_controller)
[1.247s] Level 1:colcon.colcon_core.environment:create_environment_scripts_only(aruco_controller)
[1.254s] Level 1:colcon.colcon_core.environment:checking '/home/parallels/robotics-2110435/tracking_ws/src/install/aruco_controller' for CMake module files
[1.254s] Level 1:colcon.colcon_core.environment:checking '/home/parallels/robotics-2110435/tracking_ws/src/install/aruco_controller' for CMake config files
[1.254s] Level 1:colcon.colcon_core.shell:create_environment_hook('aruco_controller', 'cmake_prefix_path')
[1.261s] INFO:colcon.colcon_core.shell:Creating environment hook '/home/parallels/robotics-2110435/tracking_ws/src/install/aruco_controller/share/aruco_controller/hook/cmake_prefix_path.ps1'
[1.261s] INFO:colcon.colcon_core.shell:Creating environment descriptor '/home/parallels/robotics-2110435/tracking_ws/src/install/aruco_controller/share/aruco_controller/hook/cmake_prefix_path.dsv'
[1.261s] INFO:colcon.colcon_core.shell:Creating environment hook '/home/parallels/robotics-2110435/tracking_ws/src/install/aruco_controller/share/aruco_controller/hook/cmake_prefix_path.sh'
[1.262s] Level 1:colcon.colcon_core.environment:checking '/home/parallels/robotics-2110435/tracking_ws/src/install/aruco_controller/lib'
[1.262s] Level 1:colcon.colcon_core.environment:checking '/home/parallels/robotics-2110435/tracking_ws/src/install/aruco_controller/bin'
[1.262s] Level 1:colcon.colcon_core.environment:checking '/home/parallels/robotics-2110435/tracking_ws/src/install/aruco_controller/lib/pkgconfig/aruco_controller.pc'
[1.262s] Level 1:colcon.colcon_core.environment:checking '/home/parallels/robotics-2110435/tracking_ws/src/install/aruco_controller/lib/python3.10/site-packages'
[1.262s] Level 1:colcon.colcon_core.environment:checking '/home/parallels/robotics-2110435/tracking_ws/src/install/aruco_controller/bin'
[1.269s] INFO:colcon.colcon_core.shell:Creating package script '/home/parallels/robotics-2110435/tracking_ws/src/install/aruco_controller/share/aruco_controller/package.ps1'
[1.269s] INFO:colcon.colcon_core.shell:Creating package descriptor '/home/parallels/robotics-2110435/tracking_ws/src/install/aruco_controller/share/aruco_controller/package.dsv'
[1.269s] INFO:colcon.colcon_core.shell:Creating package script '/home/parallels/robotics-2110435/tracking_ws/src/install/aruco_controller/share/aruco_controller/package.sh'
[1.269s] INFO:colcon.colcon_core.shell:Creating package script '/home/parallels/robotics-2110435/tracking_ws/src/install/aruco_controller/share/aruco_controller/package.bash'
[1.270s] INFO:colcon.colcon_core.shell:Creating package script '/home/parallels/robotics-2110435/tracking_ws/src/install/aruco_controller/share/aruco_controller/package.zsh'
[1.270s] Level 1:colcon.colcon_core.environment:create_file_with_runtime_dependencies(/home/parallels/robotics-2110435/tracking_ws/src/install/aruco_controller/share/colcon-core/packages/aruco_controller)
[1.324s] DEBUG:colcon.colcon_core.event_handler.log_command:Invoking command in '/home/parallels/robotics-2110435/tracking_ws/src/keyboard_control': PYTHONPATH=/home/parallels/robotics-2110435/tracking_ws/src/build/keyboard_control/prefix_override:/home/parallels/robotics-2110435/tracking_ws/src/install/keyboard_control/lib/python3.10/site-packages:${PYTHONPATH} /usr/bin/python3 setup.py egg_info --egg-base ../build/keyboard_control build --build-base /home/parallels/robotics-2110435/tracking_ws/src/build/keyboard_control/build install --record /home/parallels/robotics-2110435/tracking_ws/src/build/keyboard_control/install.log --single-version-externally-managed
[1.330s] DEBUG:colcon.colcon_core.event_handler.log_command:Invoking command in '/home/parallels/robotics-2110435/tracking_ws/src/aruco_following_controller': PYTHONPATH=/home/parallels/robotics-2110435/tracking_ws/src/build/aruco_following_controller/prefix_override:/home/parallels/robotics-2110435/tracking_ws/src/install/aruco_following_controller/lib/python3.10/site-packages:${PYTHONPATH} /usr/bin/python3 setup.py egg_info --egg-base ../build/aruco_following_controller build --build-base /home/parallels/robotics-2110435/tracking_ws/src/build/aruco_following_controller/build install --record /home/parallels/robotics-2110435/tracking_ws/src/build/aruco_following_controller/install.log --single-version-externally-managed
[1.477s] DEBUG:colcon.colcon_core.event_handler.log_command:Invoked command in '/home/parallels/robotics-2110435/tracking_ws/src/keyboard_control' returned '0': PYTHONPATH=/home/parallels/robotics-2110435/tracking_ws/src/build/keyboard_control/prefix_override:/home/parallels/robotics-2110435/tracking_ws/src/install/keyboard_control/lib/python3.10/site-packages:${PYTHONPATH} /usr/bin/python3 setup.py egg_info --egg-base ../build/keyboard_control build --build-base /home/parallels/robotics-2110435/tracking_ws/src/build/keyboard_control/build install --record /home/parallels/robotics-2110435/tracking_ws/src/build/keyboard_control/install.log --single-version-externally-managed
[1.484s] Level 1:colcon.colcon_core.environment:checking '/home/parallels/robotics-2110435/tracking_ws/src/install/keyboard_control' for CMake module files
[1.484s] Level 1:colcon.colcon_core.environment:checking '/home/parallels/robotics-2110435/tracking_ws/src/install/keyboard_control' for CMake config files
[1.484s] Level 1:colcon.colcon_core.environment:checking '/home/parallels/robotics-2110435/tracking_ws/src/install/keyboard_control/lib'
[1.484s] Level 1:colcon.colcon_core.environment:checking '/home/parallels/robotics-2110435/tracking_ws/src/install/keyboard_control/bin'
[1.484s] Level 1:colcon.colcon_core.environment:checking '/home/parallels/robotics-2110435/tracking_ws/src/install/keyboard_control/lib/pkgconfig/keyboard_control.pc'
[1.484s] Level 1:colcon.colcon_core.environment:checking '/home/parallels/robotics-2110435/tracking_ws/src/install/keyboard_control/lib/python3.10/site-packages'
[1.484s] Level 1:colcon.colcon_core.shell:create_environment_hook('keyboard_control', 'pythonpath')
[1.496s] INFO:colcon.colcon_core.shell:Creating environment hook '/home/parallels/robotics-2110435/tracking_ws/src/install/keyboard_control/share/keyboard_control/hook/pythonpath.ps1'
[1.497s] INFO:colcon.colcon_core.shell:Creating environment descriptor '/home/parallels/robotics-2110435/tracking_ws/src/install/keyboard_control/share/keyboard_control/hook/pythonpath.dsv'
[1.497s] INFO:colcon.colcon_core.shell:Creating environment hook '/home/parallels/robotics-2110435/tracking_ws/src/install/keyboard_control/share/keyboard_control/hook/pythonpath.sh'
[1.497s] Level 1:colcon.colcon_core.environment:checking '/home/parallels/robotics-2110435/tracking_ws/src/install/keyboard_control/bin'
[1.497s] Level 1:colcon.colcon_core.environment:create_environment_scripts_only(keyboard_control)
[1.503s] INFO:colcon.colcon_core.shell:Creating package script '/home/parallels/robotics-2110435/tracking_ws/src/install/keyboard_control/share/keyboard_control/package.ps1'
[1.503s] INFO:colcon.colcon_core.shell:Creating package descriptor '/home/parallels/robotics-2110435/tracking_ws/src/install/keyboard_control/share/keyboard_control/package.dsv'
[1.504s] INFO:colcon.colcon_core.shell:Creating package script '/home/parallels/robotics-2110435/tracking_ws/src/install/keyboard_control/share/keyboard_control/package.sh'
[1.504s] INFO:colcon.colcon_core.shell:Creating package script '/home/parallels/robotics-2110435/tracking_ws/src/install/keyboard_control/share/keyboard_control/package.bash'
[1.504s] INFO:colcon.colcon_core.shell:Creating package script '/home/parallels/robotics-2110435/tracking_ws/src/install/keyboard_control/share/keyboard_control/package.zsh'
[1.504s] Level 1:colcon.colcon_core.environment:create_file_with_runtime_dependencies(/home/parallels/robotics-2110435/tracking_ws/src/install/keyboard_control/share/colcon-core/packages/keyboard_control)
[1.505s] DEBUG:colcon.colcon_core.event_handler.log_command:Invoked command in '/home/parallels/robotics-2110435/tracking_ws/src/aruco_following_controller' returned '0': PYTHONPATH=/home/parallels/robotics-2110435/tracking_ws/src/build/aruco_following_controller/prefix_override:/home/parallels/robotics-2110435/tracking_ws/src/install/aruco_following_controller/lib/python3.10/site-packages:${PYTHONPATH} /usr/bin/python3 setup.py egg_info --egg-base ../build/aruco_following_controller build --build-base /home/parallels/robotics-2110435/tracking_ws/src/build/aruco_following_controller/build install --record /home/parallels/robotics-2110435/tracking_ws/src/build/aruco_following_controller/install.log --single-version-externally-managed
[1.512s] Level 1:colcon.colcon_core.environment:checking '/home/parallels/robotics-2110435/tracking_ws/src/install/aruco_following_controller' for CMake module files
[1.512s] Level 1:colcon.colcon_core.environment:checking '/home/parallels/robotics-2110435/tracking_ws/src/install/aruco_following_controller' for CMake config files
[1.512s] Level 1:colcon.colcon_core.environment:checking '/home/parallels/robotics-2110435/tracking_ws/src/install/aruco_following_controller/lib'
[1.512s] Level 1:colcon.colcon_core.environment:checking '/home/parallels/robotics-2110435/tracking_ws/src/install/aruco_following_controller/bin'
[1.512s] Level 1:colcon.colcon_core.environment:checking '/home/parallels/robotics-2110435/tracking_ws/src/install/aruco_following_controller/lib/pkgconfig/aruco_following_controller.pc'
[1.512s] Level 1:colcon.colcon_core.environment:checking '/home/parallels/robotics-2110435/tracking_ws/src/install/aruco_following_controller/lib/python3.10/site-packages'
[1.512s] Level 1:colcon.colcon_core.shell:create_environment_hook('aruco_following_controller', 'pythonpath')
[1.519s] INFO:colcon.colcon_core.shell:Creating environment hook '/home/parallels/robotics-2110435/tracking_ws/src/install/aruco_following_controller/share/aruco_following_controller/hook/pythonpath.ps1'
[1.519s] INFO:colcon.colcon_core.shell:Creating environment descriptor '/home/parallels/robotics-2110435/tracking_ws/src/install/aruco_following_controller/share/aruco_following_controller/hook/pythonpath.dsv'
[1.519s] INFO:colcon.colcon_core.shell:Creating environment hook '/home/parallels/robotics-2110435/tracking_ws/src/install/aruco_following_controller/share/aruco_following_controller/hook/pythonpath.sh'
[1.520s] Level 1:colcon.colcon_core.environment:checking '/home/parallels/robotics-2110435/tracking_ws/src/install/aruco_following_controller/bin'
[1.520s] Level 1:colcon.colcon_core.environment:create_environment_scripts_only(aruco_following_controller)
[1.526s] INFO:colcon.colcon_core.shell:Creating package script '/home/parallels/robotics-2110435/tracking_ws/src/install/aruco_following_controller/share/aruco_following_controller/package.ps1'
[1.527s] INFO:colcon.colcon_core.shell:Creating package descriptor '/home/parallels/robotics-2110435/tracking_ws/src/install/aruco_following_controller/share/aruco_following_controller/package.dsv'
[1.527s] INFO:colcon.colcon_core.shell:Creating package script '/home/parallels/robotics-2110435/tracking_ws/src/install/aruco_following_controller/share/aruco_following_controller/package.sh'
[1.527s] INFO:colcon.colcon_core.shell:Creating package script '/home/parallels/robotics-2110435/tracking_ws/src/install/aruco_following_controller/share/aruco_following_controller/package.bash'
[1.527s] INFO:colcon.colcon_core.shell:Creating package script '/home/parallels/robotics-2110435/tracking_ws/src/install/aruco_following_controller/share/aruco_following_controller/package.zsh'
[1.527s] Level 1:colcon.colcon_core.environment:create_file_with_runtime_dependencies(/home/parallels/robotics-2110435/tracking_ws/src/install/aruco_following_controller/share/colcon-core/packages/aruco_following_controller)
[2.126s] DEBUG:colcon.colcon_core.event_handler.log_command:Invoked command in '/home/parallels/robotics-2110435/tracking_ws/src/build/web_video_server' returned '0': CMAKE_PREFIX_PATH=/home/parallels/robotics-2110435/challenge_1/install/robot_marker:/home/parallels/robotics-2110435/robot_ws/install/turtle_square:/home/parallels/robotics-2110435/robot_ws/install/turtle_pkg:/home/parallels/robotics-2110435/robot_ws/install/ros2_aruco:/home/parallels/my_robot_ws/install/my_py_pkg:/opt/ros/humble /usr/bin/cmake /home/parallels/robotics-2110435/tracking_ws/src/web_video_server -DCMAKE_INSTALL_PREFIX=/home/parallels/robotics-2110435/tracking_ws/src/install/web_video_server
[2.127s] DEBUG:colcon.colcon_core.event_handler.log_command:Invoking command in '/home/parallels/robotics-2110435/tracking_ws/src/build/web_video_server': CMAKE_PREFIX_PATH=/home/parallels/robotics-2110435/challenge_1/install/robot_marker:/home/parallels/robotics-2110435/robot_ws/install/turtle_square:/home/parallels/robotics-2110435/robot_ws/install/turtle_pkg:/home/parallels/robotics-2110435/robot_ws/install/ros2_aruco:/home/parallels/my_robot_ws/install/my_py_pkg:/opt/ros/humble /usr/bin/cmake --build /home/parallels/robotics-2110435/tracking_ws/src/build/web_video_server -- -j6 -l6
[15.587s] DEBUG:colcon.colcon_core.event_handler.log_command:Invoked command in '/home/parallels/robotics-2110435/tracking_ws/src/build/web_video_server' returned '0': CMAKE_PREFIX_PATH=/home/parallels/robotics-2110435/challenge_1/install/robot_marker:/home/parallels/robotics-2110435/robot_ws/install/turtle_square:/home/parallels/robotics-2110435/robot_ws/install/turtle_pkg:/home/parallels/robotics-2110435/robot_ws/install/ros2_aruco:/home/parallels/my_robot_ws/install/my_py_pkg:/opt/ros/humble /usr/bin/cmake --build /home/parallels/robotics-2110435/tracking_ws/src/build/web_video_server -- -j6 -l6
[15.623s] DEBUG:colcon.colcon_core.event_handler.log_command:Invoking command in '/home/parallels/robotics-2110435/tracking_ws/src/build/web_video_server': CMAKE_PREFIX_PATH=/home/parallels/robotics-2110435/challenge_1/install/robot_marker:/home/parallels/robotics-2110435/robot_ws/install/turtle_square:/home/parallels/robotics-2110435/robot_ws/install/turtle_pkg:/home/parallels/robotics-2110435/robot_ws/install/ros2_aruco:/home/parallels/my_robot_ws/install/my_py_pkg:/opt/ros/humble /usr/bin/cmake --install /home/parallels/robotics-2110435/tracking_ws/src/build/web_video_server
[15.635s] Level 1:colcon.colcon_core.environment:create_environment_scripts_only(web_video_server)
[15.636s] DEBUG:colcon.colcon_core.event_handler.log_command:Invoked command in '/home/parallels/robotics-2110435/tracking_ws/src/build/web_video_server' returned '0': CMAKE_PREFIX_PATH=/home/parallels/robotics-2110435/challenge_1/install/robot_marker:/home/parallels/robotics-2110435/robot_ws/install/turtle_square:/home/parallels/robotics-2110435/robot_ws/install/turtle_pkg:/home/parallels/robotics-2110435/robot_ws/install/ros2_aruco:/home/parallels/my_robot_ws/install/my_py_pkg:/opt/ros/humble /usr/bin/cmake --install /home/parallels/robotics-2110435/tracking_ws/src/build/web_video_server
[15.645s] Level 1:colcon.colcon_core.environment:checking '/home/parallels/robotics-2110435/tracking_ws/src/install/web_video_server' for CMake module files
[15.645s] Level 1:colcon.colcon_core.environment:checking '/home/parallels/robotics-2110435/tracking_ws/src/install/web_video_server' for CMake config files
[15.645s] Level 1:colcon.colcon_core.shell:create_environment_hook('web_video_server', 'cmake_prefix_path')
[15.652s] INFO:colcon.colcon_core.shell:Creating environment hook '/home/parallels/robotics-2110435/tracking_ws/src/install/web_video_server/share/web_video_server/hook/cmake_prefix_path.ps1'
[15.653s] INFO:colcon.colcon_core.shell:Creating environment descriptor '/home/parallels/robotics-2110435/tracking_ws/src/install/web_video_server/share/web_video_server/hook/cmake_prefix_path.dsv'
[15.653s] INFO:colcon.colcon_core.shell:Creating environment hook '/home/parallels/robotics-2110435/tracking_ws/src/install/web_video_server/share/web_video_server/hook/cmake_prefix_path.sh'
[15.653s] Level 1:colcon.colcon_core.environment:checking '/home/parallels/robotics-2110435/tracking_ws/src/install/web_video_server/lib'
[15.654s] Level 1:colcon.colcon_core.environment:checking '/home/parallels/robotics-2110435/tracking_ws/src/install/web_video_server/bin'
[15.654s] Level 1:colcon.colcon_core.environment:checking '/home/parallels/robotics-2110435/tracking_ws/src/install/web_video_server/lib/pkgconfig/web_video_server.pc'
[15.654s] Level 1:colcon.colcon_core.environment:checking '/home/parallels/robotics-2110435/tracking_ws/src/install/web_video_server/lib/python3.10/site-packages'
[15.654s] Level 1:colcon.colcon_core.environment:checking '/home/parallels/robotics-2110435/tracking_ws/src/install/web_video_server/bin'
[15.661s] INFO:colcon.colcon_core.shell:Creating package script '/home/parallels/robotics-2110435/tracking_ws/src/install/web_video_server/share/web_video_server/package.ps1'
[15.661s] INFO:colcon.colcon_core.shell:Creating package descriptor '/home/parallels/robotics-2110435/tracking_ws/src/install/web_video_server/share/web_video_server/package.dsv'
[15.661s] INFO:colcon.colcon_core.shell:Creating package script '/home/parallels/robotics-2110435/tracking_ws/src/install/web_video_server/share/web_video_server/package.sh'
[15.662s] INFO:colcon.colcon_core.shell:Creating package script '/home/parallels/robotics-2110435/tracking_ws/src/install/web_video_server/share/web_video_server/package.bash'
[15.662s] INFO:colcon.colcon_core.shell:Creating package script '/home/parallels/robotics-2110435/tracking_ws/src/install/web_video_server/share/web_video_server/package.zsh'
[15.662s] Level 1:colcon.colcon_core.environment:create_file_with_runtime_dependencies(/home/parallels/robotics-2110435/tracking_ws/src/install/web_video_server/share/colcon-core/packages/web_video_server)
[15.703s] Level 1:colcon.colcon_core.environment:create_environment_scripts_only(web_video_server)
[15.709s] Level 1:colcon.colcon_core.environment:checking '/home/parallels/robotics-2110435/tracking_ws/src/install/web_video_server' for CMake module files
[15.709s] Level 1:colcon.colcon_core.environment:checking '/home/parallels/robotics-2110435/tracking_ws/src/install/web_video_server' for CMake config files
[15.709s] Level 1:colcon.colcon_core.shell:create_environment_hook('web_video_server', 'cmake_prefix_path')
[15.715s] INFO:colcon.colcon_core.shell:Creating environment hook '/home/parallels/robotics-2110435/tracking_ws/src/install/web_video_server/share/web_video_server/hook/cmake_prefix_path.ps1'
[15.716s] INFO:colcon.colcon_core.shell:Creating environment descriptor '/home/parallels/robotics-2110435/tracking_ws/src/install/web_video_server/share/web_video_server/hook/cmake_prefix_path.dsv'
[15.716s] INFO:colcon.colcon_core.shell:Creating environment hook '/home/parallels/robotics-2110435/tracking_ws/src/install/web_video_server/share/web_video_server/hook/cmake_prefix_path.sh'
[15.716s] Level 1:colcon.colcon_core.environment:checking '/home/parallels/robotics-2110435/tracking_ws/src/install/web_video_server/lib'
[15.716s] Level 1:colcon.colcon_core.environment:checking '/home/parallels/robotics-2110435/tracking_ws/src/install/web_video_server/bin'
[15.716s] Level 1:colcon.colcon_core.environment:checking '/home/parallels/robotics-2110435/tracking_ws/src/install/web_video_server/lib/pkgconfig/web_video_server.pc'
[15.717s] Level 1:colcon.colcon_core.environment:checking '/home/parallels/robotics-2110435/tracking_ws/src/install/web_video_server/lib/python3.10/site-packages'
[15.717s] Level 1:colcon.colcon_core.environment:checking '/home/parallels/robotics-2110435/tracking_ws/src/install/web_video_server/bin'
[15.723s] INFO:colcon.colcon_core.shell:Creating package script '/home/parallels/robotics-2110435/tracking_ws/src/install/web_video_server/share/web_video_server/package.ps1'
[15.724s] INFO:colcon.colcon_core.shell:Creating package descriptor '/home/parallels/robotics-2110435/tracking_ws/src/install/web_video_server/share/web_video_server/package.dsv'
[15.724s] INFO:colcon.colcon_core.shell:Creating package script '/home/parallels/robotics-2110435/tracking_ws/src/install/web_video_server/share/web_video_server/package.sh'
[15.724s] INFO:colcon.colcon_core.shell:Creating package script '/home/parallels/robotics-2110435/tracking_ws/src/install/web_video_server/share/web_video_server/package.bash'
[15.724s] INFO:colcon.colcon_core.shell:Creating package script '/home/parallels/robotics-2110435/tracking_ws/src/install/web_video_server/share/web_video_server/package.zsh'
[15.724s] Level 1:colcon.colcon_core.environment:create_file_with_runtime_dependencies(/home/parallels/robotics-2110435/tracking_ws/src/install/web_video_server/share/colcon-core/packages/web_video_server)
[15.724s] DEBUG:colcon.colcon_parallel_executor.executor.parallel:closing loop
[15.725s] DEBUG:colcon.colcon_parallel_executor.executor.parallel:loop closed
[15.725s] DEBUG:colcon.colcon_parallel_executor.executor.parallel:run_until_complete finished with '0'
[15.725s] DEBUG:colcon.colcon_core.event_reactor:joining thread
[15.736s] INFO:colcon.colcon_core.plugin_system:Skipping extension 'colcon_notification.desktop_notification.terminal_notifier': Not used on non-Darwin systems
[15.736s] INFO:colcon.colcon_core.plugin_system:Skipping extension 'colcon_notification.desktop_notification.win32': Not used on non-Windows systems
[15.736s] INFO:colcon.colcon_notification.desktop_notification:Sending desktop notification using 'notify2'
[15.748s] DEBUG:colcon.colcon_core.event_reactor:joined thread
[15.756s] INFO:colcon.colcon_core.shell:Creating prefix script '/home/parallels/robotics-2110435/tracking_ws/src/install/local_setup.ps1'
[15.757s] INFO:colcon.colcon_core.shell:Creating prefix util module '/home/parallels/robotics-2110435/tracking_ws/src/install/_local_setup_util_ps1.py'
[15.758s] INFO:colcon.colcon_core.shell:Creating prefix chain script '/home/parallels/robotics-2110435/tracking_ws/src/install/setup.ps1'
[15.766s] INFO:colcon.colcon_core.shell:Creating prefix script '/home/parallels/robotics-2110435/tracking_ws/src/install/local_setup.sh'
[15.767s] INFO:colcon.colcon_core.shell:Creating prefix util module '/home/parallels/robotics-2110435/tracking_ws/src/install/_local_setup_util_sh.py'
[15.767s] INFO:colcon.colcon_core.shell:Creating prefix chain script '/home/parallels/robotics-2110435/tracking_ws/src/install/setup.sh'
[15.775s] INFO:colcon.colcon_core.shell:Creating prefix script '/home/parallels/robotics-2110435/tracking_ws/src/install/local_setup.bash'
[15.775s] INFO:colcon.colcon_core.shell:Creating prefix chain script '/home/parallels/robotics-2110435/tracking_ws/src/install/setup.bash'
[15.783s] INFO:colcon.colcon_core.shell:Creating prefix script '/home/parallels/robotics-2110435/tracking_ws/src/install/local_setup.zsh'
[15.783s] INFO:colcon.colcon_core.shell:Creating prefix chain script '/home/parallels/robotics-2110435/tracking_ws/src/install/setup.zsh'
