[0.506s] Invoking command in '/home/vt/robotics-2110435/challenge_2/src/challenge_2': PYTHONPATH=/home/vt/robotics-2110435/challenge_2/build/challenge_2/prefix_override:/home/vt/robotics-2110435/challenge_2/install/challenge_2/lib/python3.10/site-packages:${PYTHONPATH} /usr/bin/python3 setup.py egg_info --egg-base ../../build/challenge_2 build --build-base /home/vt/robotics-2110435/challenge_2/build/challenge_2/build install --record /home/vt/robotics-2110435/challenge_2/build/challenge_2/install.log --single-version-externally-managed
[0.618s] running egg_info
[0.618s] creating ../../build/challenge_2/challenge_2.egg-info
[0.623s] writing ../../build/challenge_2/challenge_2.egg-info/PKG-INFO
[0.624s] writing dependency_links to ../../build/challenge_2/challenge_2.egg-info/dependency_links.txt
[0.624s] writing entry points to ../../build/challenge_2/challenge_2.egg-info/entry_points.txt
[0.624s] writing requirements to ../../build/challenge_2/challenge_2.egg-info/requires.txt
[0.624s] writing top-level names to ../../build/challenge_2/challenge_2.egg-info/top_level.txt
[0.624s] writing manifest file '../../build/challenge_2/challenge_2.egg-info/SOURCES.txt'
[0.639s] reading manifest file '../../build/challenge_2/challenge_2.egg-info/SOURCES.txt'
[0.639s] writing manifest file '../../build/challenge_2/challenge_2.egg-info/SOURCES.txt'
[0.639s] running build
[0.639s] running build_py
[0.640s] creating /home/vt/robotics-2110435/challenge_2/build/challenge_2/build
[0.640s] creating /home/vt/robotics-2110435/challenge_2/build/challenge_2/build/lib
[0.640s] creating /home/vt/robotics-2110435/challenge_2/build/challenge_2/build/lib/challenge_2
[0.640s] copying challenge_2/__init__.py -> /home/vt/robotics-2110435/challenge_2/build/challenge_2/build/lib/challenge_2
[0.640s] copying challenge_2/robot_helper.py -> /home/vt/robotics-2110435/challenge_2/build/challenge_2/build/lib/challenge_2
[0.640s] copying challenge_2/main.py -> /home/vt/robotics-2110435/challenge_2/build/challenge_2/build/lib/challenge_2
[0.640s] running install
[0.640s] /usr/local/lib/python3.10/dist-packages/setuptools/_distutils/cmd.py:66: SetuptoolsDeprecationWarning: setup.py install is deprecated.
[0.640s] !!
[0.640s] 
[0.641s]         ********************************************************************************
[0.641s]         Please avoid running ``setup.py`` directly.
[0.641s]         Instead, use pypa/build, pypa/installer or other
[0.641s]         standards-based tools.
[0.641s] 
[0.641s]         See https://blog.ganssle.io/articles/2021/10/setup-py-deprecated.html for details.
[0.641s]         ********************************************************************************
[0.641s] 
[0.641s] !!
[0.641s]   self.initialize_options()
[0.643s] running install_lib
[0.651s] creating /home/vt/robotics-2110435/challenge_2/install/challenge_2/lib/python3.10/site-packages/challenge_2
[0.651s] copying /home/vt/robotics-2110435/challenge_2/build/challenge_2/build/lib/challenge_2/__init__.py -> /home/vt/robotics-2110435/challenge_2/install/challenge_2/lib/python3.10/site-packages/challenge_2
[0.651s] copying /home/vt/robotics-2110435/challenge_2/build/challenge_2/build/lib/challenge_2/robot_helper.py -> /home/vt/robotics-2110435/challenge_2/install/challenge_2/lib/python3.10/site-packages/challenge_2
[0.651s] copying /home/vt/robotics-2110435/challenge_2/build/challenge_2/build/lib/challenge_2/main.py -> /home/vt/robotics-2110435/challenge_2/install/challenge_2/lib/python3.10/site-packages/challenge_2
[0.651s] byte-compiling /home/vt/robotics-2110435/challenge_2/install/challenge_2/lib/python3.10/site-packages/challenge_2/__init__.py to __init__.cpython-310.pyc
[0.651s] byte-compiling /home/vt/robotics-2110435/challenge_2/install/challenge_2/lib/python3.10/site-packages/challenge_2/robot_helper.py to robot_helper.cpython-310.pyc
[0.653s] byte-compiling /home/vt/robotics-2110435/challenge_2/install/challenge_2/lib/python3.10/site-packages/challenge_2/main.py to main.cpython-310.pyc
[0.653s] running install_data
[0.660s] creating /home/vt/robotics-2110435/challenge_2/install/challenge_2/share/ament_index
[0.661s] creating /home/vt/robotics-2110435/challenge_2/install/challenge_2/share/ament_index/resource_index
[0.661s] creating /home/vt/robotics-2110435/challenge_2/install/challenge_2/share/ament_index/resource_index/packages
[0.661s] copying resource/challenge_2 -> /home/vt/robotics-2110435/challenge_2/install/challenge_2/share/ament_index/resource_index/packages
[0.661s] copying package.xml -> /home/vt/robotics-2110435/challenge_2/install/challenge_2/share/challenge_2
[0.661s] running install_egg_info
[0.668s] Copying ../../build/challenge_2/challenge_2.egg-info to /home/vt/robotics-2110435/challenge_2/install/challenge_2/lib/python3.10/site-packages/challenge_2-0.0.0-py3.10.egg-info
[0.669s] running install_scripts
[0.742s] Installing aruco_explorer script to /home/vt/robotics-2110435/challenge_2/install/challenge_2/lib/challenge_2
[0.742s] writing list of installed files to '/home/vt/robotics-2110435/challenge_2/build/challenge_2/install.log'
[0.771s] Invoked command in '/home/vt/robotics-2110435/challenge_2/src/challenge_2' returned '0': PYTHONPATH=/home/vt/robotics-2110435/challenge_2/build/challenge_2/prefix_override:/home/vt/robotics-2110435/challenge_2/install/challenge_2/lib/python3.10/site-packages:${PYTHONPATH} /usr/bin/python3 setup.py egg_info --egg-base ../../build/challenge_2 build --build-base /home/vt/robotics-2110435/challenge_2/build/challenge_2/build install --record /home/vt/robotics-2110435/challenge_2/build/challenge_2/install.log --single-version-externally-managed
