Built target ament_cmake_python_copy_aruco_controller
running egg_info
writing aruco_controller.egg-info/PKG-INFO
writing dependency_links to aruco_controller.egg-info/dependency_links.txt
writing top-level names to aruco_controller.egg-info/top_level.txt
reading manifest file 'aruco_controller.egg-info/SOURCES.txt'
writing manifest file 'aruco_controller.egg-info/SOURCES.txt'
Built target ament_cmake_python_build_aruco_controller_egg
-- Install configuration: ""
-- Up-to-date: /home/khadas/tracking_robot_workspace/install/aruco_controller/share/aruco_controller/environment/pythonpath.sh
-- Up-to-date: /home/khadas/tracking_robot_workspace/install/aruco_controller/share/aruco_controller/environment/pythonpath.dsv
-- Up-to-date: /home/khadas/tracking_robot_workspace/install/aruco_controller/local/lib/python3.10/dist-packages/aruco_controller-0.0.0-py3.10.egg-info
-- Installing: /home/khadas/tracking_robot_workspace/install/aruco_controller/local/lib/python3.10/dist-packages/aruco_controller-0.0.0-py3.10.egg-info/top_level.txt
-- Installing: /home/khadas/tracking_robot_workspace/install/aruco_controller/local/lib/python3.10/dist-packages/aruco_controller-0.0.0-py3.10.egg-info/SOURCES.txt
-- Installing: /home/khadas/tracking_robot_workspace/install/aruco_controller/local/lib/python3.10/dist-packages/aruco_controller-0.0.0-py3.10.egg-info/PKG-INFO
-- Installing: /home/khadas/tracking_robot_workspace/install/aruco_controller/local/lib/python3.10/dist-packages/aruco_controller-0.0.0-py3.10.egg-info/dependency_links.txt
-- Up-to-date: /home/khadas/tracking_robot_workspace/install/aruco_controller/local/lib/python3.10/dist-packages/aruco_controller
-- Up-to-date: /home/khadas/tracking_robot_workspace/install/aruco_controller/local/lib/python3.10/dist-packages/aruco_controller/__init__.py
-- Up-to-date: /home/khadas/tracking_robot_workspace/install/aruco_controller/local/lib/python3.10/dist-packages/aruco_controller/transformations.py
-- Up-to-date: /home/khadas/tracking_robot_workspace/install/aruco_controller/local/lib/python3.10/dist-packages/aruco_controller/detection_param.py
-- Up-to-date: /home/khadas/tracking_robot_workspace/install/aruco_controller/local/lib/python3.10/dist-packages/aruco_controller/aruco_detector.py
Listing '/home/khadas/tracking_robot_workspace/install/aruco_controller/local/lib/python3.10/dist-packages/aruco_controller'...
-- Up-to-date: /home/khadas/tracking_robot_workspace/install/aruco_controller/lib/aruco_controller/aruco_detector.py
-- Up-to-date: /home/khadas/tracking_robot_workspace/install/aruco_controller/lib/aruco_controller/detection_param.py
-- Up-to-date: /home/khadas/tracking_robot_workspace/install/aruco_controller/share/aruco_controller/cfg
-- Up-to-date: /home/khadas/tracking_robot_workspace/install/aruco_controller/share/aruco_controller/cfg/aruco_detect_param.yaml
-- Up-to-date: /home/khadas/tracking_robot_workspace/install/aruco_controller/share/aruco_controller/cfg/marker_param.yaml
-- Up-to-date: /home/khadas/tracking_robot_workspace/install/aruco_controller/share/aruco_controller/cfg/default_param.yaml
-- Up-to-date: /home/khadas/tracking_robot_workspace/install/aruco_controller/share/aruco_controller/launch
-- Up-to-date: /home/khadas/tracking_robot_workspace/install/aruco_controller/share/aruco_controller/launch/main_launch.py
-- Up-to-date: /home/khadas/tracking_robot_workspace/install/aruco_controller/share/ament_index/resource_index/package_run_dependencies/aruco_controller
-- Up-to-date: /home/khadas/tracking_robot_workspace/install/aruco_controller/share/ament_index/resource_index/parent_prefix_path/aruco_controller
-- Up-to-date: /home/khadas/tracking_robot_workspace/install/aruco_controller/share/aruco_controller/environment/ament_prefix_path.sh
-- Up-to-date: /home/khadas/tracking_robot_workspace/install/aruco_controller/share/aruco_controller/environment/ament_prefix_path.dsv
-- Up-to-date: /home/khadas/tracking_robot_workspace/install/aruco_controller/share/aruco_controller/environment/path.sh
-- Up-to-date: /home/khadas/tracking_robot_workspace/install/aruco_controller/share/aruco_controller/environment/path.dsv
-- Up-to-date: /home/khadas/tracking_robot_workspace/install/aruco_controller/share/aruco_controller/local_setup.bash
-- Up-to-date: /home/khadas/tracking_robot_workspace/install/aruco_controller/share/aruco_controller/local_setup.sh
-- Up-to-date: /home/khadas/tracking_robot_workspace/install/aruco_controller/share/aruco_controller/local_setup.zsh
-- Up-to-date: /home/khadas/tracking_robot_workspace/install/aruco_controller/share/aruco_controller/local_setup.dsv
-- Installing: /home/khadas/tracking_robot_workspace/install/aruco_controller/share/aruco_controller/package.dsv
-- Up-to-date: /home/khadas/tracking_robot_workspace/install/aruco_controller/share/ament_index/resource_index/packages/aruco_controller
-- Up-to-date: /home/khadas/tracking_robot_workspace/install/aruco_controller/share/aruco_controller/cmake/aruco_controllerConfig.cmake
-- Up-to-date: /home/khadas/tracking_robot_workspace/install/aruco_controller/share/aruco_controller/cmake/aruco_controllerConfig-version.cmake
-- Up-to-date: /home/khadas/tracking_robot_workspace/install/aruco_controller/share/aruco_controller/package.xml
