running egg_info
writing ../../build/turtle_square/turtle_square.egg-info/PKG-INFO
writing dependency_links to ../../build/turtle_square/turtle_square.egg-info/dependency_links.txt
writing entry points to ../../build/turtle_square/turtle_square.egg-info/entry_points.txt
writing requirements to ../../build/turtle_square/turtle_square.egg-info/requires.txt
writing top-level names to ../../build/turtle_square/turtle_square.egg-info/top_level.txt
reading manifest file '../../build/turtle_square/turtle_square.egg-info/SOURCES.txt'
writing manifest file '../../build/turtle_square/turtle_square.egg-info/SOURCES.txt'
running build
running build_py
running install
/usr/local/lib/python3.10/dist-packages/setuptools/_distutils/cmd.py:66: SetuptoolsDeprecationWarning: setup.py install is deprecated.
!!

        ********************************************************************************
        Please avoid running ``setup.py`` directly.
        Instead, use pypa/build, pypa/installer or other
        standards-based tools.

        See https://blog.ganssle.io/articles/2021/10/setup-py-deprecated.html for details.
        ********************************************************************************

!!
  self.initialize_options()
running install_lib
running install_data
running install_egg_info
removing '/home/vt/robotics-2110435/robot_ws/install/turtle_square/lib/python3.10/site-packages/turtle_square-0.0.0-py3.10.egg-info' (and everything under it)
Copying ../../build/turtle_square/turtle_square.egg-info to /home/vt/robotics-2110435/robot_ws/install/turtle_square/lib/python3.10/site-packages/turtle_square-0.0.0-py3.10.egg-info
running install_scripts
Installing turtle_square_node script to /home/vt/robotics-2110435/robot_ws/install/turtle_square/lib/turtle_square
writing list of installed files to '/home/vt/robotics-2110435/robot_ws/build/turtle_square/install.log'
