[0.399s] Invoking command in '/home/parallels/robotics-2110435/challenge_1/src/robot_marker': PYTHONPATH=/home/parallels/robotics-2110435/challenge_1/build/robot_marker/prefix_override:/home/parallels/robotics-2110435/challenge_1/install/robot_marker/lib/python3.10/site-packages:${PYTHONPATH} /usr/bin/python3 setup.py egg_info --egg-base ../../build/robot_marker build --build-base /home/parallels/robotics-2110435/challenge_1/build/robot_marker/build install --record /home/parallels/robotics-2110435/challenge_1/build/robot_marker/install.log --single-version-externally-managed
[0.514s] running egg_info
[0.514s] creating ../../build/robot_marker/robot_marker.egg-info
[0.514s] writing ../../build/robot_marker/robot_marker.egg-info/PKG-INFO
[0.515s] writing dependency_links to ../../build/robot_marker/robot_marker.egg-info/dependency_links.txt
[0.515s] writing entry points to ../../build/robot_marker/robot_marker.egg-info/entry_points.txt
[0.515s] writing requirements to ../../build/robot_marker/robot_marker.egg-info/requires.txt
[0.515s] writing top-level names to ../../build/robot_marker/robot_marker.egg-info/top_level.txt
[0.515s] writing manifest file '../../build/robot_marker/robot_marker.egg-info/SOURCES.txt'
[0.515s] reading manifest file '../../build/robot_marker/robot_marker.egg-info/SOURCES.txt'
[0.516s] writing manifest file '../../build/robot_marker/robot_marker.egg-info/SOURCES.txt'
[0.516s] running build
[0.516s] running build_py
[0.516s] creating /home/parallels/robotics-2110435/challenge_1/build/robot_marker/build
[0.516s] creating /home/parallels/robotics-2110435/challenge_1/build/robot_marker/build/lib
[0.516s] creating /home/parallels/robotics-2110435/challenge_1/build/robot_marker/build/lib/robot_marker
[0.516s] copying robot_marker/__init__.py -> /home/parallels/robotics-2110435/challenge_1/build/robot_marker/build/lib/robot_marker
[0.516s] running install
[0.516s] /usr/lib/python3/dist-packages/setuptools/command/install.py:34: SetuptoolsDeprecationWarning: setup.py install is deprecated. Use build and pip and other standards-based tools.
[0.516s]   warnings.warn(
[0.516s] running install_lib
[0.517s] creating /home/parallels/robotics-2110435/challenge_1/install/robot_marker/lib/python3.10/site-packages/robot_marker
[0.517s] copying /home/parallels/robotics-2110435/challenge_1/build/robot_marker/build/lib/robot_marker/__init__.py -> /home/parallels/robotics-2110435/challenge_1/install/robot_marker/lib/python3.10/site-packages/robot_marker
[0.517s] byte-compiling /home/parallels/robotics-2110435/challenge_1/install/robot_marker/lib/python3.10/site-packages/robot_marker/__init__.py to __init__.cpython-310.pyc
[0.517s] running install_data
[0.517s] creating /home/parallels/robotics-2110435/challenge_1/install/robot_marker/share/ament_index
[0.517s] creating /home/parallels/robotics-2110435/challenge_1/install/robot_marker/share/ament_index/resource_index
[0.517s] creating /home/parallels/robotics-2110435/challenge_1/install/robot_marker/share/ament_index/resource_index/packages
[0.518s] copying resource/robot_marker -> /home/parallels/robotics-2110435/challenge_1/install/robot_marker/share/ament_index/resource_index/packages
[0.518s] copying package.xml -> /home/parallels/robotics-2110435/challenge_1/install/robot_marker/share/robot_marker
[0.518s] running install_egg_info
[0.518s] Copying ../../build/robot_marker/robot_marker.egg-info to /home/parallels/robotics-2110435/challenge_1/install/robot_marker/lib/python3.10/site-packages/robot_marker-0.0.0-py3.10.egg-info
[0.519s] running install_scripts
[0.530s] writing list of installed files to '/home/parallels/robotics-2110435/challenge_1/build/robot_marker/install.log'
[0.543s] Invoked command in '/home/parallels/robotics-2110435/challenge_1/src/robot_marker' returned '0': PYTHONPATH=/home/parallels/robotics-2110435/challenge_1/build/robot_marker/prefix_override:/home/parallels/robotics-2110435/challenge_1/install/robot_marker/lib/python3.10/site-packages:${PYTHONPATH} /usr/bin/python3 setup.py egg_info --egg-base ../../build/robot_marker build --build-base /home/parallels/robotics-2110435/challenge_1/build/robot_marker/build install --record /home/parallels/robotics-2110435/challenge_1/build/robot_marker/install.log --single-version-externally-managed
