[0.447s] Invoking command in '/home/parallels/robotics-2110435/build/gscam': CMAKE_PREFIX_PATH=${CMAKE_PREFIX_PATH}:/home/parallels/robotics-2110435/tracking_ws/install/keyboard_control:/home/parallels/robotics-2110435/tracking_ws/install/aruco_following_controller:/home/parallels/robotics-2110435/challenge_1/install/robot_marker:/home/parallels/robotics-2110435/robot_ws/install/turtle_square:/home/parallels/robotics-2110435/robot_ws/install/turtle_pkg:/home/parallels/robotics-2110435/robot_ws/install/ros2_aruco:/home/parallels/my_robot_ws/install/my_py_pkg:/opt/ros/humble /usr/bin/cmake /home/parallels/robotics-2110435/ros2_ws/src/gscam -DCMAKE_INSTALL_PREFIX=/home/parallels/robotics-2110435/install/gscam
[0.839s] -- The C compiler identification is GNU 11.4.0
[0.839s] -- The CXX compiler identification is GNU 11.4.0
[0.839s] -- Detecting C compiler ABI info
[0.839s] -- Detecting C compiler ABI info - done
[0.839s] -- Check for working C compiler: /usr/bin/cc - skipped
[0.839s] -- Detecting C compile features
[0.839s] -- Detecting C compile features - done
[0.839s] -- Detecting CXX compiler ABI info
[0.839s] -- Detecting CXX compiler ABI info - done
[0.839s] -- Check for working CXX compiler: /usr/bin/c++ - skipped
[0.839s] -- Detecting CXX compile features
[0.839s] -- Detecting CXX compile features - done
[0.839s] -- Found PkgConfig: /usr/bin/pkg-config (found version "0.29.2") 
[0.839s] -- Checking for module 'gstreamer-1.0'
[0.839s] --   Found gstreamer-1.0, version 1.20.3
[0.839s] -- Checking for module 'gstreamer-app-1.0'
[0.839s] --   Found gstreamer-app-1.0, version 1.20.1
[0.839s] -- Found ament_cmake: 1.3.5 (/opt/ros/humble/share/ament_cmake/cmake)
[0.849s] -- Found Python3: /usr/bin/python3.10 (found version "3.10.12") found components: Interpreter 
[0.910s] -- Found class_loader: 2.2.0 (/opt/ros/humble/share/class_loader/cmake)
[0.932s] -- Found image_transport: 3.1.7 (/opt/ros/humble/share/image_transport/cmake)
[0.964s] -- Found rosidl_generator_c: 3.1.5 (/opt/ros/humble/share/rosidl_generator_c/cmake)
[0.968s] -- Found rosidl_adapter: 3.1.5 (/opt/ros/humble/share/rosidl_adapter/cmake)
[0.975s] -- Found rosidl_generator_cpp: 3.1.5 (/opt/ros/humble/share/rosidl_generator_cpp/cmake)
[0.986s] -- Using all available rosidl_typesupport_c: rosidl_typesupport_fastrtps_c;rosidl_typesupport_introspection_c
[0.997s] -- Using all available rosidl_typesupport_cpp: rosidl_typesupport_fastrtps_cpp;rosidl_typesupport_introspection_cpp
[1.053s] -- Found rmw_implementation_cmake: 6.1.1 (/opt/ros/humble/share/rmw_implementation_cmake/cmake)
[1.056s] -- Found rmw_fastrtps_cpp: 6.2.4 (/opt/ros/humble/share/rmw_fastrtps_cpp/cmake)
[1.157s] -- Found OpenSSL: /usr/lib/aarch64-linux-gnu/libcrypto.so (found version "3.0.2")  
[1.183s] -- Found FastRTPS: /opt/ros/humble/include  
[1.225s] -- Using RMW implementation 'rmw_fastrtps_cpp' as default
[1.233s] -- Looking for pthread.h
[1.307s] -- Looking for pthread.h - found
[1.307s] -- Performing Test CMAKE_HAVE_LIBC_PTHREAD
[1.363s] -- Performing Test CMAKE_HAVE_LIBC_PTHREAD - Success
[1.364s] -- Found Threads: TRUE  
[1.651s] -- Found rclcpp_components: 16.0.6 (/opt/ros/humble/share/rclcpp_components/cmake)
[1.703s] -- Found camera_calibration_parsers: 3.1.7 (/opt/ros/humble/share/camera_calibration_parsers/cmake)
[1.721s] -- Found camera_info_manager: 3.1.7 (/opt/ros/humble/share/camera_info_manager/cmake)
[1.736s] -- Found ament_lint_auto: 0.12.8 (/opt/ros/humble/share/ament_lint_auto/cmake)
[1.797s] -- Found gtest sources under '/opt/ros/humble/src/gtest_vendor': C++ tests using 'Google Test' will be built
[1.803s] -- Added test 'copyright' to check source files copyright and LICENSE
[1.804s] -- Added test 'cppcheck' to perform static code analysis on C / C++ code
[1.805s] -- Configured cppcheck include dirs: /home/parallels/robotics-2110435/ros2_ws/src/gscam/include
[1.805s] -- Configured cppcheck exclude dirs and/or files: 
[1.806s] -- Added test 'cpplint' to check C / C++ code against the Google style
[1.806s] -- Configured cpplint exclude dirs and/or files: 
[1.806s] -- Added test 'flake8' to check Python code syntax and style conventions
[1.807s] -- Added test 'lint_cmake' to check CMake code style
[1.807s] -- Added test 'pep257' to check Python code against some of the docstring style conventions in PEP 257
[1.808s] -- Added test 'uncrustify' to check C / C++ code style
[1.808s] -- Configured uncrustify additional arguments: 
[1.809s] -- Added test 'xmllint' to check XML markup files
[1.812s] -- Configuring done
[1.826s] -- Generating done
[1.827s] -- Build files have been written to: /home/parallels/robotics-2110435/build/gscam
[1.892s] Invoked command in '/home/parallels/robotics-2110435/build/gscam' returned '0': CMAKE_PREFIX_PATH=${CMAKE_PREFIX_PATH}:/home/parallels/robotics-2110435/tracking_ws/install/keyboard_control:/home/parallels/robotics-2110435/tracking_ws/install/aruco_following_controller:/home/parallels/robotics-2110435/challenge_1/install/robot_marker:/home/parallels/robotics-2110435/robot_ws/install/turtle_square:/home/parallels/robotics-2110435/robot_ws/install/turtle_pkg:/home/parallels/robotics-2110435/robot_ws/install/ros2_aruco:/home/parallels/my_robot_ws/install/my_py_pkg:/opt/ros/humble /usr/bin/cmake /home/parallels/robotics-2110435/ros2_ws/src/gscam -DCMAKE_INSTALL_PREFIX=/home/parallels/robotics-2110435/install/gscam
[1.894s] Invoking command in '/home/parallels/robotics-2110435/build/gscam': CMAKE_PREFIX_PATH=${CMAKE_PREFIX_PATH}:/home/parallels/robotics-2110435/tracking_ws/install/keyboard_control:/home/parallels/robotics-2110435/tracking_ws/install/aruco_following_controller:/home/parallels/robotics-2110435/challenge_1/install/robot_marker:/home/parallels/robotics-2110435/robot_ws/install/turtle_square:/home/parallels/robotics-2110435/robot_ws/install/turtle_pkg:/home/parallels/robotics-2110435/robot_ws/install/ros2_aruco:/home/parallels/my_robot_ws/install/my_py_pkg:/opt/ros/humble /usr/bin/cmake --build /home/parallels/robotics-2110435/build/gscam -- -j6 -l6
[1.937s] [ 10%] [32mBuilding CXX object gtest/CMakeFiles/gtest_main.dir/src/gtest_main.cc.o[0m
[1.938s] [ 20%] [32mBuilding CXX object gtest/CMakeFiles/gtest.dir/src/gtest-all.cc.o[0m
[1.939s] [ 30%] [32mBuilding CXX object CMakeFiles/gscam_node.dir/rclcpp_components/node_main_gscam_node.cpp.o[0m
[1.950s] [ 40%] [32mBuilding CXX object CMakeFiles/gscam.dir/src/gscam.cpp.o[0m
[2.518s] [ 50%] [32m[1mLinking CXX static library libgtest_main.a[0m
[2.545s] [ 50%] Built target gtest_main
[3.810s] [ 60%] [32m[1mLinking CXX executable gscam_node[0m
[3.992s] [ 60%] Built target gscam_node
[4.162s] [ 70%] [32m[1mLinking CXX static library libgtest.a[0m
[4.262s] [ 70%] Built target gtest
[5.479s] [ 80%] [32m[1mLinking CXX shared library libgscam.so[0m
[5.945s] [ 80%] Built target gscam
[6.038s] [ 90%] [32mBuilding CXX object CMakeFiles/smoke_test.dir/test/smoke_test.cpp.o[0m
[13.332s] [100%] [32m[1mLinking CXX executable smoke_test[0m
[13.718s] [100%] Built target smoke_test
[13.733s] Invoked command in '/home/parallels/robotics-2110435/build/gscam' returned '0': CMAKE_PREFIX_PATH=${CMAKE_PREFIX_PATH}:/home/parallels/robotics-2110435/tracking_ws/install/keyboard_control:/home/parallels/robotics-2110435/tracking_ws/install/aruco_following_controller:/home/parallels/robotics-2110435/challenge_1/install/robot_marker:/home/parallels/robotics-2110435/robot_ws/install/turtle_square:/home/parallels/robotics-2110435/robot_ws/install/turtle_pkg:/home/parallels/robotics-2110435/robot_ws/install/ros2_aruco:/home/parallels/my_robot_ws/install/my_py_pkg:/opt/ros/humble /usr/bin/cmake --build /home/parallels/robotics-2110435/build/gscam -- -j6 -l6
[13.765s] Invoking command in '/home/parallels/robotics-2110435/build/gscam': CMAKE_PREFIX_PATH=${CMAKE_PREFIX_PATH}:/home/parallels/robotics-2110435/tracking_ws/install/keyboard_control:/home/parallels/robotics-2110435/tracking_ws/install/aruco_following_controller:/home/parallels/robotics-2110435/challenge_1/install/robot_marker:/home/parallels/robotics-2110435/robot_ws/install/turtle_square:/home/parallels/robotics-2110435/robot_ws/install/turtle_pkg:/home/parallels/robotics-2110435/robot_ws/install/ros2_aruco:/home/parallels/my_robot_ws/install/my_py_pkg:/opt/ros/humble /usr/bin/cmake --install /home/parallels/robotics-2110435/build/gscam
[13.771s] -- Install configuration: ""
[13.772s] -- Installing: /home/parallels/robotics-2110435/install/gscam/lib/gscam/gscam_node
[13.772s] -- Set runtime path of "/home/parallels/robotics-2110435/install/gscam/lib/gscam/gscam_node" to ""
[13.772s] -- Installing: /home/parallels/robotics-2110435/install/gscam/share/gscam/environment/library_path.sh
[13.772s] -- Installing: /home/parallels/robotics-2110435/install/gscam/share/gscam/environment/library_path.dsv
[13.772s] -- Installing: /home/parallels/robotics-2110435/install/gscam/share/ament_index/resource_index/package_run_dependencies/gscam
[13.773s] -- Installing: /home/parallels/robotics-2110435/install/gscam/share/ament_index/resource_index/parent_prefix_path/gscam
[13.773s] -- Installing: /home/parallels/robotics-2110435/install/gscam/share/gscam/environment/ament_prefix_path.sh
[13.773s] -- Installing: /home/parallels/robotics-2110435/install/gscam/share/gscam/environment/ament_prefix_path.dsv
[13.773s] -- Installing: /home/parallels/robotics-2110435/install/gscam/share/gscam/environment/path.sh
[13.773s] -- Installing: /home/parallels/robotics-2110435/install/gscam/share/gscam/environment/path.dsv
[13.773s] -- Installing: /home/parallels/robotics-2110435/install/gscam/share/gscam/local_setup.bash
[13.773s] -- Installing: /home/parallels/robotics-2110435/install/gscam/share/gscam/local_setup.sh
[13.773s] -- Installing: /home/parallels/robotics-2110435/install/gscam/share/gscam/local_setup.zsh
[13.773s] -- Installing: /home/parallels/robotics-2110435/install/gscam/share/gscam/local_setup.dsv
[13.773s] -- Installing: /home/parallels/robotics-2110435/install/gscam/share/gscam/package.dsv
[13.773s] -- Installing: /home/parallels/robotics-2110435/install/gscam/share/ament_index/resource_index/packages/gscam
[13.774s] -- Installing: /home/parallels/robotics-2110435/install/gscam/share/ament_index/resource_index/rclcpp_components/gscam
[13.774s] -- Installing: /home/parallels/robotics-2110435/install/gscam/share/gscam/cmake/export_gscamExport.cmake
[13.774s] -- Installing: /home/parallels/robotics-2110435/install/gscam/share/gscam/cmake/export_gscamExport-noconfig.cmake
[13.774s] -- Installing: /home/parallels/robotics-2110435/install/gscam/share/gscam/cmake/ament_cmake_export_dependencies-extras.cmake
[13.774s] -- Installing: /home/parallels/robotics-2110435/install/gscam/share/gscam/cmake/ament_cmake_export_include_directories-extras.cmake
[13.774s] -- Installing: /home/parallels/robotics-2110435/install/gscam/share/gscam/cmake/ament_cmake_export_targets-extras.cmake
[13.774s] -- Installing: /home/parallels/robotics-2110435/install/gscam/share/gscam/cmake/ament_cmake_export_libraries-extras.cmake
[13.774s] -- Installing: /home/parallels/robotics-2110435/install/gscam/share/gscam/cmake/gscamConfig.cmake
[13.775s] -- Installing: /home/parallels/robotics-2110435/install/gscam/share/gscam/cmake/gscamConfig-version.cmake
[13.775s] -- Installing: /home/parallels/robotics-2110435/install/gscam/share/gscam/package.xml
[13.775s] -- Installing: /home/parallels/robotics-2110435/install/gscam/lib/libgscam.so
[13.776s] -- Set runtime path of "/home/parallels/robotics-2110435/install/gscam/lib/libgscam.so" to ""
[13.776s] -- Installing: /home/parallels/robotics-2110435/install/gscam/share/gscam/examples
[13.776s] -- Installing: /home/parallels/robotics-2110435/install/gscam/share/gscam/examples/component_pipeline_launch.py
[13.776s] -- Installing: /home/parallels/robotics-2110435/install/gscam/share/gscam/examples/decklink.launch.xml
[13.777s] -- Installing: /home/parallels/robotics-2110435/install/gscam/share/gscam/examples/v4ljpeg.launch.xml
[13.777s] -- Installing: /home/parallels/robotics-2110435/install/gscam/share/gscam/examples/v4l.launch.xml
[13.777s] -- Installing: /home/parallels/robotics-2110435/install/gscam/share/gscam/examples/uncalibrated_parameters.ini
[13.777s] -- Installing: /home/parallels/robotics-2110435/install/gscam/share/gscam/examples/videofile.launch.xml
[13.777s] -- Installing: /home/parallels/robotics-2110435/install/gscam/share/gscam/examples/minoru.launch.xml
[13.777s] -- Installing: /home/parallels/robotics-2110435/install/gscam/share/gscam/examples/osx.launch.xml
[13.777s] -- Installing: /home/parallels/robotics-2110435/install/gscam/share/gscam/cfg
[13.777s] -- Installing: /home/parallels/robotics-2110435/install/gscam/share/gscam/cfg/camera_parameters.ini
[13.778s] -- Installing: /home/parallels/robotics-2110435/install/gscam/share/gscam/cfg/params.yaml
[13.778s] -- Installing: /home/parallels/robotics-2110435/install/gscam/share/gscam/launch
[13.778s] -- Installing: /home/parallels/robotics-2110435/install/gscam/share/gscam/launch/node_param_launch.py
[13.783s] Invoked command in '/home/parallels/robotics-2110435/build/gscam' returned '0': CMAKE_PREFIX_PATH=${CMAKE_PREFIX_PATH}:/home/parallels/robotics-2110435/tracking_ws/install/keyboard_control:/home/parallels/robotics-2110435/tracking_ws/install/aruco_following_controller:/home/parallels/robotics-2110435/challenge_1/install/robot_marker:/home/parallels/robotics-2110435/robot_ws/install/turtle_square:/home/parallels/robotics-2110435/robot_ws/install/turtle_pkg:/home/parallels/robotics-2110435/robot_ws/install/ros2_aruco:/home/parallels/my_robot_ws/install/my_py_pkg:/opt/ros/humble /usr/bin/cmake --install /home/parallels/robotics-2110435/build/gscam
