[0.788s] Invoking command in '/home/parallels/robotics-2110435/robot_ws/src/ros2_aruco': PYTHONPATH=/home/parallels/robotics-2110435/robot_ws/src/build/ros2_aruco/prefix_override:/home/parallels/robotics-2110435/robot_ws/src/install/ros2_aruco/lib/python3.10/site-packages:${PYTHONPATH} /usr/bin/python3 setup.py egg_info --egg-base ../build/ros2_aruco build --build-base /home/parallels/robotics-2110435/robot_ws/src/build/ros2_aruco/build install --record /home/parallels/robotics-2110435/robot_ws/src/build/ros2_aruco/install.log --single-version-externally-managed
[0.906s] running egg_info
[0.906s] writing ../build/ros2_aruco/ros2_aruco.egg-info/PKG-INFO
[0.907s] writing dependency_links to ../build/ros2_aruco/ros2_aruco.egg-info/dependency_links.txt
[0.907s] writing entry points to ../build/ros2_aruco/ros2_aruco.egg-info/entry_points.txt
[0.907s] writing requirements to ../build/ros2_aruco/ros2_aruco.egg-info/requires.txt
[0.907s] writing top-level names to ../build/ros2_aruco/ros2_aruco.egg-info/top_level.txt
[0.908s] reading manifest file '../build/ros2_aruco/ros2_aruco.egg-info/SOURCES.txt'
[0.908s] writing manifest file '../build/ros2_aruco/ros2_aruco.egg-info/SOURCES.txt'
[0.908s] running build
[0.908s] running build_py
[0.909s] /usr/lib/python3/dist-packages/setuptools/command/install.py:34: SetuptoolsDeprecationWarning: setup.py install is deprecated. Use build and pip and other standards-based tools.
[0.909s]   warnings.warn(
[0.909s] running install
[0.909s] running install_lib
[0.909s] running install_data
[0.909s] running install_egg_info
[0.910s] removing '/home/parallels/robotics-2110435/robot_ws/src/install/ros2_aruco/lib/python3.10/site-packages/ros2_aruco-0.1.0-py3.10.egg-info' (and everything under it)
[0.911s] Copying ../build/ros2_aruco/ros2_aruco.egg-info to /home/parallels/robotics-2110435/robot_ws/src/install/ros2_aruco/lib/python3.10/site-packages/ros2_aruco-0.1.0-py3.10.egg-info
[0.911s] running install_scripts
[0.922s] Installing aruco_generate_marker script to /home/parallels/robotics-2110435/robot_ws/src/install/ros2_aruco/lib/ros2_aruco
[0.922s] Installing aruco_node script to /home/parallels/robotics-2110435/robot_ws/src/install/ros2_aruco/lib/ros2_aruco
[0.923s] writing list of installed files to '/home/parallels/robotics-2110435/robot_ws/src/build/ros2_aruco/install.log'
[0.987s] Invoked command in '/home/parallels/robotics-2110435/robot_ws/src/ros2_aruco' returned '0': PYTHONPATH=/home/parallels/robotics-2110435/robot_ws/src/build/ros2_aruco/prefix_override:/home/parallels/robotics-2110435/robot_ws/src/install/ros2_aruco/lib/python3.10/site-packages:${PYTHONPATH} /usr/bin/python3 setup.py egg_info --egg-base ../build/ros2_aruco build --build-base /home/parallels/robotics-2110435/robot_ws/src/build/ros2_aruco/build install --record /home/parallels/robotics-2110435/robot_ws/src/build/ros2_aruco/install.log --single-version-externally-managed
