[0.000000] (-) TimerEvent: {}
[0.000275] (aruco_controller) JobQueued: {'identifier': 'aruco_controller', 'dependencies': OrderedDict()}
[0.000414] (aruco_following_controller) JobQueued: {'identifier': 'aruco_following_controller', 'dependencies': OrderedDict()}
[0.000671] (keyboard_control) JobQueued: {'identifier': 'keyboard_control', 'dependencies': OrderedDict()}
[0.000849] (web_video_server) JobQueued: {'identifier': 'web_video_server', 'dependencies': OrderedDict()}
[0.000967] (aruco_controller) JobStarted: {'identifier': 'aruco_controller'}
[0.009824] (aruco_following_controller) JobStarted: {'identifier': 'aruco_following_controller'}
[0.019808] (keyboard_control) JobStarted: {'identifier': 'keyboard_control'}
[0.028959] (web_video_server) JobStarted: {'identifier': 'web_video_server'}
[0.037132] (aruco_controller) JobProgress: {'identifier': 'aruco_controller', 'progress': 'cmake'}
[0.038847] (aruco_controller) JobProgress: {'identifier': 'aruco_controller', 'progress': 'build'}
[0.039761] (aruco_controller) Command: {'cmd': ['/usr/bin/cmake', '--build', '/home/khadas/tracking_robot_workspace/build/aruco_controller', '--', '-j8', '-l8'], 'cwd': '/home/khadas/tracking_robot_workspace/build/aruco_controller', 'env': OrderedDict([('LANGUAGE', 'en_US.UTF-8'), ('USER', 'khadas'), ('SSH_CLIENT', '192.168.1.105 53932 22'), ('LC_TIME', 'th_TH.UTF-8'), ('XDG_SESSION_TYPE', 'tty'), ('SHLVL', '0'), ('LD_LIBRARY_PATH', '/opt/ros/humble/opt/rviz_ogre_vendor/lib:/opt/ros/humble/lib/aarch64-linux-gnu:/opt/ros/humble/lib'), ('MOTD_SHOWN', 'pam'), ('HOME', '/home/khadas'), ('SSH_TTY', '/dev/pts/1'), ('ROS_PYTHON_VERSION', '3'), ('LC_MONETARY', 'th_TH.UTF-8'), ('DBUS_SESSION_BUS_ADDRESS', 'unix:path=/run/user/1000/bus'), ('ROS_DISTRO', 'humble'), ('LOGNAME', 'khadas'), ('_', '/usr/bin/colcon'), ('ROS_VERSION', '2'), ('XDG_SESSION_CLASS', 'user'), ('TERM', 'xterm-256color'), ('XDG_SESSION_ID', '8'), ('ROS_LOCALHOST_ONLY', '0'), ('PATH', '/opt/ros/humble/bin:/usr/local/sbin:/usr/local/bin:/usr/sbin:/usr/bin:/sbin:/bin:/usr/games:/usr/local/games:/snap/bin'), ('LC_ADDRESS', 'th_TH.UTF-8'), ('XDG_RUNTIME_DIR', '/run/user/1000'), ('LANG', 'en_US.UTF-8'), ('LC_TELEPHONE', 'th_TH.UTF-8'), ('SSH_AUTH_SOCK', '/tmp/ssh-XXXXSKbicV/agent.7222'), ('AMENT_PREFIX_PATH', '/opt/ros/humble'), ('LC_MESSAGES', 'en_US.UTF-8'), ('SHELL', '/bin/bash'), ('LC_NAME', 'th_TH.UTF-8'), ('LC_MEASUREMENT', 'th_TH.UTF-8'), ('LC_IDENTIFICATION', 'th_TH.UTF-8'), ('PWD', '/home/khadas/tracking_robot_workspace/build/aruco_controller'), ('LC_ALL', 'en_US.UTF-8'), ('SSH_CONNECTION', '192.168.1.105 53932 192.168.1.108 22'), ('PYTHONPATH', '/opt/ros/humble/lib/python3.10/site-packages:/opt/ros/humble/local/lib/python3.10/dist-packages'), ('LC_NUMERIC', 'th_TH.UTF-8'), ('LC_PAPER', 'th_TH.UTF-8'), ('COLCON', '1'), ('CMAKE_PREFIX_PATH', '/opt/ros/humble')]), 'shell': False}
[0.097392] (-) TimerEvent: {}
[0.197580] (-) TimerEvent: {}
[0.297775] (-) TimerEvent: {}
[0.397939] (-) TimerEvent: {}
[0.498093] (-) TimerEvent: {}
[0.598268] (-) TimerEvent: {}
[0.698382] (-) TimerEvent: {}
[0.798482] (-) TimerEvent: {}
[0.821513] (aruco_controller) StdoutLine: {'line': b'Built target ament_cmake_python_copy_aruco_controller\n'}
[0.821754] (aruco_controller) StdoutLine: {'line': b'running egg_info\n'}
[0.822025] (aruco_controller) StdoutLine: {'line': b'writing aruco_controller.egg-info/PKG-INFO\n'}
[0.822106] (aruco_controller) StdoutLine: {'line': b'writing dependency_links to aruco_controller.egg-info/dependency_links.txt\n'}
[0.822180] (aruco_controller) StdoutLine: {'line': b'writing top-level names to aruco_controller.egg-info/top_level.txt\n'}
[0.822250] (aruco_controller) StdoutLine: {'line': b"reading manifest file 'aruco_controller.egg-info/SOURCES.txt'\n"}
[0.822319] (aruco_controller) StdoutLine: {'line': b"writing manifest file 'aruco_controller.egg-info/SOURCES.txt'\n"}
[0.822386] (aruco_controller) StdoutLine: {'line': b'Built target ament_cmake_python_build_aruco_controller_egg\n'}
[0.822456] (web_video_server) JobProgress: {'identifier': 'web_video_server', 'progress': 'cmake'}
[0.823645] (web_video_server) JobProgress: {'identifier': 'web_video_server', 'progress': 'build'}
[0.824150] (web_video_server) Command: {'cmd': ['/usr/bin/cmake', '--build', '/home/khadas/tracking_robot_workspace/build/web_video_server', '--', '-j8', '-l8'], 'cwd': '/home/khadas/tracking_robot_workspace/build/web_video_server', 'env': OrderedDict([('LANGUAGE', 'en_US.UTF-8'), ('USER', 'khadas'), ('SSH_CLIENT', '192.168.1.105 53932 22'), ('LC_TIME', 'th_TH.UTF-8'), ('XDG_SESSION_TYPE', 'tty'), ('SHLVL', '0'), ('LD_LIBRARY_PATH', '/opt/ros/humble/opt/rviz_ogre_vendor/lib:/opt/ros/humble/lib/aarch64-linux-gnu:/opt/ros/humble/lib'), ('MOTD_SHOWN', 'pam'), ('HOME', '/home/khadas'), ('SSH_TTY', '/dev/pts/1'), ('ROS_PYTHON_VERSION', '3'), ('LC_MONETARY', 'th_TH.UTF-8'), ('DBUS_SESSION_BUS_ADDRESS', 'unix:path=/run/user/1000/bus'), ('ROS_DISTRO', 'humble'), ('LOGNAME', 'khadas'), ('_', '/usr/bin/colcon'), ('ROS_VERSION', '2'), ('XDG_SESSION_CLASS', 'user'), ('TERM', 'xterm-256color'), ('XDG_SESSION_ID', '8'), ('ROS_LOCALHOST_ONLY', '0'), ('PATH', '/opt/ros/humble/bin:/usr/local/sbin:/usr/local/bin:/usr/sbin:/usr/bin:/sbin:/bin:/usr/games:/usr/local/games:/snap/bin'), ('LC_ADDRESS', 'th_TH.UTF-8'), ('XDG_RUNTIME_DIR', '/run/user/1000'), ('LANG', 'en_US.UTF-8'), ('LC_TELEPHONE', 'th_TH.UTF-8'), ('SSH_AUTH_SOCK', '/tmp/ssh-XXXXSKbicV/agent.7222'), ('AMENT_PREFIX_PATH', '/opt/ros/humble'), ('LC_MESSAGES', 'en_US.UTF-8'), ('SHELL', '/bin/bash'), ('LC_NAME', 'th_TH.UTF-8'), ('LC_MEASUREMENT', 'th_TH.UTF-8'), ('LC_IDENTIFICATION', 'th_TH.UTF-8'), ('PWD', '/home/khadas/tracking_robot_workspace/build/web_video_server'), ('LC_ALL', 'en_US.UTF-8'), ('SSH_CONNECTION', '192.168.1.105 53932 192.168.1.108 22'), ('PYTHONPATH', '/opt/ros/humble/lib/python3.10/site-packages:/opt/ros/humble/local/lib/python3.10/dist-packages'), ('LC_NUMERIC', 'th_TH.UTF-8'), ('LC_PAPER', 'th_TH.UTF-8'), ('COLCON', '1'), ('CMAKE_PREFIX_PATH', '/opt/ros/humble')]), 'shell': False}
[0.827033] (aruco_controller) CommandEnded: {'returncode': 0}
[0.888220] (aruco_controller) JobProgress: {'identifier': 'aruco_controller', 'progress': 'install'}
[0.898706] (-) TimerEvent: {}
[0.919197] (aruco_controller) Command: {'cmd': ['/usr/bin/cmake', '--install', '/home/khadas/tracking_robot_workspace/build/aruco_controller'], 'cwd': '/home/khadas/tracking_robot_workspace/build/aruco_controller', 'env': OrderedDict([('LANGUAGE', 'en_US.UTF-8'), ('USER', 'khadas'), ('SSH_CLIENT', '192.168.1.105 53932 22'), ('LC_TIME', 'th_TH.UTF-8'), ('XDG_SESSION_TYPE', 'tty'), ('SHLVL', '0'), ('LD_LIBRARY_PATH', '/opt/ros/humble/opt/rviz_ogre_vendor/lib:/opt/ros/humble/lib/aarch64-linux-gnu:/opt/ros/humble/lib'), ('MOTD_SHOWN', 'pam'), ('HOME', '/home/khadas'), ('SSH_TTY', '/dev/pts/1'), ('ROS_PYTHON_VERSION', '3'), ('LC_MONETARY', 'th_TH.UTF-8'), ('DBUS_SESSION_BUS_ADDRESS', 'unix:path=/run/user/1000/bus'), ('ROS_DISTRO', 'humble'), ('LOGNAME', 'khadas'), ('_', '/usr/bin/colcon'), ('ROS_VERSION', '2'), ('XDG_SESSION_CLASS', 'user'), ('TERM', 'xterm-256color'), ('XDG_SESSION_ID', '8'), ('ROS_LOCALHOST_ONLY', '0'), ('PATH', '/opt/ros/humble/bin:/usr/local/sbin:/usr/local/bin:/usr/sbin:/usr/bin:/sbin:/bin:/usr/games:/usr/local/games:/snap/bin'), ('LC_ADDRESS', 'th_TH.UTF-8'), ('XDG_RUNTIME_DIR', '/run/user/1000'), ('LANG', 'en_US.UTF-8'), ('LC_TELEPHONE', 'th_TH.UTF-8'), ('SSH_AUTH_SOCK', '/tmp/ssh-XXXXSKbicV/agent.7222'), ('AMENT_PREFIX_PATH', '/opt/ros/humble'), ('LC_MESSAGES', 'en_US.UTF-8'), ('SHELL', '/bin/bash'), ('LC_NAME', 'th_TH.UTF-8'), ('LC_MEASUREMENT', 'th_TH.UTF-8'), ('LC_IDENTIFICATION', 'th_TH.UTF-8'), ('PWD', '/home/khadas/tracking_robot_workspace/build/aruco_controller'), ('LC_ALL', 'en_US.UTF-8'), ('SSH_CONNECTION', '192.168.1.105 53932 192.168.1.108 22'), ('PYTHONPATH', '/opt/ros/humble/lib/python3.10/site-packages:/opt/ros/humble/local/lib/python3.10/dist-packages'), ('LC_NUMERIC', 'th_TH.UTF-8'), ('LC_PAPER', 'th_TH.UTF-8'), ('COLCON', '1'), ('CMAKE_PREFIX_PATH', '/opt/ros/humble')]), 'shell': False}
[0.947385] (aruco_controller) StdoutLine: {'line': b'-- Install configuration: ""\n'}
[0.948051] (aruco_controller) StdoutLine: {'line': b'-- Up-to-date: /home/khadas/tracking_robot_workspace/install/aruco_controller/share/aruco_controller/environment/pythonpath.sh\n'}
[0.949041] (aruco_controller) StdoutLine: {'line': b'-- Up-to-date: /home/khadas/tracking_robot_workspace/install/aruco_controller/share/aruco_controller/environment/pythonpath.dsv\n'}
[0.949467] (aruco_controller) StdoutLine: {'line': b'-- Up-to-date: /home/khadas/tracking_robot_workspace/install/aruco_controller/local/lib/python3.10/dist-packages/aruco_controller-0.0.0-py3.10.egg-info\n'}
[0.949864] (aruco_controller) StdoutLine: {'line': b'-- Installing: /home/khadas/tracking_robot_workspace/install/aruco_controller/local/lib/python3.10/dist-packages/aruco_controller-0.0.0-py3.10.egg-info/top_level.txt\n'}
[0.950264] (aruco_controller) StdoutLine: {'line': b'-- Installing: /home/khadas/tracking_robot_workspace/install/aruco_controller/local/lib/python3.10/dist-packages/aruco_controller-0.0.0-py3.10.egg-info/SOURCES.txt\n'}
[0.950659] (aruco_controller) StdoutLine: {'line': b'-- Installing: /home/khadas/tracking_robot_workspace/install/aruco_controller/local/lib/python3.10/dist-packages/aruco_controller-0.0.0-py3.10.egg-info/PKG-INFO\n'}
[0.951030] (aruco_controller) StdoutLine: {'line': b'-- Installing: /home/khadas/tracking_robot_workspace/install/aruco_controller/local/lib/python3.10/dist-packages/aruco_controller-0.0.0-py3.10.egg-info/dependency_links.txt\n'}
[0.951399] (aruco_controller) StdoutLine: {'line': b'-- Up-to-date: /home/khadas/tracking_robot_workspace/install/aruco_controller/local/lib/python3.10/dist-packages/aruco_controller\n'}
[0.951761] (aruco_controller) StdoutLine: {'line': b'-- Up-to-date: /home/khadas/tracking_robot_workspace/install/aruco_controller/local/lib/python3.10/dist-packages/aruco_controller/__init__.py\n'}
[0.952122] (aruco_controller) StdoutLine: {'line': b'-- Up-to-date: /home/khadas/tracking_robot_workspace/install/aruco_controller/local/lib/python3.10/dist-packages/aruco_controller/transformations.py\n'}
[0.952482] (aruco_controller) StdoutLine: {'line': b'-- Up-to-date: /home/khadas/tracking_robot_workspace/install/aruco_controller/local/lib/python3.10/dist-packages/aruco_controller/detection_param.py\n'}
[0.952840] (aruco_controller) StdoutLine: {'line': b'-- Up-to-date: /home/khadas/tracking_robot_workspace/install/aruco_controller/local/lib/python3.10/dist-packages/aruco_controller/aruco_detector.py\n'}
[0.998972] (-) TimerEvent: {}
[1.013166] (aruco_controller) StdoutLine: {'line': b"Listing '/home/khadas/tracking_robot_workspace/install/aruco_controller/local/lib/python3.10/dist-packages/aruco_controller'...\n"}
[1.024413] (aruco_controller) StdoutLine: {'line': b'-- Up-to-date: /home/khadas/tracking_robot_workspace/install/aruco_controller/lib/aruco_controller/aruco_detector.py\n'}
[1.025611] (aruco_controller) StdoutLine: {'line': b'-- Up-to-date: /home/khadas/tracking_robot_workspace/install/aruco_controller/lib/aruco_controller/detection_param.py\n'}
[1.027303] (aruco_controller) StdoutLine: {'line': b'-- Up-to-date: /home/khadas/tracking_robot_workspace/install/aruco_controller/share/aruco_controller/cfg\n'}
[1.028491] (aruco_controller) StdoutLine: {'line': b'-- Up-to-date: /home/khadas/tracking_robot_workspace/install/aruco_controller/share/aruco_controller/cfg/aruco_detect_param.yaml\n'}
[1.028899] (aruco_controller) StdoutLine: {'line': b'-- Up-to-date: /home/khadas/tracking_robot_workspace/install/aruco_controller/share/aruco_controller/cfg/marker_param.yaml\n'}
[1.030040] (aruco_controller) StdoutLine: {'line': b'-- Up-to-date: /home/khadas/tracking_robot_workspace/install/aruco_controller/share/aruco_controller/cfg/default_param.yaml\n'}
[1.030462] (aruco_controller) StdoutLine: {'line': b'-- Up-to-date: /home/khadas/tracking_robot_workspace/install/aruco_controller/share/aruco_controller/launch\n'}
[1.030872] (aruco_controller) StdoutLine: {'line': b'-- Up-to-date: /home/khadas/tracking_robot_workspace/install/aruco_controller/share/aruco_controller/launch/main_launch.py\n'}
[1.031260] (aruco_controller) StdoutLine: {'line': b'-- Up-to-date: /home/khadas/tracking_robot_workspace/install/aruco_controller/share/ament_index/resource_index/package_run_dependencies/aruco_controller\n'}
[1.031619] (aruco_controller) StdoutLine: {'line': b'-- Up-to-date: /home/khadas/tracking_robot_workspace/install/aruco_controller/share/ament_index/resource_index/parent_prefix_path/aruco_controller\n'}
[1.031976] (aruco_controller) StdoutLine: {'line': b'-- Up-to-date: /home/khadas/tracking_robot_workspace/install/aruco_controller/share/aruco_controller/environment/ament_prefix_path.sh\n'}
[1.032332] (aruco_controller) StdoutLine: {'line': b'-- Up-to-date: /home/khadas/tracking_robot_workspace/install/aruco_controller/share/aruco_controller/environment/ament_prefix_path.dsv\n'}
[1.032684] (aruco_controller) StdoutLine: {'line': b'-- Up-to-date: /home/khadas/tracking_robot_workspace/install/aruco_controller/share/aruco_controller/environment/path.sh\n'}
[1.033035] (aruco_controller) StdoutLine: {'line': b'-- Up-to-date: /home/khadas/tracking_robot_workspace/install/aruco_controller/share/aruco_controller/environment/path.dsv\n'}
[1.033443] (aruco_controller) StdoutLine: {'line': b'-- Up-to-date: /home/khadas/tracking_robot_workspace/install/aruco_controller/share/aruco_controller/local_setup.bash\n'}
[1.033833] (aruco_controller) StdoutLine: {'line': b'-- Up-to-date: /home/khadas/tracking_robot_workspace/install/aruco_controller/share/aruco_controller/local_setup.sh\n'}
[1.034190] (aruco_controller) StdoutLine: {'line': b'-- Up-to-date: /home/khadas/tracking_robot_workspace/install/aruco_controller/share/aruco_controller/local_setup.zsh\n'}
[1.034541] (aruco_controller) StdoutLine: {'line': b'-- Up-to-date: /home/khadas/tracking_robot_workspace/install/aruco_controller/share/aruco_controller/local_setup.dsv\n'}
[1.034998] (aruco_controller) StdoutLine: {'line': b'-- Installing: /home/khadas/tracking_robot_workspace/install/aruco_controller/share/aruco_controller/package.dsv\n'}
[1.037606] (aruco_controller) StdoutLine: {'line': b'-- Up-to-date: /home/khadas/tracking_robot_workspace/install/aruco_controller/share/ament_index/resource_index/packages/aruco_controller\n'}
[1.037732] (aruco_controller) StdoutLine: {'line': b'-- Up-to-date: /home/khadas/tracking_robot_workspace/install/aruco_controller/share/aruco_controller/cmake/aruco_controllerConfig.cmake\n'}
[1.037818] (aruco_controller) StdoutLine: {'line': b'-- Up-to-date: /home/khadas/tracking_robot_workspace/install/aruco_controller/share/aruco_controller/cmake/aruco_controllerConfig-version.cmake\n'}
[1.037898] (aruco_controller) StdoutLine: {'line': b'-- Up-to-date: /home/khadas/tracking_robot_workspace/install/aruco_controller/share/aruco_controller/package.xml\n'}
[1.037979] (aruco_controller) CommandEnded: {'returncode': 0}
[1.099039] (-) TimerEvent: {}
[1.181129] (aruco_controller) JobEnded: {'identifier': 'aruco_controller', 'rc': 0}
[1.182562] (web_video_server) StdoutLine: {'line': b'[100%] Built target web_video_server\n'}
[1.183346] (web_video_server) CommandEnded: {'returncode': 0}
[1.199113] (-) TimerEvent: {}
[1.299315] (-) TimerEvent: {}
[1.305244] (web_video_server) JobProgress: {'identifier': 'web_video_server', 'progress': 'install'}
[1.305906] (web_video_server) Command: {'cmd': ['/usr/bin/cmake', '--install', '/home/khadas/tracking_robot_workspace/build/web_video_server'], 'cwd': '/home/khadas/tracking_robot_workspace/build/web_video_server', 'env': OrderedDict([('LANGUAGE', 'en_US.UTF-8'), ('USER', 'khadas'), ('SSH_CLIENT', '192.168.1.105 53932 22'), ('LC_TIME', 'th_TH.UTF-8'), ('XDG_SESSION_TYPE', 'tty'), ('SHLVL', '0'), ('LD_LIBRARY_PATH', '/opt/ros/humble/opt/rviz_ogre_vendor/lib:/opt/ros/humble/lib/aarch64-linux-gnu:/opt/ros/humble/lib'), ('MOTD_SHOWN', 'pam'), ('HOME', '/home/khadas'), ('SSH_TTY', '/dev/pts/1'), ('ROS_PYTHON_VERSION', '3'), ('LC_MONETARY', 'th_TH.UTF-8'), ('DBUS_SESSION_BUS_ADDRESS', 'unix:path=/run/user/1000/bus'), ('ROS_DISTRO', 'humble'), ('LOGNAME', 'khadas'), ('_', '/usr/bin/colcon'), ('ROS_VERSION', '2'), ('XDG_SESSION_CLASS', 'user'), ('TERM', 'xterm-256color'), ('XDG_SESSION_ID', '8'), ('ROS_LOCALHOST_ONLY', '0'), ('PATH', '/opt/ros/humble/bin:/usr/local/sbin:/usr/local/bin:/usr/sbin:/usr/bin:/sbin:/bin:/usr/games:/usr/local/games:/snap/bin'), ('LC_ADDRESS', 'th_TH.UTF-8'), ('XDG_RUNTIME_DIR', '/run/user/1000'), ('LANG', 'en_US.UTF-8'), ('LC_TELEPHONE', 'th_TH.UTF-8'), ('SSH_AUTH_SOCK', '/tmp/ssh-XXXXSKbicV/agent.7222'), ('AMENT_PREFIX_PATH', '/opt/ros/humble'), ('LC_MESSAGES', 'en_US.UTF-8'), ('SHELL', '/bin/bash'), ('LC_NAME', 'th_TH.UTF-8'), ('LC_MEASUREMENT', 'th_TH.UTF-8'), ('LC_IDENTIFICATION', 'th_TH.UTF-8'), ('PWD', '/home/khadas/tracking_robot_workspace/build/web_video_server'), ('LC_ALL', 'en_US.UTF-8'), ('SSH_CONNECTION', '192.168.1.105 53932 192.168.1.108 22'), ('PYTHONPATH', '/opt/ros/humble/lib/python3.10/site-packages:/opt/ros/humble/local/lib/python3.10/dist-packages'), ('LC_NUMERIC', 'th_TH.UTF-8'), ('LC_PAPER', 'th_TH.UTF-8'), ('COLCON', '1'), ('CMAKE_PREFIX_PATH', '/opt/ros/humble')]), 'shell': False}
[1.337488] (web_video_server) StdoutLine: {'line': b'-- Install configuration: ""\n'}
[1.338839] (web_video_server) StdoutLine: {'line': b'-- Up-to-date: /home/khadas/tracking_robot_workspace/install/web_video_server/lib/web_video_server/web_video_server\n'}
[1.340294] (web_video_server) StdoutLine: {'line': b'-- Up-to-date: /home/khadas/tracking_robot_workspace/install/web_video_server/include/web_video_server\n'}
[1.341930] (web_video_server) StdoutLine: {'line': b'-- Up-to-date: /home/khadas/tracking_robot_workspace/install/web_video_server/include/web_video_server/libav_streamer.h\n'}
[1.343565] (web_video_server) StdoutLine: {'line': b'-- Up-to-date: /home/khadas/tracking_robot_workspace/install/web_video_server/include/web_video_server/vp8_streamer.h\n'}
[1.346083] (web_video_server) StdoutLine: {'line': b'-- Up-to-date: /home/khadas/tracking_robot_workspace/install/web_video_server/include/web_video_server/image_streamer.h\n'}
[1.346663] (web_video_server) StdoutLine: {'line': b'-- Up-to-date: /home/khadas/tracking_robot_workspace/install/web_video_server/include/web_video_server/vp9_streamer.h\n'}
[1.347562] (web_video_server) StdoutLine: {'line': b'-- Up-to-date: /home/khadas/tracking_robot_workspace/install/web_video_server/include/web_video_server/jpeg_streamers.h\n'}
[1.348808] (web_video_server) StdoutLine: {'line': b'-- Up-to-date: /home/khadas/tracking_robot_workspace/install/web_video_server/include/web_video_server/h264_streamer.h\n'}
[1.349340] (web_video_server) StdoutLine: {'line': b'-- Up-to-date: /home/khadas/tracking_robot_workspace/install/web_video_server/include/web_video_server/ros_compressed_streamer.h\n'}
[1.349846] (web_video_server) StdoutLine: {'line': b'-- Up-to-date: /home/khadas/tracking_robot_workspace/install/web_video_server/include/web_video_server/web_video_server.h\n'}
[1.350365] (web_video_server) StdoutLine: {'line': b'-- Up-to-date: /home/khadas/tracking_robot_workspace/install/web_video_server/include/web_video_server/png_streamers.h\n'}
[1.350862] (web_video_server) StdoutLine: {'line': b'-- Up-to-date: /home/khadas/tracking_robot_workspace/install/web_video_server/include/web_video_server/multipart_stream.h\n'}
[1.351345] (web_video_server) StdoutLine: {'line': b'-- Up-to-date: /home/khadas/tracking_robot_workspace/install/web_video_server/share/ament_index/resource_index/package_run_dependencies/web_video_server\n'}
[1.351816] (web_video_server) StdoutLine: {'line': b'-- Up-to-date: /home/khadas/tracking_robot_workspace/install/web_video_server/share/ament_index/resource_index/parent_prefix_path/web_video_server\n'}
[1.352275] (web_video_server) StdoutLine: {'line': b'-- Up-to-date: /home/khadas/tracking_robot_workspace/install/web_video_server/share/web_video_server/environment/ament_prefix_path.sh\n'}
[1.352729] (web_video_server) StdoutLine: {'line': b'-- Up-to-date: /home/khadas/tracking_robot_workspace/install/web_video_server/share/web_video_server/environment/ament_prefix_path.dsv\n'}
[1.353175] (web_video_server) StdoutLine: {'line': b'-- Up-to-date: /home/khadas/tracking_robot_workspace/install/web_video_server/share/web_video_server/environment/path.sh\n'}
[1.353731] (web_video_server) StdoutLine: {'line': b'-- Up-to-date: /home/khadas/tracking_robot_workspace/install/web_video_server/share/web_video_server/environment/path.dsv\n'}
[1.354207] (web_video_server) StdoutLine: {'line': b'-- Up-to-date: /home/khadas/tracking_robot_workspace/install/web_video_server/share/web_video_server/local_setup.bash\n'}
[1.355369] (web_video_server) StdoutLine: {'line': b'-- Up-to-date: /home/khadas/tracking_robot_workspace/install/web_video_server/share/web_video_server/local_setup.sh\n'}
[1.356373] (web_video_server) StdoutLine: {'line': b'-- Up-to-date: /home/khadas/tracking_robot_workspace/install/web_video_server/share/web_video_server/local_setup.zsh\n'}
[1.370266] (web_video_server) StdoutLine: {'line': b'-- Up-to-date: /home/khadas/tracking_robot_workspace/install/web_video_server/share/web_video_server/local_setup.dsv\n'}
[1.371050] (web_video_server) StdoutLine: {'line': b'-- Installing: /home/khadas/tracking_robot_workspace/install/web_video_server/share/web_video_server/package.dsv\n'}
[1.372024] (web_video_server) StdoutLine: {'line': b'-- Up-to-date: /home/khadas/tracking_robot_workspace/install/web_video_server/share/ament_index/resource_index/packages/web_video_server\n'}
[1.372810] (web_video_server) StdoutLine: {'line': b'-- Up-to-date: /home/khadas/tracking_robot_workspace/install/web_video_server/share/web_video_server/cmake/web_video_serverConfig.cmake\n'}
[1.373483] (web_video_server) StdoutLine: {'line': b'-- Up-to-date: /home/khadas/tracking_robot_workspace/install/web_video_server/share/web_video_server/cmake/web_video_serverConfig-version.cmake\n'}
[1.374274] (web_video_server) StdoutLine: {'line': b'-- Up-to-date: /home/khadas/tracking_robot_workspace/install/web_video_server/share/web_video_server/package.xml\n'}
[1.375035] (web_video_server) CommandEnded: {'returncode': 0}
[1.399739] (-) TimerEvent: {}
[1.405267] (aruco_following_controller) Command: {'cmd': ['/usr/bin/python3', 'setup.py', 'egg_info', '--egg-base', '../../build/aruco_following_controller', 'build', '--build-base', '/home/khadas/tracking_robot_workspace/build/aruco_following_controller/build', 'install', '--record', '/home/khadas/tracking_robot_workspace/build/aruco_following_controller/install.log', '--single-version-externally-managed'], 'cwd': '/home/khadas/tracking_robot_workspace/src/aruco_following_controller', 'env': {'LANGUAGE': 'en_US.UTF-8', 'USER': 'khadas', 'SSH_CLIENT': '192.168.1.105 53932 22', 'LC_TIME': 'th_TH.UTF-8', 'XDG_SESSION_TYPE': 'tty', 'SHLVL': '0', 'LD_LIBRARY_PATH': '/opt/ros/humble/opt/rviz_ogre_vendor/lib:/opt/ros/humble/lib/aarch64-linux-gnu:/opt/ros/humble/lib', 'MOTD_SHOWN': 'pam', 'HOME': '/home/khadas', 'SSH_TTY': '/dev/pts/1', 'ROS_PYTHON_VERSION': '3', 'LC_MONETARY': 'th_TH.UTF-8', 'DBUS_SESSION_BUS_ADDRESS': 'unix:path=/run/user/1000/bus', 'ROS_DISTRO': 'humble', 'LOGNAME': 'khadas', '_': '/usr/bin/colcon', 'ROS_VERSION': '2', 'XDG_SESSION_CLASS': 'user', 'TERM': 'xterm-256color', 'XDG_SESSION_ID': '8', 'ROS_LOCALHOST_ONLY': '0', 'PATH': '/opt/ros/humble/bin:/usr/local/sbin:/usr/local/bin:/usr/sbin:/usr/bin:/sbin:/bin:/usr/games:/usr/local/games:/snap/bin', 'LC_ADDRESS': 'th_TH.UTF-8', 'XDG_RUNTIME_DIR': '/run/user/1000', 'LANG': 'en_US.UTF-8', 'LC_TELEPHONE': 'th_TH.UTF-8', 'SSH_AUTH_SOCK': '/tmp/ssh-XXXXSKbicV/agent.7222', 'AMENT_PREFIX_PATH': '/opt/ros/humble', 'LC_MESSAGES': 'en_US.UTF-8', 'SHELL': '/bin/bash', 'LC_NAME': 'th_TH.UTF-8', 'LC_MEASUREMENT': 'th_TH.UTF-8', 'LC_IDENTIFICATION': 'th_TH.UTF-8', 'PWD': '/home/khadas/tracking_robot_workspace/build/aruco_following_controller', 'LC_ALL': 'en_US.UTF-8', 'SSH_CONNECTION': '192.168.1.105 53932 192.168.1.108 22', 'PYTHONPATH': '/home/khadas/tracking_robot_workspace/build/aruco_following_controller/prefix_override:/home/khadas/tracking_robot_workspace/install/aruco_following_controller/lib/python3.10/site-packages:/opt/ros/humble/lib/python3.10/site-packages:/opt/ros/humble/local/lib/python3.10/dist-packages', 'LC_NUMERIC': 'th_TH.UTF-8', 'LC_PAPER': 'th_TH.UTF-8', 'COLCON': '1'}, 'shell': False}
[1.409590] (keyboard_control) Command: {'cmd': ['/usr/bin/python3', 'setup.py', 'egg_info', '--egg-base', '../../build/keyboard_control', 'build', '--build-base', '/home/khadas/tracking_robot_workspace/build/keyboard_control/build', 'install', '--record', '/home/khadas/tracking_robot_workspace/build/keyboard_control/install.log', '--single-version-externally-managed'], 'cwd': '/home/khadas/tracking_robot_workspace/src/keyboard_control', 'env': {'LANGUAGE': 'en_US.UTF-8', 'USER': 'khadas', 'SSH_CLIENT': '192.168.1.105 53932 22', 'LC_TIME': 'th_TH.UTF-8', 'XDG_SESSION_TYPE': 'tty', 'SHLVL': '0', 'LD_LIBRARY_PATH': '/opt/ros/humble/opt/rviz_ogre_vendor/lib:/opt/ros/humble/lib/aarch64-linux-gnu:/opt/ros/humble/lib', 'MOTD_SHOWN': 'pam', 'HOME': '/home/khadas', 'SSH_TTY': '/dev/pts/1', 'ROS_PYTHON_VERSION': '3', 'LC_MONETARY': 'th_TH.UTF-8', 'DBUS_SESSION_BUS_ADDRESS': 'unix:path=/run/user/1000/bus', 'ROS_DISTRO': 'humble', 'LOGNAME': 'khadas', '_': '/usr/bin/colcon', 'ROS_VERSION': '2', 'XDG_SESSION_CLASS': 'user', 'TERM': 'xterm-256color', 'XDG_SESSION_ID': '8', 'ROS_LOCALHOST_ONLY': '0', 'PATH': '/opt/ros/humble/bin:/usr/local/sbin:/usr/local/bin:/usr/sbin:/usr/bin:/sbin:/bin:/usr/games:/usr/local/games:/snap/bin', 'LC_ADDRESS': 'th_TH.UTF-8', 'XDG_RUNTIME_DIR': '/run/user/1000', 'LANG': 'en_US.UTF-8', 'LC_TELEPHONE': 'th_TH.UTF-8', 'SSH_AUTH_SOCK': '/tmp/ssh-XXXXSKbicV/agent.7222', 'AMENT_PREFIX_PATH': '/opt/ros/humble', 'LC_MESSAGES': 'en_US.UTF-8', 'SHELL': '/bin/bash', 'LC_NAME': 'th_TH.UTF-8', 'LC_MEASUREMENT': 'th_TH.UTF-8', 'LC_IDENTIFICATION': 'th_TH.UTF-8', 'PWD': '/home/khadas/tracking_robot_workspace/build/keyboard_control', 'LC_ALL': 'en_US.UTF-8', 'SSH_CONNECTION': '192.168.1.105 53932 192.168.1.108 22', 'PYTHONPATH': '/home/khadas/tracking_robot_workspace/build/keyboard_control/prefix_override:/home/khadas/tracking_robot_workspace/install/keyboard_control/lib/python3.10/site-packages:/opt/ros/humble/lib/python3.10/site-packages:/opt/ros/humble/local/lib/python3.10/dist-packages', 'LC_NUMERIC': 'th_TH.UTF-8', 'LC_PAPER': 'th_TH.UTF-8', 'COLCON': '1'}, 'shell': False}
[1.499966] (-) TimerEvent: {}
[1.532947] (web_video_server) JobEnded: {'identifier': 'web_video_server', 'rc': 0}
[1.600187] (-) TimerEvent: {}
[1.700667] (-) TimerEvent: {}
[1.733518] (keyboard_control) StdoutLine: {'line': b'running egg_info\n'}
[1.734414] (keyboard_control) StdoutLine: {'line': b'writing ../../build/keyboard_control/keyboard_control.egg-info/PKG-INFO\n'}
[1.735147] (keyboard_control) StdoutLine: {'line': b'writing dependency_links to ../../build/keyboard_control/keyboard_control.egg-info/dependency_links.txt\n'}
[1.735862] (keyboard_control) StdoutLine: {'line': b'writing entry points to ../../build/keyboard_control/keyboard_control.egg-info/entry_points.txt\n'}
[1.736245] (keyboard_control) StdoutLine: {'line': b'writing requirements to ../../build/keyboard_control/keyboard_control.egg-info/requires.txt\n'}
[1.736609] (keyboard_control) StdoutLine: {'line': b'writing top-level names to ../../build/keyboard_control/keyboard_control.egg-info/top_level.txt\n'}
[1.739267] (keyboard_control) StdoutLine: {'line': b"reading manifest file '../../build/keyboard_control/keyboard_control.egg-info/SOURCES.txt'\n"}
[1.740656] (keyboard_control) StdoutLine: {'line': b"writing manifest file '../../build/keyboard_control/keyboard_control.egg-info/SOURCES.txt'\n"}
[1.741209] (keyboard_control) StdoutLine: {'line': b'running build\n'}
[1.741675] (keyboard_control) StdoutLine: {'line': b'running build_py\n'}
[1.742124] (keyboard_control) StdoutLine: {'line': b'copying keyboard_control/keyboard_control.py -> /home/khadas/tracking_robot_workspace/build/keyboard_control/build/lib/keyboard_control\n'}
[1.742610] (keyboard_control) StdoutLine: {'line': b'copying keyboard_control/vel_mux.py -> /home/khadas/tracking_robot_workspace/build/keyboard_control/build/lib/keyboard_control\n'}
[1.743017] (keyboard_control) StdoutLine: {'line': b'running install\n'}
[1.743402] (keyboard_control) StdoutLine: {'line': b'running install_lib\n'}
[1.744009] (keyboard_control) StdoutLine: {'line': b'copying /home/khadas/tracking_robot_workspace/build/keyboard_control/build/lib/keyboard_control/keyboard_control.py -> /home/khadas/tracking_robot_workspace/install/keyboard_control/lib/python3.10/site-packages/keyboard_control\n'}
[1.744440] (keyboard_control) StdoutLine: {'line': b'copying /home/khadas/tracking_robot_workspace/build/keyboard_control/build/lib/keyboard_control/vel_mux.py -> /home/khadas/tracking_robot_workspace/install/keyboard_control/lib/python3.10/site-packages/keyboard_control\n'}
[1.744951] (keyboard_control) StdoutLine: {'line': b'byte-compiling /home/khadas/tracking_robot_workspace/install/keyboard_control/lib/python3.10/site-packages/keyboard_control/keyboard_control.py to keyboard_control.cpython-310.pyc\n'}
[1.746253] (keyboard_control) StdoutLine: {'line': b'byte-compiling /home/khadas/tracking_robot_workspace/install/keyboard_control/lib/python3.10/site-packages/keyboard_control/vel_mux.py to vel_mux.cpython-310.pyc\n'}
[1.747058] (keyboard_control) StdoutLine: {'line': b'running install_data\n'}
[1.747961] (keyboard_control) StdoutLine: {'line': b'running install_egg_info\n'}
[1.750323] (keyboard_control) StdoutLine: {'line': b"removing '/home/khadas/tracking_robot_workspace/install/keyboard_control/lib/python3.10/site-packages/keyboard_control-0.0.0-py3.10.egg-info' (and everything under it)\n"}
[1.750860] (keyboard_control) StdoutLine: {'line': b'Copying ../../build/keyboard_control/keyboard_control.egg-info to /home/khadas/tracking_robot_workspace/install/keyboard_control/lib/python3.10/site-packages/keyboard_control-0.0.0-py3.10.egg-info\n'}
[1.751804] (aruco_following_controller) StdoutLine: {'line': b'running egg_info\n'}
[1.752296] (keyboard_control) StdoutLine: {'line': b'running install_scripts\n'}
[1.752834] (aruco_following_controller) StdoutLine: {'line': b'writing ../../build/aruco_following_controller/aruco_following_controller.egg-info/PKG-INFO\n'}
[1.753567] (aruco_following_controller) StdoutLine: {'line': b'writing dependency_links to ../../build/aruco_following_controller/aruco_following_controller.egg-info/dependency_links.txt\n'}
[1.754201] (aruco_following_controller) StdoutLine: {'line': b'writing entry points to ../../build/aruco_following_controller/aruco_following_controller.egg-info/entry_points.txt\n'}
[1.754581] (aruco_following_controller) StdoutLine: {'line': b'writing requirements to ../../build/aruco_following_controller/aruco_following_controller.egg-info/requires.txt\n'}
[1.754950] (aruco_following_controller) StdoutLine: {'line': b'writing top-level names to ../../build/aruco_following_controller/aruco_following_controller.egg-info/top_level.txt\n'}
[1.757130] (aruco_following_controller) StdoutLine: {'line': b"reading manifest file '../../build/aruco_following_controller/aruco_following_controller.egg-info/SOURCES.txt'\n"}
[1.759778] (aruco_following_controller) StdoutLine: {'line': b"writing manifest file '../../build/aruco_following_controller/aruco_following_controller.egg-info/SOURCES.txt'\n"}
[1.760444] (aruco_following_controller) StdoutLine: {'line': b'running build\n'}
[1.761022] (aruco_following_controller) StdoutLine: {'line': b'running build_py\n'}
[1.761472] (aruco_following_controller) StdoutLine: {'line': b'running install\n'}
[1.761907] (aruco_following_controller) StdoutLine: {'line': b'running install_lib\n'}
[1.763560] (aruco_following_controller) StdoutLine: {'line': b'running install_data\n'}
[1.764504] (aruco_following_controller) StdoutLine: {'line': b'running install_egg_info\n'}
[1.767040] (aruco_following_controller) StdoutLine: {'line': b"removing '/home/khadas/tracking_robot_workspace/install/aruco_following_controller/lib/python3.10/site-packages/aruco_following_controller-0.0.0-py3.10.egg-info' (and everything under it)\n"}
[1.767618] (aruco_following_controller) StdoutLine: {'line': b'Copying ../../build/aruco_following_controller/aruco_following_controller.egg-info to /home/khadas/tracking_robot_workspace/install/aruco_following_controller/lib/python3.10/site-packages/aruco_following_controller-0.0.0-py3.10.egg-info\n'}
[1.768970] (aruco_following_controller) StdoutLine: {'line': b'running install_scripts\n'}
[1.778692] (keyboard_control) StdoutLine: {'line': b'Installing keyboard_control script to /home/khadas/tracking_robot_workspace/install/keyboard_control/lib/keyboard_control\n'}
[1.779609] (keyboard_control) StdoutLine: {'line': b'Installing vel_mux script to /home/khadas/tracking_robot_workspace/install/keyboard_control/lib/keyboard_control\n'}
[1.780093] (keyboard_control) StdoutLine: {'line': b"writing list of installed files to '/home/khadas/tracking_robot_workspace/build/keyboard_control/install.log'\n"}
[1.798452] (aruco_following_controller) StdoutLine: {'line': b'Installing controller script to /home/khadas/tracking_robot_workspace/install/aruco_following_controller/lib/aruco_following_controller\n'}
[1.799269] (aruco_following_controller) StdoutLine: {'line': b"writing list of installed files to '/home/khadas/tracking_robot_workspace/build/aruco_following_controller/install.log'\n"}
[1.800792] (-) TimerEvent: {}
[1.854059] (keyboard_control) CommandEnded: {'returncode': 0}
[1.865554] (keyboard_control) JobEnded: {'identifier': 'keyboard_control', 'rc': 0}
[1.878373] (aruco_following_controller) CommandEnded: {'returncode': 0}
[1.888305] (aruco_following_controller) JobEnded: {'identifier': 'aruco_following_controller', 'rc': 0}
[1.889633] (-) EventReactorShutdown: {}
