[0.448s] Invoking command in '/home/vt/robotics-2110435/challenge_2/src/challenge_2': PYTHONPATH=/home/vt/robotics-2110435/challenge_2/build/challenge_2/prefix_override:/home/vt/robotics-2110435/challenge_2/install/challenge_2/lib/python3.10/site-packages:${PYTHONPATH} /usr/bin/python3 setup.py egg_info --egg-base ../../build/challenge_2 build --build-base /home/vt/robotics-2110435/challenge_2/build/challenge_2/build install --record /home/vt/robotics-2110435/challenge_2/build/challenge_2/install.log --single-version-externally-managed
[0.555s] running egg_info
[0.561s] writing ../../build/challenge_2/challenge_2.egg-info/PKG-INFO
[0.562s] writing dependency_links to ../../build/challenge_2/challenge_2.egg-info/dependency_links.txt
[0.562s] writing entry points to ../../build/challenge_2/challenge_2.egg-info/entry_points.txt
[0.562s] writing requirements to ../../build/challenge_2/challenge_2.egg-info/requires.txt
[0.562s] writing top-level names to ../../build/challenge_2/challenge_2.egg-info/top_level.txt
[0.576s] reading manifest file '../../build/challenge_2/challenge_2.egg-info/SOURCES.txt'
[0.576s] writing manifest file '../../build/challenge_2/challenge_2.egg-info/SOURCES.txt'
[0.576s] running build
[0.576s] running build_py
[0.576s] copying challenge_2/robo_marker.py -> /home/vt/robotics-2110435/challenge_2/build/challenge_2/build/lib/challenge_2
[0.576s] running install
[0.577s] /usr/local/lib/python3.10/dist-packages/setuptools/_distutils/cmd.py:66: SetuptoolsDeprecationWarning: setup.py install is deprecated.
[0.577s] !!
[0.577s] 
[0.577s]         ********************************************************************************
[0.577s]         Please avoid running ``setup.py`` directly.
[0.577s]         Instead, use pypa/build, pypa/installer or other
[0.577s]         standards-based tools.
[0.577s] 
[0.577s]         See https://blog.ganssle.io/articles/2021/10/setup-py-deprecated.html for details.
[0.577s]         ********************************************************************************
[0.577s] 
[0.577s] !!
[0.578s]   self.initialize_options()
[0.579s] running install_lib
[0.585s] copying /home/vt/robotics-2110435/challenge_2/build/challenge_2/build/lib/challenge_2/robo_marker.py -> /home/vt/robotics-2110435/challenge_2/install/challenge_2/lib/python3.10/site-packages/challenge_2
[0.585s] byte-compiling /home/vt/robotics-2110435/challenge_2/install/challenge_2/lib/python3.10/site-packages/challenge_2/robo_marker.py to robo_marker.cpython-310.pyc
[0.586s] running install_data
[0.592s] running install_egg_info
[0.599s] removing '/home/vt/robotics-2110435/challenge_2/install/challenge_2/lib/python3.10/site-packages/challenge_2-0.0.0-py3.10.egg-info' (and everything under it)
[0.599s] Copying ../../build/challenge_2/challenge_2.egg-info to /home/vt/robotics-2110435/challenge_2/install/challenge_2/lib/python3.10/site-packages/challenge_2-0.0.0-py3.10.egg-info
[0.599s] running install_scripts
[0.669s] Installing aruco_2 script to /home/vt/robotics-2110435/challenge_2/install/challenge_2/lib/challenge_2
[0.669s] writing list of installed files to '/home/vt/robotics-2110435/challenge_2/build/challenge_2/install.log'
[0.684s] Invoked command in '/home/vt/robotics-2110435/challenge_2/src/challenge_2' returned '0': PYTHONPATH=/home/vt/robotics-2110435/challenge_2/build/challenge_2/prefix_override:/home/vt/robotics-2110435/challenge_2/install/challenge_2/lib/python3.10/site-packages:${PYTHONPATH} /usr/bin/python3 setup.py egg_info --egg-base ../../build/challenge_2 build --build-base /home/vt/robotics-2110435/challenge_2/build/challenge_2/build install --record /home/vt/robotics-2110435/challenge_2/build/challenge_2/install.log --single-version-externally-managed
