[0.517s] DEBUG:colcon:Command line arguments: ['/usr/bin/colcon', 'build']
[0.517s] DEBUG:colcon:Parsed command line arguments: Namespace(log_base=None, log_level=None, verb_name='build', build_base='build', install_base='install', merge_install=False, symlink_install=False, test_result_base=None, continue_on_error=False, executor='parallel', parallel_workers=8, event_handlers=None, ignore_user_meta=False, metas=['./colcon.meta'], base_paths=['.'], packages_ignore=None, packages_ignore_regex=None, paths=None, packages_up_to=None, packages_up_to_regex=None, packages_above=None, packages_above_and_dependencies=None, packages_above_depth=None, packages_select_by_dep=None, packages_skip_by_dep=None, packages_skip_up_to=None, packages_select_build_failed=False, packages_skip_build_finished=False, packages_select_test_failures=False, packages_skip_test_passed=False, packages_select=None, packages_skip=None, packages_select_regex=None, packages_skip_regex=None, packages_start=None, packages_end=None, allow_overriding=[], cmake_args=None, cmake_target=None, cmake_target_skip_unavailable=False, cmake_clean_cache=False, cmake_clean_first=False, cmake_force_configure=False, ament_cmake_args=None, catkin_cmake_args=None, catkin_skip_building_tests=False, verb_parser=<colcon_defaults.argument_parser.defaults.DefaultArgumentsDecorator object at 0x7fa86a65c0>, verb_extension=<colcon_core.verb.build.BuildVerb object at 0x7fa86a6050>, main=<bound method BuildVerb.main of <colcon_core.verb.build.BuildVerb object at 0x7fa86a6050>>)
[0.566s] Level 1:colcon.colcon_core.package_discovery:discover_packages(colcon_meta) check parameters
[0.567s] Level 1:colcon.colcon_core.package_discovery:discover_packages(recursive) check parameters
[0.567s] Level 1:colcon.colcon_core.package_discovery:discover_packages(ignore) check parameters
[0.567s] Level 1:colcon.colcon_core.package_discovery:discover_packages(path) check parameters
[0.567s] Level 1:colcon.colcon_core.package_discovery:discover_packages(colcon_meta) discover
[0.567s] Level 1:colcon.colcon_core.package_discovery:discover_packages(recursive) discover
[0.567s] INFO:colcon.colcon_core.package_discovery:Crawling recursively for packages in '/home/khadas/ros2_workspace'
[0.567s] Level 1:colcon.colcon_core.package_identification:_identify(.) by extensions ['ignore', 'ignore_ament_install']
[0.567s] Level 1:colcon.colcon_core.package_identification:_identify(.) by extension 'ignore'
[0.567s] Level 1:colcon.colcon_core.package_identification:_identify(.) by extension 'ignore_ament_install'
[0.567s] Level 1:colcon.colcon_core.package_identification:_identify(.) by extensions ['colcon_pkg']
[0.567s] Level 1:colcon.colcon_core.package_identification:_identify(.) by extension 'colcon_pkg'
[0.567s] Level 1:colcon.colcon_core.package_identification:_identify(.) by extensions ['colcon_meta']
[0.567s] Level 1:colcon.colcon_core.package_identification:_identify(.) by extension 'colcon_meta'
[0.568s] Level 1:colcon.colcon_core.package_identification:_identify(.) by extensions ['ros']
[0.568s] Level 1:colcon.colcon_core.package_identification:_identify(.) by extension 'ros'
[0.587s] Level 1:colcon.colcon_core.package_identification:_identify(.) by extensions ['cmake', 'python']
[0.587s] Level 1:colcon.colcon_core.package_identification:_identify(.) by extension 'cmake'
[0.587s] Level 1:colcon.colcon_core.package_identification:_identify(.) by extension 'python'
[0.587s] Level 1:colcon.colcon_core.package_identification:_identify(.) by extensions ['python_setup_py']
[0.588s] Level 1:colcon.colcon_core.package_identification:_identify(.) by extension 'python_setup_py'
[0.588s] Level 1:colcon.colcon_core.package_identification:_identify(build) by extensions ['ignore', 'ignore_ament_install']
[0.588s] Level 1:colcon.colcon_core.package_identification:_identify(build) by extension 'ignore'
[0.588s] Level 1:colcon.colcon_core.package_identification:_identify(build) ignored
[0.588s] Level 1:colcon.colcon_core.package_identification:_identify(install) by extensions ['ignore', 'ignore_ament_install']
[0.588s] Level 1:colcon.colcon_core.package_identification:_identify(install) by extension 'ignore'
[0.588s] Level 1:colcon.colcon_core.package_identification:_identify(install) ignored
[0.588s] Level 1:colcon.colcon_core.package_identification:_identify(log) by extensions ['ignore', 'ignore_ament_install']
[0.588s] Level 1:colcon.colcon_core.package_identification:_identify(log) by extension 'ignore'
[0.588s] Level 1:colcon.colcon_core.package_identification:_identify(log) ignored
[0.589s] Level 1:colcon.colcon_core.package_identification:_identify(src) by extensions ['ignore', 'ignore_ament_install']
[0.589s] Level 1:colcon.colcon_core.package_identification:_identify(src) by extension 'ignore'
[0.589s] Level 1:colcon.colcon_core.package_identification:_identify(src) by extension 'ignore_ament_install'
[0.589s] Level 1:colcon.colcon_core.package_identification:_identify(src) by extensions ['colcon_pkg']
[0.589s] Level 1:colcon.colcon_core.package_identification:_identify(src) by extension 'colcon_pkg'
[0.589s] Level 1:colcon.colcon_core.package_identification:_identify(src) by extensions ['colcon_meta']
[0.589s] Level 1:colcon.colcon_core.package_identification:_identify(src) by extension 'colcon_meta'
[0.589s] Level 1:colcon.colcon_core.package_identification:_identify(src) by extensions ['ros']
[0.589s] Level 1:colcon.colcon_core.package_identification:_identify(src) by extension 'ros'
[0.589s] Level 1:colcon.colcon_core.package_identification:_identify(src) by extensions ['cmake', 'python']
[0.589s] Level 1:colcon.colcon_core.package_identification:_identify(src) by extension 'cmake'
[0.589s] Level 1:colcon.colcon_core.package_identification:_identify(src) by extension 'python'
[0.589s] Level 1:colcon.colcon_core.package_identification:_identify(src) by extensions ['python_setup_py']
[0.589s] Level 1:colcon.colcon_core.package_identification:_identify(src) by extension 'python_setup_py'
[0.589s] Level 1:colcon.colcon_core.package_identification:_identify(src/gscam) by extensions ['ignore', 'ignore_ament_install']
[0.589s] Level 1:colcon.colcon_core.package_identification:_identify(src/gscam) by extension 'ignore'
[0.590s] Level 1:colcon.colcon_core.package_identification:_identify(src/gscam) by extension 'ignore_ament_install'
[0.590s] Level 1:colcon.colcon_core.package_identification:_identify(src/gscam) by extensions ['colcon_pkg']
[0.590s] Level 1:colcon.colcon_core.package_identification:_identify(src/gscam) by extension 'colcon_pkg'
[0.590s] Level 1:colcon.colcon_core.package_identification:_identify(src/gscam) by extensions ['colcon_meta']
[0.590s] Level 1:colcon.colcon_core.package_identification:_identify(src/gscam) by extension 'colcon_meta'
[0.590s] Level 1:colcon.colcon_core.package_identification:_identify(src/gscam) by extensions ['ros']
[0.590s] Level 1:colcon.colcon_core.package_identification:_identify(src/gscam) by extension 'ros'
[0.595s] DEBUG:colcon.colcon_core.package_identification:Package 'src/gscam' with type 'ros.ament_cmake' and name 'gscam'
[0.595s] Level 1:colcon.colcon_core.package_discovery:discover_packages(recursive) using defaults
[0.595s] Level 1:colcon.colcon_core.package_discovery:discover_packages(ignore) discover
[0.595s] Level 1:colcon.colcon_core.package_discovery:discover_packages(ignore) using defaults
[0.595s] Level 1:colcon.colcon_core.package_discovery:discover_packages(path) discover
[0.595s] Level 1:colcon.colcon_core.package_discovery:discover_packages(path) using defaults
[0.632s] Level 1:colcon.colcon_core.package_discovery:discover_packages(prefix_path) check parameters
[0.632s] Level 1:colcon.colcon_core.package_discovery:discover_packages(prefix_path) discover
[0.638s] DEBUG:colcon.colcon_installed_package_information.package_discovery:Found 278 installed packages in /opt/ros/humble
[0.640s] Level 1:colcon.colcon_core.package_discovery:discover_packages(prefix_path) using defaults
[0.717s] Level 5:colcon.colcon_core.verb:set package 'gscam' build argument 'cmake_args' from command line to 'None'
[0.717s] Level 5:colcon.colcon_core.verb:set package 'gscam' build argument 'cmake_target' from command line to 'None'
[0.717s] Level 5:colcon.colcon_core.verb:set package 'gscam' build argument 'cmake_target_skip_unavailable' from command line to 'False'
[0.717s] Level 5:colcon.colcon_core.verb:set package 'gscam' build argument 'cmake_clean_cache' from command line to 'False'
[0.717s] Level 5:colcon.colcon_core.verb:set package 'gscam' build argument 'cmake_clean_first' from command line to 'False'
[0.717s] Level 5:colcon.colcon_core.verb:set package 'gscam' build argument 'cmake_force_configure' from command line to 'False'
[0.717s] Level 5:colcon.colcon_core.verb:set package 'gscam' build argument 'ament_cmake_args' from command line to 'None'
[0.717s] Level 5:colcon.colcon_core.verb:set package 'gscam' build argument 'catkin_cmake_args' from command line to 'None'
[0.717s] Level 5:colcon.colcon_core.verb:set package 'gscam' build argument 'catkin_skip_building_tests' from command line to 'False'
[0.717s] DEBUG:colcon.colcon_core.verb:Building package 'gscam' with the following arguments: {'ament_cmake_args': None, 'build_base': '/home/khadas/ros2_workspace/build/gscam', 'catkin_cmake_args': None, 'catkin_skip_building_tests': False, 'cmake_args': None, 'cmake_clean_cache': False, 'cmake_clean_first': False, 'cmake_force_configure': False, 'cmake_target': None, 'cmake_target_skip_unavailable': False, 'install_base': '/home/khadas/ros2_workspace/install/gscam', 'merge_install': False, 'path': '/home/khadas/ros2_workspace/src/gscam', 'symlink_install': False, 'test_result_base': None}
[0.718s] INFO:colcon.colcon_core.executor:Executing jobs using 'parallel' executor
[0.722s] DEBUG:colcon.colcon_parallel_executor.executor.parallel:run_until_complete
[0.722s] INFO:colcon.colcon_ros.task.ament_cmake.build:Building ROS package in '/home/khadas/ros2_workspace/src/gscam' with build type 'ament_cmake'
[0.722s] INFO:colcon.colcon_cmake.task.cmake.build:Building CMake package in '/home/khadas/ros2_workspace/src/gscam'
[0.731s] INFO:colcon.colcon_core.plugin_system:Skipping extension 'colcon_core.shell.bat': Not used on non-Windows systems
[0.731s] INFO:colcon.colcon_core.shell:Skip shell extension 'powershell' for command environment: Not usable outside of PowerShell
[0.731s] DEBUG:colcon.colcon_core.shell:Skip shell extension 'dsv' for command environment
[0.743s] DEBUG:colcon.colcon_core.event_handler.log_command:Invoking command in '/home/khadas/ros2_workspace/build/gscam': CMAKE_PREFIX_PATH=/opt/ros/humble /usr/bin/cmake /home/khadas/ros2_workspace/src/gscam -DCMAKE_INSTALL_PREFIX=/home/khadas/ros2_workspace/install/gscam
[4.770s] DEBUG:colcon.colcon_core.event_handler.log_command:Invoked command in '/home/khadas/ros2_workspace/build/gscam' returned '0': CMAKE_PREFIX_PATH=/opt/ros/humble /usr/bin/cmake /home/khadas/ros2_workspace/src/gscam -DCMAKE_INSTALL_PREFIX=/home/khadas/ros2_workspace/install/gscam
[4.777s] DEBUG:colcon.colcon_core.event_handler.log_command:Invoking command in '/home/khadas/ros2_workspace/build/gscam': CMAKE_PREFIX_PATH=/opt/ros/humble /usr/bin/cmake --build /home/khadas/ros2_workspace/build/gscam -- -j8 -l8
[27.655s] DEBUG:colcon.colcon_core.event_handler.log_command:Invoked command in '/home/khadas/ros2_workspace/build/gscam' returned '0': CMAKE_PREFIX_PATH=/opt/ros/humble /usr/bin/cmake --build /home/khadas/ros2_workspace/build/gscam -- -j8 -l8
[27.765s] DEBUG:colcon.colcon_core.event_handler.log_command:Invoking command in '/home/khadas/ros2_workspace/build/gscam': CMAKE_PREFIX_PATH=/opt/ros/humble /usr/bin/cmake --install /home/khadas/ros2_workspace/build/gscam
[27.801s] Level 1:colcon.colcon_core.environment:create_environment_scripts_only(gscam)
[27.819s] DEBUG:colcon.colcon_core.event_handler.log_command:Invoked command in '/home/khadas/ros2_workspace/build/gscam' returned '0': CMAKE_PREFIX_PATH=/opt/ros/humble /usr/bin/cmake --install /home/khadas/ros2_workspace/build/gscam
[27.834s] Level 1:colcon.colcon_core.environment:checking '/home/khadas/ros2_workspace/install/gscam' for CMake module files
[27.837s] Level 1:colcon.colcon_core.environment:checking '/home/khadas/ros2_workspace/install/gscam' for CMake config files
[27.838s] Level 1:colcon.colcon_core.shell:create_environment_hook('gscam', 'cmake_prefix_path')
[27.844s] INFO:colcon.colcon_core.shell:Creating environment hook '/home/khadas/ros2_workspace/install/gscam/share/gscam/hook/cmake_prefix_path.ps1'
[27.846s] INFO:colcon.colcon_core.shell:Creating environment descriptor '/home/khadas/ros2_workspace/install/gscam/share/gscam/hook/cmake_prefix_path.dsv'
[27.847s] INFO:colcon.colcon_core.shell:Creating environment hook '/home/khadas/ros2_workspace/install/gscam/share/gscam/hook/cmake_prefix_path.sh'
[27.848s] Level 1:colcon.colcon_core.environment:checking '/home/khadas/ros2_workspace/install/gscam/lib'
[27.848s] Level 1:colcon.colcon_core.shell:create_environment_hook('gscam', 'ld_library_path_lib')
[27.850s] INFO:colcon.colcon_core.shell:Creating environment hook '/home/khadas/ros2_workspace/install/gscam/share/gscam/hook/ld_library_path_lib.ps1'
[27.850s] INFO:colcon.colcon_core.shell:Creating environment descriptor '/home/khadas/ros2_workspace/install/gscam/share/gscam/hook/ld_library_path_lib.dsv'
[27.851s] INFO:colcon.colcon_core.shell:Creating environment hook '/home/khadas/ros2_workspace/install/gscam/share/gscam/hook/ld_library_path_lib.sh'
[27.851s] Level 1:colcon.colcon_core.environment:checking '/home/khadas/ros2_workspace/install/gscam/bin'
[27.851s] Level 1:colcon.colcon_core.environment:checking '/home/khadas/ros2_workspace/install/gscam/lib/pkgconfig/gscam.pc'
[27.851s] Level 1:colcon.colcon_core.environment:checking '/home/khadas/ros2_workspace/install/gscam/lib/python3.10/site-packages'
[27.852s] Level 1:colcon.colcon_core.environment:checking '/home/khadas/ros2_workspace/install/gscam/bin'
[27.853s] INFO:colcon.colcon_core.shell:Creating package script '/home/khadas/ros2_workspace/install/gscam/share/gscam/package.ps1'
[27.855s] INFO:colcon.colcon_core.shell:Creating package descriptor '/home/khadas/ros2_workspace/install/gscam/share/gscam/package.dsv'
[27.856s] INFO:colcon.colcon_core.shell:Creating package script '/home/khadas/ros2_workspace/install/gscam/share/gscam/package.sh'
[27.857s] INFO:colcon.colcon_core.shell:Creating package script '/home/khadas/ros2_workspace/install/gscam/share/gscam/package.bash'
[27.858s] INFO:colcon.colcon_core.shell:Creating package script '/home/khadas/ros2_workspace/install/gscam/share/gscam/package.zsh'
[27.859s] Level 1:colcon.colcon_core.environment:create_file_with_runtime_dependencies(/home/khadas/ros2_workspace/install/gscam/share/colcon-core/packages/gscam)
[27.943s] Level 1:colcon.colcon_core.environment:create_environment_scripts_only(gscam)
[27.953s] Level 1:colcon.colcon_core.environment:checking '/home/khadas/ros2_workspace/install/gscam' for CMake module files
[27.956s] Level 1:colcon.colcon_core.environment:checking '/home/khadas/ros2_workspace/install/gscam' for CMake config files
[27.956s] Level 1:colcon.colcon_core.shell:create_environment_hook('gscam', 'cmake_prefix_path')
[27.958s] INFO:colcon.colcon_core.shell:Creating environment hook '/home/khadas/ros2_workspace/install/gscam/share/gscam/hook/cmake_prefix_path.ps1'
[27.959s] INFO:colcon.colcon_core.shell:Creating environment descriptor '/home/khadas/ros2_workspace/install/gscam/share/gscam/hook/cmake_prefix_path.dsv'
[27.959s] INFO:colcon.colcon_core.shell:Creating environment hook '/home/khadas/ros2_workspace/install/gscam/share/gscam/hook/cmake_prefix_path.sh'
[27.960s] Level 1:colcon.colcon_core.environment:checking '/home/khadas/ros2_workspace/install/gscam/lib'
[27.960s] Level 1:colcon.colcon_core.shell:create_environment_hook('gscam', 'ld_library_path_lib')
[27.961s] INFO:colcon.colcon_core.shell:Creating environment hook '/home/khadas/ros2_workspace/install/gscam/share/gscam/hook/ld_library_path_lib.ps1'
[27.962s] INFO:colcon.colcon_core.shell:Creating environment descriptor '/home/khadas/ros2_workspace/install/gscam/share/gscam/hook/ld_library_path_lib.dsv'
[27.962s] INFO:colcon.colcon_core.shell:Creating environment hook '/home/khadas/ros2_workspace/install/gscam/share/gscam/hook/ld_library_path_lib.sh'
[27.963s] Level 1:colcon.colcon_core.environment:checking '/home/khadas/ros2_workspace/install/gscam/bin'
[27.963s] Level 1:colcon.colcon_core.environment:checking '/home/khadas/ros2_workspace/install/gscam/lib/pkgconfig/gscam.pc'
[27.963s] Level 1:colcon.colcon_core.environment:checking '/home/khadas/ros2_workspace/install/gscam/lib/python3.10/site-packages'
[27.963s] Level 1:colcon.colcon_core.environment:checking '/home/khadas/ros2_workspace/install/gscam/bin'
[27.965s] INFO:colcon.colcon_core.shell:Creating package script '/home/khadas/ros2_workspace/install/gscam/share/gscam/package.ps1'
[27.966s] INFO:colcon.colcon_core.shell:Creating package descriptor '/home/khadas/ros2_workspace/install/gscam/share/gscam/package.dsv'
[27.966s] INFO:colcon.colcon_core.shell:Creating package script '/home/khadas/ros2_workspace/install/gscam/share/gscam/package.sh'
[27.967s] INFO:colcon.colcon_core.shell:Creating package script '/home/khadas/ros2_workspace/install/gscam/share/gscam/package.bash'
[27.967s] INFO:colcon.colcon_core.shell:Creating package script '/home/khadas/ros2_workspace/install/gscam/share/gscam/package.zsh'
[27.968s] Level 1:colcon.colcon_core.environment:create_file_with_runtime_dependencies(/home/khadas/ros2_workspace/install/gscam/share/colcon-core/packages/gscam)
[27.968s] DEBUG:colcon.colcon_parallel_executor.executor.parallel:closing loop
[27.968s] DEBUG:colcon.colcon_parallel_executor.executor.parallel:loop closed
[27.968s] DEBUG:colcon.colcon_parallel_executor.executor.parallel:run_until_complete finished with '0'
[27.968s] DEBUG:colcon.colcon_core.event_reactor:joining thread
[27.989s] INFO:colcon.colcon_core.plugin_system:Skipping extension 'colcon_notification.desktop_notification.terminal_notifier': Not used on non-Darwin systems
[27.990s] INFO:colcon.colcon_core.plugin_system:Skipping extension 'colcon_notification.desktop_notification.win32': Not used on non-Windows systems
[27.990s] INFO:colcon.colcon_notification.desktop_notification:Sending desktop notification using 'notify2'
[27.991s] DEBUG:colcon.colcon_notification.desktop_notification.notify2:Failed to initialize notify2: org.freedesktop.DBus.Error.ServiceUnknown: The name org.freedesktop.Notifications was not provided by any .service files
[27.992s] DEBUG:colcon.colcon_core.event_reactor:joined thread
[27.993s] INFO:colcon.colcon_core.shell:Creating prefix script '/home/khadas/ros2_workspace/install/local_setup.ps1'
[27.995s] INFO:colcon.colcon_core.shell:Creating prefix util module '/home/khadas/ros2_workspace/install/_local_setup_util_ps1.py'
[27.997s] INFO:colcon.colcon_core.shell:Creating prefix chain script '/home/khadas/ros2_workspace/install/setup.ps1'
[27.999s] INFO:colcon.colcon_core.shell:Creating prefix script '/home/khadas/ros2_workspace/install/local_setup.sh'
[28.000s] INFO:colcon.colcon_core.shell:Creating prefix util module '/home/khadas/ros2_workspace/install/_local_setup_util_sh.py'
[28.001s] INFO:colcon.colcon_core.shell:Creating prefix chain script '/home/khadas/ros2_workspace/install/setup.sh'
[28.003s] INFO:colcon.colcon_core.shell:Creating prefix script '/home/khadas/ros2_workspace/install/local_setup.bash'
[28.004s] INFO:colcon.colcon_core.shell:Creating prefix chain script '/home/khadas/ros2_workspace/install/setup.bash'
[28.006s] INFO:colcon.colcon_core.shell:Creating prefix script '/home/khadas/ros2_workspace/install/local_setup.zsh'
[28.006s] INFO:colcon.colcon_core.shell:Creating prefix chain script '/home/khadas/ros2_workspace/install/setup.zsh'
