[0.357s] Invoking command in '/home/parallels/robotics-2110435/build/aruco_controller': CMAKE_PREFIX_PATH=${CMAKE_PREFIX_PATH}:/home/parallels/robotics-2110435/tracking_ws/install/keyboard_control:/home/parallels/robotics-2110435/tracking_ws/install/aruco_following_controller:/home/parallels/robotics-2110435/challenge_1/install/robot_marker:/home/parallels/robotics-2110435/robot_ws/install/turtle_square:/home/parallels/robotics-2110435/robot_ws/install/turtle_pkg:/home/parallels/robotics-2110435/robot_ws/install/ros2_aruco:/home/parallels/my_robot_ws/install/my_py_pkg:/opt/ros/humble /usr/bin/cmake /home/parallels/robotics-2110435/tracking_ws/src/aruco_controller -DCMAKE_INSTALL_PREFIX=/home/parallels/robotics-2110435/install/aruco_controller
[0.952s] -- The C compiler identification is GNU 11.4.0
[0.952s] -- The CXX compiler identification is GNU 11.4.0
[0.952s] -- Detecting C compiler ABI info
[0.952s] -- Detecting C compiler ABI info - done
[0.952s] -- Check for working C compiler: /usr/bin/cc - skipped
[0.952s] -- Detecting C compile features
[0.952s] -- Detecting C compile features - done
[0.953s] -- Detecting CXX compiler ABI info
[0.953s] -- Detecting CXX compiler ABI info - done
[0.953s] -- Check for working CXX compiler: /usr/bin/c++ - skipped
[0.953s] -- Detecting CXX compile features
[0.953s] -- Detecting CXX compile features - done
[0.953s] -- Found ament_cmake: 1.3.5 (/opt/ros/humble/share/ament_cmake/cmake)
[0.953s] -- Found Python3: /usr/bin/python3.10 (found version "3.10.12") found components: Interpreter 
[0.953s] -- Found rclcpp: 16.0.6 (/opt/ros/humble/share/rclcpp/cmake)
[0.953s] -- Found rosidl_generator_c: 3.1.5 (/opt/ros/humble/share/rosidl_generator_c/cmake)
[0.954s] -- Found rosidl_adapter: 3.1.5 (/opt/ros/humble/share/rosidl_adapter/cmake)
[0.954s] -- Found rosidl_generator_cpp: 3.1.5 (/opt/ros/humble/share/rosidl_generator_cpp/cmake)
[0.954s] -- Using all available rosidl_typesupport_c: rosidl_typesupport_fastrtps_c;rosidl_typesupport_introspection_c
[0.954s] -- Using all available rosidl_typesupport_cpp: rosidl_typesupport_fastrtps_cpp;rosidl_typesupport_introspection_cpp
[1.018s] -- Found rmw_implementation_cmake: 6.1.1 (/opt/ros/humble/share/rmw_implementation_cmake/cmake)
[1.021s] -- Found rmw_fastrtps_cpp: 6.2.4 (/opt/ros/humble/share/rmw_fastrtps_cpp/cmake)
[1.105s] -- Found OpenSSL: /usr/lib/aarch64-linux-gnu/libcrypto.so (found version "3.0.2")  
[1.128s] -- Found FastRTPS: /opt/ros/humble/include  
[1.166s] -- Using RMW implementation 'rmw_fastrtps_cpp' as default
[1.179s] -- Looking for pthread.h
[1.255s] -- Looking for pthread.h - found
[1.255s] -- Performing Test CMAKE_HAVE_LIBC_PTHREAD
[1.314s] -- Performing Test CMAKE_HAVE_LIBC_PTHREAD - Success
[1.315s] -- Found Threads: TRUE  
[1.462s] -- Found rclpy: 3.3.10 (/opt/ros/humble/share/rclpy/cmake)
[1.561s] -- Configuring done
[1.567s] -- Generating done
[1.568s] -- Build files have been written to: /home/parallels/robotics-2110435/build/aruco_controller
[1.578s] Invoked command in '/home/parallels/robotics-2110435/build/aruco_controller' returned '0': CMAKE_PREFIX_PATH=${CMAKE_PREFIX_PATH}:/home/parallels/robotics-2110435/tracking_ws/install/keyboard_control:/home/parallels/robotics-2110435/tracking_ws/install/aruco_following_controller:/home/parallels/robotics-2110435/challenge_1/install/robot_marker:/home/parallels/robotics-2110435/robot_ws/install/turtle_square:/home/parallels/robotics-2110435/robot_ws/install/turtle_pkg:/home/parallels/robotics-2110435/robot_ws/install/ros2_aruco:/home/parallels/my_robot_ws/install/my_py_pkg:/opt/ros/humble /usr/bin/cmake /home/parallels/robotics-2110435/tracking_ws/src/aruco_controller -DCMAKE_INSTALL_PREFIX=/home/parallels/robotics-2110435/install/aruco_controller
[1.578s] Invoking command in '/home/parallels/robotics-2110435/build/aruco_controller': CMAKE_PREFIX_PATH=${CMAKE_PREFIX_PATH}:/home/parallels/robotics-2110435/tracking_ws/install/keyboard_control:/home/parallels/robotics-2110435/tracking_ws/install/aruco_following_controller:/home/parallels/robotics-2110435/challenge_1/install/robot_marker:/home/parallels/robotics-2110435/robot_ws/install/turtle_square:/home/parallels/robotics-2110435/robot_ws/install/turtle_pkg:/home/parallels/robotics-2110435/robot_ws/install/ros2_aruco:/home/parallels/my_robot_ws/install/my_py_pkg:/opt/ros/humble /usr/bin/cmake --build /home/parallels/robotics-2110435/build/aruco_controller -- -j6 -l6
[1.625s] Built target ament_cmake_python_copy_aruco_controller
[1.759s] running egg_info
[1.760s] creating aruco_controller.egg-info
[1.760s] writing aruco_controller.egg-info/PKG-INFO
[1.760s] writing dependency_links to aruco_controller.egg-info/dependency_links.txt
[1.760s] writing top-level names to aruco_controller.egg-info/top_level.txt
[1.760s] writing manifest file 'aruco_controller.egg-info/SOURCES.txt'
[1.761s] reading manifest file 'aruco_controller.egg-info/SOURCES.txt'
[1.761s] writing manifest file 'aruco_controller.egg-info/SOURCES.txt'
[1.780s] Built target ament_cmake_python_build_aruco_controller_egg
[2.005s] Invoked command in '/home/parallels/robotics-2110435/build/aruco_controller' returned '0': CMAKE_PREFIX_PATH=${CMAKE_PREFIX_PATH}:/home/parallels/robotics-2110435/tracking_ws/install/keyboard_control:/home/parallels/robotics-2110435/tracking_ws/install/aruco_following_controller:/home/parallels/robotics-2110435/challenge_1/install/robot_marker:/home/parallels/robotics-2110435/robot_ws/install/turtle_square:/home/parallels/robotics-2110435/robot_ws/install/turtle_pkg:/home/parallels/robotics-2110435/robot_ws/install/ros2_aruco:/home/parallels/my_robot_ws/install/my_py_pkg:/opt/ros/humble /usr/bin/cmake --build /home/parallels/robotics-2110435/build/aruco_controller -- -j6 -l6
[2.031s] Invoking command in '/home/parallels/robotics-2110435/build/aruco_controller': CMAKE_PREFIX_PATH=${CMAKE_PREFIX_PATH}:/home/parallels/robotics-2110435/tracking_ws/install/keyboard_control:/home/parallels/robotics-2110435/tracking_ws/install/aruco_following_controller:/home/parallels/robotics-2110435/challenge_1/install/robot_marker:/home/parallels/robotics-2110435/robot_ws/install/turtle_square:/home/parallels/robotics-2110435/robot_ws/install/turtle_pkg:/home/parallels/robotics-2110435/robot_ws/install/ros2_aruco:/home/parallels/my_robot_ws/install/my_py_pkg:/opt/ros/humble /usr/bin/cmake --install /home/parallels/robotics-2110435/build/aruco_controller
[2.038s] -- Install configuration: ""
[2.038s] -- Installing: /home/parallels/robotics-2110435/install/aruco_controller/share/aruco_controller/environment/pythonpath.sh
[2.038s] -- Installing: /home/parallels/robotics-2110435/install/aruco_controller/share/aruco_controller/environment/pythonpath.dsv
[2.038s] -- Installing: /home/parallels/robotics-2110435/install/aruco_controller/local/lib/python3.10/dist-packages/aruco_controller-0.0.0-py3.10.egg-info
[2.038s] -- Installing: /home/parallels/robotics-2110435/install/aruco_controller/local/lib/python3.10/dist-packages/aruco_controller-0.0.0-py3.10.egg-info/PKG-INFO
[2.038s] -- Installing: /home/parallels/robotics-2110435/install/aruco_controller/local/lib/python3.10/dist-packages/aruco_controller-0.0.0-py3.10.egg-info/SOURCES.txt
[2.039s] -- Installing: /home/parallels/robotics-2110435/install/aruco_controller/local/lib/python3.10/dist-packages/aruco_controller-0.0.0-py3.10.egg-info/top_level.txt
[2.039s] -- Installing: /home/parallels/robotics-2110435/install/aruco_controller/local/lib/python3.10/dist-packages/aruco_controller-0.0.0-py3.10.egg-info/dependency_links.txt
[2.039s] -- Installing: /home/parallels/robotics-2110435/install/aruco_controller/local/lib/python3.10/dist-packages/aruco_controller
[2.039s] -- Installing: /home/parallels/robotics-2110435/install/aruco_controller/local/lib/python3.10/dist-packages/aruco_controller/__init__.py
[2.039s] -- Installing: /home/parallels/robotics-2110435/install/aruco_controller/local/lib/python3.10/dist-packages/aruco_controller/transformations.py
[2.039s] -- Installing: /home/parallels/robotics-2110435/install/aruco_controller/local/lib/python3.10/dist-packages/aruco_controller/aruco_detector.py
[2.039s] -- Installing: /home/parallels/robotics-2110435/install/aruco_controller/local/lib/python3.10/dist-packages/aruco_controller/detection_param.py
[2.070s] Listing '/home/parallels/robotics-2110435/install/aruco_controller/local/lib/python3.10/dist-packages/aruco_controller'...
[2.070s] Compiling '/home/parallels/robotics-2110435/install/aruco_controller/local/lib/python3.10/dist-packages/aruco_controller/__init__.py'...
[2.070s] Compiling '/home/parallels/robotics-2110435/install/aruco_controller/local/lib/python3.10/dist-packages/aruco_controller/aruco_detector.py'...
[2.070s] Compiling '/home/parallels/robotics-2110435/install/aruco_controller/local/lib/python3.10/dist-packages/aruco_controller/detection_param.py'...
[2.070s] Compiling '/home/parallels/robotics-2110435/install/aruco_controller/local/lib/python3.10/dist-packages/aruco_controller/transformations.py'...
[2.074s] -- Installing: /home/parallels/robotics-2110435/install/aruco_controller/lib/aruco_controller/aruco_detector.py
[2.074s] -- Installing: /home/parallels/robotics-2110435/install/aruco_controller/lib/aruco_controller/detection_param.py
[2.074s] -- Installing: /home/parallels/robotics-2110435/install/aruco_controller/share/aruco_controller/cfg
[2.074s] -- Installing: /home/parallels/robotics-2110435/install/aruco_controller/share/aruco_controller/cfg/aruco_detect_param.yaml
[2.074s] -- Installing: /home/parallels/robotics-2110435/install/aruco_controller/share/aruco_controller/cfg/marker_param.yaml
[2.074s] -- Installing: /home/parallels/robotics-2110435/install/aruco_controller/share/aruco_controller/cfg/default_param.yaml
[2.075s] -- Installing: /home/parallels/robotics-2110435/install/aruco_controller/share/aruco_controller/launch
[2.075s] -- Installing: /home/parallels/robotics-2110435/install/aruco_controller/share/aruco_controller/launch/main_launch.py
[2.075s] -- Installing: /home/parallels/robotics-2110435/install/aruco_controller/share/ament_index/resource_index/package_run_dependencies/aruco_controller
[2.075s] -- Installing: /home/parallels/robotics-2110435/install/aruco_controller/share/ament_index/resource_index/parent_prefix_path/aruco_controller
[2.075s] -- Installing: /home/parallels/robotics-2110435/install/aruco_controller/share/aruco_controller/environment/ament_prefix_path.sh
[2.075s] -- Installing: /home/parallels/robotics-2110435/install/aruco_controller/share/aruco_controller/environment/ament_prefix_path.dsv
[2.075s] -- Installing: /home/parallels/robotics-2110435/install/aruco_controller/share/aruco_controller/environment/path.sh
[2.075s] -- Installing: /home/parallels/robotics-2110435/install/aruco_controller/share/aruco_controller/environment/path.dsv
[2.076s] -- Installing: /home/parallels/robotics-2110435/install/aruco_controller/share/aruco_controller/local_setup.bash
[2.076s] -- Installing: /home/parallels/robotics-2110435/install/aruco_controller/share/aruco_controller/local_setup.sh
[2.076s] -- Installing: /home/parallels/robotics-2110435/install/aruco_controller/share/aruco_controller/local_setup.zsh
[2.076s] -- Installing: /home/parallels/robotics-2110435/install/aruco_controller/share/aruco_controller/local_setup.dsv
[2.076s] -- Installing: /home/parallels/robotics-2110435/install/aruco_controller/share/aruco_controller/package.dsv
[2.076s] -- Installing: /home/parallels/robotics-2110435/install/aruco_controller/share/ament_index/resource_index/packages/aruco_controller
[2.076s] -- Installing: /home/parallels/robotics-2110435/install/aruco_controller/share/aruco_controller/cmake/aruco_controllerConfig.cmake
[2.077s] -- Installing: /home/parallels/robotics-2110435/install/aruco_controller/share/aruco_controller/cmake/aruco_controllerConfig-version.cmake
[2.077s] -- Installing: /home/parallels/robotics-2110435/install/aruco_controller/share/aruco_controller/package.xml
[2.086s] Invoked command in '/home/parallels/robotics-2110435/build/aruco_controller' returned '0': CMAKE_PREFIX_PATH=${CMAKE_PREFIX_PATH}:/home/parallels/robotics-2110435/tracking_ws/install/keyboard_control:/home/parallels/robotics-2110435/tracking_ws/install/aruco_following_controller:/home/parallels/robotics-2110435/challenge_1/install/robot_marker:/home/parallels/robotics-2110435/robot_ws/install/turtle_square:/home/parallels/robotics-2110435/robot_ws/install/turtle_pkg:/home/parallels/robotics-2110435/robot_ws/install/ros2_aruco:/home/parallels/my_robot_ws/install/my_py_pkg:/opt/ros/humble /usr/bin/cmake --install /home/parallels/robotics-2110435/build/aruco_controller
