[1.369s] Invoking command in '/home/parallels/robotics-2110435/tracking_ws/src/aruco_following_controller': PYTHONPATH=/home/parallels/robotics-2110435/build/aruco_following_controller/prefix_override:/home/parallels/robotics-2110435/install/aruco_following_controller/lib/python3.10/site-packages:${PYTHONPATH} /usr/bin/python3 setup.py egg_info --egg-base ../../../build/aruco_following_controller build --build-base /home/parallels/robotics-2110435/build/aruco_following_controller/build install --record /home/parallels/robotics-2110435/build/aruco_following_controller/install.log --single-version-externally-managed
[1.505s] running egg_info
[1.506s] creating ../../../build/aruco_following_controller/aruco_following_controller.egg-info
[1.506s] writing ../../../build/aruco_following_controller/aruco_following_controller.egg-info/PKG-INFO
[1.506s] writing dependency_links to ../../../build/aruco_following_controller/aruco_following_controller.egg-info/dependency_links.txt
[1.506s] writing entry points to ../../../build/aruco_following_controller/aruco_following_controller.egg-info/entry_points.txt
[1.506s] writing requirements to ../../../build/aruco_following_controller/aruco_following_controller.egg-info/requires.txt
[1.506s] writing top-level names to ../../../build/aruco_following_controller/aruco_following_controller.egg-info/top_level.txt
[1.506s] writing manifest file '../../../build/aruco_following_controller/aruco_following_controller.egg-info/SOURCES.txt'
[1.507s] reading manifest file '../../../build/aruco_following_controller/aruco_following_controller.egg-info/SOURCES.txt'
[1.507s] writing manifest file '../../../build/aruco_following_controller/aruco_following_controller.egg-info/SOURCES.txt'
[1.507s] running build
[1.507s] running build_py
[1.508s] creating /home/parallels/robotics-2110435/build/aruco_following_controller/build
[1.508s] creating /home/parallels/robotics-2110435/build/aruco_following_controller/build/lib
[1.508s] creating /home/parallels/robotics-2110435/build/aruco_following_controller/build/lib/aruco_following_controller
[1.508s] copying aruco_following_controller/robot_controller.py -> /home/parallels/robotics-2110435/build/aruco_following_controller/build/lib/aruco_following_controller
[1.508s] copying aruco_following_controller/__init__.py -> /home/parallels/robotics-2110435/build/aruco_following_controller/build/lib/aruco_following_controller
[1.508s] copying aruco_following_controller/control_law.py -> /home/parallels/robotics-2110435/build/aruco_following_controller/build/lib/aruco_following_controller
[1.508s] running install
[1.508s] /usr/lib/python3/dist-packages/setuptools/command/install.py:34: SetuptoolsDeprecationWarning: setup.py install is deprecated. Use build and pip and other standards-based tools.
[1.508s]   warnings.warn(
[1.508s] running install_lib
[1.508s] creating /home/parallels/robotics-2110435/install/aruco_following_controller/lib/python3.10/site-packages/aruco_following_controller
[1.508s] copying /home/parallels/robotics-2110435/build/aruco_following_controller/build/lib/aruco_following_controller/robot_controller.py -> /home/parallels/robotics-2110435/install/aruco_following_controller/lib/python3.10/site-packages/aruco_following_controller
[1.509s] copying /home/parallels/robotics-2110435/build/aruco_following_controller/build/lib/aruco_following_controller/__init__.py -> /home/parallels/robotics-2110435/install/aruco_following_controller/lib/python3.10/site-packages/aruco_following_controller
[1.509s] copying /home/parallels/robotics-2110435/build/aruco_following_controller/build/lib/aruco_following_controller/control_law.py -> /home/parallels/robotics-2110435/install/aruco_following_controller/lib/python3.10/site-packages/aruco_following_controller
[1.509s] byte-compiling /home/parallels/robotics-2110435/install/aruco_following_controller/lib/python3.10/site-packages/aruco_following_controller/robot_controller.py to robot_controller.cpython-310.pyc
[1.510s] byte-compiling /home/parallels/robotics-2110435/install/aruco_following_controller/lib/python3.10/site-packages/aruco_following_controller/__init__.py to __init__.cpython-310.pyc
[1.511s] byte-compiling /home/parallels/robotics-2110435/install/aruco_following_controller/lib/python3.10/site-packages/aruco_following_controller/control_law.py to control_law.cpython-310.pyc
[1.511s] running install_data
[1.511s] creating /home/parallels/robotics-2110435/install/aruco_following_controller/share/ament_index
[1.511s] creating /home/parallels/robotics-2110435/install/aruco_following_controller/share/ament_index/resource_index
[1.511s] creating /home/parallels/robotics-2110435/install/aruco_following_controller/share/ament_index/resource_index/packages
[1.511s] copying resource/aruco_following_controller -> /home/parallels/robotics-2110435/install/aruco_following_controller/share/ament_index/resource_index/packages
[1.511s] copying package.xml -> /home/parallels/robotics-2110435/install/aruco_following_controller/share/aruco_following_controller
[1.511s] creating /home/parallels/robotics-2110435/install/aruco_following_controller/share/aruco_following_controller/param
[1.511s] copying param/controller_params.yaml -> /home/parallels/robotics-2110435/install/aruco_following_controller/share/aruco_following_controller/param
[1.511s] creating /home/parallels/robotics-2110435/install/aruco_following_controller/share/aruco_following_controller/launch
[1.511s] copying launch/controller.launch.py -> /home/parallels/robotics-2110435/install/aruco_following_controller/share/aruco_following_controller/launch
[1.511s] copying launch/static_tf.launch.py -> /home/parallels/robotics-2110435/install/aruco_following_controller/share/aruco_following_controller/launch
[1.511s] running install_egg_info
[1.513s] Copying ../../../build/aruco_following_controller/aruco_following_controller.egg-info to /home/parallels/robotics-2110435/install/aruco_following_controller/lib/python3.10/site-packages/aruco_following_controller-0.0.0-py3.10.egg-info
[1.513s] running install_scripts
[1.527s] Installing controller script to /home/parallels/robotics-2110435/install/aruco_following_controller/lib/aruco_following_controller
[1.527s] writing list of installed files to '/home/parallels/robotics-2110435/build/aruco_following_controller/install.log'
[1.672s] Invoked command in '/home/parallels/robotics-2110435/tracking_ws/src/aruco_following_controller' returned '0': PYTHONPATH=/home/parallels/robotics-2110435/build/aruco_following_controller/prefix_override:/home/parallels/robotics-2110435/install/aruco_following_controller/lib/python3.10/site-packages:${PYTHONPATH} /usr/bin/python3 setup.py egg_info --egg-base ../../../build/aruco_following_controller build --build-base /home/parallels/robotics-2110435/build/aruco_following_controller/build install --record /home/parallels/robotics-2110435/build/aruco_following_controller/install.log --single-version-externally-managed
