[0.000000] (-) TimerEvent: {}
[0.001256] (aruco_controller) JobQueued: {'identifier': 'aruco_controller', 'dependencies': OrderedDict()}
[0.001389] (aruco_following_controller) JobQueued: {'identifier': 'aruco_following_controller', 'dependencies': OrderedDict()}
[0.001500] (keyboard_control) JobQueued: {'identifier': 'keyboard_control', 'dependencies': OrderedDict()}
[0.001609] (web_video_server) JobQueued: {'identifier': 'web_video_server', 'dependencies': OrderedDict()}
[0.001990] (aruco_controller) JobStarted: {'identifier': 'aruco_controller'}
[0.010633] (aruco_following_controller) JobStarted: {'identifier': 'aruco_following_controller'}
[0.020181] (keyboard_control) JobStarted: {'identifier': 'keyboard_control'}
[0.028861] (web_video_server) JobStarted: {'identifier': 'web_video_server'}
[0.036737] (aruco_controller) JobProgress: {'identifier': 'aruco_controller', 'progress': 'cmake'}
[0.037029] (aruco_controller) Command: {'cmd': ['/usr/bin/cmake', '/home/khadas/tracking_robot_workspace/src/aruco_controller', '-DCMAKE_INSTALL_PREFIX=/home/khadas/tracking_robot_workspace/install/aruco_controller'], 'cwd': '/home/khadas/tracking_robot_workspace/build/aruco_controller', 'env': OrderedDict([('LANGUAGE', 'en_US.UTF-8'), ('USER', 'khadas'), ('SSH_CLIENT', '192.168.1.105 40626 22'), ('LC_TIME', 'th_TH.UTF-8'), ('XDG_SESSION_TYPE', 'tty'), ('SHLVL', '0'), ('LD_LIBRARY_PATH', '/opt/ros/humble/opt/rviz_ogre_vendor/lib:/opt/ros/humble/lib/aarch64-linux-gnu:/opt/ros/humble/lib'), ('MOTD_SHOWN', 'pam'), ('HOME', '/home/khadas'), ('SSH_TTY', '/dev/pts/1'), ('ROS_PYTHON_VERSION', '3'), ('LC_MONETARY', 'th_TH.UTF-8'), ('DBUS_SESSION_BUS_ADDRESS', 'unix:path=/run/user/1000/bus'), ('ROS_DISTRO', 'humble'), ('LOGNAME', 'khadas'), ('_', '/usr/bin/colcon'), ('ROS_VERSION', '2'), ('XDG_SESSION_CLASS', 'user'), ('TERM', 'xterm-256color'), ('XDG_SESSION_ID', '5'), ('ROS_LOCALHOST_ONLY', '0'), ('PATH', '/opt/ros/humble/bin:/usr/local/sbin:/usr/local/bin:/usr/sbin:/usr/bin:/sbin:/bin:/usr/games:/usr/local/games:/snap/bin'), ('LC_ADDRESS', 'th_TH.UTF-8'), ('XDG_RUNTIME_DIR', '/run/user/1000'), ('LANG', 'en_US.UTF-8'), ('LC_TELEPHONE', 'th_TH.UTF-8'), ('SSH_AUTH_SOCK', '/tmp/ssh-XXXX75m1KH/agent.4419'), ('AMENT_PREFIX_PATH', '/opt/ros/humble'), ('LC_MESSAGES', 'en_US.UTF-8'), ('SHELL', '/bin/bash'), ('LC_NAME', 'th_TH.UTF-8'), ('LC_MEASUREMENT', 'th_TH.UTF-8'), ('LC_IDENTIFICATION', 'th_TH.UTF-8'), ('PWD', '/home/khadas/tracking_robot_workspace/build/aruco_controller'), ('LC_ALL', 'en_US.UTF-8'), ('SSH_CONNECTION', '192.168.1.105 40626 192.168.1.108 22'), ('PYTHONPATH', '/opt/ros/humble/lib/python3.10/site-packages:/opt/ros/humble/local/lib/python3.10/dist-packages'), ('LC_NUMERIC', 'th_TH.UTF-8'), ('LC_PAPER', 'th_TH.UTF-8'), ('COLCON', '1'), ('CMAKE_PREFIX_PATH', '/opt/ros/humble')]), 'shell': False}
[0.098550] (-) TimerEvent: {}
[0.198772] (-) TimerEvent: {}
[0.298997] (-) TimerEvent: {}
[0.399209] (-) TimerEvent: {}
[0.499443] (-) TimerEvent: {}
[0.599687] (-) TimerEvent: {}
[0.699913] (-) TimerEvent: {}
[0.790671] (aruco_controller) StdoutLine: {'line': b'-- The C compiler identification is GNU 11.4.0\n'}
[0.790894] (aruco_controller) StdoutLine: {'line': b'-- The CXX compiler identification is GNU 11.4.0\n'}
[0.790979] (aruco_controller) StdoutLine: {'line': b'-- Detecting C compiler ABI info\n'}
[0.791055] (aruco_controller) StdoutLine: {'line': b'-- Detecting C compiler ABI info - done\n'}
[0.791126] (aruco_controller) StdoutLine: {'line': b'-- Check for working C compiler: /usr/bin/cc - skipped\n'}
[0.791196] (aruco_controller) StdoutLine: {'line': b'-- Detecting C compile features\n'}
[0.791264] (aruco_controller) StdoutLine: {'line': b'-- Detecting C compile features - done\n'}
[0.791332] (aruco_controller) StdoutLine: {'line': b'-- Detecting CXX compiler ABI info\n'}
[0.791399] (aruco_controller) StdoutLine: {'line': b'-- Detecting CXX compiler ABI info - done\n'}
[0.792099] (web_video_server) JobProgress: {'identifier': 'web_video_server', 'progress': 'cmake'}
[0.792400] (web_video_server) Command: {'cmd': ['/usr/bin/cmake', '/home/khadas/tracking_robot_workspace/src/web_video_server', '-DCMAKE_INSTALL_PREFIX=/home/khadas/tracking_robot_workspace/install/web_video_server'], 'cwd': '/home/khadas/tracking_robot_workspace/build/web_video_server', 'env': OrderedDict([('LANGUAGE', 'en_US.UTF-8'), ('USER', 'khadas'), ('SSH_CLIENT', '192.168.1.105 40626 22'), ('LC_TIME', 'th_TH.UTF-8'), ('XDG_SESSION_TYPE', 'tty'), ('SHLVL', '0'), ('LD_LIBRARY_PATH', '/opt/ros/humble/opt/rviz_ogre_vendor/lib:/opt/ros/humble/lib/aarch64-linux-gnu:/opt/ros/humble/lib'), ('MOTD_SHOWN', 'pam'), ('HOME', '/home/khadas'), ('SSH_TTY', '/dev/pts/1'), ('ROS_PYTHON_VERSION', '3'), ('LC_MONETARY', 'th_TH.UTF-8'), ('DBUS_SESSION_BUS_ADDRESS', 'unix:path=/run/user/1000/bus'), ('ROS_DISTRO', 'humble'), ('LOGNAME', 'khadas'), ('_', '/usr/bin/colcon'), ('ROS_VERSION', '2'), ('XDG_SESSION_CLASS', 'user'), ('TERM', 'xterm-256color'), ('XDG_SESSION_ID', '5'), ('ROS_LOCALHOST_ONLY', '0'), ('PATH', '/opt/ros/humble/bin:/usr/local/sbin:/usr/local/bin:/usr/sbin:/usr/bin:/sbin:/bin:/usr/games:/usr/local/games:/snap/bin'), ('LC_ADDRESS', 'th_TH.UTF-8'), ('XDG_RUNTIME_DIR', '/run/user/1000'), ('LANG', 'en_US.UTF-8'), ('LC_TELEPHONE', 'th_TH.UTF-8'), ('SSH_AUTH_SOCK', '/tmp/ssh-XXXX75m1KH/agent.4419'), ('AMENT_PREFIX_PATH', '/opt/ros/humble'), ('LC_MESSAGES', 'en_US.UTF-8'), ('SHELL', '/bin/bash'), ('LC_NAME', 'th_TH.UTF-8'), ('LC_MEASUREMENT', 'th_TH.UTF-8'), ('LC_IDENTIFICATION', 'th_TH.UTF-8'), ('PWD', '/home/khadas/tracking_robot_workspace/build/web_video_server'), ('LC_ALL', 'en_US.UTF-8'), ('SSH_CONNECTION', '192.168.1.105 40626 192.168.1.108 22'), ('PYTHONPATH', '/opt/ros/humble/lib/python3.10/site-packages:/opt/ros/humble/local/lib/python3.10/dist-packages'), ('LC_NUMERIC', 'th_TH.UTF-8'), ('LC_PAPER', 'th_TH.UTF-8'), ('COLCON', '1'), ('CMAKE_PREFIX_PATH', '/opt/ros/humble')]), 'shell': False}
[0.800129] (-) TimerEvent: {}
[0.804479] (aruco_controller) StdoutLine: {'line': b'-- Check for working CXX compiler: /usr/bin/c++ - skipped\n'}
[0.805548] (aruco_controller) StdoutLine: {'line': b'-- Detecting CXX compile features\n'}
[0.807583] (aruco_controller) StdoutLine: {'line': b'-- Detecting CXX compile features - done\n'}
[0.814555] (aruco_controller) StdoutLine: {'line': b'-- Found ament_cmake: 1.3.5 (/opt/ros/humble/share/ament_cmake/cmake)\n'}
[0.900200] (-) TimerEvent: {}
[0.920996] (web_video_server) StdoutLine: {'line': b'-- The C compiler identification is GNU 11.4.0\n'}
[1.000393] (-) TimerEvent: {}
[1.064724] (web_video_server) StdoutLine: {'line': b'-- The CXX compiler identification is GNU 11.4.0\n'}
[1.089260] (web_video_server) StdoutLine: {'line': b'-- Detecting C compiler ABI info\n'}
[1.100445] (-) TimerEvent: {}
[1.200638] (-) TimerEvent: {}
[1.202474] (aruco_controller) StdoutLine: {'line': b'-- Found Python3: /usr/bin/python3.10 (found version "3.10.12") found components: Interpreter \n'}
[1.300734] (-) TimerEvent: {}
[1.334578] (web_video_server) StdoutLine: {'line': b'-- Detecting C compiler ABI info - done\n'}
[1.360573] (aruco_following_controller) Command: {'cmd': ['/usr/bin/python3', 'setup.py', 'egg_info', '--egg-base', '../../build/aruco_following_controller', 'build', '--build-base', '/home/khadas/tracking_robot_workspace/build/aruco_following_controller/build', 'install', '--record', '/home/khadas/tracking_robot_workspace/build/aruco_following_controller/install.log', '--single-version-externally-managed'], 'cwd': '/home/khadas/tracking_robot_workspace/src/aruco_following_controller', 'env': {'LANGUAGE': 'en_US.UTF-8', 'USER': 'khadas', 'SSH_CLIENT': '192.168.1.105 40626 22', 'LC_TIME': 'th_TH.UTF-8', 'XDG_SESSION_TYPE': 'tty', 'SHLVL': '0', 'LD_LIBRARY_PATH': '/opt/ros/humble/opt/rviz_ogre_vendor/lib:/opt/ros/humble/lib/aarch64-linux-gnu:/opt/ros/humble/lib', 'MOTD_SHOWN': 'pam', 'HOME': '/home/khadas', 'SSH_TTY': '/dev/pts/1', 'ROS_PYTHON_VERSION': '3', 'LC_MONETARY': 'th_TH.UTF-8', 'DBUS_SESSION_BUS_ADDRESS': 'unix:path=/run/user/1000/bus', 'ROS_DISTRO': 'humble', 'LOGNAME': 'khadas', '_': '/usr/bin/colcon', 'ROS_VERSION': '2', 'XDG_SESSION_CLASS': 'user', 'TERM': 'xterm-256color', 'XDG_SESSION_ID': '5', 'ROS_LOCALHOST_ONLY': '0', 'PATH': '/opt/ros/humble/bin:/usr/local/sbin:/usr/local/bin:/usr/sbin:/usr/bin:/sbin:/bin:/usr/games:/usr/local/games:/snap/bin', 'LC_ADDRESS': 'th_TH.UTF-8', 'XDG_RUNTIME_DIR': '/run/user/1000', 'LANG': 'en_US.UTF-8', 'LC_TELEPHONE': 'th_TH.UTF-8', 'SSH_AUTH_SOCK': '/tmp/ssh-XXXX75m1KH/agent.4419', 'AMENT_PREFIX_PATH': '/opt/ros/humble', 'LC_MESSAGES': 'en_US.UTF-8', 'SHELL': '/bin/bash', 'LC_NAME': 'th_TH.UTF-8', 'LC_MEASUREMENT': 'th_TH.UTF-8', 'LC_IDENTIFICATION': 'th_TH.UTF-8', 'PWD': '/home/khadas/tracking_robot_workspace/build/aruco_following_controller', 'LC_ALL': 'en_US.UTF-8', 'SSH_CONNECTION': '192.168.1.105 40626 192.168.1.108 22', 'PYTHONPATH': '/home/khadas/tracking_robot_workspace/build/aruco_following_controller/prefix_override:/home/khadas/tracking_robot_workspace/install/aruco_following_controller/lib/python3.10/site-packages:/opt/ros/humble/lib/python3.10/site-packages:/opt/ros/humble/local/lib/python3.10/dist-packages', 'LC_NUMERIC': 'th_TH.UTF-8', 'LC_PAPER': 'th_TH.UTF-8', 'COLCON': '1'}, 'shell': False}
[1.366216] (keyboard_control) Command: {'cmd': ['/usr/bin/python3', 'setup.py', 'egg_info', '--egg-base', '../../build/keyboard_control', 'build', '--build-base', '/home/khadas/tracking_robot_workspace/build/keyboard_control/build', 'install', '--record', '/home/khadas/tracking_robot_workspace/build/keyboard_control/install.log', '--single-version-externally-managed'], 'cwd': '/home/khadas/tracking_robot_workspace/src/keyboard_control', 'env': {'LANGUAGE': 'en_US.UTF-8', 'USER': 'khadas', 'SSH_CLIENT': '192.168.1.105 40626 22', 'LC_TIME': 'th_TH.UTF-8', 'XDG_SESSION_TYPE': 'tty', 'SHLVL': '0', 'LD_LIBRARY_PATH': '/opt/ros/humble/opt/rviz_ogre_vendor/lib:/opt/ros/humble/lib/aarch64-linux-gnu:/opt/ros/humble/lib', 'MOTD_SHOWN': 'pam', 'HOME': '/home/khadas', 'SSH_TTY': '/dev/pts/1', 'ROS_PYTHON_VERSION': '3', 'LC_MONETARY': 'th_TH.UTF-8', 'DBUS_SESSION_BUS_ADDRESS': 'unix:path=/run/user/1000/bus', 'ROS_DISTRO': 'humble', 'LOGNAME': 'khadas', '_': '/usr/bin/colcon', 'ROS_VERSION': '2', 'XDG_SESSION_CLASS': 'user', 'TERM': 'xterm-256color', 'XDG_SESSION_ID': '5', 'ROS_LOCALHOST_ONLY': '0', 'PATH': '/opt/ros/humble/bin:/usr/local/sbin:/usr/local/bin:/usr/sbin:/usr/bin:/sbin:/bin:/usr/games:/usr/local/games:/snap/bin', 'LC_ADDRESS': 'th_TH.UTF-8', 'XDG_RUNTIME_DIR': '/run/user/1000', 'LANG': 'en_US.UTF-8', 'LC_TELEPHONE': 'th_TH.UTF-8', 'SSH_AUTH_SOCK': '/tmp/ssh-XXXX75m1KH/agent.4419', 'AMENT_PREFIX_PATH': '/opt/ros/humble', 'LC_MESSAGES': 'en_US.UTF-8', 'SHELL': '/bin/bash', 'LC_NAME': 'th_TH.UTF-8', 'LC_MEASUREMENT': 'th_TH.UTF-8', 'LC_IDENTIFICATION': 'th_TH.UTF-8', 'PWD': '/home/khadas/tracking_robot_workspace/build/keyboard_control', 'LC_ALL': 'en_US.UTF-8', 'SSH_CONNECTION': '192.168.1.105 40626 192.168.1.108 22', 'PYTHONPATH': '/home/khadas/tracking_robot_workspace/build/keyboard_control/prefix_override:/home/khadas/tracking_robot_workspace/install/keyboard_control/lib/python3.10/site-packages:/opt/ros/humble/lib/python3.10/site-packages:/opt/ros/humble/local/lib/python3.10/dist-packages', 'LC_NUMERIC': 'th_TH.UTF-8', 'LC_PAPER': 'th_TH.UTF-8', 'COLCON': '1'}, 'shell': False}
[1.372482] (web_video_server) StdoutLine: {'line': b'-- Check for working C compiler: /usr/bin/cc - skipped\n'}
[1.373338] (web_video_server) StdoutLine: {'line': b'-- Detecting C compile features\n'}
[1.375084] (web_video_server) StdoutLine: {'line': b'-- Detecting C compile features - done\n'}
[1.382754] (web_video_server) StdoutLine: {'line': b'-- Detecting CXX compiler ABI info\n'}
[1.400811] (-) TimerEvent: {}
[1.423832] (aruco_controller) StdoutLine: {'line': b'-- Found rclcpp: 16.0.5 (/opt/ros/humble/share/rclcpp/cmake)\n'}
[1.480434] (aruco_controller) StdoutLine: {'line': b'-- Found rosidl_generator_c: 3.1.5 (/opt/ros/humble/share/rosidl_generator_c/cmake)\n'}
[1.486669] (aruco_controller) StdoutLine: {'line': b'-- Found rosidl_adapter: 3.1.5 (/opt/ros/humble/share/rosidl_adapter/cmake)\n'}
[1.498175] (aruco_controller) StdoutLine: {'line': b'-- Found rosidl_generator_cpp: 3.1.5 (/opt/ros/humble/share/rosidl_generator_cpp/cmake)\n'}
[1.500944] (-) TimerEvent: {}
[1.517136] (aruco_controller) StdoutLine: {'line': b'-- Using all available rosidl_typesupport_c: rosidl_typesupport_fastrtps_c;rosidl_typesupport_introspection_c\n'}
[1.544715] (aruco_controller) StdoutLine: {'line': b'-- Using all available rosidl_typesupport_cpp: rosidl_typesupport_fastrtps_cpp;rosidl_typesupport_introspection_cpp\n'}
[1.598556] (web_video_server) StdoutLine: {'line': b'-- Detecting CXX compiler ABI info - done\n'}
[1.601048] (-) TimerEvent: {}
[1.637248] (web_video_server) StdoutLine: {'line': b'-- Check for working CXX compiler: /usr/bin/c++ - skipped\n'}
[1.638239] (web_video_server) StdoutLine: {'line': b'-- Detecting CXX compile features\n'}
[1.639957] (web_video_server) StdoutLine: {'line': b'-- Detecting CXX compile features - done\n'}
[1.643837] (aruco_controller) StdoutLine: {'line': b'-- Found rmw_implementation_cmake: 6.1.1 (/opt/ros/humble/share/rmw_implementation_cmake/cmake)\n'}
[1.647002] (web_video_server) StdoutLine: {'line': b'-- Found ament_cmake_ros: 0.10.0 (/opt/ros/humble/share/ament_cmake_ros/cmake)\n'}
[1.647503] (aruco_controller) StdoutLine: {'line': b'-- Found rmw_fastrtps_cpp: 6.2.3 (/opt/ros/humble/share/rmw_fastrtps_cpp/cmake)\n'}
[1.686878] (aruco_following_controller) StdoutLine: {'line': b'running egg_info\n'}
[1.688869] (aruco_following_controller) StdoutLine: {'line': b'creating ../../build/aruco_following_controller/aruco_following_controller.egg-info\n'}
[1.689295] (aruco_following_controller) StdoutLine: {'line': b'writing ../../build/aruco_following_controller/aruco_following_controller.egg-info/PKG-INFO\n'}
[1.689663] (aruco_following_controller) StdoutLine: {'line': b'writing dependency_links to ../../build/aruco_following_controller/aruco_following_controller.egg-info/dependency_links.txt\n'}
[1.690020] (aruco_following_controller) StdoutLine: {'line': b'writing entry points to ../../build/aruco_following_controller/aruco_following_controller.egg-info/entry_points.txt\n'}
[1.690411] (aruco_following_controller) StdoutLine: {'line': b'writing requirements to ../../build/aruco_following_controller/aruco_following_controller.egg-info/requires.txt\n'}
[1.690770] (aruco_following_controller) StdoutLine: {'line': b'writing top-level names to ../../build/aruco_following_controller/aruco_following_controller.egg-info/top_level.txt\n'}
[1.691135] (aruco_following_controller) StdoutLine: {'line': b"writing manifest file '../../build/aruco_following_controller/aruco_following_controller.egg-info/SOURCES.txt'\n"}
[1.691837] (aruco_following_controller) StdoutLine: {'line': b"reading manifest file '../../build/aruco_following_controller/aruco_following_controller.egg-info/SOURCES.txt'\n"}
[1.693755] (aruco_following_controller) StdoutLine: {'line': b"writing manifest file '../../build/aruco_following_controller/aruco_following_controller.egg-info/SOURCES.txt'\n"}
[1.694856] (aruco_following_controller) StdoutLine: {'line': b'running build\n'}
[1.695241] (aruco_following_controller) StdoutLine: {'line': b'running build_py\n'}
[1.695598] (aruco_following_controller) StdoutLine: {'line': b'creating /home/khadas/tracking_robot_workspace/build/aruco_following_controller/build\n'}
[1.696642] (aruco_following_controller) StdoutLine: {'line': b'creating /home/khadas/tracking_robot_workspace/build/aruco_following_controller/build/lib\n'}
[1.697511] (aruco_following_controller) StdoutLine: {'line': b'creating /home/khadas/tracking_robot_workspace/build/aruco_following_controller/build/lib/aruco_following_controller\n'}
[1.697879] (aruco_following_controller) StdoutLine: {'line': b'copying aruco_following_controller/__init__.py -> /home/khadas/tracking_robot_workspace/build/aruco_following_controller/build/lib/aruco_following_controller\n'}
[1.698233] (aruco_following_controller) StdoutLine: {'line': b'copying aruco_following_controller/robot_controller.py -> /home/khadas/tracking_robot_workspace/build/aruco_following_controller/build/lib/aruco_following_controller\n'}
[1.698615] (aruco_following_controller) StdoutLine: {'line': b'copying aruco_following_controller/control_law.py -> /home/khadas/tracking_robot_workspace/build/aruco_following_controller/build/lib/aruco_following_controller\n'}
[1.698972] (aruco_following_controller) StdoutLine: {'line': b'running install\n'}
[1.699324] (aruco_following_controller) StdoutLine: {'line': b'running install_lib\n'}
[1.699676] (aruco_following_controller) StdoutLine: {'line': b'creating /home/khadas/tracking_robot_workspace/install/aruco_following_controller/lib/python3.10/site-packages/aruco_following_controller\n'}
[1.700032] (aruco_following_controller) StdoutLine: {'line': b'copying /home/khadas/tracking_robot_workspace/build/aruco_following_controller/build/lib/aruco_following_controller/__init__.py -> /home/khadas/tracking_robot_workspace/install/aruco_following_controller/lib/python3.10/site-packages/aruco_following_controller\n'}
[1.700445] (aruco_following_controller) StdoutLine: {'line': b'copying /home/khadas/tracking_robot_workspace/build/aruco_following_controller/build/lib/aruco_following_controller/robot_controller.py -> /home/khadas/tracking_robot_workspace/install/aruco_following_controller/lib/python3.10/site-packages/aruco_following_controller\n'}
[1.701408] (-) TimerEvent: {}
[1.701506] (aruco_following_controller) StdoutLine: {'line': b'copying /home/khadas/tracking_robot_workspace/build/aruco_following_controller/build/lib/aruco_following_controller/control_law.py -> /home/khadas/tracking_robot_workspace/install/aruco_following_controller/lib/python3.10/site-packages/aruco_following_controller\n'}
[1.701864] (aruco_following_controller) StdoutLine: {'line': b'byte-compiling /home/khadas/tracking_robot_workspace/install/aruco_following_controller/lib/python3.10/site-packages/aruco_following_controller/__init__.py to __init__.cpython-310.pyc\n'}
[1.703484] (aruco_following_controller) StdoutLine: {'line': b'byte-compiling /home/khadas/tracking_robot_workspace/install/aruco_following_controller/lib/python3.10/site-packages/aruco_following_controller/robot_controller.py to robot_controller.cpython-310.pyc\n'}
[1.703880] (aruco_following_controller) StdoutLine: {'line': b'byte-compiling /home/khadas/tracking_robot_workspace/install/aruco_following_controller/lib/python3.10/site-packages/aruco_following_controller/control_law.py to control_law.cpython-310.pyc\n'}
[1.704272] (aruco_following_controller) StdoutLine: {'line': b'running install_data\n'}
[1.704623] (aruco_following_controller) StdoutLine: {'line': b'creating /home/khadas/tracking_robot_workspace/install/aruco_following_controller/share/ament_index\n'}
[1.704975] (aruco_following_controller) StdoutLine: {'line': b'creating /home/khadas/tracking_robot_workspace/install/aruco_following_controller/share/ament_index/resource_index\n'}
[1.705328] (aruco_following_controller) StdoutLine: {'line': b'creating /home/khadas/tracking_robot_workspace/install/aruco_following_controller/share/ament_index/resource_index/packages\n'}
[1.705978] (aruco_following_controller) StdoutLine: {'line': b'copying resource/aruco_following_controller -> /home/khadas/tracking_robot_workspace/install/aruco_following_controller/share/ament_index/resource_index/packages\n'}
[1.706337] (aruco_following_controller) StdoutLine: {'line': b'copying package.xml -> /home/khadas/tracking_robot_workspace/install/aruco_following_controller/share/aruco_following_controller\n'}
[1.706989] (aruco_following_controller) StdoutLine: {'line': b'creating /home/khadas/tracking_robot_workspace/install/aruco_following_controller/share/aruco_following_controller/param\n'}
[1.707418] (aruco_following_controller) StdoutLine: {'line': b'copying param/controller_params.yaml -> /home/khadas/tracking_robot_workspace/install/aruco_following_controller/share/aruco_following_controller/param\n'}
[1.707775] (aruco_following_controller) StdoutLine: {'line': b'creating /home/khadas/tracking_robot_workspace/install/aruco_following_controller/share/aruco_following_controller/launch\n'}
[1.708129] (aruco_following_controller) StdoutLine: {'line': b'copying launch/controller.launch.py -> /home/khadas/tracking_robot_workspace/install/aruco_following_controller/share/aruco_following_controller/launch\n'}
[1.708510] (aruco_following_controller) StdoutLine: {'line': b'copying launch/static_tf.launch.py -> /home/khadas/tracking_robot_workspace/install/aruco_following_controller/share/aruco_following_controller/launch\n'}
[1.708864] (aruco_following_controller) StdoutLine: {'line': b'running install_egg_info\n'}
[1.709215] (aruco_following_controller) StdoutLine: {'line': b'Copying ../../build/aruco_following_controller/aruco_following_controller.egg-info to /home/khadas/tracking_robot_workspace/install/aruco_following_controller/lib/python3.10/site-packages/aruco_following_controller-0.0.0-py3.10.egg-info\n'}
[1.709575] (aruco_following_controller) StdoutLine: {'line': b'running install_scripts\n'}
[1.731619] (keyboard_control) StdoutLine: {'line': b'running egg_info\n'}
[1.733828] (keyboard_control) StdoutLine: {'line': b'creating ../../build/keyboard_control/keyboard_control.egg-info\n'}
[1.734649] (keyboard_control) StdoutLine: {'line': b'writing ../../build/keyboard_control/keyboard_control.egg-info/PKG-INFO\n'}
[1.735393] (keyboard_control) StdoutLine: {'line': b'writing dependency_links to ../../build/keyboard_control/keyboard_control.egg-info/dependency_links.txt\n'}
[1.736137] (keyboard_control) StdoutLine: {'line': b'writing entry points to ../../build/keyboard_control/keyboard_control.egg-info/entry_points.txt\n'}
[1.736567] (keyboard_control) StdoutLine: {'line': b'writing requirements to ../../build/keyboard_control/keyboard_control.egg-info/requires.txt\n'}
[1.737383] (keyboard_control) StdoutLine: {'line': b'writing top-level names to ../../build/keyboard_control/keyboard_control.egg-info/top_level.txt\n'}
[1.737801] (keyboard_control) StdoutLine: {'line': b"writing manifest file '../../build/keyboard_control/keyboard_control.egg-info/SOURCES.txt'\n"}
[1.738192] (aruco_following_controller) StdoutLine: {'line': b'Installing controller script to /home/khadas/tracking_robot_workspace/install/aruco_following_controller/lib/aruco_following_controller\n'}
[1.738610] (aruco_following_controller) StdoutLine: {'line': b"writing list of installed files to '/home/khadas/tracking_robot_workspace/build/aruco_following_controller/install.log'\n"}
[1.738988] (keyboard_control) StdoutLine: {'line': b"reading manifest file '../../build/keyboard_control/keyboard_control.egg-info/SOURCES.txt'\n"}
[1.739665] (keyboard_control) StdoutLine: {'line': b"writing manifest file '../../build/keyboard_control/keyboard_control.egg-info/SOURCES.txt'\n"}
[1.740154] (keyboard_control) StdoutLine: {'line': b'running build\n'}
[1.740701] (keyboard_control) StdoutLine: {'line': b'running build_py\n'}
[1.741121] (keyboard_control) StdoutLine: {'line': b'creating /home/khadas/tracking_robot_workspace/build/keyboard_control/build\n'}
[1.741523] (keyboard_control) StdoutLine: {'line': b'creating /home/khadas/tracking_robot_workspace/build/keyboard_control/build/lib\n'}
[1.741879] (keyboard_control) StdoutLine: {'line': b'creating /home/khadas/tracking_robot_workspace/build/keyboard_control/build/lib/keyboard_control\n'}
[1.742234] (keyboard_control) StdoutLine: {'line': b'copying keyboard_control/__init__.py -> /home/khadas/tracking_robot_workspace/build/keyboard_control/build/lib/keyboard_control\n'}
[1.742590] (keyboard_control) StdoutLine: {'line': b'copying keyboard_control/keyboard_control.py -> /home/khadas/tracking_robot_workspace/build/keyboard_control/build/lib/keyboard_control\n'}
[1.743096] (keyboard_control) StdoutLine: {'line': b'copying keyboard_control/vel_mux.py -> /home/khadas/tracking_robot_workspace/build/keyboard_control/build/lib/keyboard_control\n'}
[1.743548] (keyboard_control) StdoutLine: {'line': b'running install\n'}
[1.743925] (keyboard_control) StdoutLine: {'line': b'running install_lib\n'}
[1.744490] (keyboard_control) StdoutLine: {'line': b'creating /home/khadas/tracking_robot_workspace/install/keyboard_control/lib/python3.10/site-packages/keyboard_control\n'}
[1.745141] (keyboard_control) StdoutLine: {'line': b'copying /home/khadas/tracking_robot_workspace/build/keyboard_control/build/lib/keyboard_control/__init__.py -> /home/khadas/tracking_robot_workspace/install/keyboard_control/lib/python3.10/site-packages/keyboard_control\n'}
[1.745524] (keyboard_control) StdoutLine: {'line': b'copying /home/khadas/tracking_robot_workspace/build/keyboard_control/build/lib/keyboard_control/keyboard_control.py -> /home/khadas/tracking_robot_workspace/install/keyboard_control/lib/python3.10/site-packages/keyboard_control\n'}
[1.745902] (keyboard_control) StdoutLine: {'line': b'copying /home/khadas/tracking_robot_workspace/build/keyboard_control/build/lib/keyboard_control/vel_mux.py -> /home/khadas/tracking_robot_workspace/install/keyboard_control/lib/python3.10/site-packages/keyboard_control\n'}
[1.746421] (keyboard_control) StdoutLine: {'line': b'byte-compiling /home/khadas/tracking_robot_workspace/install/keyboard_control/lib/python3.10/site-packages/keyboard_control/__init__.py to __init__.cpython-310.pyc\n'}
[1.746817] (keyboard_control) StdoutLine: {'line': b'byte-compiling /home/khadas/tracking_robot_workspace/install/keyboard_control/lib/python3.10/site-packages/keyboard_control/keyboard_control.py to keyboard_control.cpython-310.pyc\n'}
[1.747277] (keyboard_control) StdoutLine: {'line': b'byte-compiling /home/khadas/tracking_robot_workspace/install/keyboard_control/lib/python3.10/site-packages/keyboard_control/vel_mux.py to vel_mux.cpython-310.pyc\n'}
[1.747674] (keyboard_control) StdoutLine: {'line': b'running install_data\n'}
[1.748155] (keyboard_control) StdoutLine: {'line': b'creating /home/khadas/tracking_robot_workspace/install/keyboard_control/share/ament_index\n'}
[1.748738] (keyboard_control) StdoutLine: {'line': b'creating /home/khadas/tracking_robot_workspace/install/keyboard_control/share/ament_index/resource_index\n'}
[1.749109] (keyboard_control) StdoutLine: {'line': b'creating /home/khadas/tracking_robot_workspace/install/keyboard_control/share/ament_index/resource_index/packages\n'}
[1.749475] (keyboard_control) StdoutLine: {'line': b'copying resource/keyboard_control -> /home/khadas/tracking_robot_workspace/install/keyboard_control/share/ament_index/resource_index/packages\n'}
[1.749877] (keyboard_control) StdoutLine: {'line': b'copying package.xml -> /home/khadas/tracking_robot_workspace/install/keyboard_control/share/keyboard_control\n'}
[1.750310] (keyboard_control) StdoutLine: {'line': b'running install_egg_info\n'}
[1.751834] (keyboard_control) StdoutLine: {'line': b'Copying ../../build/keyboard_control/keyboard_control.egg-info to /home/khadas/tracking_robot_workspace/install/keyboard_control/lib/python3.10/site-packages/keyboard_control-0.0.0-py3.10.egg-info\n'}
[1.753132] (keyboard_control) StdoutLine: {'line': b'running install_scripts\n'}
[1.786478] (keyboard_control) StdoutLine: {'line': b'Installing keyboard_control script to /home/khadas/tracking_robot_workspace/install/keyboard_control/lib/keyboard_control\n'}
[1.787773] (keyboard_control) StdoutLine: {'line': b'Installing vel_mux script to /home/khadas/tracking_robot_workspace/install/keyboard_control/lib/keyboard_control\n'}
[1.788353] (keyboard_control) StdoutLine: {'line': b"writing list of installed files to '/home/khadas/tracking_robot_workspace/build/keyboard_control/install.log'\n"}
[1.801790] (-) TimerEvent: {}
[1.812094] (aruco_following_controller) CommandEnded: {'returncode': 0}
[1.863551] (aruco_following_controller) JobEnded: {'identifier': 'aruco_following_controller', 'rc': 0}
[1.868299] (aruco_controller) StdoutLine: {'line': b'-- Found OpenSSL: /usr/lib/aarch64-linux-gnu/libcrypto.so (found version "3.0.2")  \n'}
[1.868900] (keyboard_control) CommandEnded: {'returncode': 0}
[1.879508] (keyboard_control) JobEnded: {'identifier': 'keyboard_control', 'rc': 0}
[1.899976] (aruco_controller) StdoutLine: {'line': b'-- Found FastRTPS: /opt/ros/humble/include  \n'}
[1.901881] (-) TimerEvent: {}
[1.974072] (aruco_controller) StdoutLine: {'line': b"-- Using RMW implementation 'rmw_fastrtps_cpp' as default\n"}
[1.986417] (aruco_controller) StdoutLine: {'line': b'-- Looking for pthread.h\n'}
[2.002094] (-) TimerEvent: {}
[2.032563] (web_video_server) StdoutLine: {'line': b'-- Found Python3: /usr/bin/python3.10 (found version "3.10.12") found components: Interpreter \n'}
[2.102323] (-) TimerEvent: {}
[2.182017] (web_video_server) StdoutLine: {'line': b'-- Found async_web_server_cpp: 2.0.0 (/opt/ros/humble/share/async_web_server_cpp/cmake)\n'}
[2.187018] (aruco_controller) StdoutLine: {'line': b'-- Looking for pthread.h - found\n'}
[2.187930] (aruco_controller) StdoutLine: {'line': b'-- Performing Test CMAKE_HAVE_LIBC_PTHREAD\n'}
[2.202535] (-) TimerEvent: {}
[2.302907] (-) TimerEvent: {}
[2.389042] (aruco_controller) StdoutLine: {'line': b'-- Performing Test CMAKE_HAVE_LIBC_PTHREAD - Success\n'}
[2.390377] (aruco_controller) StdoutLine: {'line': b'-- Found Threads: TRUE  \n'}
[2.403004] (-) TimerEvent: {}
[2.503202] (-) TimerEvent: {}
[2.603398] (-) TimerEvent: {}
[2.605035] (web_video_server) StdoutLine: {'line': b'-- Found Boost: /usr/lib/aarch64-linux-gnu/cmake/Boost-1.74.0/BoostConfig.cmake (found suitable version "1.74.0", minimum required is "1.74.0") found components: filesystem regex thread \n'}
[2.612023] (web_video_server) StdoutLine: {'line': b'-- Found cv_bridge: 3.2.1 (/opt/ros/humble/share/cv_bridge/cmake)\n'}
[2.626430] (aruco_controller) StdoutLine: {'line': b'-- Found rclpy: 3.3.9 (/opt/ros/humble/share/rclpy/cmake)\n'}
[2.679854] (web_video_server) StdoutLine: {'line': b'-- Found rosidl_generator_c: 3.1.5 (/opt/ros/humble/share/rosidl_generator_c/cmake)\n'}
[2.685743] (web_video_server) StdoutLine: {'line': b'-- Found rosidl_adapter: 3.1.5 (/opt/ros/humble/share/rosidl_adapter/cmake)\n'}
[2.696534] (web_video_server) StdoutLine: {'line': b'-- Found rosidl_generator_cpp: 3.1.5 (/opt/ros/humble/share/rosidl_generator_cpp/cmake)\n'}
[2.703449] (-) TimerEvent: {}
[2.715306] (web_video_server) StdoutLine: {'line': b'-- Using all available rosidl_typesupport_c: rosidl_typesupport_fastrtps_c;rosidl_typesupport_introspection_c\n'}
[2.742339] (web_video_server) StdoutLine: {'line': b'-- Using all available rosidl_typesupport_cpp: rosidl_typesupport_fastrtps_cpp;rosidl_typesupport_introspection_cpp\n'}
[2.803631] (-) TimerEvent: {}
[2.885203] (aruco_controller) StdoutLine: {'line': b'-- Configuring done\n'}
[2.892506] (aruco_controller) StdoutLine: {'line': b'-- Generating done\n'}
[2.894918] (aruco_controller) StdoutLine: {'line': b'-- Build files have been written to: /home/khadas/tracking_robot_workspace/build/aruco_controller\n'}
[2.903799] (-) TimerEvent: {}
[2.910859] (aruco_controller) CommandEnded: {'returncode': 0}
[2.914539] (aruco_controller) JobProgress: {'identifier': 'aruco_controller', 'progress': 'build'}
[2.914669] (aruco_controller) Command: {'cmd': ['/usr/bin/cmake', '--build', '/home/khadas/tracking_robot_workspace/build/aruco_controller', '--', '-j8', '-l8'], 'cwd': '/home/khadas/tracking_robot_workspace/build/aruco_controller', 'env': OrderedDict([('LANGUAGE', 'en_US.UTF-8'), ('USER', 'khadas'), ('SSH_CLIENT', '192.168.1.105 40626 22'), ('LC_TIME', 'th_TH.UTF-8'), ('XDG_SESSION_TYPE', 'tty'), ('SHLVL', '0'), ('LD_LIBRARY_PATH', '/opt/ros/humble/opt/rviz_ogre_vendor/lib:/opt/ros/humble/lib/aarch64-linux-gnu:/opt/ros/humble/lib'), ('MOTD_SHOWN', 'pam'), ('HOME', '/home/khadas'), ('SSH_TTY', '/dev/pts/1'), ('ROS_PYTHON_VERSION', '3'), ('LC_MONETARY', 'th_TH.UTF-8'), ('DBUS_SESSION_BUS_ADDRESS', 'unix:path=/run/user/1000/bus'), ('ROS_DISTRO', 'humble'), ('LOGNAME', 'khadas'), ('_', '/usr/bin/colcon'), ('ROS_VERSION', '2'), ('XDG_SESSION_CLASS', 'user'), ('TERM', 'xterm-256color'), ('XDG_SESSION_ID', '5'), ('ROS_LOCALHOST_ONLY', '0'), ('PATH', '/opt/ros/humble/bin:/usr/local/sbin:/usr/local/bin:/usr/sbin:/usr/bin:/sbin:/bin:/usr/games:/usr/local/games:/snap/bin'), ('LC_ADDRESS', 'th_TH.UTF-8'), ('XDG_RUNTIME_DIR', '/run/user/1000'), ('LANG', 'en_US.UTF-8'), ('LC_TELEPHONE', 'th_TH.UTF-8'), ('SSH_AUTH_SOCK', '/tmp/ssh-XXXX75m1KH/agent.4419'), ('AMENT_PREFIX_PATH', '/opt/ros/humble'), ('LC_MESSAGES', 'en_US.UTF-8'), ('SHELL', '/bin/bash'), ('LC_NAME', 'th_TH.UTF-8'), ('LC_MEASUREMENT', 'th_TH.UTF-8'), ('LC_IDENTIFICATION', 'th_TH.UTF-8'), ('PWD', '/home/khadas/tracking_robot_workspace/build/aruco_controller'), ('LC_ALL', 'en_US.UTF-8'), ('SSH_CONNECTION', '192.168.1.105 40626 192.168.1.108 22'), ('PYTHONPATH', '/opt/ros/humble/lib/python3.10/site-packages:/opt/ros/humble/local/lib/python3.10/dist-packages'), ('LC_NUMERIC', 'th_TH.UTF-8'), ('LC_PAPER', 'th_TH.UTF-8'), ('COLCON', '1'), ('CMAKE_PREFIX_PATH', '/opt/ros/humble')]), 'shell': False}
[3.003988] (-) TimerEvent: {}
[3.063581] (aruco_controller) StdoutLine: {'line': b'Built target ament_cmake_python_copy_aruco_controller\n'}
[3.077987] (web_video_server) StdoutLine: {'line': b'-- Found image_transport: 3.1.7 (/opt/ros/humble/share/image_transport/cmake)\n'}
[3.104185] (-) TimerEvent: {}
[3.167564] (web_video_server) StdoutLine: {'line': b'-- Found rmw_implementation_cmake: 6.1.1 (/opt/ros/humble/share/rmw_implementation_cmake/cmake)\n'}
[3.170701] (web_video_server) StdoutLine: {'line': b'-- Found rmw_fastrtps_cpp: 6.2.3 (/opt/ros/humble/share/rmw_fastrtps_cpp/cmake)\n'}
[3.204405] (-) TimerEvent: {}
[3.304823] (-) TimerEvent: {}
[3.353578] (web_video_server) StdoutLine: {'line': b'-- Found OpenSSL: /usr/lib/aarch64-linux-gnu/libcrypto.so (found version "3.0.2")  \n'}
[3.396347] (web_video_server) StdoutLine: {'line': b'-- Found FastRTPS: /opt/ros/humble/include  \n'}
[3.405023] (-) TimerEvent: {}
[3.420892] (aruco_controller) StdoutLine: {'line': b'running egg_info\n'}
[3.421704] (aruco_controller) StdoutLine: {'line': b'creating aruco_controller.egg-info\n'}
[3.422265] (aruco_controller) StdoutLine: {'line': b'writing aruco_controller.egg-info/PKG-INFO\n'}
[3.422758] (aruco_controller) StdoutLine: {'line': b'writing dependency_links to aruco_controller.egg-info/dependency_links.txt\n'}
[3.423139] (aruco_controller) StdoutLine: {'line': b'writing top-level names to aruco_controller.egg-info/top_level.txt\n'}
[3.423527] (aruco_controller) StdoutLine: {'line': b"writing manifest file 'aruco_controller.egg-info/SOURCES.txt'\n"}
[3.425275] (aruco_controller) StdoutLine: {'line': b"reading manifest file 'aruco_controller.egg-info/SOURCES.txt'\n"}
[3.425858] (aruco_controller) StdoutLine: {'line': b"writing manifest file 'aruco_controller.egg-info/SOURCES.txt'\n"}
[3.469957] (web_video_server) StdoutLine: {'line': b"-- Using RMW implementation 'rmw_fastrtps_cpp' as default\n"}
[3.482221] (web_video_server) StdoutLine: {'line': b'-- Found Threads: TRUE  \n'}
[3.493565] (aruco_controller) StdoutLine: {'line': b'Built target ament_cmake_python_build_aruco_controller_egg\n'}
[3.505220] (-) TimerEvent: {}
[3.525775] (aruco_controller) CommandEnded: {'returncode': 0}
[3.584424] (aruco_controller) JobProgress: {'identifier': 'aruco_controller', 'progress': 'install'}
[3.605404] (-) TimerEvent: {}
[3.611750] (aruco_controller) Command: {'cmd': ['/usr/bin/cmake', '--install', '/home/khadas/tracking_robot_workspace/build/aruco_controller'], 'cwd': '/home/khadas/tracking_robot_workspace/build/aruco_controller', 'env': OrderedDict([('LANGUAGE', 'en_US.UTF-8'), ('USER', 'khadas'), ('SSH_CLIENT', '192.168.1.105 40626 22'), ('LC_TIME', 'th_TH.UTF-8'), ('XDG_SESSION_TYPE', 'tty'), ('SHLVL', '0'), ('LD_LIBRARY_PATH', '/opt/ros/humble/opt/rviz_ogre_vendor/lib:/opt/ros/humble/lib/aarch64-linux-gnu:/opt/ros/humble/lib'), ('MOTD_SHOWN', 'pam'), ('HOME', '/home/khadas'), ('SSH_TTY', '/dev/pts/1'), ('ROS_PYTHON_VERSION', '3'), ('LC_MONETARY', 'th_TH.UTF-8'), ('DBUS_SESSION_BUS_ADDRESS', 'unix:path=/run/user/1000/bus'), ('ROS_DISTRO', 'humble'), ('LOGNAME', 'khadas'), ('_', '/usr/bin/colcon'), ('ROS_VERSION', '2'), ('XDG_SESSION_CLASS', 'user'), ('TERM', 'xterm-256color'), ('XDG_SESSION_ID', '5'), ('ROS_LOCALHOST_ONLY', '0'), ('PATH', '/opt/ros/humble/bin:/usr/local/sbin:/usr/local/bin:/usr/sbin:/usr/bin:/sbin:/bin:/usr/games:/usr/local/games:/snap/bin'), ('LC_ADDRESS', 'th_TH.UTF-8'), ('XDG_RUNTIME_DIR', '/run/user/1000'), ('LANG', 'en_US.UTF-8'), ('LC_TELEPHONE', 'th_TH.UTF-8'), ('SSH_AUTH_SOCK', '/tmp/ssh-XXXX75m1KH/agent.4419'), ('AMENT_PREFIX_PATH', '/opt/ros/humble'), ('LC_MESSAGES', 'en_US.UTF-8'), ('SHELL', '/bin/bash'), ('LC_NAME', 'th_TH.UTF-8'), ('LC_MEASUREMENT', 'th_TH.UTF-8'), ('LC_IDENTIFICATION', 'th_TH.UTF-8'), ('PWD', '/home/khadas/tracking_robot_workspace/build/aruco_controller'), ('LC_ALL', 'en_US.UTF-8'), ('SSH_CONNECTION', '192.168.1.105 40626 192.168.1.108 22'), ('PYTHONPATH', '/opt/ros/humble/lib/python3.10/site-packages:/opt/ros/humble/local/lib/python3.10/dist-packages'), ('LC_NUMERIC', 'th_TH.UTF-8'), ('LC_PAPER', 'th_TH.UTF-8'), ('COLCON', '1'), ('CMAKE_PREFIX_PATH', '/opt/ros/humble')]), 'shell': False}
[3.635044] (aruco_controller) StdoutLine: {'line': b'-- Install configuration: ""\n'}
[3.637107] (aruco_controller) StdoutLine: {'line': b'-- Installing: /home/khadas/tracking_robot_workspace/install/aruco_controller/share/aruco_controller/environment/pythonpath.sh\n'}
[3.637589] (aruco_controller) StdoutLine: {'line': b'-- Installing: /home/khadas/tracking_robot_workspace/install/aruco_controller/share/aruco_controller/environment/pythonpath.dsv\n'}
[3.637986] (aruco_controller) StdoutLine: {'line': b'-- Installing: /home/khadas/tracking_robot_workspace/install/aruco_controller/local/lib/python3.10/dist-packages/aruco_controller-0.0.0-py3.10.egg-info\n'}
[3.638360] (aruco_controller) StdoutLine: {'line': b'-- Installing: /home/khadas/tracking_robot_workspace/install/aruco_controller/local/lib/python3.10/dist-packages/aruco_controller-0.0.0-py3.10.egg-info/top_level.txt\n'}
[3.638722] (aruco_controller) StdoutLine: {'line': b'-- Installing: /home/khadas/tracking_robot_workspace/install/aruco_controller/local/lib/python3.10/dist-packages/aruco_controller-0.0.0-py3.10.egg-info/SOURCES.txt\n'}
[3.639075] (aruco_controller) StdoutLine: {'line': b'-- Installing: /home/khadas/tracking_robot_workspace/install/aruco_controller/local/lib/python3.10/dist-packages/aruco_controller-0.0.0-py3.10.egg-info/PKG-INFO\n'}
[3.639424] (aruco_controller) StdoutLine: {'line': b'-- Installing: /home/khadas/tracking_robot_workspace/install/aruco_controller/local/lib/python3.10/dist-packages/aruco_controller-0.0.0-py3.10.egg-info/dependency_links.txt\n'}
[3.639773] (aruco_controller) StdoutLine: {'line': b'-- Installing: /home/khadas/tracking_robot_workspace/install/aruco_controller/local/lib/python3.10/dist-packages/aruco_controller\n'}
[3.640148] (aruco_controller) StdoutLine: {'line': b'-- Installing: /home/khadas/tracking_robot_workspace/install/aruco_controller/local/lib/python3.10/dist-packages/aruco_controller/__init__.py\n'}
[3.640520] (aruco_controller) StdoutLine: {'line': b'-- Installing: /home/khadas/tracking_robot_workspace/install/aruco_controller/local/lib/python3.10/dist-packages/aruco_controller/transformations.py\n'}
[3.640870] (aruco_controller) StdoutLine: {'line': b'-- Installing: /home/khadas/tracking_robot_workspace/install/aruco_controller/local/lib/python3.10/dist-packages/aruco_controller/detection_param.py\n'}
[3.641284] (aruco_controller) StdoutLine: {'line': b'-- Installing: /home/khadas/tracking_robot_workspace/install/aruco_controller/local/lib/python3.10/dist-packages/aruco_controller/aruco_detector.py\n'}
[3.705627] (-) TimerEvent: {}
[3.716105] (aruco_controller) StdoutLine: {'line': b"Listing '/home/khadas/tracking_robot_workspace/install/aruco_controller/local/lib/python3.10/dist-packages/aruco_controller'...\n"}
[3.716747] (aruco_controller) StdoutLine: {'line': b"Compiling '/home/khadas/tracking_robot_workspace/install/aruco_controller/local/lib/python3.10/dist-packages/aruco_controller/__init__.py'...\n"}
[3.717222] (aruco_controller) StdoutLine: {'line': b"Compiling '/home/khadas/tracking_robot_workspace/install/aruco_controller/local/lib/python3.10/dist-packages/aruco_controller/aruco_detector.py'...\n"}
[3.717624] (aruco_controller) StdoutLine: {'line': b"Compiling '/home/khadas/tracking_robot_workspace/install/aruco_controller/local/lib/python3.10/dist-packages/aruco_controller/detection_param.py'...\n"}
[3.718010] (aruco_controller) StdoutLine: {'line': b"Compiling '/home/khadas/tracking_robot_workspace/install/aruco_controller/local/lib/python3.10/dist-packages/aruco_controller/transformations.py'...\n"}
[3.725415] (aruco_controller) StdoutLine: {'line': b'-- Installing: /home/khadas/tracking_robot_workspace/install/aruco_controller/lib/aruco_controller/aruco_detector.py\n'}
[3.727124] (aruco_controller) StdoutLine: {'line': b'-- Installing: /home/khadas/tracking_robot_workspace/install/aruco_controller/lib/aruco_controller/detection_param.py\n'}
[3.728693] (aruco_controller) StdoutLine: {'line': b'-- Installing: /home/khadas/tracking_robot_workspace/install/aruco_controller/share/aruco_controller/cfg\n'}
[3.729051] (aruco_controller) StdoutLine: {'line': b'-- Installing: /home/khadas/tracking_robot_workspace/install/aruco_controller/share/aruco_controller/cfg/aruco_detect_param.yaml\n'}
[3.729401] (aruco_controller) StdoutLine: {'line': b'-- Installing: /home/khadas/tracking_robot_workspace/install/aruco_controller/share/aruco_controller/cfg/marker_param.yaml\n'}
[3.729750] (aruco_controller) StdoutLine: {'line': b'-- Installing: /home/khadas/tracking_robot_workspace/install/aruco_controller/share/aruco_controller/cfg/default_param.yaml\n'}
[3.730099] (aruco_controller) StdoutLine: {'line': b'-- Installing: /home/khadas/tracking_robot_workspace/install/aruco_controller/share/aruco_controller/launch\n'}
[3.730736] (aruco_controller) StdoutLine: {'line': b'-- Installing: /home/khadas/tracking_robot_workspace/install/aruco_controller/share/aruco_controller/launch/main_launch.py\n'}
[3.731407] (aruco_controller) StdoutLine: {'line': b'-- Installing: /home/khadas/tracking_robot_workspace/install/aruco_controller/share/ament_index/resource_index/package_run_dependencies/aruco_controller\n'}
[3.743037] (aruco_controller) StdoutLine: {'line': b'-- Installing: /home/khadas/tracking_robot_workspace/install/aruco_controller/share/ament_index/resource_index/parent_prefix_path/aruco_controller\n'}
[3.744546] (aruco_controller) StdoutLine: {'line': b'-- Installing: /home/khadas/tracking_robot_workspace/install/aruco_controller/share/aruco_controller/environment/ament_prefix_path.sh\n'}
[3.745215] (aruco_controller) StdoutLine: {'line': b'-- Installing: /home/khadas/tracking_robot_workspace/install/aruco_controller/share/aruco_controller/environment/ament_prefix_path.dsv\n'}
[3.745730] (aruco_controller) StdoutLine: {'line': b'-- Installing: /home/khadas/tracking_robot_workspace/install/aruco_controller/share/aruco_controller/environment/path.sh\n'}
[3.746261] (aruco_controller) StdoutLine: {'line': b'-- Installing: /home/khadas/tracking_robot_workspace/install/aruco_controller/share/aruco_controller/environment/path.dsv\n'}
[3.746848] (aruco_controller) StdoutLine: {'line': b'-- Installing: /home/khadas/tracking_robot_workspace/install/aruco_controller/share/aruco_controller/local_setup.bash\n'}
[3.747458] (aruco_controller) StdoutLine: {'line': b'-- Installing: /home/khadas/tracking_robot_workspace/install/aruco_controller/share/aruco_controller/local_setup.sh\n'}
[3.748122] (aruco_controller) StdoutLine: {'line': b'-- Installing: /home/khadas/tracking_robot_workspace/install/aruco_controller/share/aruco_controller/local_setup.zsh\n'}
[3.748578] (aruco_controller) StdoutLine: {'line': b'-- Installing: /home/khadas/tracking_robot_workspace/install/aruco_controller/share/aruco_controller/local_setup.dsv\n'}
[3.749305] (aruco_controller) StdoutLine: {'line': b'-- Installing: /home/khadas/tracking_robot_workspace/install/aruco_controller/share/aruco_controller/package.dsv\n'}
[3.749748] (aruco_controller) StdoutLine: {'line': b'-- Installing: /home/khadas/tracking_robot_workspace/install/aruco_controller/share/ament_index/resource_index/packages/aruco_controller\n'}
[3.750205] (aruco_controller) StdoutLine: {'line': b'-- Installing: /home/khadas/tracking_robot_workspace/install/aruco_controller/share/aruco_controller/cmake/aruco_controllerConfig.cmake\n'}
[3.750663] (aruco_controller) StdoutLine: {'line': b'-- Installing: /home/khadas/tracking_robot_workspace/install/aruco_controller/share/aruco_controller/cmake/aruco_controllerConfig-version.cmake\n'}
[3.751145] (aruco_controller) StdoutLine: {'line': b'-- Installing: /home/khadas/tracking_robot_workspace/install/aruco_controller/share/aruco_controller/package.xml\n'}
[3.751604] (aruco_controller) CommandEnded: {'returncode': 0}
[3.785137] (web_video_server) StdoutLine: {'line': b'-- Found OpenCV: /usr (found version "4.5.4") \n'}
[3.785719] (web_video_server) StdoutLine: {'line': b'-- Found Boost: /usr/lib/aarch64-linux-gnu/cmake/Boost-1.74.0/BoostConfig.cmake (found version "1.74.0") found components: thread \n'}
[3.786099] (web_video_server) StdoutLine: {'line': b'-- Found PkgConfig: /usr/bin/pkg-config (found version "0.29.2") \n'}
[3.786452] (web_video_server) StdoutLine: {'line': b"-- Checking for module 'libavcodec'\n"}
[3.804851] (web_video_server) StdoutLine: {'line': b'--   Found libavcodec, version 58.134.100\n'}
[3.805721] (-) TimerEvent: {}
[3.852660] (aruco_controller) JobEnded: {'identifier': 'aruco_controller', 'rc': 0}
[3.892105] (web_video_server) StdoutLine: {'line': b"-- Checking for module 'libavformat'\n"}
[3.906048] (-) TimerEvent: {}
[3.933040] (web_video_server) StdoutLine: {'line': b'--   Found libavformat, version 58.76.100\n'}
[4.006293] (-) TimerEvent: {}
[4.031048] (web_video_server) StdoutLine: {'line': b"-- Checking for module 'libavutil'\n"}
[4.072516] (web_video_server) StdoutLine: {'line': b'--   Found libavutil, version 56.70.100\n'}
[4.106457] (-) TimerEvent: {}
[4.162248] (web_video_server) StdoutLine: {'line': b"-- Checking for module 'libswscale'\n"}
[4.199900] (web_video_server) StdoutLine: {'line': b'--   Found libswscale, version 5.9.100\n'}
[4.206615] (-) TimerEvent: {}
[4.307112] (-) TimerEvent: {}
[4.404117] (web_video_server) StdoutLine: {'line': b'-- Configuring done\n'}
[4.407209] (-) TimerEvent: {}
[4.454355] (web_video_server) StdoutLine: {'line': b'-- Generating done\n'}
[4.457000] (web_video_server) StdoutLine: {'line': b'-- Build files have been written to: /home/khadas/tracking_robot_workspace/build/web_video_server\n'}
[4.475299] (web_video_server) CommandEnded: {'returncode': 0}
[4.479955] (web_video_server) JobProgress: {'identifier': 'web_video_server', 'progress': 'build'}
[4.480412] (web_video_server) Command: {'cmd': ['/usr/bin/cmake', '--build', '/home/khadas/tracking_robot_workspace/build/web_video_server', '--', '-j8', '-l8'], 'cwd': '/home/khadas/tracking_robot_workspace/build/web_video_server', 'env': OrderedDict([('LANGUAGE', 'en_US.UTF-8'), ('USER', 'khadas'), ('SSH_CLIENT', '192.168.1.105 40626 22'), ('LC_TIME', 'th_TH.UTF-8'), ('XDG_SESSION_TYPE', 'tty'), ('SHLVL', '0'), ('LD_LIBRARY_PATH', '/opt/ros/humble/opt/rviz_ogre_vendor/lib:/opt/ros/humble/lib/aarch64-linux-gnu:/opt/ros/humble/lib'), ('MOTD_SHOWN', 'pam'), ('HOME', '/home/khadas'), ('SSH_TTY', '/dev/pts/1'), ('ROS_PYTHON_VERSION', '3'), ('LC_MONETARY', 'th_TH.UTF-8'), ('DBUS_SESSION_BUS_ADDRESS', 'unix:path=/run/user/1000/bus'), ('ROS_DISTRO', 'humble'), ('LOGNAME', 'khadas'), ('_', '/usr/bin/colcon'), ('ROS_VERSION', '2'), ('XDG_SESSION_CLASS', 'user'), ('TERM', 'xterm-256color'), ('XDG_SESSION_ID', '5'), ('ROS_LOCALHOST_ONLY', '0'), ('PATH', '/opt/ros/humble/bin:/usr/local/sbin:/usr/local/bin:/usr/sbin:/usr/bin:/sbin:/bin:/usr/games:/usr/local/games:/snap/bin'), ('LC_ADDRESS', 'th_TH.UTF-8'), ('XDG_RUNTIME_DIR', '/run/user/1000'), ('LANG', 'en_US.UTF-8'), ('LC_TELEPHONE', 'th_TH.UTF-8'), ('SSH_AUTH_SOCK', '/tmp/ssh-XXXX75m1KH/agent.4419'), ('AMENT_PREFIX_PATH', '/opt/ros/humble'), ('LC_MESSAGES', 'en_US.UTF-8'), ('SHELL', '/bin/bash'), ('LC_NAME', 'th_TH.UTF-8'), ('LC_MEASUREMENT', 'th_TH.UTF-8'), ('LC_IDENTIFICATION', 'th_TH.UTF-8'), ('PWD', '/home/khadas/tracking_robot_workspace/build/web_video_server'), ('LC_ALL', 'en_US.UTF-8'), ('SSH_CONNECTION', '192.168.1.105 40626 192.168.1.108 22'), ('PYTHONPATH', '/opt/ros/humble/lib/python3.10/site-packages:/opt/ros/humble/local/lib/python3.10/dist-packages'), ('LC_NUMERIC', 'th_TH.UTF-8'), ('LC_PAPER', 'th_TH.UTF-8'), ('COLCON', '1'), ('CMAKE_PREFIX_PATH', '/opt/ros/humble')]), 'shell': False}
[4.507497] (-) TimerEvent: {}
[4.607993] (-) TimerEvent: {}
[4.617611] (web_video_server) StdoutLine: {'line': b'[ 18%] Building CXX object CMakeFiles/web_video_server.dir/src/libav_streamer.cpp.o\n'}
[4.618303] (web_video_server) StdoutLine: {'line': b'[ 18%] Building CXX object CMakeFiles/web_video_server.dir/src/image_streamer.cpp.o\n'}
[4.619750] (web_video_server) StdoutLine: {'line': b'[ 27%] Building CXX object CMakeFiles/web_video_server.dir/src/h264_streamer.cpp.o\n'}
[4.620424] (web_video_server) StdoutLine: {'line': b'[ 36%] Building CXX object CMakeFiles/web_video_server.dir/src/ros_compressed_streamer.cpp.o\n'}
[4.632510] (web_video_server) StdoutLine: {'line': b'[ 45%] Building CXX object CMakeFiles/web_video_server.dir/src/web_video_server.cpp.o\n'}
[4.633651] (web_video_server) StdoutLine: {'line': b'[ 54%] Building CXX object CMakeFiles/web_video_server.dir/src/vp9_streamer.cpp.o\n'}
[4.638205] (web_video_server) StdoutLine: {'line': b'[ 63%] Building CXX object CMakeFiles/web_video_server.dir/src/vp8_streamer.cpp.o\n'}
[4.650062] (web_video_server) StdoutLine: {'line': b'[ 72%] Building CXX object CMakeFiles/web_video_server.dir/src/multipart_stream.cpp.o\n'}
[4.708194] (-) TimerEvent: {}
[4.808666] (-) TimerEvent: {}
[4.909125] (-) TimerEvent: {}
[5.009687] (-) TimerEvent: {}
[5.110253] (-) TimerEvent: {}
[5.210753] (-) TimerEvent: {}
[5.311296] (-) TimerEvent: {}
[5.411784] (-) TimerEvent: {}
[5.512324] (-) TimerEvent: {}
[5.612829] (-) TimerEvent: {}
[5.713321] (-) TimerEvent: {}
[5.813844] (-) TimerEvent: {}
[5.914316] (-) TimerEvent: {}
[6.014706] (-) TimerEvent: {}
[6.114970] (-) TimerEvent: {}
[6.215235] (-) TimerEvent: {}
[6.315685] (-) TimerEvent: {}
[6.416211] (-) TimerEvent: {}
[6.516830] (-) TimerEvent: {}
[6.617322] (-) TimerEvent: {}
[6.717865] (-) TimerEvent: {}
[6.818432] (-) TimerEvent: {}
[6.918924] (-) TimerEvent: {}
[7.019477] (-) TimerEvent: {}
[7.120026] (-) TimerEvent: {}
[7.220581] (-) TimerEvent: {}
[7.321096] (-) TimerEvent: {}
[7.421736] (-) TimerEvent: {}
[7.522258] (-) TimerEvent: {}
[7.622946] (-) TimerEvent: {}
[7.723612] (-) TimerEvent: {}
[7.824161] (-) TimerEvent: {}
[7.924704] (-) TimerEvent: {}
[8.025232] (-) TimerEvent: {}
[8.125773] (-) TimerEvent: {}
[8.226923] (-) TimerEvent: {}
[8.327389] (-) TimerEvent: {}
[8.427985] (-) TimerEvent: {}
[8.528636] (-) TimerEvent: {}
[8.629185] (-) TimerEvent: {}
[8.729757] (-) TimerEvent: {}
[8.830346] (-) TimerEvent: {}
[8.930865] (-) TimerEvent: {}
[9.031425] (-) TimerEvent: {}
[9.131996] (-) TimerEvent: {}
[9.232592] (-) TimerEvent: {}
[9.333179] (-) TimerEvent: {}
[9.433722] (-) TimerEvent: {}
[9.534348] (-) TimerEvent: {}
[9.634914] (-) TimerEvent: {}
[9.735479] (-) TimerEvent: {}
[9.836047] (-) TimerEvent: {}
[9.936753] (-) TimerEvent: {}
[10.037323] (-) TimerEvent: {}
[10.137890] (-) TimerEvent: {}
[10.238460] (-) TimerEvent: {}
[10.339040] (-) TimerEvent: {}
[10.439616] (-) TimerEvent: {}
[10.540214] (-) TimerEvent: {}
[10.640780] (-) TimerEvent: {}
[10.741388] (-) TimerEvent: {}
[10.842016] (-) TimerEvent: {}
[10.942576] (-) TimerEvent: {}
[11.043157] (-) TimerEvent: {}
[11.143717] (-) TimerEvent: {}
[11.244279] (-) TimerEvent: {}
[11.344839] (-) TimerEvent: {}
[11.445411] (-) TimerEvent: {}
[11.545989] (-) TimerEvent: {}
[11.646569] (-) TimerEvent: {}
[11.747149] (-) TimerEvent: {}
[11.847769] (-) TimerEvent: {}
[11.948313] (-) TimerEvent: {}
[12.048913] (-) TimerEvent: {}
[12.149528] (-) TimerEvent: {}
[12.250168] (-) TimerEvent: {}
[12.350725] (-) TimerEvent: {}
[12.451296] (-) TimerEvent: {}
[12.551839] (-) TimerEvent: {}
[12.652373] (-) TimerEvent: {}
[12.752935] (-) TimerEvent: {}
[12.853560] (-) TimerEvent: {}
[12.954112] (-) TimerEvent: {}
[13.054668] (-) TimerEvent: {}
[13.155261] (-) TimerEvent: {}
[13.255854] (-) TimerEvent: {}
[13.356443] (-) TimerEvent: {}
[13.457027] (-) TimerEvent: {}
[13.557584] (-) TimerEvent: {}
[13.658191] (-) TimerEvent: {}
[13.758779] (-) TimerEvent: {}
[13.859368] (-) TimerEvent: {}
[13.959935] (-) TimerEvent: {}
[14.060493] (-) TimerEvent: {}
[14.161090] (-) TimerEvent: {}
[14.261642] (-) TimerEvent: {}
[14.362205] (-) TimerEvent: {}
[14.462765] (-) TimerEvent: {}
[14.563339] (-) TimerEvent: {}
[14.663905] (-) TimerEvent: {}
[14.764511] (-) TimerEvent: {}
[14.865044] (-) TimerEvent: {}
[14.965637] (-) TimerEvent: {}
[15.066208] (-) TimerEvent: {}
[15.166844] (-) TimerEvent: {}
[15.267414] (-) TimerEvent: {}
[15.367982] (-) TimerEvent: {}
[15.381931] (web_video_server) StderrLine: {'line': b'/home/khadas/tracking_robot_workspace/src/web_video_server/src/libav_streamer.cpp: In constructor \xe2\x80\x98web_video_server::LibavStreamer::LibavStreamer(const async_web_server_cpp::HttpRequest&, async_web_server_cpp::HttpConnectionPtr, rclcpp::Node::SharedPtr, const string&, const string&, const string&)\xe2\x80\x99:\n'}
[15.382264] (web_video_server) StderrLine: {'line': b'/home/khadas/tracking_robot_workspace/src/web_video_server/src/libav_streamer.cpp:65:22: warning: \xe2\x80\x98int av_lockmgr_register(int (*)(void**, AVLockOp))\xe2\x80\x99 is deprecated [-Wdeprecated-declarations]\n'}
[15.382362] (web_video_server) StderrLine: {'line': b'   65 |   av_lockmgr_register(&ffmpeg_boost_mutex_lock_manager);\n'}
[15.382438] (web_video_server) StderrLine: {'line': b'      |   ~~~~~~~~~~~~~~~~~~~^~~~~~~~~~~~~~~~~~~~~~~~~~~~~~~~~~\n'}
[15.383072] (web_video_server) StderrLine: {'line': b'In file included from /home/khadas/tracking_robot_workspace/src/web_video_server/include/web_video_server/libav_streamer.h:11,\n'}
[15.383278] (web_video_server) StderrLine: {'line': b'                 from /home/khadas/tracking_robot_workspace/src/web_video_server/src/libav_streamer.cpp:1:\n'}
[15.383386] (web_video_server) StderrLine: {'line': b'/usr/include/aarch64-linux-gnu/libavcodec/avcodec.h:4160:5: note: declared here\n'}
[15.383486] (web_video_server) StderrLine: {'line': b' 4160 | int av_lockmgr_register(int (*cb)(void **mutex, enum AVLockOp op));\n'}
[15.383567] (web_video_server) StderrLine: {'line': b'      |     ^~~~~~~~~~~~~~~~~~~\n'}
[15.384006] (web_video_server) StderrLine: {'line': b'/home/khadas/tracking_robot_workspace/src/web_video_server/src/libav_streamer.cpp:66:18: warning: \xe2\x80\x98void av_register_all()\xe2\x80\x99 is deprecated [-Wdeprecated-declarations]\n'}
[15.384149] (web_video_server) StderrLine: {'line': b'   66 |   av_register_all();\n'}
[15.384225] (web_video_server) StderrLine: {'line': b'      |   ~~~~~~~~~~~~~~~^~\n'}
[15.384687] (web_video_server) StderrLine: {'line': b'In file included from /home/khadas/tracking_robot_workspace/src/web_video_server/include/web_video_server/libav_streamer.h:12,\n'}
[15.384830] (web_video_server) StderrLine: {'line': b'                 from /home/khadas/tracking_robot_workspace/src/web_video_server/src/libav_streamer.cpp:1:\n'}
[15.384908] (web_video_server) StderrLine: {'line': b'/usr/include/aarch64-linux-gnu/libavformat/avformat.h:1955:6: note: declared here\n'}
[15.384979] (web_video_server) StderrLine: {'line': b' 1955 | void av_register_all(void);\n'}
[15.385048] (web_video_server) StderrLine: {'line': b'      |      ^~~~~~~~~~~~~~~\n'}
[15.388598] (web_video_server) StderrLine: {'line': b'/home/khadas/tracking_robot_workspace/src/web_video_server/src/libav_streamer.cpp: In member function \xe2\x80\x98virtual void web_video_server::LibavStreamer::initialize(const cv::Mat&)\xe2\x80\x99:\n'}
[15.388888] (web_video_server) StderrLine: {'line': b'/home/khadas/tracking_robot_workspace/src/web_video_server/src/libav_streamer.cpp:160:35: warning: \xe2\x80\x98AVStream::codec\xe2\x80\x99 is deprecated [-Wdeprecated-declarations]\n'}
[15.388977] (web_video_server) StderrLine: {'line': b'  160 |   codec_context_ = video_stream_->codec;\n'}
[15.389052] (web_video_server) StderrLine: {'line': b'      |                                   ^~~~~\n'}
[15.389401] (web_video_server) StderrLine: {'line': b'In file included from /home/khadas/tracking_robot_workspace/src/web_video_server/include/web_video_server/libav_streamer.h:12,\n'}
[15.389540] (web_video_server) StderrLine: {'line': b'                 from /home/khadas/tracking_robot_workspace/src/web_video_server/src/libav_streamer.cpp:1:\n'}
[15.389648] (web_video_server) StderrLine: {'line': b'/usr/include/aarch64-linux-gnu/libavformat/avformat.h:888:21: note: declared here\n'}
[15.389722] (web_video_server) StderrLine: {'line': b'  888 |     AVCodecContext *codec;\n'}
[15.389792] (web_video_server) StderrLine: {'line': b'      |                     ^~~~~\n'}
[15.390172] (web_video_server) StderrLine: {'line': b'/home/khadas/tracking_robot_workspace/src/web_video_server/src/libav_streamer.cpp:160:35: warning: \xe2\x80\x98AVStream::codec\xe2\x80\x99 is deprecated [-Wdeprecated-declarations]\n'}
[15.390316] (web_video_server) StderrLine: {'line': b'  160 |   codec_context_ = video_stream_->codec;\n'}
[15.390391] (web_video_server) StderrLine: {'line': b'      |                                   ^~~~~\n'}
[15.390674] (web_video_server) StderrLine: {'line': b'In file included from /home/khadas/tracking_robot_workspace/src/web_video_server/include/web_video_server/libav_streamer.h:12,\n'}
[15.390791] (web_video_server) StderrLine: {'line': b'                 from /home/khadas/tracking_robot_workspace/src/web_video_server/src/libav_streamer.cpp:1:\n'}
[15.390868] (web_video_server) StderrLine: {'line': b'/usr/include/aarch64-linux-gnu/libavformat/avformat.h:888:21: note: declared here\n'}
[15.390938] (web_video_server) StderrLine: {'line': b'  888 |     AVCodecContext *codec;\n'}
[15.391006] (web_video_server) StderrLine: {'line': b'      |                     ^~~~~\n'}
[15.391327] (web_video_server) StderrLine: {'line': b'/home/khadas/tracking_robot_workspace/src/web_video_server/src/libav_streamer.cpp:160:35: warning: \xe2\x80\x98AVStream::codec\xe2\x80\x99 is deprecated [-Wdeprecated-declarations]\n'}
[15.391469] (web_video_server) StderrLine: {'line': b'  160 |   codec_context_ = video_stream_->codec;\n'}
[15.391547] (web_video_server) StderrLine: {'line': b'      |                                   ^~~~~\n'}
[15.391801] (web_video_server) StderrLine: {'line': b'In file included from /home/khadas/tracking_robot_workspace/src/web_video_server/include/web_video_server/libav_streamer.h:12,\n'}
[15.391910] (web_video_server) StderrLine: {'line': b'                 from /home/khadas/tracking_robot_workspace/src/web_video_server/src/libav_streamer.cpp:1:\n'}
[15.391985] (web_video_server) StderrLine: {'line': b'/usr/include/aarch64-linux-gnu/libavformat/avformat.h:888:21: note: declared here\n'}
[15.392055] (web_video_server) StderrLine: {'line': b'  888 |     AVCodecContext *codec;\n'}
[15.392124] (web_video_server) StderrLine: {'line': b'      |                     ^~~~~\n'}
[15.396198] (web_video_server) StderrLine: {'line': b'/home/khadas/tracking_robot_workspace/src/web_video_server/src/libav_streamer.cpp: In member function \xe2\x80\x98virtual void web_video_server::LibavStreamer::sendImage(const cv::Mat&, const rclcpp::Time&)\xe2\x80\x99:\n'}
[15.396487] (web_video_server) StderrLine: {'line': b'/home/khadas/tracking_robot_workspace/src/web_video_server/src/libav_streamer.cpp:294:17: warning: \xe2\x80\x98void av_init_packet(AVPacket*)\xe2\x80\x99 is deprecated [-Wdeprecated-declarations]\n'}
[15.396606] (web_video_server) StderrLine: {'line': b'  294 |   av_init_packet(&pkt);\n'}
[15.396682] (web_video_server) StderrLine: {'line': b'      |   ~~~~~~~~~~~~~~^~~~~~\n'}
[15.397171] (web_video_server) StderrLine: {'line': b'In file included from /usr/include/aarch64-linux-gnu/libavcodec/bsf.h:30,\n'}
[15.397341] (web_video_server) StderrLine: {'line': b'                 from /usr/include/aarch64-linux-gnu/libavcodec/avcodec.h:44,\n'}
[15.397419] (web_video_server) StderrLine: {'line': b'                 from /home/khadas/tracking_robot_workspace/src/web_video_server/include/web_video_server/libav_streamer.h:11,\n'}
[15.397492] (web_video_server) StderrLine: {'line': b'                 from /home/khadas/tracking_robot_workspace/src/web_video_server/src/libav_streamer.cpp:1:\n'}
[15.397563] (web_video_server) StderrLine: {'line': b'/usr/include/aarch64-linux-gnu/libavcodec/packet.h:488:6: note: declared here\n'}
[15.397662] (web_video_server) StderrLine: {'line': b'  488 | void av_init_packet(AVPacket *pkt);\n'}
[15.397732] (web_video_server) StderrLine: {'line': b'      |      ^~~~~~~~~~~~~~\n'}
[15.468073] (-) TimerEvent: {}
[15.568392] (-) TimerEvent: {}
[15.668700] (-) TimerEvent: {}
[15.768990] (-) TimerEvent: {}
[15.869291] (-) TimerEvent: {}
[15.969585] (-) TimerEvent: {}
[16.069893] (-) TimerEvent: {}
[16.170220] (-) TimerEvent: {}
[16.270510] (-) TimerEvent: {}
[16.370817] (-) TimerEvent: {}
[16.471117] (-) TimerEvent: {}
[16.571414] (-) TimerEvent: {}
[16.671715] (-) TimerEvent: {}
[16.772037] (-) TimerEvent: {}
[16.872362] (-) TimerEvent: {}
[16.972668] (-) TimerEvent: {}
[17.072976] (-) TimerEvent: {}
[17.173290] (-) TimerEvent: {}
[17.273591] (-) TimerEvent: {}
[17.373890] (-) TimerEvent: {}
[17.433659] (web_video_server) StdoutLine: {'line': b'[ 81%] Building CXX object CMakeFiles/web_video_server.dir/src/jpeg_streamers.cpp.o\n'}
[17.474016] (-) TimerEvent: {}
[17.574292] (-) TimerEvent: {}
[17.583565] (web_video_server) StdoutLine: {'line': b'[ 90%] Building CXX object CMakeFiles/web_video_server.dir/src/png_streamers.cpp.o\n'}
[17.674602] (-) TimerEvent: {}
[17.775104] (-) TimerEvent: {}
[17.875724] (-) TimerEvent: {}
[17.976333] (-) TimerEvent: {}
[18.076987] (-) TimerEvent: {}
[18.177505] (-) TimerEvent: {}
[18.278034] (-) TimerEvent: {}
[18.378541] (-) TimerEvent: {}
[18.479167] (-) TimerEvent: {}
[18.579797] (-) TimerEvent: {}
[18.680428] (-) TimerEvent: {}
[18.780948] (-) TimerEvent: {}
[18.881492] (-) TimerEvent: {}
[18.982059] (-) TimerEvent: {}
[19.082608] (-) TimerEvent: {}
[19.183269] (-) TimerEvent: {}
[19.283780] (-) TimerEvent: {}
[19.384308] (-) TimerEvent: {}
[19.484822] (-) TimerEvent: {}
[19.585383] (-) TimerEvent: {}
[19.686085] (-) TimerEvent: {}
[19.786752] (-) TimerEvent: {}
[19.887300] (-) TimerEvent: {}
[19.987817] (-) TimerEvent: {}
[20.088361] (-) TimerEvent: {}
[20.189051] (-) TimerEvent: {}
[20.289483] (-) TimerEvent: {}
[20.389986] (-) TimerEvent: {}
[20.490652] (-) TimerEvent: {}
[20.591160] (-) TimerEvent: {}
[20.691798] (-) TimerEvent: {}
[20.792469] (-) TimerEvent: {}
[20.893156] (-) TimerEvent: {}
[20.993783] (-) TimerEvent: {}
[21.094419] (-) TimerEvent: {}
[21.194942] (-) TimerEvent: {}
[21.295586] (-) TimerEvent: {}
[21.396240] (-) TimerEvent: {}
[21.496954] (-) TimerEvent: {}
[21.597495] (-) TimerEvent: {}
[21.698040] (-) TimerEvent: {}
[21.798665] (-) TimerEvent: {}
[21.899298] (-) TimerEvent: {}
[21.999949] (-) TimerEvent: {}
[22.100523] (-) TimerEvent: {}
[22.201049] (-) TimerEvent: {}
[22.301683] (-) TimerEvent: {}
[22.402315] (-) TimerEvent: {}
[22.502966] (-) TimerEvent: {}
[22.603513] (-) TimerEvent: {}
[22.704053] (-) TimerEvent: {}
[22.804600] (-) TimerEvent: {}
[22.905227] (-) TimerEvent: {}
[23.005896] (-) TimerEvent: {}
[23.106546] (-) TimerEvent: {}
[23.207163] (-) TimerEvent: {}
[23.307684] (-) TimerEvent: {}
[23.408314] (-) TimerEvent: {}
[23.508836] (-) TimerEvent: {}
[23.609369] (-) TimerEvent: {}
[23.710024] (-) TimerEvent: {}
[23.810693] (-) TimerEvent: {}
[23.911315] (-) TimerEvent: {}
[24.011950] (-) TimerEvent: {}
[24.112581] (-) TimerEvent: {}
[24.213212] (-) TimerEvent: {}
[24.313801] (-) TimerEvent: {}
[24.414418] (-) TimerEvent: {}
[24.515052] (-) TimerEvent: {}
[24.615697] (-) TimerEvent: {}
[24.716347] (-) TimerEvent: {}
[24.817015] (-) TimerEvent: {}
[24.917533] (-) TimerEvent: {}
[25.018073] (-) TimerEvent: {}
[25.118730] (-) TimerEvent: {}
[25.219410] (-) TimerEvent: {}
[25.320079] (-) TimerEvent: {}
[25.420715] (-) TimerEvent: {}
[25.521349] (-) TimerEvent: {}
[25.621981] (-) TimerEvent: {}
[25.722629] (-) TimerEvent: {}
[25.823272] (-) TimerEvent: {}
[25.923956] (-) TimerEvent: {}
[26.024584] (-) TimerEvent: {}
[26.125213] (-) TimerEvent: {}
[26.225821] (-) TimerEvent: {}
[26.326463] (-) TimerEvent: {}
[26.427067] (-) TimerEvent: {}
[26.527682] (-) TimerEvent: {}
[26.628312] (-) TimerEvent: {}
[26.728947] (-) TimerEvent: {}
[26.829567] (-) TimerEvent: {}
[26.930179] (-) TimerEvent: {}
[27.030789] (-) TimerEvent: {}
[27.131381] (-) TimerEvent: {}
[27.232032] (-) TimerEvent: {}
[27.332669] (-) TimerEvent: {}
[27.433304] (-) TimerEvent: {}
[27.533844] (-) TimerEvent: {}
[27.634450] (-) TimerEvent: {}
[27.735063] (-) TimerEvent: {}
[27.835673] (-) TimerEvent: {}
[27.936290] (-) TimerEvent: {}
[28.036959] (-) TimerEvent: {}
[28.137472] (-) TimerEvent: {}
[28.238005] (-) TimerEvent: {}
[28.338604] (-) TimerEvent: {}
[28.439195] (-) TimerEvent: {}
[28.539768] (-) TimerEvent: {}
[28.640344] (-) TimerEvent: {}
[28.740987] (-) TimerEvent: {}
[28.841553] (-) TimerEvent: {}
[28.942119] (-) TimerEvent: {}
[29.042668] (-) TimerEvent: {}
[29.143164] (-) TimerEvent: {}
[29.243673] (-) TimerEvent: {}
[29.344196] (-) TimerEvent: {}
[29.444733] (-) TimerEvent: {}
[29.545256] (-) TimerEvent: {}
[29.645783] (-) TimerEvent: {}
[29.746311] (-) TimerEvent: {}
[29.846864] (-) TimerEvent: {}
[29.947374] (-) TimerEvent: {}
[30.047891] (-) TimerEvent: {}
[30.148413] (-) TimerEvent: {}
[30.248911] (-) TimerEvent: {}
[30.349436] (-) TimerEvent: {}
[30.449968] (-) TimerEvent: {}
[30.550510] (-) TimerEvent: {}
[30.651039] (-) TimerEvent: {}
[30.751555] (-) TimerEvent: {}
[30.852075] (-) TimerEvent: {}
[30.952573] (-) TimerEvent: {}
[31.053085] (-) TimerEvent: {}
[31.153621] (-) TimerEvent: {}
[31.254052] (-) TimerEvent: {}
[31.354576] (-) TimerEvent: {}
[31.455116] (-) TimerEvent: {}
[31.555651] (-) TimerEvent: {}
[31.656177] (-) TimerEvent: {}
[31.756706] (-) TimerEvent: {}
[31.857261] (-) TimerEvent: {}
[31.957763] (-) TimerEvent: {}
[32.058200] (-) TimerEvent: {}
[32.158742] (-) TimerEvent: {}
[32.259244] (-) TimerEvent: {}
[32.359761] (-) TimerEvent: {}
[32.460301] (-) TimerEvent: {}
[32.560825] (-) TimerEvent: {}
[32.661351] (-) TimerEvent: {}
[32.761883] (-) TimerEvent: {}
[32.862403] (-) TimerEvent: {}
[32.962936] (-) TimerEvent: {}
[33.063578] (-) TimerEvent: {}
[33.164113] (-) TimerEvent: {}
[33.264579] (-) TimerEvent: {}
[33.278263] (web_video_server) StdoutLine: {'line': b'[100%] Linking CXX executable web_video_server\n'}
[33.364857] (-) TimerEvent: {}
[33.465397] (-) TimerEvent: {}
[33.565949] (-) TimerEvent: {}
[33.666540] (-) TimerEvent: {}
[33.767210] (-) TimerEvent: {}
[33.867799] (-) TimerEvent: {}
[33.968345] (-) TimerEvent: {}
[34.068891] (-) TimerEvent: {}
[34.169384] (-) TimerEvent: {}
[34.269874] (-) TimerEvent: {}
[34.370415] (-) TimerEvent: {}
[34.470926] (-) TimerEvent: {}
[34.571432] (-) TimerEvent: {}
[34.671951] (-) TimerEvent: {}
[34.772457] (-) TimerEvent: {}
[34.872971] (-) TimerEvent: {}
[34.973528] (-) TimerEvent: {}
[35.074069] (-) TimerEvent: {}
[35.174598] (-) TimerEvent: {}
[35.275024] (-) TimerEvent: {}
[35.356962] (web_video_server) StdoutLine: {'line': b'[100%] Built target web_video_server\n'}
[35.375230] (-) TimerEvent: {}
[35.385262] (web_video_server) CommandEnded: {'returncode': 0}
[35.475449] (-) TimerEvent: {}
[35.496678] (web_video_server) JobProgress: {'identifier': 'web_video_server', 'progress': 'install'}
[35.497027] (web_video_server) Command: {'cmd': ['/usr/bin/cmake', '--install', '/home/khadas/tracking_robot_workspace/build/web_video_server'], 'cwd': '/home/khadas/tracking_robot_workspace/build/web_video_server', 'env': OrderedDict([('LANGUAGE', 'en_US.UTF-8'), ('USER', 'khadas'), ('SSH_CLIENT', '192.168.1.105 40626 22'), ('LC_TIME', 'th_TH.UTF-8'), ('XDG_SESSION_TYPE', 'tty'), ('SHLVL', '0'), ('LD_LIBRARY_PATH', '/opt/ros/humble/opt/rviz_ogre_vendor/lib:/opt/ros/humble/lib/aarch64-linux-gnu:/opt/ros/humble/lib'), ('MOTD_SHOWN', 'pam'), ('HOME', '/home/khadas'), ('SSH_TTY', '/dev/pts/1'), ('ROS_PYTHON_VERSION', '3'), ('LC_MONETARY', 'th_TH.UTF-8'), ('DBUS_SESSION_BUS_ADDRESS', 'unix:path=/run/user/1000/bus'), ('ROS_DISTRO', 'humble'), ('LOGNAME', 'khadas'), ('_', '/usr/bin/colcon'), ('ROS_VERSION', '2'), ('XDG_SESSION_CLASS', 'user'), ('TERM', 'xterm-256color'), ('XDG_SESSION_ID', '5'), ('ROS_LOCALHOST_ONLY', '0'), ('PATH', '/opt/ros/humble/bin:/usr/local/sbin:/usr/local/bin:/usr/sbin:/usr/bin:/sbin:/bin:/usr/games:/usr/local/games:/snap/bin'), ('LC_ADDRESS', 'th_TH.UTF-8'), ('XDG_RUNTIME_DIR', '/run/user/1000'), ('LANG', 'en_US.UTF-8'), ('LC_TELEPHONE', 'th_TH.UTF-8'), ('SSH_AUTH_SOCK', '/tmp/ssh-XXXX75m1KH/agent.4419'), ('AMENT_PREFIX_PATH', '/opt/ros/humble'), ('LC_MESSAGES', 'en_US.UTF-8'), ('SHELL', '/bin/bash'), ('LC_NAME', 'th_TH.UTF-8'), ('LC_MEASUREMENT', 'th_TH.UTF-8'), ('LC_IDENTIFICATION', 'th_TH.UTF-8'), ('PWD', '/home/khadas/tracking_robot_workspace/build/web_video_server'), ('LC_ALL', 'en_US.UTF-8'), ('SSH_CONNECTION', '192.168.1.105 40626 192.168.1.108 22'), ('PYTHONPATH', '/opt/ros/humble/lib/python3.10/site-packages:/opt/ros/humble/local/lib/python3.10/dist-packages'), ('LC_NUMERIC', 'th_TH.UTF-8'), ('LC_PAPER', 'th_TH.UTF-8'), ('COLCON', '1'), ('CMAKE_PREFIX_PATH', '/opt/ros/humble')]), 'shell': False}
[35.519910] (web_video_server) StdoutLine: {'line': b'-- Install configuration: ""\n'}
[35.520949] (web_video_server) StdoutLine: {'line': b'-- Installing: /home/khadas/tracking_robot_workspace/install/web_video_server/lib/web_video_server/web_video_server\n'}
[35.528593] (web_video_server) StdoutLine: {'line': b'-- Set runtime path of "/home/khadas/tracking_robot_workspace/install/web_video_server/lib/web_video_server/web_video_server" to ""\n'}
[35.530412] (web_video_server) StdoutLine: {'line': b'-- Installing: /home/khadas/tracking_robot_workspace/install/web_video_server/include/web_video_server\n'}
[35.532518] (web_video_server) StdoutLine: {'line': b'-- Installing: /home/khadas/tracking_robot_workspace/install/web_video_server/include/web_video_server/libav_streamer.h\n'}
[35.532880] (web_video_server) StdoutLine: {'line': b'-- Installing: /home/khadas/tracking_robot_workspace/install/web_video_server/include/web_video_server/vp8_streamer.h\n'}
[35.533270] (web_video_server) StdoutLine: {'line': b'-- Installing: /home/khadas/tracking_robot_workspace/install/web_video_server/include/web_video_server/image_streamer.h\n'}
[35.533655] (web_video_server) StdoutLine: {'line': b'-- Installing: /home/khadas/tracking_robot_workspace/install/web_video_server/include/web_video_server/vp9_streamer.h\n'}
[35.534166] (web_video_server) StdoutLine: {'line': b'-- Installing: /home/khadas/tracking_robot_workspace/install/web_video_server/include/web_video_server/jpeg_streamers.h\n'}
[35.541144] (web_video_server) StdoutLine: {'line': b'-- Installing: /home/khadas/tracking_robot_workspace/install/web_video_server/include/web_video_server/h264_streamer.h\n'}
[35.547607] (web_video_server) StdoutLine: {'line': b'-- Installing: /home/khadas/tracking_robot_workspace/install/web_video_server/include/web_video_server/ros_compressed_streamer.h\n'}
[35.548273] (web_video_server) StdoutLine: {'line': b'-- Installing: /home/khadas/tracking_robot_workspace/install/web_video_server/include/web_video_server/web_video_server.h\n'}
[35.548818] (web_video_server) StdoutLine: {'line': b'-- Installing: /home/khadas/tracking_robot_workspace/install/web_video_server/include/web_video_server/png_streamers.h\n'}
[35.549329] (web_video_server) StdoutLine: {'line': b'-- Installing: /home/khadas/tracking_robot_workspace/install/web_video_server/include/web_video_server/multipart_stream.h\n'}
[35.549929] (web_video_server) StdoutLine: {'line': b'-- Installing: /home/khadas/tracking_robot_workspace/install/web_video_server/share/ament_index/resource_index/package_run_dependencies/web_video_server\n'}
[35.550651] (web_video_server) StdoutLine: {'line': b'-- Installing: /home/khadas/tracking_robot_workspace/install/web_video_server/share/ament_index/resource_index/parent_prefix_path/web_video_server\n'}
[35.551318] (web_video_server) StdoutLine: {'line': b'-- Installing: /home/khadas/tracking_robot_workspace/install/web_video_server/share/web_video_server/environment/ament_prefix_path.sh\n'}
[35.551828] (web_video_server) StdoutLine: {'line': b'-- Installing: /home/khadas/tracking_robot_workspace/install/web_video_server/share/web_video_server/environment/ament_prefix_path.dsv\n'}
[35.552508] (web_video_server) StdoutLine: {'line': b'-- Installing: /home/khadas/tracking_robot_workspace/install/web_video_server/share/web_video_server/environment/path.sh\n'}
[35.553014] (web_video_server) StdoutLine: {'line': b'-- Installing: /home/khadas/tracking_robot_workspace/install/web_video_server/share/web_video_server/environment/path.dsv\n'}
[35.553550] (web_video_server) StdoutLine: {'line': b'-- Installing: /home/khadas/tracking_robot_workspace/install/web_video_server/share/web_video_server/local_setup.bash\n'}
[35.554027] (web_video_server) StdoutLine: {'line': b'-- Installing: /home/khadas/tracking_robot_workspace/install/web_video_server/share/web_video_server/local_setup.sh\n'}
[35.554551] (web_video_server) StdoutLine: {'line': b'-- Installing: /home/khadas/tracking_robot_workspace/install/web_video_server/share/web_video_server/local_setup.zsh\n'}
[35.555041] (web_video_server) StdoutLine: {'line': b'-- Installing: /home/khadas/tracking_robot_workspace/install/web_video_server/share/web_video_server/local_setup.dsv\n'}
[35.555524] (web_video_server) StdoutLine: {'line': b'-- Installing: /home/khadas/tracking_robot_workspace/install/web_video_server/share/web_video_server/package.dsv\n'}
[35.562759] (web_video_server) StdoutLine: {'line': b'-- Installing: /home/khadas/tracking_robot_workspace/install/web_video_server/share/ament_index/resource_index/packages/web_video_server\n'}
[35.563729] (web_video_server) StdoutLine: {'line': b'-- Installing: /home/khadas/tracking_robot_workspace/install/web_video_server/share/web_video_server/cmake/web_video_serverConfig.cmake\n'}
[35.564276] (web_video_server) StdoutLine: {'line': b'-- Installing: /home/khadas/tracking_robot_workspace/install/web_video_server/share/web_video_server/cmake/web_video_serverConfig-version.cmake\n'}
[35.565192] (web_video_server) StdoutLine: {'line': b'-- Installing: /home/khadas/tracking_robot_workspace/install/web_video_server/share/web_video_server/package.xml\n'}
[35.566014] (web_video_server) CommandEnded: {'returncode': 0}
[35.578385] (-) TimerEvent: {}
[35.679361] (-) TimerEvent: {}
[35.736141] (web_video_server) JobEnded: {'identifier': 'web_video_server', 'rc': 0}
[35.737509] (-) EventReactorShutdown: {}
