-- The C compiler identification is GNU 11.4.0
-- The CXX compiler identification is GNU 11.4.0
-- Detecting C compiler ABI info
-- Detecting C compiler ABI info - done
-- Check for working C compiler: /usr/bin/cc - skipped
-- Detecting C compile features
-- Detecting C compile features - done
-- Detecting CXX compiler ABI info
-- Detecting CXX compiler ABI info - done
-- Check for working CXX compiler: /usr/bin/c++ - skipped
-- Detecting CXX compile features
-- Detecting CXX compile features - done
-- Found ament_cmake_ros: 0.10.0 (/opt/ros/humble/share/ament_cmake_ros/cmake)
-- Found Python3: /usr/bin/python3.10 (found version "3.10.12") found components: Interpreter 
-- Found async_web_server_cpp: 2.0.0 (/opt/ros/humble/share/async_web_server_cpp/cmake)
-- Found Boost: /usr/lib/aarch64-linux-gnu/cmake/Boost-1.74.0/BoostConfig.cmake (found suitable version "1.74.0", minimum required is "1.74.0") found components: filesystem regex thread 
-- Found cv_bridge: 3.2.1 (/opt/ros/humble/share/cv_bridge/cmake)
-- Found rosidl_generator_c: 3.1.5 (/opt/ros/humble/share/rosidl_generator_c/cmake)
-- Found rosidl_adapter: 3.1.5 (/opt/ros/humble/share/rosidl_adapter/cmake)
-- Found rosidl_generator_cpp: 3.1.5 (/opt/ros/humble/share/rosidl_generator_cpp/cmake)
-- Using all available rosidl_typesupport_c: rosidl_typesupport_fastrtps_c;rosidl_typesupport_introspection_c
-- Using all available rosidl_typesupport_cpp: rosidl_typesupport_fastrtps_cpp;rosidl_typesupport_introspection_cpp
-- Found image_transport: 3.1.7 (/opt/ros/humble/share/image_transport/cmake)
-- Found rmw_implementation_cmake: 6.1.1 (/opt/ros/humble/share/rmw_implementation_cmake/cmake)
-- Found rmw_fastrtps_cpp: 6.2.3 (/opt/ros/humble/share/rmw_fastrtps_cpp/cmake)
-- Found OpenSSL: /usr/lib/aarch64-linux-gnu/libcrypto.so (found version "3.0.2")  
-- Found FastRTPS: /opt/ros/humble/include  
-- Using RMW implementation 'rmw_fastrtps_cpp' as default
-- Found Threads: TRUE  
-- Found OpenCV: /usr (found version "4.5.4") 
-- Found Boost: /usr/lib/aarch64-linux-gnu/cmake/Boost-1.74.0/BoostConfig.cmake (found version "1.74.0") found components: thread 
-- Found PkgConfig: /usr/bin/pkg-config (found version "0.29.2") 
-- Checking for module 'libavcodec'
--   Found libavcodec, version 58.134.100
-- Checking for module 'libavformat'
--   Found libavformat, version 58.76.100
-- Checking for module 'libavutil'
--   Found libavutil, version 56.70.100
-- Checking for module 'libswscale'
--   Found libswscale, version 5.9.100
-- Configuring done
-- Generating done
-- Build files have been written to: /home/khadas/tracking_robot_workspace/build/web_video_server
[ 18%] Building CXX object CMakeFiles/web_video_server.dir/src/libav_streamer.cpp.o
[ 18%] Building CXX object CMakeFiles/web_video_server.dir/src/image_streamer.cpp.o
[ 27%] Building CXX object CMakeFiles/web_video_server.dir/src/h264_streamer.cpp.o
[ 36%] Building CXX object CMakeFiles/web_video_server.dir/src/ros_compressed_streamer.cpp.o
[ 45%] Building CXX object CMakeFiles/web_video_server.dir/src/web_video_server.cpp.o
[ 54%] Building CXX object CMakeFiles/web_video_server.dir/src/vp9_streamer.cpp.o
[ 63%] Building CXX object CMakeFiles/web_video_server.dir/src/vp8_streamer.cpp.o
[ 72%] Building CXX object CMakeFiles/web_video_server.dir/src/multipart_stream.cpp.o
/home/khadas/tracking_robot_workspace/src/web_video_server/src/libav_streamer.cpp: In constructor ‘web_video_server::LibavStreamer::LibavStreamer(const async_web_server_cpp::HttpRequest&, async_web_server_cpp::HttpConnectionPtr, rclcpp::Node::SharedPtr, const string&, const string&, const string&)’:
/home/khadas/tracking_robot_workspace/src/web_video_server/src/libav_streamer.cpp:65:22: warning: ‘int av_lockmgr_register(int (*)(void**, AVLockOp))’ is deprecated [-Wdeprecated-declarations]
   65 |   av_lockmgr_register(&ffmpeg_boost_mutex_lock_manager);
      |   ~~~~~~~~~~~~~~~~~~~^~~~~~~~~~~~~~~~~~~~~~~~~~~~~~~~~~
In file included from /home/khadas/tracking_robot_workspace/src/web_video_server/include/web_video_server/libav_streamer.h:11,
                 from /home/khadas/tracking_robot_workspace/src/web_video_server/src/libav_streamer.cpp:1:
/usr/include/aarch64-linux-gnu/libavcodec/avcodec.h:4160:5: note: declared here
 4160 | int av_lockmgr_register(int (*cb)(void **mutex, enum AVLockOp op));
      |     ^~~~~~~~~~~~~~~~~~~
/home/khadas/tracking_robot_workspace/src/web_video_server/src/libav_streamer.cpp:66:18: warning: ‘void av_register_all()’ is deprecated [-Wdeprecated-declarations]
   66 |   av_register_all();
      |   ~~~~~~~~~~~~~~~^~
In file included from /home/khadas/tracking_robot_workspace/src/web_video_server/include/web_video_server/libav_streamer.h:12,
                 from /home/khadas/tracking_robot_workspace/src/web_video_server/src/libav_streamer.cpp:1:
/usr/include/aarch64-linux-gnu/libavformat/avformat.h:1955:6: note: declared here
 1955 | void av_register_all(void);
      |      ^~~~~~~~~~~~~~~
/home/khadas/tracking_robot_workspace/src/web_video_server/src/libav_streamer.cpp: In member function ‘virtual void web_video_server::LibavStreamer::initialize(const cv::Mat&)’:
/home/khadas/tracking_robot_workspace/src/web_video_server/src/libav_streamer.cpp:160:35: warning: ‘AVStream::codec’ is deprecated [-Wdeprecated-declarations]
  160 |   codec_context_ = video_stream_->codec;
      |                                   ^~~~~
In file included from /home/khadas/tracking_robot_workspace/src/web_video_server/include/web_video_server/libav_streamer.h:12,
                 from /home/khadas/tracking_robot_workspace/src/web_video_server/src/libav_streamer.cpp:1:
/usr/include/aarch64-linux-gnu/libavformat/avformat.h:888:21: note: declared here
  888 |     AVCodecContext *codec;
      |                     ^~~~~
/home/khadas/tracking_robot_workspace/src/web_video_server/src/libav_streamer.cpp:160:35: warning: ‘AVStream::codec’ is deprecated [-Wdeprecated-declarations]
  160 |   codec_context_ = video_stream_->codec;
      |                                   ^~~~~
In file included from /home/khadas/tracking_robot_workspace/src/web_video_server/include/web_video_server/libav_streamer.h:12,
                 from /home/khadas/tracking_robot_workspace/src/web_video_server/src/libav_streamer.cpp:1:
/usr/include/aarch64-linux-gnu/libavformat/avformat.h:888:21: note: declared here
  888 |     AVCodecContext *codec;
      |                     ^~~~~
/home/khadas/tracking_robot_workspace/src/web_video_server/src/libav_streamer.cpp:160:35: warning: ‘AVStream::codec’ is deprecated [-Wdeprecated-declarations]
  160 |   codec_context_ = video_stream_->codec;
      |                                   ^~~~~
In file included from /home/khadas/tracking_robot_workspace/src/web_video_server/include/web_video_server/libav_streamer.h:12,
                 from /home/khadas/tracking_robot_workspace/src/web_video_server/src/libav_streamer.cpp:1:
/usr/include/aarch64-linux-gnu/libavformat/avformat.h:888:21: note: declared here
  888 |     AVCodecContext *codec;
      |                     ^~~~~
/home/khadas/tracking_robot_workspace/src/web_video_server/src/libav_streamer.cpp: In member function ‘virtual void web_video_server::LibavStreamer::sendImage(const cv::Mat&, const rclcpp::Time&)’:
/home/khadas/tracking_robot_workspace/src/web_video_server/src/libav_streamer.cpp:294:17: warning: ‘void av_init_packet(AVPacket*)’ is deprecated [-Wdeprecated-declarations]
  294 |   av_init_packet(&pkt);
      |   ~~~~~~~~~~~~~~^~~~~~
In file included from /usr/include/aarch64-linux-gnu/libavcodec/bsf.h:30,
                 from /usr/include/aarch64-linux-gnu/libavcodec/avcodec.h:44,
                 from /home/khadas/tracking_robot_workspace/src/web_video_server/include/web_video_server/libav_streamer.h:11,
                 from /home/khadas/tracking_robot_workspace/src/web_video_server/src/libav_streamer.cpp:1:
/usr/include/aarch64-linux-gnu/libavcodec/packet.h:488:6: note: declared here
  488 | void av_init_packet(AVPacket *pkt);
      |      ^~~~~~~~~~~~~~
[ 81%] Building CXX object CMakeFiles/web_video_server.dir/src/jpeg_streamers.cpp.o
[ 90%] Building CXX object CMakeFiles/web_video_server.dir/src/png_streamers.cpp.o
[100%] Linking CXX executable web_video_server
[100%] Built target web_video_server
-- Install configuration: ""
-- Installing: /home/khadas/tracking_robot_workspace/install/web_video_server/lib/web_video_server/web_video_server
-- Set runtime path of "/home/khadas/tracking_robot_workspace/install/web_video_server/lib/web_video_server/web_video_server" to ""
-- Installing: /home/khadas/tracking_robot_workspace/install/web_video_server/include/web_video_server
-- Installing: /home/khadas/tracking_robot_workspace/install/web_video_server/include/web_video_server/libav_streamer.h
-- Installing: /home/khadas/tracking_robot_workspace/install/web_video_server/include/web_video_server/vp8_streamer.h
-- Installing: /home/khadas/tracking_robot_workspace/install/web_video_server/include/web_video_server/image_streamer.h
-- Installing: /home/khadas/tracking_robot_workspace/install/web_video_server/include/web_video_server/vp9_streamer.h
-- Installing: /home/khadas/tracking_robot_workspace/install/web_video_server/include/web_video_server/jpeg_streamers.h
-- Installing: /home/khadas/tracking_robot_workspace/install/web_video_server/include/web_video_server/h264_streamer.h
-- Installing: /home/khadas/tracking_robot_workspace/install/web_video_server/include/web_video_server/ros_compressed_streamer.h
-- Installing: /home/khadas/tracking_robot_workspace/install/web_video_server/include/web_video_server/web_video_server.h
-- Installing: /home/khadas/tracking_robot_workspace/install/web_video_server/include/web_video_server/png_streamers.h
-- Installing: /home/khadas/tracking_robot_workspace/install/web_video_server/include/web_video_server/multipart_stream.h
-- Installing: /home/khadas/tracking_robot_workspace/install/web_video_server/share/ament_index/resource_index/package_run_dependencies/web_video_server
-- Installing: /home/khadas/tracking_robot_workspace/install/web_video_server/share/ament_index/resource_index/parent_prefix_path/web_video_server
-- Installing: /home/khadas/tracking_robot_workspace/install/web_video_server/share/web_video_server/environment/ament_prefix_path.sh
-- Installing: /home/khadas/tracking_robot_workspace/install/web_video_server/share/web_video_server/environment/ament_prefix_path.dsv
-- Installing: /home/khadas/tracking_robot_workspace/install/web_video_server/share/web_video_server/environment/path.sh
-- Installing: /home/khadas/tracking_robot_workspace/install/web_video_server/share/web_video_server/environment/path.dsv
-- Installing: /home/khadas/tracking_robot_workspace/install/web_video_server/share/web_video_server/local_setup.bash
-- Installing: /home/khadas/tracking_robot_workspace/install/web_video_server/share/web_video_server/local_setup.sh
-- Installing: /home/khadas/tracking_robot_workspace/install/web_video_server/share/web_video_server/local_setup.zsh
-- Installing: /home/khadas/tracking_robot_workspace/install/web_video_server/share/web_video_server/local_setup.dsv
-- Installing: /home/khadas/tracking_robot_workspace/install/web_video_server/share/web_video_server/package.dsv
-- Installing: /home/khadas/tracking_robot_workspace/install/web_video_server/share/ament_index/resource_index/packages/web_video_server
-- Installing: /home/khadas/tracking_robot_workspace/install/web_video_server/share/web_video_server/cmake/web_video_serverConfig.cmake
-- Installing: /home/khadas/tracking_robot_workspace/install/web_video_server/share/web_video_server/cmake/web_video_serverConfig-version.cmake
-- Installing: /home/khadas/tracking_robot_workspace/install/web_video_server/share/web_video_server/package.xml
