[0.764s] Invoking command in '/home/khadas/tracking_robot_workspace/build/web_video_server': CMAKE_PREFIX_PATH=/opt/ros/humble /usr/bin/cmake /home/khadas/tracking_robot_workspace/src/web_video_server -DCMAKE_INSTALL_PREFIX=/home/khadas/tracking_robot_workspace/install/web_video_server
[0.893s] -- The C compiler identification is GNU 11.4.0
[1.036s] -- The CXX compiler identification is GNU 11.4.0
[1.060s] -- Detecting C compiler ABI info
[1.306s] -- Detecting C compiler ABI info - done
[1.344s] -- Check for working C compiler: /usr/bin/cc - skipped
[1.345s] -- Detecting C compile features
[1.346s] -- Detecting C compile features - done
[1.354s] -- Detecting CXX compiler ABI info
[1.570s] -- Detecting CXX compiler ABI info - done
[1.609s] -- Check for working CXX compiler: /usr/bin/c++ - skipped
[1.610s] -- Detecting CXX compile features
[1.611s] -- Detecting CXX compile features - done
[1.618s] -- Found ament_cmake_ros: 0.10.0 (/opt/ros/humble/share/ament_cmake_ros/cmake)
[2.004s] -- Found Python3: /usr/bin/python3.10 (found version "3.10.12") found components: Interpreter 
[2.153s] -- Found async_web_server_cpp: 2.0.0 (/opt/ros/humble/share/async_web_server_cpp/cmake)
[2.576s] -- Found Boost: /usr/lib/aarch64-linux-gnu/cmake/Boost-1.74.0/BoostConfig.cmake (found suitable version "1.74.0", minimum required is "1.74.0") found components: filesystem regex thread 
[2.583s] -- Found cv_bridge: 3.2.1 (/opt/ros/humble/share/cv_bridge/cmake)
[2.651s] -- Found rosidl_generator_c: 3.1.5 (/opt/ros/humble/share/rosidl_generator_c/cmake)
[2.657s] -- Found rosidl_adapter: 3.1.5 (/opt/ros/humble/share/rosidl_adapter/cmake)
[2.668s] -- Found rosidl_generator_cpp: 3.1.5 (/opt/ros/humble/share/rosidl_generator_cpp/cmake)
[2.687s] -- Using all available rosidl_typesupport_c: rosidl_typesupport_fastrtps_c;rosidl_typesupport_introspection_c
[2.714s] -- Using all available rosidl_typesupport_cpp: rosidl_typesupport_fastrtps_cpp;rosidl_typesupport_introspection_cpp
[3.049s] -- Found image_transport: 3.1.7 (/opt/ros/humble/share/image_transport/cmake)
[3.139s] -- Found rmw_implementation_cmake: 6.1.1 (/opt/ros/humble/share/rmw_implementation_cmake/cmake)
[3.142s] -- Found rmw_fastrtps_cpp: 6.2.3 (/opt/ros/humble/share/rmw_fastrtps_cpp/cmake)
[3.325s] -- Found OpenSSL: /usr/lib/aarch64-linux-gnu/libcrypto.so (found version "3.0.2")  
[3.368s] -- Found FastRTPS: /opt/ros/humble/include  
[3.441s] -- Using RMW implementation 'rmw_fastrtps_cpp' as default
[3.454s] -- Found Threads: TRUE  
[3.757s] -- Found OpenCV: /usr (found version "4.5.4") 
[3.757s] -- Found Boost: /usr/lib/aarch64-linux-gnu/cmake/Boost-1.74.0/BoostConfig.cmake (found version "1.74.0") found components: thread 
[3.757s] -- Found PkgConfig: /usr/bin/pkg-config (found version "0.29.2") 
[3.758s] -- Checking for module 'libavcodec'
[3.776s] --   Found libavcodec, version 58.134.100
[3.864s] -- Checking for module 'libavformat'
[3.904s] --   Found libavformat, version 58.76.100
[4.002s] -- Checking for module 'libavutil'
[4.044s] --   Found libavutil, version 56.70.100
[4.134s] -- Checking for module 'libswscale'
[4.171s] --   Found libswscale, version 5.9.100
[4.376s] -- Configuring done
[4.426s] -- Generating done
[4.428s] -- Build files have been written to: /home/khadas/tracking_robot_workspace/build/web_video_server
[4.447s] Invoked command in '/home/khadas/tracking_robot_workspace/build/web_video_server' returned '0': CMAKE_PREFIX_PATH=/opt/ros/humble /usr/bin/cmake /home/khadas/tracking_robot_workspace/src/web_video_server -DCMAKE_INSTALL_PREFIX=/home/khadas/tracking_robot_workspace/install/web_video_server
[4.452s] Invoking command in '/home/khadas/tracking_robot_workspace/build/web_video_server': CMAKE_PREFIX_PATH=/opt/ros/humble /usr/bin/cmake --build /home/khadas/tracking_robot_workspace/build/web_video_server -- -j8 -l8
[4.589s] [ 18%] Building CXX object CMakeFiles/web_video_server.dir/src/libav_streamer.cpp.o
[4.590s] [ 18%] Building CXX object CMakeFiles/web_video_server.dir/src/image_streamer.cpp.o
[4.591s] [ 27%] Building CXX object CMakeFiles/web_video_server.dir/src/h264_streamer.cpp.o
[4.592s] [ 36%] Building CXX object CMakeFiles/web_video_server.dir/src/ros_compressed_streamer.cpp.o
[4.604s] [ 45%] Building CXX object CMakeFiles/web_video_server.dir/src/web_video_server.cpp.o
[4.605s] [ 54%] Building CXX object CMakeFiles/web_video_server.dir/src/vp9_streamer.cpp.o
[4.610s] [ 63%] Building CXX object CMakeFiles/web_video_server.dir/src/vp8_streamer.cpp.o
[4.622s] [ 72%] Building CXX object CMakeFiles/web_video_server.dir/src/multipart_stream.cpp.o
[15.353s] /home/khadas/tracking_robot_workspace/src/web_video_server/src/libav_streamer.cpp: In constructor ‘web_video_server::LibavStreamer::LibavStreamer(const async_web_server_cpp::HttpRequest&, async_web_server_cpp::HttpConnectionPtr, rclcpp::Node::SharedPtr, const string&, const string&, const string&)’:
[15.353s] /home/khadas/tracking_robot_workspace/src/web_video_server/src/libav_streamer.cpp:65:22: warning: ‘int av_lockmgr_register(int (*)(void**, AVLockOp))’ is deprecated [-Wdeprecated-declarations]
[15.353s]    65 |   av_lockmgr_register(&ffmpeg_boost_mutex_lock_manager);
[15.353s]       |   ~~~~~~~~~~~~~~~~~~~^~~~~~~~~~~~~~~~~~~~~~~~~~~~~~~~~~
[15.354s] In file included from /home/khadas/tracking_robot_workspace/src/web_video_server/include/web_video_server/libav_streamer.h:11,
[15.354s]                  from /home/khadas/tracking_robot_workspace/src/web_video_server/src/libav_streamer.cpp:1:
[15.354s] /usr/include/aarch64-linux-gnu/libavcodec/avcodec.h:4160:5: note: declared here
[15.355s]  4160 | int av_lockmgr_register(int (*cb)(void **mutex, enum AVLockOp op));
[15.355s]       |     ^~~~~~~~~~~~~~~~~~~
[15.355s] /home/khadas/tracking_robot_workspace/src/web_video_server/src/libav_streamer.cpp:66:18: warning: ‘void av_register_all()’ is deprecated [-Wdeprecated-declarations]
[15.355s]    66 |   av_register_all();
[15.355s]       |   ~~~~~~~~~~~~~~~^~
[15.356s] In file included from /home/khadas/tracking_robot_workspace/src/web_video_server/include/web_video_server/libav_streamer.h:12,
[15.356s]                  from /home/khadas/tracking_robot_workspace/src/web_video_server/src/libav_streamer.cpp:1:
[15.356s] /usr/include/aarch64-linux-gnu/libavformat/avformat.h:1955:6: note: declared here
[15.356s]  1955 | void av_register_all(void);
[15.356s]       |      ^~~~~~~~~~~~~~~
[15.360s] /home/khadas/tracking_robot_workspace/src/web_video_server/src/libav_streamer.cpp: In member function ‘virtual void web_video_server::LibavStreamer::initialize(const cv::Mat&)’:
[15.360s] /home/khadas/tracking_robot_workspace/src/web_video_server/src/libav_streamer.cpp:160:35: warning: ‘AVStream::codec’ is deprecated [-Wdeprecated-declarations]
[15.360s]   160 |   codec_context_ = video_stream_->codec;
[15.360s]       |                                   ^~~~~
[15.360s] In file included from /home/khadas/tracking_robot_workspace/src/web_video_server/include/web_video_server/libav_streamer.h:12,
[15.361s]                  from /home/khadas/tracking_robot_workspace/src/web_video_server/src/libav_streamer.cpp:1:
[15.361s] /usr/include/aarch64-linux-gnu/libavformat/avformat.h:888:21: note: declared here
[15.361s]   888 |     AVCodecContext *codec;
[15.361s]       |                     ^~~~~
[15.361s] /home/khadas/tracking_robot_workspace/src/web_video_server/src/libav_streamer.cpp:160:35: warning: ‘AVStream::codec’ is deprecated [-Wdeprecated-declarations]
[15.361s]   160 |   codec_context_ = video_stream_->codec;
[15.361s]       |                                   ^~~~~
[15.362s] In file included from /home/khadas/tracking_robot_workspace/src/web_video_server/include/web_video_server/libav_streamer.h:12,
[15.362s]                  from /home/khadas/tracking_robot_workspace/src/web_video_server/src/libav_streamer.cpp:1:
[15.362s] /usr/include/aarch64-linux-gnu/libavformat/avformat.h:888:21: note: declared here
[15.362s]   888 |     AVCodecContext *codec;
[15.362s]       |                     ^~~~~
[15.362s] /home/khadas/tracking_robot_workspace/src/web_video_server/src/libav_streamer.cpp:160:35: warning: ‘AVStream::codec’ is deprecated [-Wdeprecated-declarations]
[15.363s]   160 |   codec_context_ = video_stream_->codec;
[15.363s]       |                                   ^~~~~
[15.363s] In file included from /home/khadas/tracking_robot_workspace/src/web_video_server/include/web_video_server/libav_streamer.h:12,
[15.363s]                  from /home/khadas/tracking_robot_workspace/src/web_video_server/src/libav_streamer.cpp:1:
[15.363s] /usr/include/aarch64-linux-gnu/libavformat/avformat.h:888:21: note: declared here
[15.363s]   888 |     AVCodecContext *codec;
[15.363s]       |                     ^~~~~
[15.367s] /home/khadas/tracking_robot_workspace/src/web_video_server/src/libav_streamer.cpp: In member function ‘virtual void web_video_server::LibavStreamer::sendImage(const cv::Mat&, const rclcpp::Time&)’:
[15.368s] /home/khadas/tracking_robot_workspace/src/web_video_server/src/libav_streamer.cpp:294:17: warning: ‘void av_init_packet(AVPacket*)’ is deprecated [-Wdeprecated-declarations]
[15.368s]   294 |   av_init_packet(&pkt);
[15.368s]       |   ~~~~~~~~~~~~~~^~~~~~
[15.368s] In file included from /usr/include/aarch64-linux-gnu/libavcodec/bsf.h:30,
[15.368s]                  from /usr/include/aarch64-linux-gnu/libavcodec/avcodec.h:44,
[15.368s]                  from /home/khadas/tracking_robot_workspace/src/web_video_server/include/web_video_server/libav_streamer.h:11,
[15.369s]                  from /home/khadas/tracking_robot_workspace/src/web_video_server/src/libav_streamer.cpp:1:
[15.369s] /usr/include/aarch64-linux-gnu/libavcodec/packet.h:488:6: note: declared here
[15.369s]   488 | void av_init_packet(AVPacket *pkt);
[15.369s]       |      ^~~~~~~~~~~~~~
[17.405s] [ 81%] Building CXX object CMakeFiles/web_video_server.dir/src/jpeg_streamers.cpp.o
[17.555s] [ 90%] Building CXX object CMakeFiles/web_video_server.dir/src/png_streamers.cpp.o
[33.250s] [100%] Linking CXX executable web_video_server
[35.328s] [100%] Built target web_video_server
[35.358s] Invoked command in '/home/khadas/tracking_robot_workspace/build/web_video_server' returned '0': CMAKE_PREFIX_PATH=/opt/ros/humble /usr/bin/cmake --build /home/khadas/tracking_robot_workspace/build/web_video_server -- -j8 -l8
[35.469s] Invoking command in '/home/khadas/tracking_robot_workspace/build/web_video_server': CMAKE_PREFIX_PATH=/opt/ros/humble /usr/bin/cmake --install /home/khadas/tracking_robot_workspace/build/web_video_server
[35.491s] -- Install configuration: ""
[35.492s] -- Installing: /home/khadas/tracking_robot_workspace/install/web_video_server/lib/web_video_server/web_video_server
[35.501s] -- Set runtime path of "/home/khadas/tracking_robot_workspace/install/web_video_server/lib/web_video_server/web_video_server" to ""
[35.503s] -- Installing: /home/khadas/tracking_robot_workspace/install/web_video_server/include/web_video_server
[35.504s] -- Installing: /home/khadas/tracking_robot_workspace/install/web_video_server/include/web_video_server/libav_streamer.h
[35.504s] -- Installing: /home/khadas/tracking_robot_workspace/install/web_video_server/include/web_video_server/vp8_streamer.h
[35.505s] -- Installing: /home/khadas/tracking_robot_workspace/install/web_video_server/include/web_video_server/image_streamer.h
[35.505s] -- Installing: /home/khadas/tracking_robot_workspace/install/web_video_server/include/web_video_server/vp9_streamer.h
[35.507s] -- Installing: /home/khadas/tracking_robot_workspace/install/web_video_server/include/web_video_server/jpeg_streamers.h
[35.518s] -- Installing: /home/khadas/tracking_robot_workspace/install/web_video_server/include/web_video_server/h264_streamer.h
[35.519s] -- Installing: /home/khadas/tracking_robot_workspace/install/web_video_server/include/web_video_server/ros_compressed_streamer.h
[35.520s] -- Installing: /home/khadas/tracking_robot_workspace/install/web_video_server/include/web_video_server/web_video_server.h
[35.520s] -- Installing: /home/khadas/tracking_robot_workspace/install/web_video_server/include/web_video_server/png_streamers.h
[35.521s] -- Installing: /home/khadas/tracking_robot_workspace/install/web_video_server/include/web_video_server/multipart_stream.h
[35.521s] -- Installing: /home/khadas/tracking_robot_workspace/install/web_video_server/share/ament_index/resource_index/package_run_dependencies/web_video_server
[35.522s] -- Installing: /home/khadas/tracking_robot_workspace/install/web_video_server/share/ament_index/resource_index/parent_prefix_path/web_video_server
[35.523s] -- Installing: /home/khadas/tracking_robot_workspace/install/web_video_server/share/web_video_server/environment/ament_prefix_path.sh
[35.523s] -- Installing: /home/khadas/tracking_robot_workspace/install/web_video_server/share/web_video_server/environment/ament_prefix_path.dsv
[35.524s] -- Installing: /home/khadas/tracking_robot_workspace/install/web_video_server/share/web_video_server/environment/path.sh
[35.524s] -- Installing: /home/khadas/tracking_robot_workspace/install/web_video_server/share/web_video_server/environment/path.dsv
[35.525s] -- Installing: /home/khadas/tracking_robot_workspace/install/web_video_server/share/web_video_server/local_setup.bash
[35.525s] -- Installing: /home/khadas/tracking_robot_workspace/install/web_video_server/share/web_video_server/local_setup.sh
[35.526s] -- Installing: /home/khadas/tracking_robot_workspace/install/web_video_server/share/web_video_server/local_setup.zsh
[35.526s] -- Installing: /home/khadas/tracking_robot_workspace/install/web_video_server/share/web_video_server/local_setup.dsv
[35.532s] -- Installing: /home/khadas/tracking_robot_workspace/install/web_video_server/share/web_video_server/package.dsv
[35.535s] -- Installing: /home/khadas/tracking_robot_workspace/install/web_video_server/share/ament_index/resource_index/packages/web_video_server
[35.535s] -- Installing: /home/khadas/tracking_robot_workspace/install/web_video_server/share/web_video_server/cmake/web_video_serverConfig.cmake
[35.536s] -- Installing: /home/khadas/tracking_robot_workspace/install/web_video_server/share/web_video_server/cmake/web_video_serverConfig-version.cmake
[35.537s] -- Installing: /home/khadas/tracking_robot_workspace/install/web_video_server/share/web_video_server/package.xml
[35.538s] Invoked command in '/home/khadas/tracking_robot_workspace/build/web_video_server' returned '0': CMAKE_PREFIX_PATH=/opt/ros/humble /usr/bin/cmake --install /home/khadas/tracking_robot_workspace/build/web_video_server
